{"D:\\Software\\Human Os\\Human-OS\\backend\\src\\app.ts": {"path":"D:\\Software\\Human Os\\Human-OS\\backend\\src\\app.ts","statementMap":{"0":{"start":{"line":39,"column":0},"end":{"line":39,"column":16}},"1":{"start":{"line":8,"column":0},"end":{"line":8,"column":30}},"2":{"start":{"line":9,"column":0},"end":{"line":9,"column":24}},"3":{"start":{"line":10,"column":0},"end":{"line":10,"column":28}},"4":{"start":{"line":11,"column":0},"end":{"line":11,"column":43}},"5":{"start":{"line":13,"column":0},"end":{"line":13,"column":34}},"6":{"start":{"line":14,"column":0},"end":{"line":14,"column":59}},"7":{"start":{"line":15,"column":0},"end":{"line":15,"column":57}},"8":{"start":{"line":16,"column":0},"end":{"line":16,"column":47}},"9":{"start":{"line":17,"column":0},"end":{"line":17,"column":43}},"10":{"start":{"line":18,"column":0},"end":{"line":18,"column":57}},"11":{"start":{"line":19,"column":0},"end":{"line":19,"column":43}},"12":{"start":{"line":20,"column":0},"end":{"line":20,"column":55}},"13":{"start":{"line":21,"column":0},"end":{"line":21,"column":57}},"14":{"start":{"line":22,"column":0},"end":{"line":22,"column":45}},"15":{"start":{"line":23,"column":0},"end":{"line":23,"column":49}},"16":{"start":{"line":24,"column":0},"end":{"line":24,"column":53}},"17":{"start":{"line":25,"column":0},"end":{"line":25,"column":49}},"18":{"start":{"line":26,"column":0},"end":{"line":26,"column":53}},"19":{"start":{"line":27,"column":0},"end":{"line":27,"column":67}},"20":{"start":{"line":28,"column":0},"end":{"line":28,"column":51}},"21":{"start":{"line":29,"column":0},"end":{"line":29,"column":53}},"22":{"start":{"line":30,"column":0},"end":{"line":30,"column":47}},"23":{"start":{"line":31,"column":0},"end":{"line":31,"column":61}},"24":{"start":{"line":32,"column":0},"end":{"line":32,"column":47}},"25":{"start":{"line":33,"column":0},"end":{"line":33,"column":47}},"26":{"start":{"line":34,"column":0},"end":{"line":34,"column":67}},"27":{"start":{"line":35,"column":0},"end":{"line":35,"column":62}},"28":{"start":{"line":36,"column":0},"end":{"line":36,"column":53}},"29":{"start":{"line":37,"column":0},"end":{"line":37,"column":38}},"30":{"start":{"line":40,"column":14},"end":{"line":40,"column":23}},"31":{"start":{"line":46,"column":2},"end":{"line":46,"column":28}},"32":{"start":{"line":50,"column":2},"end":{"line":50,"column":20}},"33":{"start":{"line":53,"column":2},"end":{"line":72,"column":4}},"34":{"start":{"line":57,"column":8},"end":{"line":60,"column":9}},"35":{"start":{"line":58,"column":10},"end":{"line":58,"column":31}},"36":{"start":{"line":59,"column":10},"end":{"line":59,"column":17}},"37":{"start":{"line":61,"column":8},"end":{"line":66,"column":9}},"38":{"start":{"line":62,"column":10},"end":{"line":62,"column":31}},"39":{"start":{"line":64,"column":10},"end":{"line":64,"column":57}},"40":{"start":{"line":65,"column":10},"end":{"line":65,"column":68}},"41":{"start":{"line":76,"column":2},"end":{"line":76,"column":43}},"42":{"start":{"line":77,"column":2},"end":{"line":77,"column":66}},"43":{"start":{"line":81,"column":24},"end":{"line":92,"column":4}},"44":{"start":{"line":93,"column":2},"end":{"line":93,"column":25}},"45":{"start":{"line":97,"column":22},"end":{"line":108,"column":4}},"46":{"start":{"line":111,"column":2},"end":{"line":111,"column":25}},"47":{"start":{"line":113,"column":20},"end":{"line":113,"column":36}},"48":{"start":{"line":115,"column":2},"end":{"line":115,"column":41}},"49":{"start":{"line":116,"column":2},"end":{"line":116,"column":37}},"50":{"start":{"line":117,"column":2},"end":{"line":117,"column":67}},"51":{"start":{"line":118,"column":2},"end":{"line":118,"column":68}},"52":{"start":{"line":119,"column":2},"end":{"line":119,"column":70}},"53":{"start":{"line":120,"column":2},"end":{"line":120,"column":75}},"54":{"start":{"line":121,"column":2},"end":{"line":121,"column":57}},"55":{"start":{"line":122,"column":2},"end":{"line":122,"column":61}},"56":{"start":{"line":123,"column":2},"end":{"line":123,"column":65}},"57":{"start":{"line":124,"column":2},"end":{"line":124,"column":65}},"58":{"start":{"line":125,"column":2},"end":{"line":125,"column":72}},"59":{"start":{"line":126,"column":2},"end":{"line":126,"column":61}},"60":{"start":{"line":127,"column":2},"end":{"line":127,"column":71}},"61":{"start":{"line":128,"column":2},"end":{"line":128,"column":61}},"62":{"start":{"line":129,"column":2},"end":{"line":129,"column":63}},"63":{"start":{"line":130,"column":2},"end":{"line":130,"column":65}},"64":{"start":{"line":131,"column":2},"end":{"line":131,"column":68}},"65":{"start":{"line":132,"column":2},"end":{"line":132,"column":70}},"66":{"start":{"line":133,"column":2},"end":{"line":133,"column":63}},"67":{"start":{"line":134,"column":2},"end":{"line":134,"column":59}},"68":{"start":{"line":137,"column":2},"end":{"line":137,"column":29}},"69":{"start":{"line":140,"column":2},"end":{"line":140,"column":35}},"70":{"start":{"line":143,"column":2},"end":{"line":150,"column":5}},"71":{"start":{"line":144,"column":4},"end":{"line":149,"column":7}},"72":{"start":{"line":153,"column":2},"end":{"line":153,"column":24}},"73":{"start":{"line":157,"column":25},"end":{"line":170,"column":12}},"74":{"start":{"line":158,"column":19},"end":{"line":158,"column":48}},"75":{"start":{"line":159,"column":4},"end":{"line":169,"column":5}},"76":{"start":{"line":160,"column":24},"end":{"line":160,"column":48}},"77":{"start":{"line":161,"column":6},"end":{"line":168,"column":7}},"78":{"start":{"line":162,"column":23},"end":{"line":162,"column":49}},"79":{"start":{"line":163,"column":8},"end":{"line":167,"column":9}},"80":{"start":{"line":165,"column":28},"end":{"line":165,"column":55}},"81":{"start":{"line":166,"column":10},"end":{"line":166,"column":51}},"82":{"start":{"line":171,"column":2},"end":{"line":171,"column":51}},"83":{"start":{"line":171,"column":28},"end":{"line":171,"column":51}},"84":{"start":{"line":177,"column":20},"end":{"line":177,"column":51}},"85":{"start":{"line":178,"column":2},"end":{"line":190,"column":3}},"86":{"start":{"line":179,"column":30},"end":{"line":187,"column":21}},"87":{"start":{"line":180,"column":6},"end":{"line":186,"column":7}},"88":{"start":{"line":181,"column":20},"end":{"line":181,"column":41}},"89":{"start":{"line":182,"column":20},"end":{"line":182,"column":90}},"90":{"start":{"line":183,"column":8},"end":{"line":183,"column":71}},"91":{"start":{"line":185,"column":8},"end":{"line":185,"column":87}},"92":{"start":{"line":188,"column":4},"end":{"line":188,"column":59}},"93":{"start":{"line":188,"column":33},"end":{"line":188,"column":59}},"94":{"start":{"line":189,"column":4},"end":{"line":189,"column":95}},"95":{"start":{"line":192,"column":2},"end":{"line":192,"column":13}}},"fnMap":{"0":{"name":"createApp","decl":{"start":{"line":39,"column":16},"end":{"line":39,"column":25}},"loc":{"start":{"line":39,"column":25},"end":{"line":193,"column":1}}},"1":{"name":"(anonymous_11)","decl":{"start":{"line":55,"column":14},"end":{"line":55,"column":15}},"loc":{"start":{"line":55,"column":35},"end":{"line":67,"column":7}}},"2":{"name":"(anonymous_12)","decl":{"start":{"line":143,"column":10},"end":{"line":143,"column":11}},"loc":{"start":{"line":143,"column":24},"end":{"line":150,"column":3}}},"3":{"name":"(anonymous_13)","decl":{"start":{"line":157,"column":37},"end":{"line":157,"column":42}},"loc":{"start":{"line":157,"column":48},"end":{"line":170,"column":3}}},"4":{"name":"(anonymous_14)","decl":{"start":{"line":165,"column":28},"end":{"line":165,"column":41}},"loc":{"start":{"line":165,"column":28},"end":{"line":165,"column":55}}},"5":{"name":"(anonymous_15)","decl":{"start":{"line":179,"column":42},"end":{"line":179,"column":47}},"loc":{"start":{"line":179,"column":53},"end":{"line":187,"column":5}}}},"branchMap":{"0":{"loc":{"start":{"line":57,"column":8},"end":{"line":60,"column":9}},"type":"if","locations":[{"start":{"line":57,"column":8},"end":{"line":60,"column":9}},{"start":{},"end":{}}]},"1":{"loc":{"start":{"line":61,"column":8},"end":{"line":66,"column":9}},"type":"if","locations":[{"start":{"line":61,"column":8},"end":{"line":66,"column":9}},{"start":{"line":63,"column":15},"end":{"line":66,"column":9}}]},"2":{"loc":{"start":{"line":159,"column":4},"end":{"line":169,"column":5}},"type":"if","locations":[{"start":{"line":159,"column":4},"end":{"line":169,"column":5}},{"start":{},"end":{}}]},"3":{"loc":{"start":{"line":161,"column":6},"end":{"line":168,"column":7}},"type":"if","locations":[{"start":{"line":161,"column":6},"end":{"line":168,"column":7}},{"start":{},"end":{}}]},"4":{"loc":{"start":{"line":163,"column":8},"end":{"line":167,"column":9}},"type":"if","locations":[{"start":{"line":163,"column":8},"end":{"line":167,"column":9}},{"start":{},"end":{}}]},"5":{"loc":{"start":{"line":171,"column":2},"end":{"line":171,"column":51}},"type":"if","locations":[{"start":{"line":171,"column":2},"end":{"line":171,"column":51}},{"start":{},"end":{}}]},"6":{"loc":{"start":{"line":178,"column":2},"end":{"line":190,"column":3}},"type":"if","locations":[{"start":{"line":178,"column":2},"end":{"line":190,"column":3}},{"start":{},"end":{}}]},"7":{"loc":{"start":{"line":178,"column":6},"end":{"line":178,"column":56}},"type":"binary-expr","locations":[{"start":{"line":178,"column":6},"end":{"line":178,"column":15}},{"start":{"line":178,"column":19},"end":{"line":178,"column":56}}]},"8":{"loc":{"start":{"line":188,"column":4},"end":{"line":188,"column":59}},"type":"if","locations":[{"start":{"line":188,"column":4},"end":{"line":188,"column":59}},{"start":{},"end":{}}]}},"s":{"0":0,"1":0,"2":0,"3":0,"4":0,"5":0,"6":0,"7":0,"8":0,"9":0,"10":0,"11":0,"12":0,"13":0,"14":0,"15":0,"16":0,"17":0,"18":0,"19":0,"20":0,"21":0,"22":0,"23":0,"24":0,"25":0,"26":0,"27":0,"28":0,"29":0,"30":0,"31":0,"32":0,"33":0,"34":0,"35":0,"36":0,"37":0,"38":0,"39":0,"40":0,"41":0,"42":0,"43":0,"44":0,"45":0,"46":0,"47":0,"48":0,"49":0,"50":0,"51":0,"52":0,"53":0,"54":0,"55":0,"56":0,"57":0,"58":0,"59":0,"60":0,"61":0,"62":0,"63":0,"64":0,"65":0,"66":0,"67":0,"68":0,"69":0,"70":0,"71":0,"72":0,"73":0,"74":0,"75":0,"76":0,"77":0,"78":0,"79":0,"80":0,"81":0,"82":0,"83":0,"84":0,"85":0,"86":0,"87":0,"88":0,"89":0,"90":0,"91":0,"92":0,"93":0,"94":0,"95":0},"f":{"0":0,"1":0,"2":0,"3":0,"4":0,"5":0},"b":{"0":[0,0],"1":[0,0],"2":[0,0],"3":[0,0],"4":[0,0],"5":[0,0],"6":[0,0],"7":[0,0],"8":[0,0]}}
,"D:\\Software\\Human Os\\Human-OS\\backend\\src\\test.ts": {"path":"D:\\Software\\Human Os\\Human-OS\\backend\\src\\test.ts","statementMap":{"0":{"start":{"line":1,"column":0},"end":{"line":1,"column":32}},"1":{"start":{"line":1,"column":33},"end":{"line":1,"column":42}},"2":{"start":{"line":1,"column":43},"end":{"line":1,"column":95}},"3":{"start":{"line":1,"column":135},"end":{"line":1,"column":197}},"4":{"start":{"line":1,"column":199},"end":{"line":1,"column":315}},"5":{"start":{"line":1,"column":205},"end":{"line":1,"column":272}},"6":{"start":{"line":1,"column":241},"end":{"line":1,"column":270}},"7":{"start":{"line":1,"column":286},"end":{"line":1,"column":313}},"8":{"start":{"line":1,"column":318},"end":{"line":1,"column":325}}},"fnMap":{"0":{"name":"test","decl":{"start":{"line":1,"column":111},"end":{"line":1,"column":115}},"loc":{"start":{"line":1,"column":115},"end":{"line":1,"column":317}}}},"branchMap":{},"s":{"0":0,"1":0,"2":0,"3":0,"4":0,"5":0,"6":0,"7":0,"8":0},"f":{"0":0},"b":{}}
,"D:\\Software\\Human Os\\Human-OS\\backend\\src\\agents\\BaseAgent.ts": {"path":"D:\\Software\\Human Os\\Human-OS\\backend\\src\\agents\\BaseAgent.ts","statementMap":{"0":{"start":{"line":1,"column":0},"end":{"line":1,"column":48}},"1":{"start":{"line":3,"column":0},"end":{"line":3,"column":39}},"2":{"start":{"line":4,"column":0},"end":{"line":4,"column":58}},"3":{"start":{"line":5,"column":0},"end":{"line":5,"column":41}},"4":{"start":{"line":16,"column":38},"end":{"line":16,"column":40}},"5":{"start":{"line":17,"column":47},"end":{"line":17,"column":51}},"6":{"start":{"line":20,"column":2},"end":{"line":20,"column":32}},"7":{"start":{"line":20,"column":25},"end":{"line":20,"column":32}},"8":{"start":{"line":21,"column":2},"end":{"line":29,"column":13}},"9":{"start":{"line":22,"column":4},"end":{"line":22,"column":43}},"10":{"start":{"line":22,"column":36},"end":{"line":22,"column":43}},"11":{"start":{"line":23,"column":18},"end":{"line":23,"column":63}},"12":{"start":{"line":24,"column":4},"end":{"line":28,"column":5}},"13":{"start":{"line":25,"column":6},"end":{"line":25,"column":62}},"14":{"start":{"line":27,"column":6},"end":{"line":27,"column":118}},"15":{"start":{"line":30,"column":2},"end":{"line":30,"column":57}},"16":{"start":{"line":30,"column":31},"end":{"line":30,"column":57}},"17":{"start":{"line":34,"column":2},"end":{"line":34,"column":29}},"18":{"start":{"line":41,"column":4},"end":{"line":41,"column":31}},"19":{"start":{"line":42,"column":4},"end":{"line":42,"column":25}},"20":{"start":{"line":50,"column":21},"end":{"line":50,"column":65}},"21":{"start":{"line":51,"column":19},"end":{"line":51,"column":47}},"22":{"start":{"line":52,"column":4},"end":{"line":55,"column":5}},"23":{"start":{"line":53,"column":6},"end":{"line":53,"column":79}},"24":{"start":{"line":54,"column":6},"end":{"line":54,"column":18}},"25":{"start":{"line":57,"column":28},"end":{"line":63,"column":null}},"26":{"start":{"line":58,"column":6},"end":{"line":63,"column":22}},"27":{"start":{"line":66,"column":4},"end":{"line":69,"column":5}},"28":{"start":{"line":67,"column":6},"end":{"line":67,"column":94}},"29":{"start":{"line":68,"column":6},"end":{"line":68,"column":19}},"30":{"start":{"line":71,"column":24},"end":{"line":71,"column":30}},"31":{"start":{"line":72,"column":4},"end":{"line":75,"column":5}},"32":{"start":{"line":74,"column":6},"end":{"line":74,"column":80}},"33":{"start":{"line":76,"column":4},"end":{"line":76,"column":23}},"34":{"start":{"line":83,"column":4},"end":{"line":87,"column":6}},"35":{"start":{"line":84,"column":6},"end":{"line":86,"column":70}},"36":{"start":{"line":90,"column":21},"end":{"line":90,"column":65}},"37":{"start":{"line":91,"column":4},"end":{"line":91,"column":78}},"38":{"start":{"line":101,"column":22},"end":{"line":101,"column":43}},"39":{"start":{"line":102,"column":4},"end":{"line":104,"column":5}},"40":{"start":{"line":103,"column":6},"end":{"line":103,"column":83}},"41":{"start":{"line":106,"column":29},"end":{"line":106,"column":63}},"42":{"start":{"line":107,"column":4},"end":{"line":110,"column":5}},"43":{"start":{"line":108,"column":6},"end":{"line":108,"column":93}},"44":{"start":{"line":109,"column":6},"end":{"line":109,"column":13}},"45":{"start":{"line":112,"column":22},"end":{"line":112,"column":32}},"46":{"start":{"line":113,"column":4},"end":{"line":152,"column":5}},"47":{"start":{"line":114,"column":29},"end":{"line":114,"column":52}},"48":{"start":{"line":115,"column":6},"end":{"line":115,"column":42}},"49":{"start":{"line":117,"column":28},"end":{"line":117,"column":50}},"50":{"start":{"line":120,"column":6},"end":{"line":126,"column":9}},"51":{"start":{"line":128,"column":6},"end":{"line":133,"column":9}},"52":{"start":{"line":135,"column":28},"end":{"line":135,"column":50}},"53":{"start":{"line":137,"column":6},"end":{"line":143,"column":9}},"54":{"start":{"line":145,"column":6},"end":{"line":150,"column":9}},"55":{"start":{"line":151,"column":6},"end":{"line":151,"column":16}},"56":{"start":{"line":37,"column":0},"end":{"line":37,"column":22}}},"fnMap":{"0":{"name":"ensureMetricsFlush","decl":{"start":{"line":19,"column":9},"end":{"line":19,"column":27}},"loc":{"start":{"line":19,"column":27},"end":{"line":31,"column":1}}},"1":{"name":"(anonymous_1)","decl":{"start":{"line":21,"column":34},"end":{"line":21,"column":39}},"loc":{"start":{"line":21,"column":45},"end":{"line":29,"column":3}}},"2":{"name":"bufferMetric","decl":{"start":{"line":33,"column":9},"end":{"line":33,"column":21}},"loc":{"start":{"line":33,"column":42},"end":{"line":35,"column":1}}},"3":{"name":"(anonymous_3)","decl":{"start":{"line":40,"column":2},"end":{"line":40,"column":14}},"loc":{"start":{"line":40,"column":31},"end":{"line":43,"column":3}}},"4":{"name":"(anonymous_4)","decl":{"start":{"line":49,"column":12},"end":{"line":49,"column":17}},"loc":{"start":{"line":49,"column":48},"end":{"line":77,"column":3}}},"5":{"name":"(anonymous_5)","decl":{"start":{"line":57,"column":82},"end":{"line":57,"column":85}},"loc":{"start":{"line":58,"column":6},"end":{"line":63,"column":22}}},"6":{"name":"(anonymous_6)","decl":{"start":{"line":82,"column":12},"end":{"line":82,"column":17}},"loc":{"start":{"line":82,"column":49},"end":{"line":92,"column":3}}},"7":{"name":"(anonymous_7)","decl":{"start":{"line":83,"column":55},"end":{"line":83,"column":58}},"loc":{"start":{"line":84,"column":6},"end":{"line":86,"column":70}}},"8":{"name":"(anonymous_8)","decl":{"start":{"line":100,"column":9},"end":{"line":100,"column":14}},"loc":{"start":{"line":100,"column":34},"end":{"line":153,"column":3}}}},"branchMap":{"0":{"loc":{"start":{"line":20,"column":2},"end":{"line":20,"column":32}},"type":"if","locations":[{"start":{"line":20,"column":2},"end":{"line":20,"column":32}},{"start":{},"end":{}}]},"1":{"loc":{"start":{"line":22,"column":4},"end":{"line":22,"column":43}},"type":"if","locations":[{"start":{"line":22,"column":4},"end":{"line":22,"column":43}},{"start":{},"end":{}}]},"2":{"loc":{"start":{"line":27,"column":66},"end":{"line":27,"column":114}},"type":"cond-expr","locations":[{"start":{"line":27,"column":89},"end":{"line":27,"column":100}},{"start":{"line":27,"column":103},"end":{"line":27,"column":114}}]},"3":{"loc":{"start":{"line":30,"column":2},"end":{"line":30,"column":57}},"type":"if","locations":[{"start":{"line":30,"column":2},"end":{"line":30,"column":57}},{"start":{},"end":{}}]},"4":{"loc":{"start":{"line":52,"column":4},"end":{"line":55,"column":5}},"type":"if","locations":[{"start":{"line":52,"column":4},"end":{"line":55,"column":5}},{"start":{},"end":{}}]},"5":{"loc":{"start":{"line":66,"column":4},"end":{"line":69,"column":5}},"type":"if","locations":[{"start":{"line":66,"column":4},"end":{"line":69,"column":5}},{"start":{},"end":{}}]},"6":{"loc":{"start":{"line":72,"column":4},"end":{"line":75,"column":5}},"type":"if","locations":[{"start":{"line":72,"column":4},"end":{"line":75,"column":5}},{"start":{},"end":{}}]},"7":{"loc":{"start":{"line":102,"column":4},"end":{"line":104,"column":5}},"type":"if","locations":[{"start":{"line":102,"column":4},"end":{"line":104,"column":5}},{"start":{},"end":{}}]},"8":{"loc":{"start":{"line":107,"column":4},"end":{"line":110,"column":5}},"type":"if","locations":[{"start":{"line":107,"column":4},"end":{"line":110,"column":5}},{"start":{},"end":{}}]},"9":{"loc":{"start":{"line":149,"column":15},"end":{"line":149,"column":63}},"type":"cond-expr","locations":[{"start":{"line":149,"column":38},"end":{"line":149,"column":49}},{"start":{"line":149,"column":52},"end":{"line":149,"column":63}}]}},"s":{"0":0,"1":0,"2":0,"3":0,"4":0,"5":0,"6":0,"7":0,"8":0,"9":0,"10":0,"11":0,"12":0,"13":0,"14":0,"15":0,"16":0,"17":0,"18":0,"19":0,"20":0,"21":0,"22":0,"23":0,"24":0,"25":0,"26":0,"27":0,"28":0,"29":0,"30":0,"31":0,"32":0,"33":0,"34":0,"35":0,"36":0,"37":0,"38":0,"39":0,"40":0,"41":0,"42":0,"43":0,"44":0,"45":0,"46":0,"47":0,"48":0,"49":0,"50":0,"51":0,"52":0,"53":0,"54":0,"55":0,"56":0},"f":{"0":0,"1":0,"2":0,"3":0,"4":0,"5":0,"6":0,"7":0,"8":0},"b":{"0":[0,0],"1":[0,0],"2":[0,0],"3":[0,0],"4":[0,0],"5":[0,0],"6":[0,0],"7":[0,0],"8":[0,0],"9":[0,0]}}
,"D:\\Software\\Human Os\\Human-OS\\backend\\src\\agents\\EmotionalAgent.ts": {"path":"D:\\Software\\Human Os\\Human-OS\\backend\\src\\agents\\EmotionalAgent.ts","statementMap":{"0":{"start":{"line":1,"column":0},"end":{"line":1,"column":40}},"1":{"start":{"line":3,"column":0},"end":{"line":3,"column":65}},"2":{"start":{"line":4,"column":0},"end":{"line":4,"column":48}},"3":{"start":{"line":9,"column":4},"end":{"line":9,"column":28}},"4":{"start":{"line":13,"column":32},"end":{"line":13,"column":43}},"5":{"start":{"line":15,"column":21},"end":{"line":39,"column":6}},"6":{"start":{"line":41,"column":19},"end":{"line":41,"column":124}},"7":{"start":{"line":42,"column":20},"end":{"line":42,"column":42}},"8":{"start":{"line":44,"column":4},"end":{"line":52,"column":5}},"9":{"start":{"line":45,"column":6},"end":{"line":50,"column":9}},"10":{"start":{"line":51,"column":6},"end":{"line":51,"column":15}},"11":{"start":{"line":54,"column":4},"end":{"line":54,"column":13}},"12":{"start":{"line":7,"column":0},"end":{"line":7,"column":13}},"13":{"start":{"line":58,"column":13},"end":{"line":58,"column":51}}},"fnMap":{"0":{"name":"(anonymous_0)","decl":{"start":{"line":8,"column":2},"end":{"line":8,"column":null}},"loc":{"start":{"line":8,"column":2},"end":{"line":10,"column":3}}},"1":{"name":"(anonymous_1)","decl":{"start":{"line":12,"column":12},"end":{"line":12,"column":17}},"loc":{"start":{"line":12,"column":34},"end":{"line":55,"column":3}}}},"branchMap":{"0":{"loc":{"start":{"line":44,"column":4},"end":{"line":52,"column":5}},"type":"if","locations":[{"start":{"line":44,"column":4},"end":{"line":52,"column":5}},{"start":{},"end":{}}]}},"s":{"0":0,"1":0,"2":0,"3":0,"4":0,"5":0,"6":0,"7":0,"8":0,"9":0,"10":0,"11":0,"12":0,"13":0},"f":{"0":0,"1":0},"b":{"0":[0,0]}}
,"D:\\Software\\Human Os\\Human-OS\\backend\\src\\agents\\EpisodicAgent.ts": {"path":"D:\\Software\\Human Os\\Human-OS\\backend\\src\\agents\\EpisodicAgent.ts","statementMap":{"0":{"start":{"line":1,"column":0},"end":{"line":1,"column":40}},"1":{"start":{"line":3,"column":0},"end":{"line":3,"column":65}},"2":{"start":{"line":4,"column":0},"end":{"line":4,"column":48}},"3":{"start":{"line":9,"column":4},"end":{"line":9,"column":27}},"4":{"start":{"line":13,"column":43},"end":{"line":13,"column":54}},"5":{"start":{"line":15,"column":21},"end":{"line":41,"column":6}},"6":{"start":{"line":43,"column":19},"end":{"line":43,"column":143}},"7":{"start":{"line":44,"column":16},"end":{"line":44,"column":46}},"8":{"start":{"line":46,"column":4},"end":{"line":55,"column":5}},"9":{"start":{"line":47,"column":24},"end":{"line":53,"column":9}},"10":{"start":{"line":47,"column":39},"end":{"line":53,"column":8}},"11":{"start":{"line":54,"column":6},"end":{"line":54,"column":70}},"12":{"start":{"line":57,"column":4},"end":{"line":57,"column":22}},"13":{"start":{"line":7,"column":0},"end":{"line":7,"column":13}},"14":{"start":{"line":61,"column":13},"end":{"line":61,"column":49}}},"fnMap":{"0":{"name":"(anonymous_0)","decl":{"start":{"line":8,"column":2},"end":{"line":8,"column":null}},"loc":{"start":{"line":8,"column":2},"end":{"line":10,"column":3}}},"1":{"name":"(anonymous_1)","decl":{"start":{"line":12,"column":12},"end":{"line":12,"column":17}},"loc":{"start":{"line":12,"column":34},"end":{"line":58,"column":3}}},"2":{"name":"(anonymous_2)","decl":{"start":{"line":47,"column":32},"end":{"line":47,"column":34}},"loc":{"start":{"line":47,"column":39},"end":{"line":53,"column":8}}}},"branchMap":{"0":{"loc":{"start":{"line":44,"column":16},"end":{"line":44,"column":46}},"type":"binary-expr","locations":[{"start":{"line":44,"column":16},"end":{"line":44,"column":40}},{"start":{"line":44,"column":44},"end":{"line":44,"column":46}}]},"1":{"loc":{"start":{"line":46,"column":4},"end":{"line":55,"column":5}},"type":"if","locations":[{"start":{"line":46,"column":4},"end":{"line":55,"column":5}},{"start":{},"end":{}}]}},"s":{"0":0,"1":0,"2":0,"3":0,"4":0,"5":0,"6":0,"7":0,"8":0,"9":0,"10":0,"11":0,"12":0,"13":0,"14":0},"f":{"0":0,"1":0,"2":0},"b":{"0":[0,0],"1":[0,0]}}
,"D:\\Software\\Human Os\\Human-OS\\backend\\src\\agents\\KgAgent.ts": {"path":"D:\\Software\\Human Os\\Human-OS\\backend\\src\\agents\\KgAgent.ts","statementMap":{"0":{"start":{"line":1,"column":0},"end":{"line":1,"column":40}},"1":{"start":{"line":3,"column":0},"end":{"line":3,"column":65}},"2":{"start":{"line":4,"column":0},"end":{"line":4,"column":48}},"3":{"start":{"line":6,"column":0},"end":{"line":6,"column":39}},"4":{"start":{"line":7,"column":0},"end":{"line":7,"column":41}},"5":{"start":{"line":11,"column":4},"end":{"line":11,"column":21}},"6":{"start":{"line":15,"column":32},"end":{"line":15,"column":43}},"7":{"start":{"line":17,"column":21},"end":{"line":51,"column":6}},"8":{"start":{"line":53,"column":19},"end":{"line":53,"column":null}},"9":{"start":{"line":58,"column":18},"end":{"line":58,"column":39}},"10":{"start":{"line":59,"column":18},"end":{"line":59,"column":39}},"11":{"start":{"line":60,"column":18},"end":{"line":60,"column":19}},"12":{"start":{"line":62,"column":4},"end":{"line":136,"column":5}},"13":{"start":{"line":63,"column":22},"end":{"line":63,"column":47}},"14":{"start":{"line":66,"column":38},"end":{"line":66,"column":42}},"15":{"start":{"line":68,"column":34},"end":{"line":85,"column":7}},"16":{"start":{"line":69,"column":8},"end":{"line":69,"column":42}},"17":{"start":{"line":69,"column":24},"end":{"line":69,"column":42}},"18":{"start":{"line":71,"column":35},"end":{"line":72,"column":null}},"19":{"start":{"line":72,"column":10},"end":{"line":72,"column":108}},"20":{"start":{"line":75,"column":8},"end":{"line":75,"column":70}},"21":{"start":{"line":75,"column":24},"end":{"line":75,"column":49}},"22":{"start":{"line":75,"column":50},"end":{"line":75,"column":68}},"23":{"start":{"line":77,"column":31},"end":{"line":80,"column":null}},"24":{"start":{"line":78,"column":10},"end":{"line":80,"column":34}},"25":{"start":{"line":83,"column":8},"end":{"line":83,"column":62}},"26":{"start":{"line":83,"column":20},"end":{"line":83,"column":41}},"27":{"start":{"line":83,"column":42},"end":{"line":83,"column":60}},"28":{"start":{"line":84,"column":8},"end":{"line":84,"column":20}},"29":{"start":{"line":88,"column":6},"end":{"line":109,"column":7}},"30":{"start":{"line":89,"column":32},"end":{"line":91,"column":null}},"31":{"start":{"line":90,"column":10},"end":{"line":91,"column":70}},"32":{"start":{"line":94,"column":8},"end":{"line":94,"column":84}},"33":{"start":{"line":94,"column":19},"end":{"line":94,"column":84}},"34":{"start":{"line":97,"column":8},"end":{"line":107,"column":9}},"35":{"start":{"line":98,"column":10},"end":{"line":98,"column":27}},"36":{"start":{"line":100,"column":37},"end":{"line":103,"column":null}},"37":{"start":{"line":101,"column":12},"end":{"line":103,"column":36}},"38":{"start":{"line":105,"column":10},"end":{"line":106,"column":24}},"39":{"start":{"line":105,"column":26},"end":{"line":105,"column":47}},"40":{"start":{"line":105,"column":48},"end":{"line":105,"column":58}},"41":{"start":{"line":106,"column":15},"end":{"line":106,"column":24}},"42":{"start":{"line":108,"column":8},"end":{"line":108,"column":39}},"43":{"start":{"line":112,"column":6},"end":{"line":135,"column":7}},"44":{"start":{"line":113,"column":8},"end":{"line":134,"column":9}},"45":{"start":{"line":114,"column":25},"end":{"line":114,"column":68}},"46":{"start":{"line":115,"column":25},"end":{"line":115,"column":68}},"47":{"start":{"line":117,"column":10},"end":{"line":120,"column":11}},"48":{"start":{"line":118,"column":24},"end":{"line":118,"column":51}},"49":{"start":{"line":119,"column":12},"end":{"line":119,"column":36}},"50":{"start":{"line":119,"column":21},"end":{"line":119,"column":36}},"51":{"start":{"line":122,"column":10},"end":{"line":133,"column":11}},"52":{"start":{"line":123,"column":12},"end":{"line":131,"column":14}},"53":{"start":{"line":124,"column":14},"end":{"line":130,"column":16}},"54":{"start":{"line":132,"column":12},"end":{"line":132,"column":22}},"55":{"start":{"line":138,"column":4},"end":{"line":138,"column":19}},"56":{"start":{"line":9,"column":0},"end":{"line":9,"column":13}},"57":{"start":{"line":142,"column":13},"end":{"line":142,"column":37}}},"fnMap":{"0":{"name":"(anonymous_0)","decl":{"start":{"line":10,"column":2},"end":{"line":10,"column":null}},"loc":{"start":{"line":10,"column":2},"end":{"line":12,"column":3}}},"1":{"name":"(anonymous_1)","decl":{"start":{"line":14,"column":12},"end":{"line":14,"column":17}},"loc":{"start":{"line":14,"column":34},"end":{"line":139,"column":3}}},"2":{"name":"(anonymous_2)","decl":{"start":{"line":68,"column":34},"end":{"line":68,"column":39}},"loc":{"start":{"line":68,"column":69},"end":{"line":85,"column":7}}},"3":{"name":"(anonymous_3)","decl":{"start":{"line":71,"column":82},"end":{"line":71,"column":85}},"loc":{"start":{"line":72,"column":10},"end":{"line":72,"column":108}}},"4":{"name":"(anonymous_4)","decl":{"start":{"line":77,"column":81},"end":{"line":77,"column":84}},"loc":{"start":{"line":78,"column":10},"end":{"line":80,"column":34}}},"5":{"name":"(anonymous_5)","decl":{"start":{"line":89,"column":76},"end":{"line":89,"column":79}},"loc":{"start":{"line":90,"column":10},"end":{"line":91,"column":70}}},"6":{"name":"(anonymous_6)","decl":{"start":{"line":100,"column":82},"end":{"line":100,"column":85}},"loc":{"start":{"line":101,"column":12},"end":{"line":103,"column":36}}},"7":{"name":"(anonymous_7)","decl":{"start":{"line":123,"column":57},"end":{"line":123,"column":60}},"loc":{"start":{"line":124,"column":14},"end":{"line":130,"column":16}}}},"branchMap":{"0":{"loc":{"start":{"line":58,"column":18},"end":{"line":58,"column":39}},"type":"binary-expr","locations":[{"start":{"line":58,"column":18},"end":{"line":58,"column":33}},{"start":{"line":58,"column":37},"end":{"line":58,"column":39}}]},"1":{"loc":{"start":{"line":59,"column":18},"end":{"line":59,"column":39}},"type":"binary-expr","locations":[{"start":{"line":59,"column":18},"end":{"line":59,"column":33}},{"start":{"line":59,"column":37},"end":{"line":59,"column":39}}]},"2":{"loc":{"start":{"line":62,"column":4},"end":{"line":136,"column":5}},"type":"if","locations":[{"start":{"line":62,"column":4},"end":{"line":136,"column":5}},{"start":{},"end":{}}]},"3":{"loc":{"start":{"line":69,"column":8},"end":{"line":69,"column":42}},"type":"if","locations":[{"start":{"line":69,"column":8},"end":{"line":69,"column":42}},{"start":{},"end":{}}]},"4":{"loc":{"start":{"line":75,"column":8},"end":{"line":75,"column":70}},"type":"if","locations":[{"start":{"line":75,"column":8},"end":{"line":75,"column":70}},{"start":{},"end":{}}]},"5":{"loc":{"start":{"line":83,"column":8},"end":{"line":83,"column":62}},"type":"if","locations":[{"start":{"line":83,"column":8},"end":{"line":83,"column":62}},{"start":{},"end":{}}]},"6":{"loc":{"start":{"line":94,"column":8},"end":{"line":94,"column":84}},"type":"if","locations":[{"start":{"line":94,"column":8},"end":{"line":94,"column":84}},{"start":{},"end":{}}]},"7":{"loc":{"start":{"line":97,"column":8},"end":{"line":107,"column":9}},"type":"if","locations":[{"start":{"line":97,"column":8},"end":{"line":107,"column":9}},{"start":{"line":99,"column":15},"end":{"line":107,"column":9}}]},"8":{"loc":{"start":{"line":105,"column":10},"end":{"line":106,"column":24}},"type":"if","locations":[{"start":{"line":105,"column":10},"end":{"line":106,"column":24}},{"start":{"line":106,"column":15},"end":{"line":106,"column":24}}]},"9":{"loc":{"start":{"line":112,"column":6},"end":{"line":135,"column":7}},"type":"if","locations":[{"start":{"line":112,"column":6},"end":{"line":135,"column":7}},{"start":{},"end":{}}]},"10":{"loc":{"start":{"line":117,"column":10},"end":{"line":120,"column":11}},"type":"if","locations":[{"start":{"line":117,"column":10},"end":{"line":120,"column":11}},{"start":{},"end":{}}]},"11":{"loc":{"start":{"line":119,"column":12},"end":{"line":119,"column":36}},"type":"if","locations":[{"start":{"line":119,"column":12},"end":{"line":119,"column":36}},{"start":{},"end":{}}]},"12":{"loc":{"start":{"line":122,"column":10},"end":{"line":133,"column":11}},"type":"if","locations":[{"start":{"line":122,"column":10},"end":{"line":133,"column":11}},{"start":{},"end":{}}]},"13":{"loc":{"start":{"line":122,"column":14},"end":{"line":122,"column":34}},"type":"binary-expr","locations":[{"start":{"line":122,"column":14},"end":{"line":122,"column":22}},{"start":{"line":122,"column":26},"end":{"line":122,"column":34}}]}},"s":{"0":0,"1":0,"2":0,"3":0,"4":0,"5":0,"6":0,"7":0,"8":0,"9":0,"10":0,"11":0,"12":0,"13":0,"14":0,"15":0,"16":0,"17":0,"18":0,"19":0,"20":0,"21":0,"22":0,"23":0,"24":0,"25":0,"26":0,"27":0,"28":0,"29":0,"30":0,"31":0,"32":0,"33":0,"34":0,"35":0,"36":0,"37":0,"38":0,"39":0,"40":0,"41":0,"42":0,"43":0,"44":0,"45":0,"46":0,"47":0,"48":0,"49":0,"50":0,"51":0,"52":0,"53":0,"54":0,"55":0,"56":0,"57":0},"f":{"0":0,"1":0,"2":0,"3":0,"4":0,"5":0,"6":0,"7":0},"b":{"0":[0,0],"1":[0,0],"2":[0,0],"3":[0,0],"4":[0,0],"5":[0,0],"6":[0,0],"7":[0,0],"8":[0,0],"9":[0,0],"10":[0,0],"11":[0,0],"12":[0,0],"13":[0,0]}}
,"D:\\Software\\Human Os\\Human-OS\\backend\\src\\agents\\MilestoneAgent.ts": {"path":"D:\\Software\\Human Os\\Human-OS\\backend\\src\\agents\\MilestoneAgent.ts","statementMap":{"0":{"start":{"line":1,"column":0},"end":{"line":1,"column":40}},"1":{"start":{"line":3,"column":0},"end":{"line":3,"column":65}},"2":{"start":{"line":4,"column":0},"end":{"line":4,"column":64}},"3":{"start":{"line":9,"column":4},"end":{"line":9,"column":28}},"4":{"start":{"line":13,"column":43},"end":{"line":13,"column":54}},"5":{"start":{"line":15,"column":21},"end":{"line":54,"column":6}},"6":{"start":{"line":56,"column":19},"end":{"line":56,"column":84}},"7":{"start":{"line":57,"column":21},"end":{"line":57,"column":52}},"8":{"start":{"line":59,"column":18},"end":{"line":59,"column":19}},"9":{"start":{"line":60,"column":4},"end":{"line":65,"column":5}},"10":{"start":{"line":61,"column":6},"end":{"line":64,"column":7}},"11":{"start":{"line":62,"column":8},"end":{"line":62,"column":68}},"12":{"start":{"line":63,"column":8},"end":{"line":63,"column":18}},"13":{"start":{"line":67,"column":4},"end":{"line":67,"column":19}},"14":{"start":{"line":7,"column":0},"end":{"line":7,"column":13}},"15":{"start":{"line":71,"column":13},"end":{"line":71,"column":51}}},"fnMap":{"0":{"name":"(anonymous_0)","decl":{"start":{"line":8,"column":2},"end":{"line":8,"column":null}},"loc":{"start":{"line":8,"column":2},"end":{"line":10,"column":3}}},"1":{"name":"(anonymous_1)","decl":{"start":{"line":12,"column":12},"end":{"line":12,"column":17}},"loc":{"start":{"line":12,"column":34},"end":{"line":68,"column":3}}}},"branchMap":{"0":{"loc":{"start":{"line":57,"column":21},"end":{"line":57,"column":52}},"type":"binary-expr","locations":[{"start":{"line":57,"column":21},"end":{"line":57,"column":46}},{"start":{"line":57,"column":50},"end":{"line":57,"column":52}}]},"1":{"loc":{"start":{"line":61,"column":6},"end":{"line":64,"column":7}},"type":"if","locations":[{"start":{"line":61,"column":6},"end":{"line":64,"column":7}},{"start":{},"end":{}}]}},"s":{"0":0,"1":0,"2":0,"3":0,"4":0,"5":0,"6":0,"7":0,"8":0,"9":0,"10":0,"11":0,"12":0,"13":0,"14":0,"15":0},"f":{"0":0,"1":0},"b":{"0":[0,0],"1":[0,0]}}
,"D:\\Software\\Human Os\\Human-OS\\backend\\src\\agents\\ReflectionAgent.ts": {"path":"D:\\Software\\Human Os\\Human-OS\\backend\\src\\agents\\ReflectionAgent.ts","statementMap":{"0":{"start":{"line":1,"column":0},"end":{"line":1,"column":40}},"1":{"start":{"line":3,"column":0},"end":{"line":3,"column":65}},"2":{"start":{"line":4,"column":0},"end":{"line":4,"column":48}},"3":{"start":{"line":5,"column":0},"end":{"line":5,"column":39}},"4":{"start":{"line":9,"column":4},"end":{"line":9,"column":29}},"5":{"start":{"line":13,"column":29},"end":{"line":13,"column":40}},"6":{"start":{"line":15,"column":23},"end":{"line":15,"column":37}},"7":{"start":{"line":16,"column":4},"end":{"line":16,"column":36}},"8":{"start":{"line":17,"column":21},"end":{"line":17,"column":35}},"9":{"start":{"line":18,"column":4},"end":{"line":18,"column":39}},"10":{"start":{"line":21,"column":73},"end":{"line":25,"column":6}},"11":{"start":{"line":27,"column":4},"end":{"line":30,"column":5}},"12":{"start":{"line":28,"column":6},"end":{"line":28,"column":70}},"13":{"start":{"line":29,"column":6},"end":{"line":29,"column":15}},"14":{"start":{"line":33,"column":21},"end":{"line":33,"column":45}},"15":{"start":{"line":34,"column":4},"end":{"line":34,"column":122}},"16":{"start":{"line":34,"column":27},"end":{"line":34,"column":118}},"17":{"start":{"line":36,"column":4},"end":{"line":39,"column":5}},"18":{"start":{"line":37,"column":6},"end":{"line":37,"column":61}},"19":{"start":{"line":38,"column":6},"end":{"line":38,"column":91}},"20":{"start":{"line":38,"column":30},"end":{"line":38,"column":87}},"21":{"start":{"line":41,"column":4},"end":{"line":44,"column":5}},"22":{"start":{"line":42,"column":6},"end":{"line":42,"column":65}},"23":{"start":{"line":43,"column":6},"end":{"line":43,"column":74}},"24":{"start":{"line":43,"column":29},"end":{"line":43,"column":70}},"25":{"start":{"line":46,"column":21},"end":{"line":68,"column":6}},"26":{"start":{"line":70,"column":19},"end":{"line":70,"column":136}},"27":{"start":{"line":73,"column":4},"end":{"line":82,"column":7}},"28":{"start":{"line":85,"column":4},"end":{"line":85,"column":178}},"29":{"start":{"line":87,"column":4},"end":{"line":87,"column":13}},"30":{"start":{"line":7,"column":0},"end":{"line":7,"column":13}},"31":{"start":{"line":91,"column":13},"end":{"line":91,"column":53}}},"fnMap":{"0":{"name":"(anonymous_0)","decl":{"start":{"line":8,"column":2},"end":{"line":8,"column":null}},"loc":{"start":{"line":8,"column":2},"end":{"line":10,"column":3}}},"1":{"name":"(anonymous_1)","decl":{"start":{"line":12,"column":12},"end":{"line":12,"column":17}},"loc":{"start":{"line":12,"column":34},"end":{"line":88,"column":3}}},"2":{"name":"(anonymous_2)","decl":{"start":{"line":34,"column":20},"end":{"line":34,"column":21}},"loc":{"start":{"line":34,"column":24},"end":{"line":34,"column":120}}},"3":{"name":"(anonymous_3)","decl":{"start":{"line":38,"column":23},"end":{"line":38,"column":24}},"loc":{"start":{"line":38,"column":27},"end":{"line":38,"column":89}}},"4":{"name":"(anonymous_4)","decl":{"start":{"line":43,"column":22},"end":{"line":43,"column":23}},"loc":{"start":{"line":43,"column":26},"end":{"line":43,"column":72}}}},"branchMap":{"0":{"loc":{"start":{"line":27,"column":4},"end":{"line":30,"column":5}},"type":"if","locations":[{"start":{"line":27,"column":4},"end":{"line":30,"column":5}},{"start":{},"end":{}}]},"1":{"loc":{"start":{"line":27,"column":8},"end":{"line":27,"column":40}},"type":"binary-expr","locations":[{"start":{"line":27,"column":8},"end":{"line":27,"column":16}},{"start":{"line":27,"column":20},"end":{"line":27,"column":40}}]},"2":{"loc":{"start":{"line":36,"column":4},"end":{"line":39,"column":5}},"type":"if","locations":[{"start":{"line":36,"column":4},"end":{"line":39,"column":5}},{"start":{},"end":{}}]},"3":{"loc":{"start":{"line":36,"column":8},"end":{"line":36,"column":39}},"type":"binary-expr","locations":[{"start":{"line":36,"column":8},"end":{"line":36,"column":16}},{"start":{"line":36,"column":20},"end":{"line":36,"column":39}}]},"4":{"loc":{"start":{"line":41,"column":4},"end":{"line":44,"column":5}},"type":"if","locations":[{"start":{"line":41,"column":4},"end":{"line":44,"column":5}},{"start":{},"end":{}}]},"5":{"loc":{"start":{"line":41,"column":8},"end":{"line":41,"column":37}},"type":"binary-expr","locations":[{"start":{"line":41,"column":8},"end":{"line":41,"column":15}},{"start":{"line":41,"column":19},"end":{"line":41,"column":37}}]}},"s":{"0":0,"1":0,"2":0,"3":0,"4":0,"5":0,"6":0,"7":0,"8":0,"9":0,"10":0,"11":0,"12":0,"13":0,"14":0,"15":0,"16":0,"17":0,"18":0,"19":0,"20":0,"21":0,"22":0,"23":0,"24":0,"25":0,"26":0,"27":0,"28":0,"29":0,"30":0,"31":0},"f":{"0":0,"1":0,"2":0,"3":0,"4":0},"b":{"0":[0,0],"1":[0,0],"2":[0,0],"3":[0,0],"4":[0,0],"5":[0,0]}}
,"D:\\Software\\Human Os\\Human-OS\\backend\\src\\agents\\SemanticAgent.ts": {"path":"D:\\Software\\Human Os\\Human-OS\\backend\\src\\agents\\SemanticAgent.ts","statementMap":{"0":{"start":{"line":1,"column":0},"end":{"line":1,"column":40}},"1":{"start":{"line":3,"column":0},"end":{"line":3,"column":65}},"2":{"start":{"line":4,"column":0},"end":{"line":4,"column":64}},"3":{"start":{"line":9,"column":4},"end":{"line":9,"column":27}},"4":{"start":{"line":13,"column":43},"end":{"line":13,"column":54}},"5":{"start":{"line":15,"column":21},"end":{"line":47,"column":6}},"6":{"start":{"line":49,"column":19},"end":{"line":49,"column":83}},"7":{"start":{"line":50,"column":21},"end":{"line":50,"column":51}},"8":{"start":{"line":52,"column":18},"end":{"line":52,"column":19}},"9":{"start":{"line":53,"column":4},"end":{"line":58,"column":5}},"10":{"start":{"line":54,"column":6},"end":{"line":57,"column":7}},"11":{"start":{"line":55,"column":8},"end":{"line":55,"column":68}},"12":{"start":{"line":56,"column":8},"end":{"line":56,"column":18}},"13":{"start":{"line":60,"column":4},"end":{"line":60,"column":19}},"14":{"start":{"line":7,"column":0},"end":{"line":7,"column":13}},"15":{"start":{"line":64,"column":13},"end":{"line":64,"column":49}}},"fnMap":{"0":{"name":"(anonymous_0)","decl":{"start":{"line":8,"column":2},"end":{"line":8,"column":null}},"loc":{"start":{"line":8,"column":2},"end":{"line":10,"column":3}}},"1":{"name":"(anonymous_1)","decl":{"start":{"line":12,"column":12},"end":{"line":12,"column":17}},"loc":{"start":{"line":12,"column":34},"end":{"line":61,"column":3}}}},"branchMap":{"0":{"loc":{"start":{"line":50,"column":21},"end":{"line":50,"column":51}},"type":"binary-expr","locations":[{"start":{"line":50,"column":21},"end":{"line":50,"column":45}},{"start":{"line":50,"column":49},"end":{"line":50,"column":51}}]},"1":{"loc":{"start":{"line":54,"column":6},"end":{"line":57,"column":7}},"type":"if","locations":[{"start":{"line":54,"column":6},"end":{"line":57,"column":7}},{"start":{},"end":{}}]}},"s":{"0":0,"1":0,"2":0,"3":0,"4":0,"5":0,"6":0,"7":0,"8":0,"9":0,"10":0,"11":0,"12":0,"13":0,"14":0,"15":0},"f":{"0":0,"1":0},"b":{"0":[0,0],"1":[0,0]}}
,"D:\\Software\\Human Os\\Human-OS\\backend\\src\\agents\\ShortTermMemoryAgent.ts": {"path":"D:\\Software\\Human Os\\Human-OS\\backend\\src\\agents\\ShortTermMemoryAgent.ts","statementMap":{"0":{"start":{"line":1,"column":0},"end":{"line":1,"column":40}},"1":{"start":{"line":3,"column":0},"end":{"line":3,"column":65}},"2":{"start":{"line":4,"column":0},"end":{"line":4,"column":48}},"3":{"start":{"line":19,"column":4},"end":{"line":19,"column":34}},"4":{"start":{"line":23,"column":76},"end":{"line":23,"column":87}},"5":{"start":{"line":25,"column":21},"end":{"line":87,"column":6}},"6":{"start":{"line":89,"column":19},"end":{"line":89,"column":94}},"7":{"start":{"line":90,"column":21},"end":{"line":90,"column":53}},"8":{"start":{"line":92,"column":18},"end":{"line":92,"column":19}},"9":{"start":{"line":93,"column":21},"end":{"line":93,"column":22}},"10":{"start":{"line":95,"column":4},"end":{"line":138,"column":5}},"11":{"start":{"line":96,"column":6},"end":{"line":96,"column":54}},"12":{"start":{"line":96,"column":45},"end":{"line":96,"column":54}},"13":{"start":{"line":98,"column":24},"end":{"line":98,"column":109}},"14":{"start":{"line":100,"column":33},"end":{"line":105,"column":22}},"15":{"start":{"line":107,"column":6},"end":{"line":137,"column":7}},"16":{"start":{"line":109,"column":25},"end":{"line":109,"column":58}},"17":{"start":{"line":110,"column":30},"end":{"line":110,"column":87}},"18":{"start":{"line":111,"column":8},"end":{"line":118,"column":33}},"19":{"start":{"line":119,"column":8},"end":{"line":119,"column":21}},"20":{"start":{"line":122,"column":8},"end":{"line":135,"column":13}},"21":{"start":{"line":136,"column":8},"end":{"line":136,"column":18}},"22":{"start":{"line":141,"column":37},"end":{"line":144,"column":28}},"23":{"start":{"line":146,"column":4},"end":{"line":164,"column":5}},"24":{"start":{"line":147,"column":21},"end":{"line":147,"column":40}},"25":{"start":{"line":149,"column":33},"end":{"line":155,"column":22}},"26":{"start":{"line":157,"column":6},"end":{"line":163,"column":7}},"27":{"start":{"line":158,"column":20},"end":{"line":158,"column":43}},"28":{"start":{"line":158,"column":38},"end":{"line":158,"column":42}},"29":{"start":{"line":159,"column":8},"end":{"line":162,"column":25}},"30":{"start":{"line":166,"column":4},"end":{"line":166,"column":65}},"31":{"start":{"line":166,"column":21},"end":{"line":166,"column":65}},"32":{"start":{"line":167,"column":4},"end":{"line":167,"column":74}},"33":{"start":{"line":167,"column":24},"end":{"line":167,"column":74}},"34":{"start":{"line":169,"column":4},"end":{"line":169,"column":32}},"35":{"start":{"line":17,"column":0},"end":{"line":17,"column":13}},"36":{"start":{"line":173,"column":13},"end":{"line":173,"column":63}}},"fnMap":{"0":{"name":"(anonymous_0)","decl":{"start":{"line":18,"column":2},"end":{"line":18,"column":null}},"loc":{"start":{"line":18,"column":2},"end":{"line":20,"column":3}}},"1":{"name":"(anonymous_1)","decl":{"start":{"line":22,"column":12},"end":{"line":22,"column":17}},"loc":{"start":{"line":22,"column":34},"end":{"line":170,"column":3}}},"2":{"name":"(anonymous_2)","decl":{"start":{"line":158,"column":33},"end":{"line":158,"column":34}},"loc":{"start":{"line":158,"column":38},"end":{"line":158,"column":42}}}},"branchMap":{"0":{"loc":{"start":{"line":75,"column":2},"end":{"line":75,"column":47}},"type":"binary-expr","locations":[{"start":{"line":75,"column":2},"end":{"line":75,"column":22}},{"start":{"line":75,"column":26},"end":{"line":75,"column":47}}]},"1":{"loc":{"start":{"line":81,"column":2},"end":{"line":81,"column":37}},"type":"binary-expr","locations":[{"start":{"line":81,"column":2},"end":{"line":81,"column":11}},{"start":{"line":81,"column":15},"end":{"line":81,"column":37}}]},"2":{"loc":{"start":{"line":90,"column":21},"end":{"line":90,"column":53}},"type":"binary-expr","locations":[{"start":{"line":90,"column":21},"end":{"line":90,"column":47}},{"start":{"line":90,"column":51},"end":{"line":90,"column":53}}]},"3":{"loc":{"start":{"line":96,"column":6},"end":{"line":96,"column":54}},"type":"if","locations":[{"start":{"line":96,"column":6},"end":{"line":96,"column":54}},{"start":{},"end":{}}]},"4":{"loc":{"start":{"line":96,"column":10},"end":{"line":96,"column":43}},"type":"binary-expr","locations":[{"start":{"line":96,"column":10},"end":{"line":96,"column":28}},{"start":{"line":96,"column":32},"end":{"line":96,"column":43}}]},"5":{"loc":{"start":{"line":98,"column":24},"end":{"line":98,"column":109}},"type":"cond-expr","locations":[{"start":{"line":98,"column":46},"end":{"line":98,"column":50}},{"start":{"line":98,"column":53},"end":{"line":98,"column":109}}]},"6":{"loc":{"start":{"line":107,"column":6},"end":{"line":137,"column":7}},"type":"if","locations":[{"start":{"line":107,"column":6},"end":{"line":137,"column":7}},{"start":{"line":120,"column":13},"end":{"line":137,"column":7}}]},"7":{"loc":{"start":{"line":109,"column":26},"end":{"line":109,"column":53}},"type":"binary-expr","locations":[{"start":{"line":109,"column":26},"end":{"line":109,"column":48}},{"start":{"line":109,"column":52},"end":{"line":109,"column":53}}]},"8":{"loc":{"start":{"line":110,"column":44},"end":{"line":110,"column":81}},"type":"binary-expr","locations":[{"start":{"line":110,"column":44},"end":{"line":110,"column":63}},{"start":{"line":110,"column":67},"end":{"line":110,"column":81}}]},"9":{"loc":{"start":{"line":127,"column":22},"end":{"line":127,"column":53}},"type":"binary-expr","locations":[{"start":{"line":127,"column":22},"end":{"line":127,"column":34}},{"start":{"line":127,"column":38},"end":{"line":127,"column":53}}]},"10":{"loc":{"start":{"line":130,"column":24},"end":{"line":130,"column":75}},"type":"cond-expr","locations":[{"start":{"line":130,"column":55},"end":{"line":130,"column":69}},{"start":{"line":130,"column":72},"end":{"line":130,"column":75}}]},"11":{"loc":{"start":{"line":146,"column":4},"end":{"line":164,"column":5}},"type":"if","locations":[{"start":{"line":146,"column":4},"end":{"line":164,"column":5}},{"start":{},"end":{}}]},"12":{"loc":{"start":{"line":146,"column":8},"end":{"line":146,"column":44}},"type":"binary-expr","locations":[{"start":{"line":146,"column":8},"end":{"line":146,"column":21}},{"start":{"line":146,"column":25},"end":{"line":146,"column":44}}]},"13":{"loc":{"start":{"line":157,"column":6},"end":{"line":163,"column":7}},"type":"if","locations":[{"start":{"line":157,"column":6},"end":{"line":163,"column":7}},{"start":{},"end":{}}]},"14":{"loc":{"start":{"line":157,"column":10},"end":{"line":157,"column":41}},"type":"binary-expr","locations":[{"start":{"line":157,"column":10},"end":{"line":157,"column":18}},{"start":{"line":157,"column":22},"end":{"line":157,"column":41}}]},"15":{"loc":{"start":{"line":166,"column":4},"end":{"line":166,"column":65}},"type":"if","locations":[{"start":{"line":166,"column":4},"end":{"line":166,"column":65}},{"start":{},"end":{}}]},"16":{"loc":{"start":{"line":167,"column":4},"end":{"line":167,"column":74}},"type":"if","locations":[{"start":{"line":167,"column":4},"end":{"line":167,"column":74}},{"start":{},"end":{}}]}},"s":{"0":0,"1":0,"2":0,"3":0,"4":0,"5":0,"6":0,"7":0,"8":0,"9":0,"10":0,"11":0,"12":0,"13":0,"14":0,"15":0,"16":0,"17":0,"18":0,"19":0,"20":0,"21":0,"22":0,"23":0,"24":0,"25":0,"26":0,"27":0,"28":0,"29":0,"30":0,"31":0,"32":0,"33":0,"34":0,"35":0,"36":0},"f":{"0":0,"1":0,"2":0},"b":{"0":[0,0],"1":[0,0],"2":[0,0],"3":[0,0],"4":[0,0],"5":[0,0],"6":[0,0],"7":[0,0],"8":[0,0],"9":[0,0],"10":[0,0],"11":[0,0],"12":[0,0],"13":[0,0],"14":[0,0],"15":[0,0],"16":[0,0]}}
,"D:\\Software\\Human Os\\Human-OS\\backend\\src\\agents\\WorkingMemoryAgent.ts": {"path":"D:\\Software\\Human Os\\Human-OS\\backend\\src\\agents\\WorkingMemoryAgent.ts","statementMap":{"0":{"start":{"line":1,"column":0},"end":{"line":1,"column":40}},"1":{"start":{"line":3,"column":0},"end":{"line":3,"column":65}},"2":{"start":{"line":4,"column":0},"end":{"line":4,"column":48}},"3":{"start":{"line":9,"column":4},"end":{"line":9,"column":32}},"4":{"start":{"line":13,"column":32},"end":{"line":13,"column":43}},"5":{"start":{"line":15,"column":21},"end":{"line":42,"column":6}},"6":{"start":{"line":44,"column":19},"end":{"line":44,"column":153}},"7":{"start":{"line":45,"column":16},"end":{"line":45,"column":45}},"8":{"start":{"line":47,"column":4},"end":{"line":59,"column":5}},"9":{"start":{"line":48,"column":24},"end":{"line":57,"column":8}},"10":{"start":{"line":49,"column":24},"end":{"line":49,"column":34}},"11":{"start":{"line":50,"column":8},"end":{"line":50,"column":75}},"12":{"start":{"line":51,"column":8},"end":{"line":56,"column":10}},"13":{"start":{"line":58,"column":6},"end":{"line":58,"column":67}},"14":{"start":{"line":61,"column":4},"end":{"line":61,"column":22}},"15":{"start":{"line":7,"column":0},"end":{"line":7,"column":13}},"16":{"start":{"line":65,"column":13},"end":{"line":65,"column":59}}},"fnMap":{"0":{"name":"(anonymous_0)","decl":{"start":{"line":8,"column":2},"end":{"line":8,"column":null}},"loc":{"start":{"line":8,"column":2},"end":{"line":10,"column":3}}},"1":{"name":"(anonymous_1)","decl":{"start":{"line":12,"column":12},"end":{"line":12,"column":17}},"loc":{"start":{"line":12,"column":34},"end":{"line":62,"column":3}}},"2":{"name":"(anonymous_2)","decl":{"start":{"line":48,"column":32},"end":{"line":48,"column":34}},"loc":{"start":{"line":48,"column":37},"end":{"line":57,"column":7}}}},"branchMap":{"0":{"loc":{"start":{"line":45,"column":16},"end":{"line":45,"column":45}},"type":"binary-expr","locations":[{"start":{"line":45,"column":16},"end":{"line":45,"column":39}},{"start":{"line":45,"column":43},"end":{"line":45,"column":45}}]},"1":{"loc":{"start":{"line":47,"column":4},"end":{"line":59,"column":5}},"type":"if","locations":[{"start":{"line":47,"column":4},"end":{"line":59,"column":5}},{"start":{},"end":{}}]},"2":{"loc":{"start":{"line":50,"column":47},"end":{"line":50,"column":72}},"type":"binary-expr","locations":[{"start":{"line":50,"column":47},"end":{"line":50,"column":66}},{"start":{"line":50,"column":70},"end":{"line":50,"column":72}}]}},"s":{"0":0,"1":0,"2":0,"3":0,"4":0,"5":0,"6":0,"7":0,"8":0,"9":0,"10":0,"11":0,"12":0,"13":0,"14":0,"15":0,"16":0},"f":{"0":0,"1":0,"2":0},"b":{"0":[0,0],"1":[0,0],"2":[0,0]}}
,"D:\\Software\\Human Os\\Human-OS\\backend\\src\\config\\index.ts": {"path":"D:\\Software\\Human Os\\Human-OS\\backend\\src\\config\\index.ts","statementMap":{"0":{"start":{"line":7,"column":0},"end":{"line":7,"column":28}},"1":{"start":{"line":10,"column":0},"end":{"line":10,"column":16}},"2":{"start":{"line":14,"column":16},"end":{"line":14,"column":32}},"3":{"start":{"line":15,"column":2},"end":{"line":15,"column":68}},"4":{"start":{"line":18,"column":13},"end":{"line":59,"column":11}},"5":{"start":{"line":46,"column":18},"end":{"line":46,"column":26}}},"fnMap":{"0":{"name":"optionalEnv","decl":{"start":{"line":13,"column":9},"end":{"line":13,"column":20}},"loc":{"start":{"line":13,"column":54},"end":{"line":16,"column":1}}},"1":{"name":"(anonymous_2)","decl":{"start":{"line":46,"column":11},"end":{"line":46,"column":12}},"loc":{"start":{"line":46,"column":18},"end":{"line":46,"column":26}}}},"branchMap":{"0":{"loc":{"start":{"line":15,"column":9},"end":{"line":15,"column":67}},"type":"cond-expr","locations":[{"start":{"line":15,"column":40},"end":{"line":15,"column":52}},{"start":{"line":15,"column":55},"end":{"line":15,"column":67}}]},"1":{"loc":{"start":{"line":15,"column":9},"end":{"line":15,"column":37}},"type":"binary-expr","locations":[{"start":{"line":15,"column":9},"end":{"line":15,"column":14}},{"start":{"line":15,"column":18},"end":{"line":15,"column":37}}]}},"s":{"0":0,"1":0,"2":0,"3":0,"4":0,"5":0},"f":{"0":0,"1":0},"b":{"0":[0,0],"1":[0,0]}}
,"D:\\Software\\Human Os\\Human-OS\\backend\\src\\lib\\cache.ts": {"path":"D:\\Software\\Human Os\\Human-OS\\backend\\src\\lib\\cache.ts","statementMap":{"0":{"start":{"line":6,"column":0},"end":{"line":6,"column":34}},"1":{"start":{"line":15,"column":18},"end":{"line":15,"column":52}},"2":{"start":{"line":16,"column":17},"end":{"line":16,"column":18}},"3":{"start":{"line":17,"column":19},"end":{"line":17,"column":20}},"4":{"start":{"line":20,"column":18},"end":{"line":20,"column":37}},"5":{"start":{"line":21,"column":4},"end":{"line":24,"column":5}},"6":{"start":{"line":22,"column":6},"end":{"line":22,"column":20}},"7":{"start":{"line":23,"column":6},"end":{"line":23,"column":23}},"8":{"start":{"line":25,"column":4},"end":{"line":29,"column":5}},"9":{"start":{"line":26,"column":6},"end":{"line":26,"column":29}},"10":{"start":{"line":27,"column":6},"end":{"line":27,"column":20}},"11":{"start":{"line":28,"column":6},"end":{"line":28,"column":23}},"12":{"start":{"line":30,"column":4},"end":{"line":30,"column":16}},"13":{"start":{"line":31,"column":4},"end":{"line":31,"column":28}},"14":{"start":{"line":35,"column":4},"end":{"line":39,"column":7}},"15":{"start":{"line":46,"column":4},"end":{"line":46,"column":27}},"16":{"start":{"line":54,"column":16},"end":{"line":54,"column":17}},"17":{"start":{"line":55,"column":4},"end":{"line":60,"column":5}},"18":{"start":{"line":56,"column":6},"end":{"line":59,"column":7}},"19":{"start":{"line":57,"column":8},"end":{"line":57,"column":31}},"20":{"start":{"line":58,"column":8},"end":{"line":58,"column":16}},"21":{"start":{"line":61,"column":4},"end":{"line":63,"column":5}},"22":{"start":{"line":62,"column":6},"end":{"line":62,"column":83}},"23":{"start":{"line":70,"column":18},"end":{"line":70,"column":41}},"24":{"start":{"line":71,"column":4},"end":{"line":77,"column":6}},"25":{"start":{"line":84,"column":4},"end":{"line":84,"column":23}},"26":{"start":{"line":85,"column":4},"end":{"line":85,"column":18}},"27":{"start":{"line":86,"column":4},"end":{"line":86,"column":20}},"28":{"start":{"line":91,"column":13},"end":{"line":91,"column":37}},"29":{"start":{"line":94,"column":13},"end":{"line":100,"column":11}},"30":{"start":{"line":103,"column":13},"end":{"line":109,"column":11}}},"fnMap":{"0":{"name":"(anonymous_0)","decl":{"start":{"line":19,"column":2},"end":{"line":19,"column":5}},"loc":{"start":{"line":19,"column":20},"end":{"line":32,"column":3}}},"1":{"name":"(anonymous_1)","decl":{"start":{"line":34,"column":2},"end":{"line":34,"column":5}},"loc":{"start":{"line":34,"column":68},"end":{"line":40,"column":3}}},"2":{"name":"(anonymous_2)","decl":{"start":{"line":45,"column":2},"end":{"line":45,"column":12}},"loc":{"start":{"line":45,"column":24},"end":{"line":47,"column":3}}},"3":{"name":"(anonymous_3)","decl":{"start":{"line":53,"column":2},"end":{"line":53,"column":21}},"loc":{"start":{"line":53,"column":39},"end":{"line":64,"column":3}}},"4":{"name":"(anonymous_4)","decl":{"start":{"line":69,"column":2},"end":{"line":69,"column":7}},"loc":{"start":{"line":69,"column":7},"end":{"line":78,"column":3}}},"5":{"name":"(anonymous_5)","decl":{"start":{"line":83,"column":2},"end":{"line":83,"column":7}},"loc":{"start":{"line":83,"column":7},"end":{"line":87,"column":3}}}},"branchMap":{"0":{"loc":{"start":{"line":21,"column":4},"end":{"line":24,"column":5}},"type":"if","locations":[{"start":{"line":21,"column":4},"end":{"line":24,"column":5}},{"start":{},"end":{}}]},"1":{"loc":{"start":{"line":25,"column":4},"end":{"line":29,"column":5}},"type":"if","locations":[{"start":{"line":25,"column":4},"end":{"line":29,"column":5}},{"start":{},"end":{}}]},"2":{"loc":{"start":{"line":34,"column":47},"end":{"line":34,"column":68}},"type":"default-arg","locations":[{"start":{"line":34,"column":59},"end":{"line":34,"column":68}}]},"3":{"loc":{"start":{"line":56,"column":6},"end":{"line":59,"column":7}},"type":"if","locations":[{"start":{"line":56,"column":6},"end":{"line":59,"column":7}},{"start":{},"end":{}}]},"4":{"loc":{"start":{"line":61,"column":4},"end":{"line":63,"column":5}},"type":"if","locations":[{"start":{"line":61,"column":4},"end":{"line":63,"column":5}},{"start":{},"end":{}}]},"5":{"loc":{"start":{"line":75,"column":15},"end":{"line":75,"column":73}},"type":"cond-expr","locations":[{"start":{"line":75,"column":27},"end":{"line":75,"column":69}},{"start":{"line":75,"column":72},"end":{"line":75,"column":73}}]},"6":{"loc":{"start":{"line":76,"column":16},"end":{"line":76,"column":76}},"type":"cond-expr","locations":[{"start":{"line":76,"column":28},"end":{"line":76,"column":72}},{"start":{"line":76,"column":75},"end":{"line":76,"column":76}}]}},"s":{"0":0,"1":0,"2":0,"3":0,"4":0,"5":0,"6":0,"7":0,"8":0,"9":0,"10":0,"11":0,"12":0,"13":0,"14":0,"15":0,"16":0,"17":0,"18":0,"19":0,"20":0,"21":0,"22":0,"23":0,"24":0,"25":0,"26":0,"27":0,"28":0,"29":0,"30":0},"f":{"0":0,"1":0,"2":0,"3":0,"4":0,"5":0},"b":{"0":[0,0],"1":[0,0],"2":[0],"3":[0,0],"4":[0,0],"5":[0,0],"6":[0,0]}}
,"D:\\Software\\Human Os\\Human-OS\\backend\\src\\lib\\encryption.ts": {"path":"D:\\Software\\Human Os\\Human-OS\\backend\\src\\lib\\encryption.ts","statementMap":{"0":{"start":{"line":19,"column":0},"end":{"line":19,"column":16}},"1":{"start":{"line":35,"column":0},"end":{"line":35,"column":16}},"2":{"start":{"line":1,"column":0},"end":{"line":1,"column":28}},"3":{"start":{"line":3,"column":18},"end":{"line":3,"column":31}},"4":{"start":{"line":4,"column":18},"end":{"line":4,"column":20}},"5":{"start":{"line":7,"column":20},"end":{"line":7,"column":53}},"6":{"start":{"line":8,"column":2},"end":{"line":12,"column":3}},"7":{"start":{"line":10,"column":4},"end":{"line":10,"column":141}},"8":{"start":{"line":11,"column":4},"end":{"line":11,"column":88}},"9":{"start":{"line":13,"column":2},"end":{"line":13,"column":64}},"10":{"start":{"line":20,"column":13},"end":{"line":20,"column":42}},"11":{"start":{"line":21,"column":14},"end":{"line":21,"column":32}},"12":{"start":{"line":22,"column":17},"end":{"line":22,"column":58}},"13":{"start":{"line":24,"column":18},"end":{"line":24,"column":52}},"14":{"start":{"line":25,"column":2},"end":{"line":25,"column":35}},"15":{"start":{"line":27,"column":18},"end":{"line":27,"column":53}},"16":{"start":{"line":29,"column":2},"end":{"line":29,"column":57}},"17":{"start":{"line":36,"column":16},"end":{"line":36,"column":40}},"18":{"start":{"line":37,"column":2},"end":{"line":39,"column":3}},"19":{"start":{"line":38,"column":4},"end":{"line":38,"column":85}},"20":{"start":{"line":41,"column":13},"end":{"line":41,"column":41}},"21":{"start":{"line":42,"column":18},"end":{"line":42,"column":46}},"22":{"start":{"line":43,"column":21},"end":{"line":43,"column":29}},"23":{"start":{"line":45,"column":14},"end":{"line":45,"column":32}},"24":{"start":{"line":46,"column":19},"end":{"line":46,"column":62}},"25":{"start":{"line":47,"column":2},"end":{"line":47,"column":31}},"26":{"start":{"line":49,"column":18},"end":{"line":49,"column":60}},"27":{"start":{"line":50,"column":2},"end":{"line":50,"column":38}},"28":{"start":{"line":52,"column":2},"end":{"line":52,"column":19}}},"fnMap":{"0":{"name":"getEncryptionKey","decl":{"start":{"line":6,"column":9},"end":{"line":6,"column":25}},"loc":{"start":{"line":6,"column":25},"end":{"line":14,"column":1}}},"1":{"name":"encrypt","decl":{"start":{"line":19,"column":16},"end":{"line":19,"column":23}},"loc":{"start":{"line":19,"column":36},"end":{"line":30,"column":1}}},"2":{"name":"decrypt","decl":{"start":{"line":35,"column":16},"end":{"line":35,"column":23}},"loc":{"start":{"line":35,"column":45},"end":{"line":53,"column":1}}}},"branchMap":{"0":{"loc":{"start":{"line":8,"column":2},"end":{"line":12,"column":3}},"type":"if","locations":[{"start":{"line":8,"column":2},"end":{"line":12,"column":3}},{"start":{},"end":{}}]},"1":{"loc":{"start":{"line":8,"column":6},"end":{"line":8,"column":43}},"type":"binary-expr","locations":[{"start":{"line":8,"column":6},"end":{"line":8,"column":16}},{"start":{"line":8,"column":20},"end":{"line":8,"column":43}}]},"2":{"loc":{"start":{"line":37,"column":2},"end":{"line":39,"column":3}},"type":"if","locations":[{"start":{"line":37,"column":2},"end":{"line":39,"column":3}},{"start":{},"end":{}}]}},"s":{"0":0,"1":0,"2":0,"3":0,"4":0,"5":0,"6":0,"7":0,"8":0,"9":0,"10":0,"11":0,"12":0,"13":0,"14":0,"15":0,"16":0,"17":0,"18":0,"19":0,"20":0,"21":0,"22":0,"23":0,"24":0,"25":0,"26":0,"27":0,"28":0},"f":{"0":0,"1":0,"2":0},"b":{"0":[0,0],"1":[0,0],"2":[0,0]}}
,"D:\\Software\\Human Os\\Human-OS\\backend\\src\\lib\\geminiPool.ts": {"path":"D:\\Software\\Human Os\\Human-OS\\backend\\src\\lib\\geminiPool.ts","statementMap":{"0":{"start":{"line":1,"column":0},"end":{"line":1,"column":34}},"1":{"start":{"line":4,"column":27},"end":{"line":4,"column":29}},"2":{"start":{"line":5,"column":33},"end":{"line":5,"column":34}},"3":{"start":{"line":8,"column":4},"end":{"line":8,"column":23}},"4":{"start":{"line":15,"column":19},"end":{"line":15,"column":36}},"5":{"start":{"line":18,"column":4},"end":{"line":20,"column":5}},"6":{"start":{"line":19,"column":6},"end":{"line":19,"column":52}},"7":{"start":{"line":23,"column":4},"end":{"line":26,"column":5}},"8":{"start":{"line":24,"column":19},"end":{"line":24,"column":102}},"9":{"start":{"line":24,"column":67},"end":{"line":24,"column":75}},"10":{"start":{"line":24,"column":89},"end":{"line":24,"column":101}},"11":{"start":{"line":25,"column":6},"end":{"line":25,"column":39}},"12":{"start":{"line":25,"column":24},"end":{"line":25,"column":37}},"13":{"start":{"line":28,"column":4},"end":{"line":28,"column":35}},"14":{"start":{"line":29,"column":4},"end":{"line":33,"column":5}},"15":{"start":{"line":30,"column":6},"end":{"line":30,"column":83}},"16":{"start":{"line":32,"column":6},"end":{"line":32,"column":85}},"17":{"start":{"line":41,"column":4},"end":{"line":41,"column":44}},"18":{"start":{"line":41,"column":32},"end":{"line":41,"column":44}},"19":{"start":{"line":43,"column":16},"end":{"line":43,"column":44}},"20":{"start":{"line":44,"column":4},"end":{"line":44,"column":67}},"21":{"start":{"line":45,"column":4},"end":{"line":45,"column":15}},"22":{"start":{"line":49,"column":4},"end":{"line":49,"column":32}},"23":{"start":{"line":3,"column":0},"end":{"line":3,"column":13}},"24":{"start":{"line":53,"column":13},"end":{"line":53,"column":43}}},"fnMap":{"0":{"name":"(anonymous_0)","decl":{"start":{"line":7,"column":2},"end":{"line":7,"column":null}},"loc":{"start":{"line":7,"column":2},"end":{"line":9,"column":3}}},"1":{"name":"(anonymous_1)","decl":{"start":{"line":14,"column":9},"end":{"line":14,"column":20}},"loc":{"start":{"line":14,"column":20},"end":{"line":34,"column":3}}},"2":{"name":"(anonymous_2)","decl":{"start":{"line":24,"column":62},"end":{"line":24,"column":63}},"loc":{"start":{"line":24,"column":67},"end":{"line":24,"column":75}}},"3":{"name":"(anonymous_3)","decl":{"start":{"line":24,"column":84},"end":{"line":24,"column":85}},"loc":{"start":{"line":24,"column":89},"end":{"line":24,"column":101}}},"4":{"name":"(anonymous_4)","decl":{"start":{"line":25,"column":19},"end":{"line":25,"column":20}},"loc":{"start":{"line":25,"column":24},"end":{"line":25,"column":37}}},"5":{"name":"(anonymous_5)","decl":{"start":{"line":40,"column":9},"end":{"line":40,"column":19}},"loc":{"start":{"line":40,"column":19},"end":{"line":46,"column":3}}},"6":{"name":"(anonymous_6)","decl":{"start":{"line":48,"column":9},"end":{"line":48,"column":16}},"loc":{"start":{"line":48,"column":16},"end":{"line":50,"column":3}}}},"branchMap":{"0":{"loc":{"start":{"line":18,"column":4},"end":{"line":20,"column":5}},"type":"if","locations":[{"start":{"line":18,"column":4},"end":{"line":20,"column":5}},{"start":{},"end":{}}]},"1":{"loc":{"start":{"line":23,"column":4},"end":{"line":26,"column":5}},"type":"if","locations":[{"start":{"line":23,"column":4},"end":{"line":26,"column":5}},{"start":{},"end":{}}]},"2":{"loc":{"start":{"line":29,"column":4},"end":{"line":33,"column":5}},"type":"if","locations":[{"start":{"line":29,"column":4},"end":{"line":33,"column":5}},{"start":{"line":31,"column":11},"end":{"line":33,"column":5}}]},"3":{"loc":{"start":{"line":41,"column":4},"end":{"line":41,"column":44}},"type":"if","locations":[{"start":{"line":41,"column":4},"end":{"line":41,"column":44}},{"start":{},"end":{}}]}},"s":{"0":0,"1":0,"2":0,"3":0,"4":0,"5":0,"6":0,"7":0,"8":0,"9":0,"10":0,"11":0,"12":0,"13":0,"14":0,"15":0,"16":0,"17":0,"18":0,"19":0,"20":0,"21":0,"22":0,"23":0,"24":0},"f":{"0":0,"1":0,"2":0,"3":0,"4":0,"5":0,"6":0},"b":{"0":[0,0],"1":[0,0],"2":[0,0],"3":[0,0]}}
,"D:\\Software\\Human Os\\Human-OS\\backend\\src\\lib\\logger.ts": {"path":"D:\\Software\\Human Os\\Human-OS\\backend\\src\\lib\\logger.ts","statementMap":{"0":{"start":{"line":51,"column":0},"end":{"line":51,"column":16}},"1":{"start":{"line":13,"column":0},"end":{"line":13,"column":30}},"2":{"start":{"line":14,"column":0},"end":{"line":14,"column":35}},"3":{"start":{"line":15,"column":0},"end":{"line":15,"column":28}},"4":{"start":{"line":17,"column":63},"end":{"line":17,"column":77}},"5":{"start":{"line":20,"column":18},"end":{"line":27,"column":null}},"6":{"start":{"line":25,"column":20},"end":{"line":25,"column":78}},"7":{"start":{"line":26,"column":4},"end":{"line":26,"column":51}},"8":{"start":{"line":31,"column":19},"end":{"line":34,"column":null}},"9":{"start":{"line":37,"column":13},"end":{"line":45,"column":3}},"10":{"start":{"line":52,"column":2},"end":{"line":56,"column":22}}},"fnMap":{"0":{"name":"(anonymous_1)","decl":{"start":{"line":24,"column":9},"end":{"line":24,"column":10}},"loc":{"start":{"line":24,"column":56},"end":{"line":27,"column":3}}},"1":{"name":"hashUserId","decl":{"start":{"line":51,"column":16},"end":{"line":51,"column":26}},"loc":{"start":{"line":51,"column":41},"end":{"line":57,"column":1}}}},"branchMap":{"0":{"loc":{"start":{"line":25,"column":20},"end":{"line":25,"column":78}},"type":"cond-expr","locations":[{"start":{"line":25,"column":47},"end":{"line":25,"column":73}},{"start":{"line":25,"column":76},"end":{"line":25,"column":78}}]},"1":{"loc":{"start":{"line":38,"column":9},"end":{"line":38,"column":54}},"type":"cond-expr","locations":[{"start":{"line":38,"column":38},"end":{"line":38,"column":44}},{"start":{"line":38,"column":47},"end":{"line":38,"column":54}}]},"2":{"loc":{"start":{"line":39,"column":10},"end":{"line":39,"column":61}},"type":"cond-expr","locations":[{"start":{"line":39,"column":39},"end":{"line":39,"column":49}},{"start":{"line":39,"column":52},"end":{"line":39,"column":61}}]}},"s":{"0":0,"1":0,"2":0,"3":0,"4":0,"5":0,"6":0,"7":0,"8":0,"9":0,"10":0},"f":{"0":0,"1":0},"b":{"0":[0,0],"1":[0,0],"2":[0,0]}}
,"D:\\Software\\Human Os\\Human-OS\\backend\\src\\lib\\nvidia.ts": {"path":"D:\\Software\\Human Os\\Human-OS\\backend\\src\\lib\\nvidia.ts","statementMap":{"0":{"start":{"line":186,"column":0},"end":{"line":186,"column":7}},"1":{"start":{"line":270,"column":0},"end":{"line":270,"column":7}},"2":{"start":{"line":325,"column":0},"end":{"line":325,"column":7}},"3":{"start":{"line":376,"column":0},"end":{"line":376,"column":7}},"4":{"start":{"line":10,"column":0},"end":{"line":10,"column":28}},"5":{"start":{"line":11,"column":0},"end":{"line":11,"column":35}},"6":{"start":{"line":12,"column":0},"end":{"line":12,"column":34}},"7":{"start":{"line":14,"column":13},"end":{"line":18,"column":3}},"8":{"start":{"line":20,"column":13},"end":{"line":24,"column":3}},"9":{"start":{"line":27,"column":13},"end":{"line":31,"column":3}},"10":{"start":{"line":34,"column":13},"end":{"line":38,"column":3}},"11":{"start":{"line":44,"column":4},"end":{"line":44,"column":62}},"12":{"start":{"line":45,"column":4},"end":{"line":45,"column":37}},"13":{"start":{"line":42,"column":0},"end":{"line":42,"column":13}},"14":{"start":{"line":49,"column":26},"end":{"line":49,"column":32}},"15":{"start":{"line":57,"column":21},"end":{"line":57,"column":42}},"16":{"start":{"line":58,"column":16},"end":{"line":58,"column":71}},"17":{"start":{"line":58,"column":33},"end":{"line":58,"column":51}},"18":{"start":{"line":60,"column":2},"end":{"line":69,"column":4}},"19":{"start":{"line":61,"column":18},"end":{"line":61,"column":38}},"20":{"start":{"line":61,"column":39},"end":{"line":61,"column":53}},"21":{"start":{"line":63,"column":6},"end":{"line":63,"column":26}},"22":{"start":{"line":64,"column":6},"end":{"line":66,"column":7}},"23":{"start":{"line":65,"column":8},"end":{"line":65,"column":56}},"24":{"start":{"line":67,"column":6},"end":{"line":67,"column":16}},"25":{"start":{"line":77,"column":13},"end":{"line":77,"column":61}},"26":{"start":{"line":98,"column":24},"end":{"line":98,"column":78}},"27":{"start":{"line":98,"column":43},"end":{"line":98,"column":62}},"28":{"start":{"line":99,"column":22},"end":{"line":99,"column":74}},"29":{"start":{"line":99,"column":41},"end":{"line":99,"column":58}},"30":{"start":{"line":100,"column":19},"end":{"line":100,"column":69}},"31":{"start":{"line":103,"column":2},"end":{"line":112,"column":3}},"32":{"start":{"line":104,"column":20},"end":{"line":104,"column":68}},"33":{"start":{"line":105,"column":19},"end":{"line":105,"column":46}},"34":{"start":{"line":106,"column":4},"end":{"line":111,"column":7}},"35":{"start":{"line":115,"column":2},"end":{"line":124,"column":3}},"36":{"start":{"line":116,"column":20},"end":{"line":116,"column":68}},"37":{"start":{"line":117,"column":20},"end":{"line":117,"column":47}},"38":{"start":{"line":118,"column":4},"end":{"line":123,"column":7}},"39":{"start":{"line":127,"column":2},"end":{"line":142,"column":3}},"40":{"start":{"line":128,"column":22},"end":{"line":128,"column":55}},"41":{"start":{"line":129,"column":4},"end":{"line":137,"column":5}},"42":{"start":{"line":130,"column":6},"end":{"line":136,"column":20}},"43":{"start":{"line":131,"column":23},"end":{"line":131,"column":47}},"44":{"start":{"line":132,"column":8},"end":{"line":135,"column":11}},"45":{"start":{"line":138,"column":4},"end":{"line":141,"column":7}},"46":{"start":{"line":145,"column":2},"end":{"line":167,"column":3}},"47":{"start":{"line":146,"column":4},"end":{"line":148,"column":5}},"48":{"start":{"line":147,"column":6},"end":{"line":147,"column":60}},"49":{"start":{"line":149,"column":4},"end":{"line":151,"column":5}},"50":{"start":{"line":150,"column":6},"end":{"line":150,"column":32}},"51":{"start":{"line":152,"column":4},"end":{"line":165,"column":5}},"52":{"start":{"line":153,"column":6},"end":{"line":164,"column":9}},"53":{"start":{"line":166,"column":4},"end":{"line":166,"column":16}},"54":{"start":{"line":170,"column":2},"end":{"line":172,"column":3}},"55":{"start":{"line":171,"column":4},"end":{"line":171,"column":73}},"56":{"start":{"line":174,"column":2},"end":{"line":174,"column":66}},"57":{"start":{"line":190,"column":23},"end":{"line":196,"column":4}},"58":{"start":{"line":199,"column":2},"end":{"line":201,"column":3}},"59":{"start":{"line":200,"column":4},"end":{"line":200,"column":58}},"60":{"start":{"line":202,"column":2},"end":{"line":202,"column":99}},"61":{"start":{"line":202,"column":47},"end":{"line":202,"column":99}},"62":{"start":{"line":203,"column":2},"end":{"line":203,"column":82}},"63":{"start":{"line":203,"column":32},"end":{"line":203,"column":82}},"64":{"start":{"line":204,"column":2},"end":{"line":207,"column":3}},"65":{"start":{"line":205,"column":4},"end":{"line":205,"column":34}},"66":{"start":{"line":206,"column":4},"end":{"line":206,"column":71}},"67":{"start":{"line":206,"column":29},"end":{"line":206,"column":71}},"68":{"start":{"line":209,"column":2},"end":{"line":263,"column":3}},"69":{"start":{"line":211,"column":4},"end":{"line":242,"column":5}},"70":{"start":{"line":212,"column":23},"end":{"line":213,"column":null}},"71":{"start":{"line":213,"column":8},"end":{"line":213,"column":65}},"72":{"start":{"line":215,"column":22},"end":{"line":215,"column":50}},"73":{"start":{"line":216,"column":6},"end":{"line":218,"column":7}},"74":{"start":{"line":217,"column":8},"end":{"line":217,"column":66}},"75":{"start":{"line":219,"column":6},"end":{"line":219,"column":86}},"76":{"start":{"line":219,"column":29},"end":{"line":219,"column":86}},"77":{"start":{"line":220,"column":6},"end":{"line":220,"column":29}},"78":{"start":{"line":222,"column":6},"end":{"line":240,"column":7}},"79":{"start":{"line":223,"column":8},"end":{"line":223,"column":120}},"80":{"start":{"line":226,"column":8},"end":{"line":229,"column":9}},"81":{"start":{"line":227,"column":10},"end":{"line":227,"column":43}},"82":{"start":{"line":228,"column":10},"end":{"line":228,"column":108}},"83":{"start":{"line":231,"column":34},"end":{"line":232,"column":null}},"84":{"start":{"line":232,"column":10},"end":{"line":232,"column":76}},"85":{"start":{"line":234,"column":27},"end":{"line":234,"column":64}},"86":{"start":{"line":235,"column":8},"end":{"line":237,"column":9}},"87":{"start":{"line":236,"column":10},"end":{"line":236,"column":71}},"88":{"start":{"line":238,"column":8},"end":{"line":238,"column":91}},"89":{"start":{"line":238,"column":34},"end":{"line":238,"column":91}},"90":{"start":{"line":239,"column":8},"end":{"line":239,"column":34}},"91":{"start":{"line":241,"column":6},"end":{"line":241,"column":23}},"92":{"start":{"line":244,"column":18},"end":{"line":244,"column":56}},"93":{"start":{"line":246,"column":4},"end":{"line":253,"column":5}},"94":{"start":{"line":248,"column":6},"end":{"line":251,"column":9}},"95":{"start":{"line":252,"column":6},"end":{"line":252,"column":48}},"96":{"start":{"line":257,"column":4},"end":{"line":261,"column":7}},"97":{"start":{"line":262,"column":4},"end":{"line":262,"column":14}},"98":{"start":{"line":274,"column":23},"end":{"line":280,"column":4}},"99":{"start":{"line":282,"column":2},"end":{"line":282,"column":102}},"100":{"start":{"line":282,"column":48},"end":{"line":282,"column":102}},"101":{"start":{"line":283,"column":2},"end":{"line":283,"column":99}},"102":{"start":{"line":283,"column":47},"end":{"line":283,"column":99}},"103":{"start":{"line":284,"column":2},"end":{"line":284,"column":82}},"104":{"start":{"line":284,"column":32},"end":{"line":284,"column":82}},"105":{"start":{"line":285,"column":2},"end":{"line":288,"column":3}},"106":{"start":{"line":286,"column":4},"end":{"line":286,"column":34}},"107":{"start":{"line":287,"column":4},"end":{"line":287,"column":71}},"108":{"start":{"line":287,"column":29},"end":{"line":287,"column":71}},"109":{"start":{"line":290,"column":2},"end":{"line":317,"column":3}},"110":{"start":{"line":291,"column":21},"end":{"line":292,"column":null}},"111":{"start":{"line":292,"column":6},"end":{"line":292,"column":72}},"112":{"start":{"line":294,"column":20},"end":{"line":294,"column":48}},"113":{"start":{"line":295,"column":4},"end":{"line":297,"column":5}},"114":{"start":{"line":296,"column":6},"end":{"line":296,"column":64}},"115":{"start":{"line":298,"column":4},"end":{"line":300,"column":5}},"116":{"start":{"line":299,"column":6},"end":{"line":299,"column":74}},"117":{"start":{"line":301,"column":4},"end":{"line":301,"column":27}},"118":{"start":{"line":303,"column":18},"end":{"line":303,"column":56}},"119":{"start":{"line":304,"column":4},"end":{"line":310,"column":5}},"120":{"start":{"line":305,"column":6},"end":{"line":308,"column":9}},"121":{"start":{"line":309,"column":6},"end":{"line":309,"column":48}},"122":{"start":{"line":311,"column":4},"end":{"line":315,"column":7}},"123":{"start":{"line":316,"column":4},"end":{"line":316,"column":14}},"124":{"start":{"line":329,"column":23},"end":{"line":335,"column":4}},"125":{"start":{"line":337,"column":2},"end":{"line":337,"column":102}},"126":{"start":{"line":337,"column":48},"end":{"line":337,"column":102}},"127":{"start":{"line":338,"column":2},"end":{"line":338,"column":99}},"128":{"start":{"line":338,"column":47},"end":{"line":338,"column":99}},"129":{"start":{"line":339,"column":2},"end":{"line":339,"column":82}},"130":{"start":{"line":339,"column":32},"end":{"line":339,"column":82}},"131":{"start":{"line":341,"column":2},"end":{"line":369,"column":3}},"132":{"start":{"line":342,"column":21},"end":{"line":343,"column":null}},"133":{"start":{"line":343,"column":6},"end":{"line":343,"column":71}},"134":{"start":{"line":345,"column":20},"end":{"line":345,"column":48}},"135":{"start":{"line":346,"column":4},"end":{"line":348,"column":5}},"136":{"start":{"line":347,"column":6},"end":{"line":347,"column":72}},"137":{"start":{"line":349,"column":4},"end":{"line":349,"column":27}},"138":{"start":{"line":352,"column":4},"end":{"line":352,"column":97}},"139":{"start":{"line":353,"column":4},"end":{"line":368,"column":5}},"140":{"start":{"line":354,"column":23},"end":{"line":355,"column":null}},"141":{"start":{"line":355,"column":8},"end":{"line":355,"column":74}},"142":{"start":{"line":357,"column":22},"end":{"line":357,"column":50}},"143":{"start":{"line":358,"column":6},"end":{"line":358,"column":83}},"144":{"start":{"line":358,"column":29},"end":{"line":358,"column":83}},"145":{"start":{"line":359,"column":6},"end":{"line":359,"column":29}},"146":{"start":{"line":361,"column":20},"end":{"line":361,"column":58}},"147":{"start":{"line":362,"column":6},"end":{"line":365,"column":7}},"148":{"start":{"line":363,"column":8},"end":{"line":363,"column":115}},"149":{"start":{"line":364,"column":8},"end":{"line":364,"column":50}},"150":{"start":{"line":366,"column":6},"end":{"line":366,"column":97}},"151":{"start":{"line":367,"column":6},"end":{"line":367,"column":24}},"152":{"start":{"line":380,"column":23},"end":{"line":386,"column":4}},"153":{"start":{"line":388,"column":2},"end":{"line":388,"column":102}},"154":{"start":{"line":388,"column":48},"end":{"line":388,"column":102}},"155":{"start":{"line":389,"column":2},"end":{"line":389,"column":99}},"156":{"start":{"line":389,"column":47},"end":{"line":389,"column":99}},"157":{"start":{"line":390,"column":2},"end":{"line":393,"column":3}},"158":{"start":{"line":391,"column":4},"end":{"line":391,"column":34}},"159":{"start":{"line":392,"column":4},"end":{"line":392,"column":71}},"160":{"start":{"line":392,"column":29},"end":{"line":392,"column":71}},"161":{"start":{"line":397,"column":21},"end":{"line":397,"column":42}},"162":{"start":{"line":398,"column":24},"end":{"line":398,"column":79}},"163":{"start":{"line":398,"column":41},"end":{"line":39
[...]
ine":206,"column":51}},"loc":{"start":{"line":207,"column":8},"end":{"line":207,"column":102}}},"6":{"name":"(anonymous_6)","decl":{"start":{"line":207,"column":26},"end":{"line":207,"column":27}},"loc":{"start":{"line":207,"column":31},"end":{"line":207,"column":101}}},"7":{"name":"(anonymous_7)","decl":{"start":{"line":209,"column":46},"end":{"line":209,"column":48}},"loc":{"start":{"line":209,"column":52},"end":{"line":209,"column":77}}},"8":{"name":"(anonymous_8)","decl":{"start":{"line":247,"column":39},"end":{"line":247,"column":40}},"loc":{"start":{"line":247,"column":44},"end":{"line":247,"column":82}}},"9":{"name":"(anonymous_9)","decl":{"start":{"line":248,"column":37},"end":{"line":248,"column":38}},"loc":{"start":{"line":248,"column":42},"end":{"line":248,"column":81}}},"10":{"name":"(anonymous_10)","decl":{"start":{"line":250,"column":27},"end":{"line":250,"column":28}},"loc":{"start":{"line":250,"column":43},"end":{"line":255,"column":7}}}},"branchMap":{"0":{"loc":{"start":{"line":22,"column":6},"end":{"line":22,"column":29}},"type":"if","locations":[{"start":{"line":22,"column":6},"end":{"line":22,"column":29}},{"start":{},"end":{}}]},"1":{"loc":{"start":{"line":24,"column":28},"end":{"line":24,"column":38}},"type":"binary-expr","locations":[{"start":{"line":24,"column":28},"end":{"line":24,"column":32}},{"start":{"line":24,"column":36},"end":{"line":24,"column":38}}]},"2":{"loc":{"start":{"line":29,"column":82},"end":{"line":29,"column":130}},"type":"cond-expr","locations":[{"start":{"line":29,"column":105},"end":{"line":29,"column":116}},{"start":{"line":29,"column":119},"end":{"line":29,"column":130}}]},"3":{"loc":{"start":{"line":39,"column":4},"end":{"line":44,"column":5}},"type":"if","locations":[{"start":{"line":39,"column":4},"end":{"line":44,"column":5}},{"start":{},"end":{}}]},"4":{"loc":{"start":{"line":40,"column":6},"end":{"line":41,"column":34}},"type":"binary-expr","locations":[{"start":{"line":40,"column":6},"end":{"line":40,"column":72}},{"start":{"line":41,"column":6},"end":{"line":41,"column":34}}]},"5":{"loc":{"start":{"line":62,"column":4},"end":{"line":62,"column":52}},"type":"default-arg","locations":[{"start":{"line":62,"column":46},"end":{"line":62,"column":52}}]},"6":{"loc":{"start":{"line":64,"column":4},"end":{"line":64,"column":54}},"type":"default-arg","locations":[{"start":{"line":64,"column":42},"end":{"line":64,"column":54}}]},"7":{"loc":{"start":{"line":71,"column":4},"end":{"line":73,"column":5}},"type":"if","locations":[{"start":{"line":71,"column":4},"end":{"line":73,"column":5}},{"start":{},"end":{}}]},"8":{"loc":{"start":{"line":71,"column":8},"end":{"line":71,"column":58}},"type":"binary-expr","locations":[{"start":{"line":71,"column":8},"end":{"line":71,"column":22}},{"start":{"line":71,"column":26},"end":{"line":71,"column":58}}]},"9":{"loc":{"start":{"line":75,"column":4},"end":{"line":108,"column":5}},"type":"if","locations":[{"start":{"line":75,"column":4},"end":{"line":108,"column":5}},{"start":{"line":80,"column":11},"end":{"line":108,"column":5}}]},"10":{"loc":{"start":{"line":178,"column":4},"end":{"line":183,"column":5}},"type":"if","locations":[{"start":{"line":178,"column":4},"end":{"line":183,"column":5}},{"start":{},"end":{}}]},"11":{"loc":{"start":{"line":187,"column":4},"end":{"line":189,"column":5}},"type":"if","locations":[{"start":{"line":187,"column":4},"end":{"line":189,"column":5}},{"start":{},"end":{}}]},"12":{"loc":{"start":{"line":190,"column":4},"end":{"line":192,"column":5}},"type":"if","locations":[{"start":{"line":190,"column":4},"end":{"line":192,"column":5}},{"start":{},"end":{}}]},"13":{"loc":{"start":{"line":197,"column":4},"end":{"line":200,"column":5}},"type":"if","locations":[{"start":{"line":197,"column":4},"end":{"line":200,"column":5}},{"start":{},"end":{}}]},"14":{"loc":{"start":{"line":197,"column":8},"end":{"line":197,"column":80}},"type":"binary-expr","locations":[{"start":{"line":197,"column":8},"end":{"line":197,"column":33}},{"start":{"line":197,"column":37},"end":{"line":197,"column":80}}]},"15":{"loc":{"start":{"line":203,"column":4},"end":{"line":225,"column":5}},"type":"if","locations":[{"start":{"line":203,"column":4},"end":{"line":225,"column":5}},{"start":{},"end":{}}]},"16":{"loc":{"start":{"line":203,"column":8},"end":{"line":203,"column":53}},"type":"binary-expr","locations":[{"start":{"line":203,"column":8},"end":{"line":203,"column":23}},{"start":{"line":203,"column":27},"end":{"line":203,"column":53}}]},"17":{"loc":{"start":{"line":207,"column":31},"end":{"line":207,"column":101}},"type":"binary-expr","locations":[{"start":{"line":207,"column":31},"end":{"line":207,"column":63}},{"start":{"line":207,"column":67},"end":{"line":207,"column":101}}]},"18":{"loc":{"start":{"line":211,"column":6},"end":{"line":217,"column":7}},"type":"if","locations":[{"start":{"line":211,"column":6},"end":{"line":217,"column":7}},{"start":{},"end":{}}]},"19":{"loc":{"start":{"line":219,"column":6},"end":{"line":224,"column":7}},"type":"if","locations":[{"start":{"line":219,"column":6},"end":{"line":224,"column":7}},{"start":{},"end":{}}]},"20":{"loc":{"start":{"line":228,"column":4},"end":{"line":235,"column":5}},"type":"if","locations":[{"start":{"line":228,"column":4},"end":{"line":235,"column":5}},{"start":{},"end":{}}]},"21":{"loc":{"start":{"line":228,"column":8},"end":{"line":228,"column":57}},"type":"binary-expr","locations":[{"start":{"line":228,"column":8},"end":{"line":228,"column":25}},{"start":{"line":228,"column":29},"end":{"line":228,"column":57}}]},"22":{"loc":{"start":{"line":231,"column":31},"end":{"line":231,"column":78}},"type":"cond-expr","locations":[{"start":{"line":231,"column":45},"end":{"line":231,"column":73}},{"start":{"line":231,"column":76},"end":{"line":231,"column":78}}]},"23":{"loc":{"start":{"line":232,"column":28},"end":{"line":232,"column":80}},"type":"cond-expr","locations":[{"start":{"line":232,"column":44},"end":{"line":232,"column":75}},{"start":{"line":232,"column":78},"end":{"line":232,"column":80}}]},"24":{"loc":{"start":{"line":239,"column":4},"end":{"line":271,"column":5}},"type":"if","locations":[{"start":{"line":239,"column":4},"end":{"line":271,"column":5}},{"start":{"line":241,"column":11},"end":{"line":271,"column":5}}]},"25":{"loc":{"start":{"line":239,"column":8},"end":{"line":239,"column":42}},"type":"binary-expr","locations":[{"start":{"line":239,"column":8},"end":{"line":239,"column":17}},{"start":{"line":239,"column":21},"end":{"line":239,"column":42}}]},"26":{"loc":{"start":{"line":251,"column":22},"end":{"line":251,"column":61}},"type":"binary-expr","locations":[{"start":{"line":251,"column":22},"end":{"line":251,"column":31}},{"start":{"line":251,"column":36},"end":{"line":251,"column":55}},{"start":{"line":251,"column":59},"end":{"line":251,"column":61}}]},"27":{"loc":{"start":{"line":252,"column":21},"end":{"line":252,"column":44}},"type":"cond-expr","locations":[{"start":{"line":252,"column":28},"end":{"line":252,"column":39}},{"start":{"line":252,"column":42},"end":{"line":252,"column":44}}]},"28":{"loc":{"start":{"line":253,"column":27},"end":{"line":253,"column":75}},"type":"cond-expr","locations":[{"start":{"line":253,"column":56},"end":{"line":253,"column":70}},{"start":{"line":253,"column":73},"end":{"line":253,"column":75}}]},"29":{"loc":{"start":{"line":253,"column":28},"end":{"line":253,"column":47}},"type":"binary-expr","locations":[{"start":{"line":253,"column":28},"end":{"line":253,"column":42}},{"start":{"line":253,"column":46},"end":{"line":253,"column":47}}]},"30":{"loc":{"start":{"line":257,"column":6},"end":{"line":263,"column":7}},"type":"if","locations":[{"start":{"line":257,"column":6},"end":{"line":263,"column":7}},{"start":{},"end":{}}]},"31":{"loc":{"start":{"line":265,"column":6},"end":{"line":270,"column":7}},"type":"if","locations":[{"start":{"line":265,"column":6},"end":{"line":270,"column":7}},{"start":{},"end":{}}]},"32":{"loc":{"start":{"line":266,"column":8},"end":{"line":266,"column":80}},"type":"if","locations":[{"start":{"line":266,"column":8},"end":{"line":266,"column":80}},{"start":{},"end":{}}]},"33":{"loc":{"start":{"line":313,"column":4},"end":{"line":317,"column":5}},"type":"if","locations":[{"start":{"line":313,"column":4},"end":{"line":317,"column":5}},{"start":{"line":315,"column":11},"end":{"line":317,"column":5}}]},"34":{"loc":{"start":{"line":315,"column":11},"end":{"line":317,"column":5}},"type":"if","locations":[{"start":{"line":315,"column":11},"end":{"line":317,"column":5}},{"start":{},"end":{}}]},"35":{"loc":{"start":{"line":319,"column":4},"end":{"line":372,"column":5}},"type":"if","locations":[{"start":{"line":319,"column":4},"end":{"line":372,"column":5}},{"start":{"line":330,"column":11},"end":{"line":372,"column":5}}]}},"s":{"0":0,"1":0,"2":0,"3":0,"4":0,"5":0,"6":0,"7":0,"8":0,"9":0,"10":0,"11":0,"12":0,"13":0,"14":0,"15":0,"16":0,"17":0,"18":0,"19":0,"20":0,"21":0,"22":0,"23":0,"24":0,"25":0,"26":0,"27":0,"28":0,"29":0,"30":0,"31":0,"32":0,"33":0,"34":0,"35":0,"36":0,"37":0,"38":0,"39":0,"40":0,"41":0,"42":0,"43":0,"44":0,"45":0,"46":0,"47":0,"48":0,"49":0,"50":0,"51":0,"52":0,"53":0,"54":0,"55":0,"56":0,"57":0,"58":0,"59":0,"60":0,"61":0,"62":0,"63":0,"64":0,"65":0,"66":0,"67":0,"68":0,"69":0,"70":0,"71":0,"72":0,"73":0,"74":0,"75":0,"76":0,"77":0,"78":0,"79":0,"80":0,"81":0,"82":0,"83":0,"84":0,"85":0,"86":0,"87":0,"88":0,"89":0,"90":0,"91":0},"f":{"0":0,"1":0,"2":0,"3":0,"4":0,"5":0,"6":0,"7":0,"8":0,"9":0,"10":0},"b":{"0":[0,0],"1":[0,0],"2":[0,0],"3":[0,0],"4":[0,0],"5":[0],"6":[0],"7":[0,0],"8":[0,0],"9":[0,0],"10":[0,0],"11":[0,0],"12":[0,0],"13":[0,0],"14":[0,0],"15":[0,0],"16":[0,0],"17":[0,0],"18":[0,0],"19":[0,0],"20":[0,0],"21":[0,0],"22":[0,0],"23":[0,0],"24":[0,0],"25":[0,0],"26":[0,0,0],"27":[0,0],"28":[0,0],"29":[0,0],"30":[0,0],"31":[0,0],"32":[0,0],"33":[0,0],"34":[0,0],"35":[0,0]}}
,"D:\\Software\\Human Os\\Human-OS\\backend\\src\\services\\reminderService.ts": {"path":"D:\\Software\\Human Os\\Human-OS\\backend\\src\\services\\reminderService.ts","statementMap":{"0":{"start":{"line":1,"column":0},"end":{"line":1,"column":48}},"1":{"start":{"line":2,"column":0},"end":{"line":2,"column":39}},"2":{"start":{"line":24,"column":16},"end":{"line":24,"column":40}},"3":{"start":{"line":25,"column":28},"end":{"line":34,"column":19}},"4":{"start":{"line":36,"column":4},"end":{"line":39,"column":5}},"5":{"start":{"line":37,"column":6},"end":{"line":37,"column":81}},"6":{"start":{"line":38,"column":6},"end":{"line":38,"column":16}},"7":{"start":{"line":41,"column":4},"end":{"line":41,"column":22}},"8":{"start":{"line":22,"column":0},"end":{"line":22,"column":13}},"9":{"start":{"line":45,"column":13},"end":{"line":45,"column":53}}},"fnMap":{"0":{"name":"(anonymous_0)","decl":{"start":{"line":23,"column":2},"end":{"line":23,"column":7}},"loc":{"start":{"line":23,"column":63},"end":{"line":42,"column":3}}}},"branchMap":{"0":{"loc":{"start":{"line":23,"column":45},"end":{"line":23,"column":63}},"type":"default-arg","locations":[{"start":{"line":23,"column":61},"end":{"line":23,"column":63}}]},"1":{"loc":{"start":{"line":36,"column":4},"end":{"line":39,"column":5}},"type":"if","locations":[{"start":{"line":36,"column":4},"end":{"line":39,"column":5}},{"start":{},"end":{}}]},"2":{"loc":{"start":{"line":41,"column":11},"end":{"line":41,"column":21}},"type":"binary-expr","locations":[{"start":{"line":41,"column":11},"end":{"line":41,"column":15}},{"start":{"line":41,"column":19},"end":{"line":41,"column":21}}]}},"s":{"0":0,"1":0,"2":0,"3":0,"4":0,"5":0,"6":0,"7":0,"8":0,"9":0},"f":{"0":0},"b":{"0":[0],"1":[0,0],"2":[0,0]}}
,"D:\\Software\\Human Os\\Human-OS\\backend\\src\\types\\errors.ts": {"path":"D:\\Software\\Human Os\\Human-OS\\backend\\src\\types\\errors.ts","statementMap":{"0":{"start":{"line":14,"column":4},"end":{"line":14,"column":19}},"1":{"start":{"line":15,"column":4},"end":{"line":15,"column":27}},"2":{"start":{"line":16,"column":4},"end":{"line":16,"column":33}},"3":{"start":{"line":17,"column":4},"end":{"line":17,"column":21}},"4":{"start":{"line":18,"column":4},"end":{"line":18,"column":30}},"5":{"start":{"line":21,"column":4},"end":{"line":21,"column":52}},"6":{"start":{"line":8,"column":0},"end":{"line":8,"column":13}},"7":{"start":{"line":27,"column":4},"end":{"line":27,"column":44}},"8":{"start":{"line":28,"column":4},"end":{"line":28,"column":34}},"9":{"start":{"line":25,"column":0},"end":{"line":25,"column":13}},"10":{"start":{"line":34,"column":4},"end":{"line":34,"column":53}},"11":{"start":{"line":35,"column":4},"end":{"line":35,"column":32}},"12":{"start":{"line":32,"column":0},"end":{"line":32,"column":13}},"13":{"start":{"line":41,"column":4},"end":{"line":41,"column":40}},"14":{"start":{"line":42,"column":4},"end":{"line":42,"column":36}},"15":{"start":{"line":39,"column":0},"end":{"line":39,"column":13}},"16":{"start":{"line":48,"column":4},"end":{"line":48,"column":92}},"17":{"start":{"line":49,"column":4},"end":{"line":49,"column":39}},"18":{"start":{"line":46,"column":0},"end":{"line":46,"column":13}},"19":{"start":{"line":55,"column":4},"end":{"line":55,"column":86}},"20":{"start":{"line":56,"column":4},"end":{"line":56,"column":33}},"21":{"start":{"line":53,"column":0},"end":{"line":53,"column":13}}},"fnMap":{"0":{"name":"(anonymous_0)","decl":{"start":{"line":13,"column":2},"end":{"line":13,"column":14}},"loc":{"start":{"line":13,"column":63},"end":{"line":22,"column":3}}},"1":{"name":"(anonymous_1)","decl":{"start":{"line":26,"column":2},"end":{"line":26,"column":14}},"loc":{"start":{"line":26,"column":29},"end":{"line":29,"column":3}}},"2":{"name":"(anonymous_2)","decl":{"start":{"line":33,"column":2},"end":{"line":33,"column":14}},"loc":{"start":{"line":33,"column":30},"end":{"line":36,"column":3}}},"3":{"name":"(anonymous_3)","decl":{"start":{"line":40,"column":2},"end":{"line":40,"column":14}},"loc":{"start":{"line":40,"column":38},"end":{"line":43,"column":3}}},"4":{"name":"(anonymous_4)","decl":{"start":{"line":47,"column":2},"end":{"line":47,"column":14}},"loc":{"start":{"line":47,"column":46},"end":{"line":50,"column":3}}},"5":{"name":"(anonymous_5)","decl":{"start":{"line":54,"column":2},"end":{"line":54,"column":null}},"loc":{"start":{"line":54,"column":2},"end":{"line":57,"column":3}}}},"branchMap":{"0":{"loc":{"start":{"line":40,"column":14},"end":{"line":40,"column":38}},"type":"default-arg","locations":[{"start":{"line":40,"column":24},"end":{"line":40,"column":38}}]}},"s":{"0":0,"1":0,"2":0,"3":0,"4":0,"5":0,"6":0,"7":0,"8":0,"9":0,"10":0,"11":0,"12":0,"13":0,"14":0,"15":0,"16":0,"17":0,"18":0,"19":0,"20":0,"21":0},"f":{"0":0,"1":0,"2":0,"3":0,"4":0,"5":0},"b":{"0":[0]}}
,"D:\\Software\\Human Os\\Human-OS\\backend\\src\\utils\\nlp.ts": {"path":"D:\\Software\\Human Os\\Human-OS\\backend\\src\\utils\\nlp.ts","statementMap":{"0":{"start":{"line":16,"column":0},"end":{"line":16,"column":16}},"1":{"start":{"line":1,"column":13},"end":{"line":14,"column":3}},"2":{"start":{"line":17,"column":16},"end":{"line":21,"column":51}},"3":{"start":{"line":21,"column":17},"end":{"line":21,"column":50}},"4":{"start":{"line":22,"column":2},"end":{"line":22,"column":36}}},"fnMap":{"0":{"name":"extractKeywords","decl":{"start":{"line":16,"column":16},"end":{"line":16,"column":31}},"loc":{"start":{"line":16,"column":51},"end":{"line":23,"column":1}}},"1":{"name":"(anonymous_1)","decl":{"start":{"line":21,"column":12},"end":{"line":21,"column":13}},"loc":{"start":{"line":21,"column":17},"end":{"line":21,"column":50}}}},"branchMap":{"0":{"loc":{"start":{"line":21,"column":17},"end":{"line":21,"column":50}},"type":"binary-expr","locations":[{"start":{"line":21,"column":17},"end":{"line":21,"column":29}},{"start":{"line":21,"column":33},"end":{"line":21,"column":50}}]}},"s":{"0":0,"1":0,"2":0,"3":0,"4":0},"f":{"0":0,"1":0},"b":{"0":[0,0]}}
,"D:\\Software\\Human Os\\Human-OS\\backend\\src\\workers\\queueWorker.ts": {"path":"D:\\Software\\Human Os\\Human-OS\\backend\\src\\workers\\queueWorker.ts","statementMap":{"0":{"start":{"line":12,"column":0},"end":{"line":12,"column":16}},"1":{"start":{"line":1,"column":0},"end":{"line":1,"column":72}},"2":{"start":{"line":2,"column":0},"end":{"line":2,"column":56}},"3":{"start":{"line":3,"column":0},"end":{"line":3,"column":66}},"4":{"start":{"line":4,"column":0},"end":{"line":4,"column":56}},"5":{"start":{"line":5,"column":0},"end":{"line":5,"column":44}},"6":{"start":{"line":6,"column":0},"end":{"line":6,"column":58}},"7":{"start":{"line":7,"column":0},"end":{"line":7,"column":58}},"8":{"start":{"line":8,"column":0},"end":{"line":8,"column":60}},"9":{"start":{"line":9,"column":0},"end":{"line":9,"column":70}},"10":{"start":{"line":10,"column":0},"end":{"line":10,"column":39}},"11":{"start":{"line":13,"column":2},"end":{"line":13,"column":54}},"12":{"start":{"line":15,"column":2},"end":{"line":48,"column":5}},"13":{"start":{"line":23,"column":4},"end":{"line":47,"column":5}},"14":{"start":{"line":25,"column":8},"end":{"line":25,"column":44}},"15":{"start":{"line":26,"column":8},"end":{"line":26,"column":14}},"16":{"start":{"line":28,"column":8},"end":{"line":28,"column":49}},"17":{"start":{"line":29,"column":8},"end":{"line":29,"column":14}},"18":{"start":{"line":31,"column":8},"end":{"line":31,"column":44}},"19":{"start":{"line":32,"column":8},"end":{"line":32,"column":14}},"20":{"start":{"line":34,"column":8},"end":{"line":34,"column":38}},"21":{"start":{"line":35,"column":8},"end":{"line":35,"column":14}},"22":{"start":{"line":37,"column":8},"end":{"line":37,"column":45}},"23":{"start":{"line":38,"column":8},"end":{"line":38,"column":14}},"24":{"start":{"line":40,"column":8},"end":{"line":40,"column":45}},"25":{"start":{"line":41,"column":8},"end":{"line":41,"column":14}},"26":{"start":{"line":43,"column":8},"end":{"line":43,"column":51}},"27":{"start":{"line":44,"column":8},"end":{"line":44,"column":14}},"28":{"start":{"line":46,"column":8},"end":{"line":46,"column":66}},"29":{"start":{"line":50,"column":2},"end":{"line":58,"column":5}},"30":{"start":{"line":51,"column":4},"end":{"line":57,"column":5}},"31":{"start":{"line":53,"column":8},"end":{"line":53,"column":46}},"32":{"start":{"line":54,"column":8},"end":{"line":54,"column":14}},"33":{"start":{"line":56,"column":8},"end":{"line":56,"column":68}}},"fnMap":{"0":{"name":"startWorkers","decl":{"start":{"line":12,"column":16},"end":{"line":12,"column":28}},"loc":{"start":{"line":12,"column":28},"end":{"line":59,"column":1}}},"1":{"name":"(anonymous_1)","decl":{"start":{"line":15,"column":22},"end":{"line":15,"column":27}},"loc":{"start":{"line":15,"column":36},"end":{"line":48,"column":3}}},"2":{"name":"(anonymous_2)","decl":{"start":{"line":50,"column":26},"end":{"line":50,"column":31}},"loc":{"start":{"line":50,"column":40},"end":{"line":58,"column":3}}}},"branchMap":{"0":{"loc":{"start":{"line":23,"column":4},"end":{"line":47,"column":5}},"type":"switch","locations":[{"start":{"line":24,"column":6},"end":{"line":26,"column":14}},{"start":{"line":27,"column":6},"end":{"line":29,"column":14}},{"start":{"line":30,"column":6},"end":{"line":32,"column":14}},{"start":{"line":33,"column":6},"end":{"line":35,"column":14}},{"start":{"line":36,"column":6},"end":{"line":38,"column":14}},{"start":{"line":39,"column":6},"end":{"line":41,"column":14}},{"start":{"line":42,"column":6},"end":{"line":44,"column":14}},{"start":{"line":45,"column":6},"end":{"line":46,"column":66}}]},"1":{"loc":{"start":{"line":51,"column":4},"end":{"line":57,"column":5}},"type":"switch","locations":[{"start":{"line":52,"column":6},"end":{"line":54,"column":14}},{"start":{"line":55,"column":6},"end":{"line":56,"column":68}}]}},"s":{"0":0,"1":0,"2":0,"3":0,"4":0,"5":0,"6":0,"7":0,"8":0,"9":0,"10":0,"11":0,"12":0,"13":0,"14":0,"15":0,"16":0,"17":0,"18":0,"19":0,"20":0,"21":0,"22":0,"23":0,"24":0,"25":0,"26":0,"27":0,"28":0,"29":0,"30":0,"31":0,"32":0,"33":0},"f":{"0":0,"1":0,"2":0},"b":{"0":[0,0,0,0,0,0,0,0],"1":[0,0]}}
}
