{"D:\\Software\\Human Os\\Human-OS\\backend\\src\\app.ts": {"path":"D:\\Software\\Human Os\\Human-OS\\backend\\src\\app.ts","statementMap":{"0":{"start":{"line":38,"column":0},"end":{"line":38,"column":16}},"1":{"start":{"line":8,"column":0},"end":{"line":8,"column":30}},"2":{"start":{"line":9,"column":0},"end":{"line":9,"column":24}},"3":{"start":{"line":10,"column":0},"end":{"line":10,"column":28}},"4":{"start":{"line":11,"column":0},"end":{"line":11,"column":43}},"5":{"start":{"line":13,"column":0},"end":{"line":13,"column":34}},"6":{"start":{"line":14,"column":0},"end":{"line":14,"column":59}},"7":{"start":{"line":15,"column":0},"end":{"line":15,"column":57}},"8":{"start":{"line":16,"column":0},"end":{"line":16,"column":47}},"9":{"start":{"line":17,"column":0},"end":{"line":17,"column":43}},"10":{"start":{"line":18,"column":0},"end":{"line":18,"column":57}},"11":{"start":{"line":19,"column":0},"end":{"line":19,"column":43}},"12":{"start":{"line":20,"column":0},"end":{"line":20,"column":55}},"13":{"start":{"line":21,"column":0},"end":{"line":21,"column":57}},"14":{"start":{"line":22,"column":0},"end":{"line":22,"column":45}},"15":{"start":{"line":23,"column":0},"end":{"line":23,"column":49}},"16":{"start":{"line":24,"column":0},"end":{"line":24,"column":53}},"17":{"start":{"line":25,"column":0},"end":{"line":25,"column":49}},"18":{"start":{"line":26,"column":0},"end":{"line":26,"column":53}},"19":{"start":{"line":27,"column":0},"end":{"line":27,"column":67}},"20":{"start":{"line":28,"column":0},"end":{"line":28,"column":51}},"21":{"start":{"line":29,"column":0},"end":{"line":29,"column":53}},"22":{"start":{"line":30,"column":0},"end":{"line":30,"column":47}},"23":{"start":{"line":31,"column":0},"end":{"line":31,"column":61}},"24":{"start":{"line":32,"column":0},"end":{"line":32,"column":47}},"25":{"start":{"line":33,"column":0},"end":{"line":33,"column":67}},"26":{"start":{"line":34,"column":0},"end":{"line":34,"column":62}},"27":{"start":{"line":35,"column":0},"end":{"line":35,"column":53}},"28":{"start":{"line":36,"column":0},"end":{"line":36,"column":38}},"29":{"start":{"line":39,"column":14},"end":{"line":39,"column":23}},"30":{"start":{"line":43,"column":2},"end":{"line":43,"column":20}},"31":{"start":{"line":46,"column":2},"end":{"line":65,"column":4}},"32":{"start":{"line":50,"column":8},"end":{"line":53,"column":9}},"33":{"start":{"line":51,"column":10},"end":{"line":51,"column":31}},"34":{"start":{"line":52,"column":10},"end":{"line":52,"column":17}},"35":{"start":{"line":54,"column":8},"end":{"line":59,"column":9}},"36":{"start":{"line":55,"column":10},"end":{"line":55,"column":31}},"37":{"start":{"line":57,"column":10},"end":{"line":57,"column":57}},"38":{"start":{"line":58,"column":10},"end":{"line":58,"column":68}},"39":{"start":{"line":69,"column":2},"end":{"line":69,"column":43}},"40":{"start":{"line":70,"column":2},"end":{"line":70,"column":51}},"41":{"start":{"line":74,"column":24},"end":{"line":85,"column":4}},"42":{"start":{"line":86,"column":2},"end":{"line":86,"column":25}},"43":{"start":{"line":90,"column":22},"end":{"line":101,"column":4}},"44":{"start":{"line":104,"column":2},"end":{"line":104,"column":25}},"45":{"start":{"line":106,"column":20},"end":{"line":106,"column":36}},"46":{"start":{"line":108,"column":2},"end":{"line":108,"column":41}},"47":{"start":{"line":109,"column":2},"end":{"line":109,"column":37}},"48":{"start":{"line":110,"column":2},"end":{"line":110,"column":67}},"49":{"start":{"line":111,"column":2},"end":{"line":111,"column":68}},"50":{"start":{"line":112,"column":2},"end":{"line":112,"column":70}},"51":{"start":{"line":113,"column":2},"end":{"line":113,"column":75}},"52":{"start":{"line":114,"column":2},"end":{"line":114,"column":57}},"53":{"start":{"line":115,"column":2},"end":{"line":115,"column":61}},"54":{"start":{"line":116,"column":2},"end":{"line":116,"column":65}},"55":{"start":{"line":117,"column":2},"end":{"line":117,"column":65}},"56":{"start":{"line":118,"column":2},"end":{"line":118,"column":72}},"57":{"start":{"line":119,"column":2},"end":{"line":119,"column":61}},"58":{"start":{"line":120,"column":2},"end":{"line":120,"column":71}},"59":{"start":{"line":121,"column":2},"end":{"line":121,"column":61}},"60":{"start":{"line":122,"column":2},"end":{"line":122,"column":63}},"61":{"start":{"line":123,"column":2},"end":{"line":123,"column":65}},"62":{"start":{"line":124,"column":2},"end":{"line":124,"column":68}},"63":{"start":{"line":125,"column":2},"end":{"line":125,"column":70}},"64":{"start":{"line":126,"column":2},"end":{"line":126,"column":63}},"65":{"start":{"line":129,"column":2},"end":{"line":129,"column":29}},"66":{"start":{"line":132,"column":2},"end":{"line":132,"column":35}},"67":{"start":{"line":135,"column":2},"end":{"line":142,"column":5}},"68":{"start":{"line":136,"column":4},"end":{"line":141,"column":7}},"69":{"start":{"line":145,"column":2},"end":{"line":145,"column":24}},"70":{"start":{"line":149,"column":25},"end":{"line":162,"column":12}},"71":{"start":{"line":150,"column":19},"end":{"line":150,"column":48}},"72":{"start":{"line":151,"column":4},"end":{"line":161,"column":5}},"73":{"start":{"line":152,"column":24},"end":{"line":152,"column":48}},"74":{"start":{"line":153,"column":6},"end":{"line":160,"column":7}},"75":{"start":{"line":154,"column":23},"end":{"line":154,"column":49}},"76":{"start":{"line":155,"column":8},"end":{"line":159,"column":9}},"77":{"start":{"line":157,"column":28},"end":{"line":157,"column":55}},"78":{"start":{"line":158,"column":10},"end":{"line":158,"column":51}},"79":{"start":{"line":163,"column":2},"end":{"line":163,"column":51}},"80":{"start":{"line":163,"column":28},"end":{"line":163,"column":51}},"81":{"start":{"line":169,"column":20},"end":{"line":169,"column":51}},"82":{"start":{"line":170,"column":2},"end":{"line":182,"column":3}},"83":{"start":{"line":171,"column":30},"end":{"line":179,"column":21}},"84":{"start":{"line":172,"column":6},"end":{"line":178,"column":7}},"85":{"start":{"line":173,"column":20},"end":{"line":173,"column":41}},"86":{"start":{"line":174,"column":20},"end":{"line":174,"column":90}},"87":{"start":{"line":175,"column":8},"end":{"line":175,"column":71}},"88":{"start":{"line":177,"column":8},"end":{"line":177,"column":87}},"89":{"start":{"line":180,"column":4},"end":{"line":180,"column":59}},"90":{"start":{"line":180,"column":33},"end":{"line":180,"column":59}},"91":{"start":{"line":181,"column":4},"end":{"line":181,"column":95}},"92":{"start":{"line":184,"column":2},"end":{"line":184,"column":13}}},"fnMap":{"0":{"name":"createApp","decl":{"start":{"line":38,"column":16},"end":{"line":38,"column":25}},"loc":{"start":{"line":38,"column":25},"end":{"line":185,"column":1}}},"1":{"name":"(anonymous_11)","decl":{"start":{"line":48,"column":14},"end":{"line":48,"column":15}},"loc":{"start":{"line":48,"column":35},"end":{"line":60,"column":7}}},"2":{"name":"(anonymous_12)","decl":{"start":{"line":135,"column":10},"end":{"line":135,"column":11}},"loc":{"start":{"line":135,"column":24},"end":{"line":142,"column":3}}},"3":{"name":"(anonymous_13)","decl":{"start":{"line":149,"column":37},"end":{"line":149,"column":42}},"loc":{"start":{"line":149,"column":48},"end":{"line":162,"column":3}}},"4":{"name":"(anonymous_14)","decl":{"start":{"line":157,"column":28},"end":{"line":157,"column":41}},"loc":{"start":{"line":157,"column":28},"end":{"line":157,"column":55}}},"5":{"name":"(anonymous_15)","decl":{"start":{"line":171,"column":42},"end":{"line":171,"column":47}},"loc":{"start":{"line":171,"column":53},"end":{"line":179,"column":5}}}},"branchMap":{"0":{"loc":{"start":{"line":50,"column":8},"end":{"line":53,"column":9}},"type":"if","locations":[{"start":{"line":50,"column":8},"end":{"line":53,"column":9}},{"start":{},"end":{}}]},"1":{"loc":{"start":{"line":54,"column":8},"end":{"line":59,"column":9}},"type":"if","locations":[{"start":{"line":54,"column":8},"end":{"line":59,"column":9}},{"start":{"line":56,"column":15},"end":{"line":59,"column":9}}]},"2":{"loc":{"start":{"line":151,"column":4},"end":{"line":161,"column":5}},"type":"if","locations":[{"start":{"line":151,"column":4},"end":{"line":161,"column":5}},{"start":{},"end":{}}]},"3":{"loc":{"start":{"line":153,"column":6},"end":{"line":160,"column":7}},"type":"if","locations":[{"start":{"line":153,"column":6},"end":{"line":160,"column":7}},{"start":{},"end":{}}]},"4":{"loc":{"start":{"line":155,"column":8},"end":{"line":159,"column":9}},"type":"if","locations":[{"start":{"line":155,"column":8},"end":{"line":159,"column":9}},{"start":{},"end":{}}]},"5":{"loc":{"start":{"line":163,"column":2},"end":{"line":163,"column":51}},"type":"if","locations":[{"start":{"line":163,"column":2},"end":{"line":163,"column":51}},{"start":{},"end":{}}]},"6":{"loc":{"start":{"line":170,"column":2},"end":{"line":182,"column":3}},"type":"if","locations":[{"start":{"line":170,"column":2},"end":{"line":182,"column":3}},{"start":{},"end":{}}]},"7":{"loc":{"start":{"line":170,"column":6},"end":{"line":170,"column":56}},"type":"binary-expr","locations":[{"start":{"line":170,"column":6},"end":{"line":170,"column":15}},{"start":{"line":170,"column":19},"end":{"line":170,"column":56}}]},"8":{"loc":{"start":{"line":180,"column":4},"end":{"line":180,"column":59}},"type":"if","locations":[{"start":{"line":180,"column":4},"end":{"line":180,"column":59}},{"start":{},"end":{}}]}},"s":{"0":0,"1":0,"2":0,"3":0,"4":0,"5":0,"6":0,"7":0,"8":0,"9":0,"10":0,"11":0,"12":0,"13":0,"14":0,"15":0,"16":0,"17":0,"18":0,"19":0,"20":0,"21":0,"22":0,"23":0,"24":0,"25":0,"26":0,"27":0,"28":0,"29":0,"30":0,"31":0,"32":0,"33":0,"34":0,"35":0,"36":0,"37":0,"38":0,"39":0,"40":0,"41":0,"42":0,"43":0,"44":0,"45":0,"46":0,"47":0,"48":0,"49":0,"50":0,"51":0,"52":0,"53":0,"54":0,"55":0,"56":0,"57":0,"58":0,"59":0,"60":0,"61":0,"62":0,"63":0,"64":0,"65":0,"66":0,"67":0,"68":0,"69":0,"70":0,"71":0,"72":0,"73":0,"74":0,"75":0,"76":0,"77":0,"78":0,"79":0,"80":0,"81":0,"82":0,"83":0,"84":0,"85":0,"86":0,"87":0,"88":0,"89":0,"90":0,"91":0,"92":0},"f":{"0":0,"1":0,"2":0,"3":0,"4":0,"5":0},"b":{"0":[0,0],"1":[0,0],"2":[0,0],"3":[0,0],"4":[0,0],"5":[0,0],"6":[0,0],"7":[0,0],"8":[0,0]}}
,"D:\\Software\\Human Os\\Human-OS\\backend\\src\\index.ts": {"path":"D:\\Software\\Human Os\\Human-OS\\backend\\src\\index.ts","statementMap":{"0":{"start":{"line":11,"column":0},"end":{"line":11,"column":34}},"1":{"start":{"line":12,"column":0},"end":{"line":12,"column":34}},"2":{"start":{"line":13,"column":0},"end":{"line":13,"column":38}},"3":{"start":{"line":14,"column":0},"end":{"line":14,"column":53}},"4":{"start":{"line":15,"column":0},"end":{"line":15,"column":69}},"5":{"start":{"line":16,"column":0},"end":{"line":16,"column":76}},"6":{"start":{"line":17,"column":0},"end":{"line":17,"column":79}},"7":{"start":{"line":18,"column":0},"end":{"line":18,"column":89}},"8":{"start":{"line":19,"column":0},"end":{"line":19,"column":81}},"9":{"start":{"line":20,"column":0},"end":{"line":20,"column":69}},"10":{"start":{"line":21,"column":0},"end":{"line":21,"column":77}},"11":{"start":{"line":22,"column":0},"end":{"line":22,"column":79}},"12":{"start":{"line":23,"column":0},"end":{"line":23,"column":57}},"13":{"start":{"line":27,"column":2},"end":{"line":30,"column":5}},"14":{"start":{"line":35,"column":2},"end":{"line":41,"column":3}},"15":{"start":{"line":36,"column":4},"end":{"line":36,"column":132}},"16":{"start":{"line":38,"column":4},"end":{"line":40,"column":7}},"17":{"start":{"line":44,"column":2},"end":{"line":44,"column":36}},"18":{"start":{"line":48,"column":2},"end":{"line":61,"column":3}},"19":{"start":{"line":49,"column":4},"end":{"line":55,"column":7}},"20":{"start":{"line":49,"column":11},"end":{"line":49,"column":41}},"21":{"start":{"line":56,"column":4},"end":{"line":56,"column":66}},"22":{"start":{"line":58,"column":4},"end":{"line":60,"column":7}},"23":{"start":{"line":65,"column":2},"end":{"line":69,"column":3}},"24":{"start":{"line":66,"column":4},"end":{"line":66,"column":19}},"25":{"start":{"line":68,"column":4},"end":{"line":68,"column":91}},"26":{"start":{"line":72,"column":2},"end":{"line":153,"column":3}},"27":{"start":{"line":74,"column":27},"end":{"line":81,"column":27}},"28":{"start":{"line":75,"column":6},"end":{"line":80,"column":7}},"29":{"start":{"line":76,"column":8},"end":{"line":76,"column":75}},"30":{"start":{"line":77,"column":8},"end":{"line":77,"column":57}},"31":{"start":{"line":79,"column":8},"end":{"line":79,"column":122}},"32":{"start":{"line":82,"column":4},"end":{"line":82,"column":53}},"33":{"start":{"line":82,"column":30},"end":{"line":82,"column":53}},"34":{"start":{"line":85,"column":30},"end":{"line":93,"column":17}},"35":{"start":{"line":86,"column":6},"end":{"line":92,"column":7}},"36":{"start":{"line":87,"column":8},"end":{"line":87,"column":63}},"37":{"start":{"line":88,"column":8},"end":{"line":88,"column":58}},"38":{"start":{"line":89,"column":8},"end":{"line":89,"column":65}},"39":{"start":{"line":91,"column":8},"end":{"line":91,"column":124}},"40":{"start":{"line":94,"column":4},"end":{"line":94,"column":59}},"41":{"start":{"line":94,"column":33},"end":{"line":94,"column":59}},"42":{"start":{"line":97,"column":25},"end":{"line":105,"column":22}},"43":{"start":{"line":98,"column":6},"end":{"line":104,"column":7}},"44":{"start":{"line":99,"column":8},"end":{"line":99,"column":59}},"45":{"start":{"line":100,"column":8},"end":{"line":100,"column":46}},"46":{"start":{"line":101,"column":8},"end":{"line":101,"column":61}},"47":{"start":{"line":103,"column":8},"end":{"line":103,"column":105}},"48":{"start":{"line":106,"column":4},"end":{"line":106,"column":49}},"49":{"start":{"line":106,"column":28},"end":{"line":106,"column":49}},"50":{"start":{"line":109,"column":26},"end":{"line":115,"column":26}},"51":{"start":{"line":110,"column":6},"end":{"line":114,"column":7}},"52":{"start":{"line":111,"column":8},"end":{"line":111,"column":58}},"53":{"start":{"line":113,"column":8},"end":{"line":113,"column":113}},"54":{"start":{"line":116,"column":4},"end":{"line":116,"column":51}},"55":{"start":{"line":116,"column":29},"end":{"line":116,"column":51}},"56":{"start":{"line":119,"column":36},"end":{"line":135,"column":27}},"57":{"start":{"line":120,"column":6},"end":{"line":134,"column":7}},"58":{"start":{"line":121,"column":8},"end":{"line":121,"column":66}},"59":{"start":{"line":122,"column":8},"end":{"line":122,"column":56}},"60":{"start":{"line":123,"column":8},"end":{"line":123,"column":50}},"61":{"start":{"line":126,"column":21},"end":{"line":126,"column":42}},"62":{"start":{"line":127,"column":8},"end":{"line":131,"column":9}},"63":{"start":{"line":128,"column":10},"end":{"line":128,"column":111}},"64":{"start":{"line":129,"column":10},"end":{"line":129,"column":51}},"65":{"start":{"line":130,"column":10},"end":{"line":130,"column":51}},"66":{"start":{"line":133,"column":8},"end":{"line":133,"column":114}},"67":{"start":{"line":136,"column":4},"end":{"line":136,"column":71}},"68":{"start":{"line":136,"column":39},"end":{"line":136,"column":71}},"69":{"start":{"line":139,"column":37},"end":{"line":149,"column":27}},"70":{"start":{"line":140,"column":18},"end":{"line":140,"column":37}},"71":{"start":{"line":141,"column":6},"end":{"line":148,"column":7}},"72":{"start":{"line":142,"column":8},"end":{"line":147,"column":9}},"73":{"start":{"line":143,"column":10},"end":{"line":143,"column":69}},"74":{"start":{"line":144,"column":10},"end":{"line":144,"column":59}},"75":{"start":{"line":146,"column":10},"end":{"line":146,"column":128}},"76":{"start":{"line":150,"column":4},"end":{"line":150,"column":73}},"77":{"start":{"line":150,"column":40},"end":{"line":150,"column":73}},"78":{"start":{"line":152,"column":4},"end":{"line":152,"column":108}},"79":{"start":{"line":155,"column":14},"end":{"line":155,"column":25}},"80":{"start":{"line":157,"column":17},"end":{"line":166,"column":4}},"81":{"start":{"line":158,"column":4},"end":{"line":161,"column":7}},"82":{"start":{"line":162,"column":4},"end":{"line":165,"column":7}},"83":{"start":{"line":171,"column":19},"end":{"line":198,"column":3}},"84":{"start":{"line":172,"column":4},"end":{"line":172,"column":65}},"85":{"start":{"line":173,"column":4},"end":{"line":176,"column":7}},"86":{"start":{"line":174,"column":6},"end":{"line":174,"column":40}},"87":{"start":{"line":175,"column":6},"end":{"line":175,"column":22}},"88":{"start":{"line":179,"column":4},"end":{"line":182,"column":15}},"89":{"start":{"line":180,"column":6},"end":{"line":180,"column":52}},"90":{"start":{"line":181,"column":6},"end":{"line":181,"column":22}},"91":{"start":{"line":185,"column":4},"end":{"line":197,"column":9}},"92":{"start":{"line":186,"column":6},"end":{"line":196,"column":35}},"93":{"start":{"line":187,"column":38},"end":{"line":187,"column":68}},"94":{"start":{"line":188,"column":8},"end":{"line":194,"column":11}},"95":{"start":{"line":195,"column":8},"end":{"line":195,"column":76}},"96":{"start":{"line":200,"column":2},"end":{"line":200,"column":51}},"97":{"start":{"line":200,"column":30},"end":{"line":200,"column":49}},"98":{"start":{"line":201,"column":2},"end":{"line":201,"column":49}},"99":{"start":{"line":201,"column":29},"end":{"line":201,"column":47}},"100":{"start":{"line":205,"column":0},"end":{"line":211,"column":3}},"101":{"start":{"line":206,"column":2},"end":{"line":209,"column":5}},"102":{"start":{"line":210,"column":2},"end":{"line":210,"column":18}},"103":{"start":{"line":213,"column":0},"end":{"line":218,"column":3}},"104":{"start":{"line":214,"column":2},"end":{"line":216,"column":5}},"105":{"start":{"line":217,"column":2},"end":{"line":217,"column":18}},"106":{"start":{"line":220,"column":0},"end":{"line":226,"column":3}},"107":{"start":{"line":221,"column":2},"end":{"line":224,"column":5}},"108":{"start":{"line":225,"column":2},"end":{"line":225,"column":18}}},"fnMap":{"0":{"name":"main","decl":{"start":{"line":26,"column":15},"end":{"line":26,"column":19}},"loc":{"start":{"line":26,"column":19},"end":{"line":202,"column":1}}},"1":{"name":"(anonymous_10)","decl":{"start":{"line":49,"column":11},"end":{"line":49,"column":24}},"loc":{"start":{"line":49,"column":11},"end":{"line":49,"column":41}}},"2":{"name":"(anonymous_11)","decl":{"start":{"line":74,"column":39},"end":{"line":74,"column":44}},"loc":{"start":{"line":74,"column":50},"end":{"line":81,"column":5}}},"3":{"name":"(anonymous_12)","decl":{"start":{"line":85,"column":42},"end":{"line":85,"column":47}},"loc":{"start":{"line":85,"column":53},"end":{"line":93,"column":5}}},"4":{"name":"(anonymous_13)","decl":{"start":{"line":97,"column":37},"end":{"line":97,"column":42}},"loc":{"start":{"line":97,"column":48},"end":{"line":105,"column":5}}},"5":{"name":"(anonymous_14)","decl":{"start":{"line":109,"column":38},"end":{"line":109,"column":43}},"loc":{"start":{"line":109,"column":49},"end":{"line":115,"column":5}}},"6":{"name":"(anonymous_15)","decl":{"start":{"line":119,"column":48},"end":{"line":119,"column":53}},"loc":{"start":{"line":119,"column":59},"end":{"line":135,"column":5}}},"7":{"name":"(anonymous_16)","decl":{"start":{"line":139,"column":49},"end":{"line":139,"column":54}},"loc":{"start":{"line":139,"column":60},"end":{"line":149,"column":5}}},"8":{"name":"(anonymous_17)","decl":{"start":{"line":157,"column":48},"end":{"line":157,"column":51}},"loc":{"start":{"line":157,"column":53},"end":{"line":166,"column":3}}},"9":{"name":"(anonymous_18)","decl":{"start":{"line":171,"column":19},"end":{"line":171,"column":20}},"loc":{"start":{"line":171,"column":38},"end":{"line":198,"column":3}}},"10":{"name":"(anonymous_19)","decl":{"start":{"line":173,"column":17},"end":{"line":173,"column":20}},"loc":{"start":{"line":173,"column":22},"end":{"line":176,"column":5}}},"11":{"name":"(anonymous_20)","decl":{"start":{"line":179,"column":15},"end":{"line":179,"column":18}},"loc":{"start":{"line":179,"column":20},"end":{"line":182,"column":5}}},"12":{"name":"(anonymous_21)","decl":{"start":{"line":185,"column":10},"end":{"line":185,"column":15}},"loc":{"start":{"line":185,"column":21},"end":{"line":197,"column":5}}},"13":{"name":"(anonymous_22)","decl":{"start":{"line":187,"column":38},"end":{"line":187,"column":51}},"loc":{"start":{"line":187,"column":38},"end":{"line":187,"column":68}}},"14":{"name":"(anonymous_23)","decl":{"start":{"line":200,"column":24},"end":{"line":200,"column":27}},"loc":{"start":{"line":200,"column":30},"end":{"line":200,"column":49}}},"15":{"name":"(anonymous_24)","decl":{"start":{"line":201,"column":23},"end":{"line":201,"column":26}},"loc":{"start":{"line":201,"column":29},"end":{"line":201,"column":47}}},"16":{"name":"(anonymous_25)","decl":{"start":{"line":205,"column":32},"end":{"line":205,"column":33}},"loc":{"start":{"line":205,"column":47},"end":{"line":211,"column":1}}},"17":{"name":"(anonymous_26)","decl":{"start":{"line":213,"column":33},"end":{"line":213,"column":34}},"loc":{"start":{"line":213,"column":53},"end":{"line":218,"column":1}}},"18":{"name":"(anonymous_27)","decl":{"start":{"line":220,"column":13},"end":{"line":220,"column":14}},"loc":{"start":{"line":220,"column":28},"end":{"line":226,"column":1}}}},"branchMap":{"0":{"loc":{"start":{"line":35,"column":2},"end":{"line":41,"column":3}},"type":"if","locations":[{"start":{"line":35,"column":2},"end":{"line":41,"column":3}},{"start":{"line":37,"column":9},"end":{"line":41,"column":3}}]},"1":{"loc":{"start":{"line":59,"column":13},"end":{"line":59,"column":79}},"type":"cond-expr","locations":[{"start":{"line":59,"column":42},"end":{"line":59,"column":59}},{"start":{"line":59,"column":62},"end":{"line":59,"column":79}}]},"2":{"loc":{"start":{"line":65,"column":2},"end":{"line":69,"column":3}},"type":"if","locations":[{"start":{"line":65,"column":2},"end":{"line":69,"column":3}},{"start":{"line":67,"column":9},"end":{"line":69,"column":3}}]},"3":{"loc":{"start":{"line":72,"column":2},"end":{"line":153,"column":3}},"type":"if","locations":[{"start":{"line":72,"column":2},"end":{"line":153,"column":3}},{"start":{"line":151,"column":9},"end":{"line":153,"column":3}}]},"4":{"loc":{"start":{"line":79,"column":70},"end":{"line":79,"column":118}},"type":"cond-expr","locations":[{"start":{"line":79,"column":93},"end":{"line":79,"column":104}},{"start":{"line":79,"column":107},"end":{"line":79,"column":118}}]},"5":{"loc":{"start":{"line":82,"column":4},"end":{"line":82,"column":53}},"type":"if","locations":[{"start":{"line":82,"column":4},"end":{"line":82,"column":53}},{"start":{},"end":{}}]},"6":{"loc":{"start":{"line":91,"column":72},"end":{"line":91,"column":120}},"type":"cond-expr","locations":[{"start":{"line":91,"column":95},"end":{"line":91,"column":106}},{"start":{"line":91,"column":109},"end":{"line":91,"column":120}}]},"7":{"loc":{"start":{"line":94,"column":4},"end":{"line":94,"column":59}},"type":"if","locations":[{"start":{"line":94,"column":4},"end":{"line":94,"column":59}},{"start":{},"end":{}}]},"8":{"loc":{"start":{"line":103,"column":53},"end":{"line":103,"column":101}},"type":"cond-expr","locations":[{"start":{"line":103,"column":76},"end":{"line":103,"column":87}},{"start":{"line":103,"column":90},"end":{"line":103,"column":101}}]},"9":{"loc":{"start":{"line":106,"column":4},"end":{"line":106,"column":49}},"type":"if","locations":[{"start":{"line":106,"column":4},"end":{"line":106,"column":49}},{"start":{},"end":{}}]},"10":{"loc":{"start":{"line":113,"column":61},"end":{"line":113,"column":109}},"type":"cond-expr","locations":[{"start":{"line":113,"column":84},"end":{"line":113,"column":95}},{"start":{"line":113,"column":98},"end":{"line":113,"column":109}}]},"11":{"loc":{"start":{"line":116,"column":4},"end":{"line":116,"column":51}},"type":"if","locations":[{"start":{"line":116,"column":4},"end":{"line":116,"column":51}},{"start":{},"end":{}}]},"12":{"loc":{"start":{"line":127,"column":8},"end":{"line":131,"column":9}},"type":"if","locations":[{"start":{"line":127,"column":8},"end":{"line":131,"column":9}},{"start":{},"end":{}}]},"13":{"loc":{"start":{"line":133,"column":62},"end":{"line":133,"column":110}},"type":"cond-expr","locations":[{"start":{"line":133,"column":85},"end":{"line":133,"column":96}},{"start":{"line":133,"column":99},"end":{"line":133,"column":110}}]},"14":{"loc":{"start":{"line":136,"column":4},"end":{"line":136,"column":71}},"type":"if","locations":[{"start":{"line":136,"column":4},"end":{"line":136,"column":71}},{"start":{},"end":{}}]},"15":{"loc":{"start":{"line":141,"column":6},"end":{"line":148,"column":7}},"type":"if","locations":[{"start":{"line":141,"column":6},"end":{"line":148,"column":7}},{"start":{},"end":{}}]},"16":{"loc":{"start":{"line":146,"column":76},"end":{"line":146,"column":124}},"type":"cond-expr","locations":[{"start":{"line":146,"column":99},"end":{"line":146,"column":110}},{"start":{"line":146,"column":113},"end":{"line":146,"column":124}}]},"17":{"loc":{"start":{"line":150,"column":4},"end":{"line":150,"column":73}},"type":"if","locations":[{"start":{"line":150,"column":4},"end":{"line":150,"column":73}},{"start":{},"end":{}}]}},"s":{"0":0,"1":0,"2":0,"3":0,"4":0,"5":0,"6":0,"7":0,"8":0,"9":0,"10":0,"11":0,"12":0,"13":0,"14":0,"15":0,"16":0,"17":0,"18":0,"19":0,"20":0,"21":0,"22":0,"23":0,"24":0,"25":0,"26":0,"27":0,"28":0,"29":0,"30":0,"31":0,"32":0,"33":0,"34":0,"35":0,"36":0,"37":0,"38":0,"39":0,"40":0,"41":0,"42":0,"43":0,"44":0,"45":0,"46":0,"47":0,"48":0,"49":0,"50":0,"51":0,"52":0,"53":0,"54":0,"55":0,"56":0,"57":0,"58":0,"59":0,"60":0,"61":0,"62":0,"63":0,"64":0,"65":0,"66":0,"67":0,"68":0,"69":0,"70":0,"71":0,"72":0,"73":0,"74":0,"75":0,"76":0,"77":0,"78":0,"79":0,"80":0,"81":0,"82":0,"83":0,"84":0,"85":0,"86":0,"87":0,"88":0,"89":0,"90":0,"91":0,"92":0,"93":0,"94":0,"95":0,"96":0,"97":0,"98":0,"99":0,"100":0,"101":0,"102":0,"103":0,"104":0,"105":0,"106":0,"107":0,"108":0},"f":{"0":0,"1":0,"2":0,"3":0,"4":0,"5":0,"6":0,"7":0,"8":0,"9":0,"10":0,"11":0,"12":0,"13":0,"14":0,"15":0,"16":0,"17":0,"18":0},"b":{"0":[0,0],"1":[0,0],"2":[0,0],"3":[0,0],"4":[0,0],"5":[0,0],"6":[0,0],"7":[0,0],"8":[0,0],"9":[0,0],"10":[0,0],"11":[0,0],"12":[0,0],"13":[0,0],"14":[0,0],"15":[0,0],"16":[0,0],"17":[0,0]}}
,"D:\\Software\\Human Os\\Human-OS\\backend\\src\\test.ts": {"path":"D:\\Software\\Human Os\\Human-OS\\backend\\src\\test.ts","statementMap":{"0":{"start":{"line":1,"column":0},"end":{"line":1,"column":32}},"1":{"start":{"line":1,"column":33},"end":{"line":1,"column":42}},"2":{"start":{"line":1,"column":43},"end":{"line":1,"column":95}},"3":{"start":{"line":1,"column":135},"end":{"line":1,"column":197}},"4":{"start":{"line":1,"column":199},"end":{"line":1,"column":315}},"5":{"start":{"line":1,"column":205},"end":{"line":1,"column":272}},"6":{"start":{"line":1,"column":241},"end":{"line":1,"column":270}},"7":{"start":{"line":1,"column":286},"end":{"line":1,"column":313}},"8":{"start":{"line":1,"column":318},"end":{"line":1,"column":325}}},"fnMap":{"0":{"name":"test","decl":{"start":{"line":1,"column":111},"end":{"line":1,"column":115}},"loc":{"start":{"line":1,"column":115},"end":{"line":1,"column":317}}}},"branchMap":{},"s":{"0":0,"1":0,"2":0,"3":0,"4":0,"5":0,"6":0,"7":0,"8":0},"f":{"0":0},"b":{}}
,"D:\\Software\\Human Os\\Human-OS\\backend\\src\\agents\\BaseAgent.ts": {"path":"D:\\Software\\Human Os\\Human-OS\\backend\\src\\agents\\BaseAgent.ts","statementMap":{"0":{"start":{"line":1,"column":0},"end":{"line":1,"column":48}},"1":{"start":{"line":3,"column":0},"end":{"line":3,"column":39}},"2":{"start":{"line":4,"column":0},"end":{"line":4,"column":58}},"3":{"start":{"line":5,"column":0},"end":{"line":5,"column":41}},"4":{"start":{"line":16,"column":38},"end":{"line":16,"column":40}},"5":{"start":{"line":17,"column":47},"end":{"line":17,"column":51}},"6":{"start":{"line":20,"column":2},"end":{"line":20,"column":32}},"7":{"start":{"line":20,"column":25},"end":{"line":20,"column":32}},"8":{"start":{"line":21,"column":2},"end":{"line":29,"column":13}},"9":{"start":{"line":22,"column":4},"end":{"line":22,"column":43}},"10":{"start":{"line":22,"column":36},"end":{"line":22,"column":43}},"11":{"start":{"line":23,"column":18},"end":{"line":23,"column":63}},"12":{"start":{"line":24,"column":4},"end":{"line":28,"column":5}},"13":{"start":{"line":25,"column":6},"end":{"line":25,"column":62}},"14":{"start":{"line":27,"column":6},"end":{"line":27,"column":118}},"15":{"start":{"line":30,"column":2},"end":{"line":30,"column":57}},"16":{"start":{"line":30,"column":31},"end":{"line":30,"column":57}},"17":{"start":{"line":34,"column":2},"end":{"line":34,"column":29}},"18":{"start":{"line":41,"column":4},"end":{"line":41,"column":31}},"19":{"start":{"line":42,"column":4},"end":{"line":42,"column":25}},"20":{"start":{"line":50,"column":21},"end":{"line":50,"column":65}},"21":{"start":{"line":51,"column":19},"end":{"line":51,"column":47}},"22":{"start":{"line":52,"column":4},"end":{"line":55,"column":5}},"23":{"start":{"line":53,"column":6},"end":{"line":53,"column":79}},"24":{"start":{"line":54,"column":6},"end":{"line":54,"column":18}},"25":{"start":{"line":57,"column":28},"end":{"line":63,"column":null}},"26":{"start":{"line":58,"column":6},"end":{"line":63,"column":22}},"27":{"start":{"line":66,"column":4},"end":{"line":69,"column":5}},"28":{"start":{"line":67,"column":6},"end":{"line":67,"column":94}},"29":{"start":{"line":68,"column":6},"end":{"line":68,"column":19}},"30":{"start":{"line":71,"column":24},"end":{"line":71,"column":30}},"31":{"start":{"line":72,"column":4},"end":{"line":75,"column":5}},"32":{"start":{"line":74,"column":6},"end":{"line":74,"column":80}},"33":{"start":{"line":76,"column":4},"end":{"line":76,"column":23}},"34":{"start":{"line":83,"column":4},"end":{"line":87,"column":6}},"35":{"start":{"line":84,"column":6},"end":{"line":86,"column":70}},"36":{"start":{"line":90,"column":21},"end":{"line":90,"column":65}},"37":{"start":{"line":91,"column":4},"end":{"line":91,"column":78}},"38":{"start":{"line":101,"column":22},"end":{"line":101,"column":43}},"39":{"start":{"line":102,"column":4},"end":{"line":104,"column":5}},"40":{"start":{"line":103,"column":6},"end":{"line":103,"column":83}},"41":{"start":{"line":106,"column":29},"end":{"line":106,"column":63}},"42":{"start":{"line":107,"column":4},"end":{"line":110,"column":5}},"43":{"start":{"line":108,"column":6},"end":{"line":108,"column":93}},"44":{"start":{"line":109,"column":6},"end":{"line":109,"column":13}},"45":{"start":{"line":112,"column":22},"end":{"line":112,"column":32}},"46":{"start":{"line":113,"column":4},"end":{"line":152,"column":5}},"47":{"start":{"line":114,"column":29},"end":{"line":114,"column":52}},"48":{"start":{"line":115,"column":6},"end":{"line":115,"column":42}},"49":{"start":{"line":117,"column":28},"end":{"line":117,"column":50}},"50":{"start":{"line":120,"column":6},"end":{"line":126,"column":9}},"51":{"start":{"line":128,"column":6},"end":{"line":133,"column":9}},"52":{"start":{"line":135,"column":28},"end":{"line":135,"column":50}},"53":{"start":{"line":137,"column":6},"end":{"line":143,"column":9}},"54":{"start":{"line":145,"column":6},"end":{"line":150,"column":9}},"55":{"start":{"line":151,"column":6},"end":{"line":151,"column":16}},"56":{"start":{"line":37,"column":0},"end":{"line":37,"column":22}}},"fnMap":{"0":{"name":"ensureMetricsFlush","decl":{"start":{"line":19,"column":9},"end":{"line":19,"column":27}},"loc":{"start":{"line":19,"column":27},"end":{"line":31,"column":1}}},"1":{"name":"(anonymous_1)","decl":{"start":{"line":21,"column":34},"end":{"line":21,"column":39}},"loc":{"start":{"line":21,"column":45},"end":{"line":29,"column":3}}},"2":{"name":"bufferMetric","decl":{"start":{"line":33,"column":9},"end":{"line":33,"column":21}},"loc":{"start":{"line":33,"column":42},"end":{"line":35,"column":1}}},"3":{"name":"(anonymous_3)","decl":{"start":{"line":40,"column":2},"end":{"line":40,"column":14}},"loc":{"start":{"line":40,"column":31},"end":{"line":43,"column":3}}},"4":{"name":"(anonymous_4)","decl":{"start":{"line":49,"column":12},"end":{"line":49,"column":17}},"loc":{"start":{"line":49,"column":48},"end":{"line":77,"column":3}}},"5":{"name":"(anonymous_5)","decl":{"start":{"line":57,"column":82},"end":{"line":57,"column":85}},"loc":{"start":{"line":58,"column":6},"end":{"line":63,"column":22}}},"6":{"name":"(anonymous_6)","decl":{"start":{"line":82,"column":12},"end":{"line":82,"column":17}},"loc":{"start":{"line":82,"column":49},"end":{"line":92,"column":3}}},"7":{"name":"(anonymous_7)","decl":{"start":{"line":83,"column":55},"end":{"line":83,"column":58}},"loc":{"start":{"line":84,"column":6},"end":{"line":86,"column":70}}},"8":{"name":"(anonymous_8)","decl":{"start":{"line":100,"column":9},"end":{"line":100,"column":14}},"loc":{"start":{"line":100,"column":34},"end":{"line":153,"column":3}}}},"branchMap":{"0":{"loc":{"start":{"line":20,"column":2},"end":{"line":20,"column":32}},"type":"if","locations":[{"start":{"line":20,"column":2},"end":{"line":20,"column":32}},{"start":{},"end":{}}]},"1":{"loc":{"start":{"line":22,"column":4},"end":{"line":22,"column":43}},"type":"if","locations":[{"start":{"line":22,"column":4},"end":{"line":22,"column":43}},{"start":{},"end":{}}]},"2":{"loc":{"start":{"line":27,"column":66},"end":{"line":27,"column":114}},"type":"cond-expr","locations":[{"start":{"line":27,"column":89},"end":{"line":27,"column":100}},{"start":{"line":27,"column":103},"end":{"line":27,"column":114}}]},"3":{"loc":{"start":{"line":30,"column":2},"end":{"line":30,"column":57}},"type":"if","locations":[{"start":{"line":30,"column":2},"end":{"line":30,"column":57}},{"start":{},"end":{}}]},"4":{"loc":{"start":{"line":52,"column":4},"end":{"line":55,"column":5}},"type":"if","locations":[{"start":{"line":52,"column":4},"end":{"line":55,"column":5}},{"start":{},"end":{}}]},"5":{"loc":{"start":{"line":66,"column":4},"end":{"line":69,"column":5}},"type":"if","locations":[{"start":{"line":66,"column":4},"end":{"line":69,"column":5}},{"start":{},"end":{}}]},"6":{"loc":{"start":{"line":72,"column":4},"end":{"line":75,"column":5}},"type":"if","locations":[{"start":{"line":72,"column":4},"end":{"line":75,"column":5}},{"start":{},"end":{}}]},"7":{"loc":{"start":{"line":102,"column":4},"end":{"line":104,"column":5}},"type":"if","locations":[{"start":{"line":102,"column":4},"end":{"line":104,"column":5}},{"start":{},"end":{}}]},"8":{"loc":{"start":{"line":107,"column":4},"end":{"line":110,"column":5}},"type":"if","locations":[{"start":{"line":107,"column":4},"end":{"line":110,"column":5}},{"start":{},"end":{}}]},"9":{"loc":{"start":{"line":149,"column":15},"end":{"line":149,"column":63}},"type":"cond-expr","locations":[{"start":{"line":149,"column":38},"end":{"line":149,"column":49}},{"start":{"line":149,"column":52},"end":{"line":149,"column":63}}]}},"s":{"0":0,"1":0,"2":0,"3":0,"4":0,"5":0,"6":0,"7":0,"8":0,"9":0,"10":0,"11":0,"12":0,"13":0,"14":0,"15":0,"16":0,"17":0,"18":0,"19":0,"20":0,"21":0,"22":0,"23":0,"24":0,"25":0,"26":0,"27":0,"28":0,"29":0,"30":0,"31":0,"32":0,"33":0,"34":0,"35":0,"36":0,"37":0,"38":0,"39":0,"40":0,"41":0,"42":0,"43":0,"44":0,"45":0,"46":0,"47":0,"48":0,"49":0,"50":0,"51":0,"52":0,"53":0,"54":0,"55":0,"56":0},"f":{"0":0,"1":0,"2":0,"3":0,"4":0,"5":0,"6":0,"7":0,"8":0},"b":{"0":[0,0],"1":[0,0],"2":[0,0],"3":[0,0],"4":[0,0],"5":[0,0],"6":[0,0],"7":[0,0],"8":[0,0],"9":[0,0]}}
,"D:\\Software\\Human Os\\Human-OS\\backend\\src\\agents\\EmotionalAgent.ts": {"path":"D:\\Software\\Human Os\\Human-OS\\backend\\src\\agents\\EmotionalAgent.ts","statementMap":{"0":{"start":{"line":1,"column":0},"end":{"line":1,"column":40}},"1":{"start":{"line":3,"column":0},"end":{"line":3,"column":65}},"2":{"start":{"line":4,"column":0},"end":{"line":4,"column":48}},"3":{"start":{"line":9,"column":4},"end":{"line":9,"column":28}},"4":{"start":{"line":13,"column":32},"end":{"line":13,"column":43}},"5":{"start":{"line":15,"column":21},"end":{"line":39,"column":6}},"6":{"start":{"line":41,"column":19},"end":{"line":41,"column":124}},"7":{"start":{"line":42,"column":20},"end":{"line":42,"column":42}},"8":{"start":{"line":44,"column":4},"end":{"line":52,"column":5}},"9":{"start":{"line":45,"column":6},"end":{"line":50,"column":9}},"10":{"start":{"line":51,"column":6},"end":{"line":51,"column":15}},"11":{"start":{"line":54,"column":4},"end":{"line":54,"column":13}},"12":{"start":{"line":7,"column":0},"end":{"line":7,"column":13}},"13":{"start":{"line":58,"column":13},"end":{"line":58,"column":51}}},"fnMap":{"0":{"name":"(anonymous_0)","decl":{"start":{"line":8,"column":2},"end":{"line":8,"column":null}},"loc":{"start":{"line":8,"column":2},"end":{"line":10,"column":3}}},"1":{"name":"(anonymous_1)","decl":{"start":{"line":12,"column":12},"end":{"line":12,"column":17}},"loc":{"start":{"line":12,"column":34},"end":{"line":55,"column":3}}}},"branchMap":{"0":{"loc":{"start":{"line":44,"column":4},"end":{"line":52,"column":5}},"type":"if","locations":[{"start":{"line":44,"column":4},"end":{"line":52,"column":5}},{"start":{},"end":{}}]}},"s":{"0":0,"1":0,"2":0,"3":0,"4":0,"5":0,"6":0,"7":0,"8":0,"9":0,"10":0,"11":0,"12":0,"13":0},"f":{"0":0,"1":0},"b":{"0":[0,0]}}
,"D:\\Software\\Human Os\\Human-OS\\backend\\src\\agents\\EpisodicAgent.ts": {"path":"D:\\Software\\Human Os\\Human-OS\\backend\\src\\agents\\EpisodicAgent.ts","statementMap":{"0":{"start":{"line":1,"column":0},"end":{"line":1,"column":40}},"1":{"start":{"line":3,"column":0},"end":{"line":3,"column":65}},"2":{"start":{"line":4,"column":0},"end":{"line":4,"column":48}},"3":{"start":{"line":9,"column":4},"end":{"line":9,"column":27}},"4":{"start":{"line":13,"column":43},"end":{"line":13,"column":54}},"5":{"start":{"line":15,"column":21},"end":{"line":41,"column":6}},"6":{"start":{"line":43,"column":19},"end":{"line":43,"column":143}},"7":{"start":{"line":44,"column":16},"end":{"line":44,"column":46}},"8":{"start":{"line":46,"column":4},"end":{"line":55,"column":5}},"9":{"start":{"line":47,"column":24},"end":{"line":53,"column":9}},"10":{"start":{"line":47,"column":39},"end":{"line":53,"column":8}},"11":{"start":{"line":54,"column":6},"end":{"line":54,"column":70}},"12":{"start":{"line":57,"column":4},"end":{"line":57,"column":22}},"13":{"start":{"line":7,"column":0},"end":{"line":7,"column":13}},"14":{"start":{"line":61,"column":13},"end":{"line":61,"column":49}}},"fnMap":{"0":{"name":"(anonymous_0)","decl":{"start":{"line":8,"column":2},"end":{"line":8,"column":null}},"loc":{"start":{"line":8,"column":2},"end":{"line":10,"column":3}}},"1":{"name":"(anonymous_1)","decl":{"start":{"line":12,"column":12},"end":{"line":12,"column":17}},"loc":{"start":{"line":12,"column":34},"end":{"line":58,"column":3}}},"2":{"name":"(anonymous_2)","decl":{"start":{"line":47,"column":32},"end":{"line":47,"column":34}},"loc":{"start":{"line":47,"column":39},"end":{"line":53,"column":8}}}},"branchMap":{"0":{"loc":{"start":{"line":44,"column":16},"end":{"line":44,"column":46}},"type":"binary-expr","locations":[{"start":{"line":44,"column":16},"end":{"line":44,"column":40}},{"start":{"line":44,"column":44},"end":{"line":44,"column":46}}]},"1":{"loc":{"start":{"line":46,"column":4},"end":{"line":55,"column":5}},"type":"if","locations":[{"start":{"line":46,"column":4},"end":{"line":55,"column":5}},{"start":{},"end":{}}]}},"s":{"0":0,"1":0,"2":0,"3":0,"4":0,"5":0,"6":0,"7":0,"8":0,"9":0,"10":0,"11":0,"12":0,"13":0,"14":0},"f":{"0":0,"1":0,"2":0},"b":{"0":[0,0],"1":[0,0]}}
,"D:\\Software\\Human Os\\Human-OS\\backend\\src\\agents\\KgAgent.ts": {"path":"D:\\Software\\Human Os\\Human-OS\\backend\\src\\agents\\KgAgent.ts","statementMap":{"0":{"start":{"line":1,"column":0},"end":{"line":1,"column":40}},"1":{"start":{"line":3,"column":0},"end":{"line":3,"column":65}},"2":{"start":{"line":4,"column":0},"end":{"line":4,"column":48}},"3":{"start":{"line":6,"column":0},"end":{"line":6,"column":39}},"4":{"start":{"line":7,"column":0},"end":{"line":7,"column":41}},"5":{"start":{"line":11,"column":4},"end":{"line":11,"column":21}},"6":{"start":{"line":15,"column":32},"end":{"line":15,"column":43}},"7":{"start":{"line":17,"column":21},"end":{"line":51,"column":6}},"8":{"start":{"line":53,"column":19},"end":{"line":53,"column":null}},"9":{"start":{"line":58,"column":18},"end":{"line":58,"column":39}},"10":{"start":{"line":59,"column":18},"end":{"line":59,"column":39}},"11":{"start":{"line":60,"column":18},"end":{"line":60,"column":19}},"12":{"start":{"line":62,"column":4},"end":{"line":136,"column":5}},"13":{"start":{"line":63,"column":22},"end":{"line":63,"column":47}},"14":{"start":{"line":66,"column":38},"end":{"line":66,"column":42}},"15":{"start":{"line":68,"column":34},"end":{"line":85,"column":7}},"16":{"start":{"line":69,"column":8},"end":{"line":69,"column":42}},"17":{"start":{"line":69,"column":24},"end":{"line":69,"column":42}},"18":{"start":{"line":71,"column":35},"end":{"line":72,"column":null}},"19":{"start":{"line":72,"column":10},"end":{"line":72,"column":108}},"20":{"start":{"line":75,"column":8},"end":{"line":75,"column":70}},"21":{"start":{"line":75,"column":24},"end":{"line":75,"column":49}},"22":{"start":{"line":75,"column":50},"end":{"line":75,"column":68}},"23":{"start":{"line":77,"column":31},"end":{"line":80,"column":null}},"24":{"start":{"line":78,"column":10},"end":{"line":80,"column":34}},"25":{"start":{"line":83,"column":8},"end":{"line":83,"column":62}},"26":{"start":{"line":83,"column":20},"end":{"line":83,"column":41}},"27":{"start":{"line":83,"column":42},"end":{"line":83,"column":60}},"28":{"start":{"line":84,"column":8},"end":{"line":84,"column":20}},"29":{"start":{"line":88,"column":6},"end":{"line":109,"column":7}},"30":{"start":{"line":89,"column":32},"end":{"line":91,"column":null}},"31":{"start":{"line":90,"column":10},"end":{"line":91,"column":70}},"32":{"start":{"line":94,"column":8},"end":{"line":94,"column":84}},"33":{"start":{"line":94,"column":19},"end":{"line":94,"column":84}},"34":{"start":{"line":97,"column":8},"end":{"line":107,"column":9}},"35":{"start":{"line":98,"column":10},"end":{"line":98,"column":27}},"36":{"start":{"line":100,"column":37},"end":{"line":103,"column":null}},"37":{"start":{"line":101,"column":12},"end":{"line":103,"column":36}},"38":{"start":{"line":105,"column":10},"end":{"line":106,"column":24}},"39":{"start":{"line":105,"column":26},"end":{"line":105,"column":47}},"40":{"start":{"line":105,"column":48},"end":{"line":105,"column":58}},"41":{"start":{"line":106,"column":15},"end":{"line":106,"column":24}},"42":{"start":{"line":108,"column":8},"end":{"line":108,"column":39}},"43":{"start":{"line":112,"column":6},"end":{"line":135,"column":7}},"44":{"start":{"line":113,"column":8},"end":{"line":134,"column":9}},"45":{"start":{"line":114,"column":25},"end":{"line":114,"column":68}},"46":{"start":{"line":115,"column":25},"end":{"line":115,"column":68}},"47":{"start":{"line":117,"column":10},"end":{"line":120,"column":11}},"48":{"start":{"line":118,"column":24},"end":{"line":118,"column":51}},"49":{"start":{"line":119,"column":12},"end":{"line":119,"column":36}},"50":{"start":{"line":119,"column":21},"end":{"line":119,"column":36}},"51":{"start":{"line":122,"column":10},"end":{"line":133,"column":11}},"52":{"start":{"line":123,"column":12},"end":{"line":131,"column":14}},"53":{"start":{"line":124,"column":14},"end":{"line":130,"column":16}},"54":{"start":{"line":132,"column":12},"end":{"line":132,"column":22}},"55":{"start":{"line":138,"column":4},"end":{"line":138,"column":19}},"56":{"start":{"line":9,"column":0},"end":{"line":9,"column":13}},"57":{"start":{"line":142,"column":13},"end":{"line":142,"column":37}}},"fnMap":{"0":{"name":"(anonymous_0)","decl":{"start":{"line":10,"column":2},"end":{"line":10,"column":null}},"loc":{"start":{"line":10,"column":2},"end":{"line":12,"column":3}}},"1":{"name":"(anonymous_1)","decl":{"start":{"line":14,"column":12},"end":{"line":14,"column":17}},"loc":{"start":{"line":14,"column":34},"end":{"line":139,"column":3}}},"2":{"name":"(anonymous_2)","decl":{"start":{"line":68,"column":34},"end":{"line":68,"column":39}},"loc":{"start":{"line":68,"column":69},"end":{"line":85,"column":7}}},"3":{"name":"(anonymous_3)","decl":{"start":{"line":71,"column":82},"end":{"line":71,"column":85}},"loc":{"start":{"line":72,"column":10},"end":{"line":72,"column":108}}},"4":{"name":"(anonymous_4)","decl":{"start":{"line":77,"column":81},"end":{"line":77,"column":84}},"loc":{"start":{"line":78,"column":10},"end":{"line":80,"column":34}}},"5":{"name":"(anonymous_5)","decl":{"start":{"line":89,"column":76},"end":{"line":89,"column":79}},"loc":{"start":{"line":90,"column":10},"end":{"line":91,"column":70}}},"6":{"name":"(anonymous_6)","decl":{"start":{"line":100,"column":82},"end":{"line":100,"column":85}},"loc":{"start":{"line":101,"column":12},"end":{"line":103,"column":36}}},"7":{"name":"(anonymous_7)","decl":{"start":{"line":123,"column":57},"end":{"line":123,"column":60}},"loc":{"start":{"line":124,"column":14},"end":{"line":130,"column":16}}}},"branchMap":{"0":{"loc":{"start":{"line":58,"column":18},"end":{"line":58,"column":39}},"type":"binary-expr","locations":[{"start":{"line":58,"column":18},"end":{"line":58,"column":33}},{"start":{"line":58,"column":37},"end":{"line":58,"column":39}}]},"1":{"loc":{"start":{"line":59,"column":18},"end":{"line":59,"column":39}},"type":"binary-expr","locations":[{"start":{"line":59,"column":18},"end":{"line":59,"column":33}},{"start":{"line":59,"column":37},"end":{"line":59,"column":39}}]},"2":{"loc":{"start":{"line":62,"column":4},"end":{"line":136,"column":5}},"type":"if","locations":[{"start":{"line":62,"column":4},"end":{"line":136,"column":5}},{"start":{},"end":{}}]},"3":{"loc":{"start":{"line":69,"column":8},"end":{"line":69,"column":42}},"type":"if","locations":[{"start":{"line":69,"column":8},"end":{"line":69,"column":42}},{"start":{},"end":{}}]},"4":{"loc":{"start":{"line":75,"column":8},"end":{"line":75,"column":70}},"type":"if","locations":[{"start":{"line":75,"column":8},"end":{"line":75,"column":70}},{"start":{},"end":{}}]},"5":{"loc":{"start":{"line":83,"column":8},"end":{"line":83,"column":62}},"type":"if","locations":[{"start":{"line":83,"column":8},"end":{"line":83,"column":62}},{"start":{},"end":{}}]},"6":{"loc":{"start":{"line":94,"column":8},"end":{"line":94,"column":84}},"type":"if","locations":[{"start":{"line":94,"column":8},"end":{"line":94,"column":84}},{"start":{},"end":{}}]},"7":{"loc":{"start":{"line":97,"column":8},"end":{"line":107,"column":9}},"type":"if","locations":[{"start":{"line":97,"column":8},"end":{"line":107,"column":9}},{"start":{"line":99,"column":15},"end":{"line":107,"column":9}}]},"8":{"loc":{"start":{"line":105,"column":10},"end":{"line":106,"column":24}},"type":"if","locations":[{"start":{"line":105,"column":10},"end":{"line":106,"column":24}},{"start":{"line":106,"column":15},"end":{"line":106,"column":24}}]},"9":{"loc":{"start":{"line":112,"column":6},"end":{"line":135,"column":7}},"type":"if","locations":[{"start":{"line":112,"column":6},"end":{"line":135,"column":7}},{"start":{},"end":{}}]},"10":{"loc":{"start":{"line":117,"column":10},"end":{"line":120,"column":11}},"type":"if","locations":[{"start":{"line":117,"column":10},"end":{"line":120,"column":11}},{"start":{},"end":{}}]},"11":{"loc":{"start":{"line":119,"column":12},"end":{"line":119,"column":36}},"type":"if","locations":[{"start":{"line":119,"column":12},"end":{"line":119,"column":36}},{"start":{},"end":{}}]},"12":{"loc":{"start":{"line":122,"column":10},"end":{"line":133,"column":11}},"type":"if","locations":[{"start":{"line":122,"column":10},"end":{"line":133,"column":11}},{"start":{},"end":{}}]},"13":{"loc":{"start":{"line":122,"column":14},"end":{"line":122,"column":34}},"type":"binary-expr","locations":[{"start":{"line":122,"column":14},"end":{"line":122,"column":22}},{"start":{"line":122,"column":26},"end":{"line":122,"column":34}}]}},"s":{"0":0,"1":0,"2":0,"3":0,"4":0,"5":0,"6":0,"7":0,"8":0,"9":0,"10":0,"11":0,"12":0,"13":0,"14":0,"15":0,"16":0,"17":0,"18":0,"19":0,"20":0,"21":0,"22":0,"23":0,"24":0,"25":0,"26":0,"27":0,"28":0,"29":0,"30":0,"31":0,"32":0,"33":0,"34":0,"35":0,"36":0,"37":0,"38":0,"39":0,"40":0,"41":0,"42":0,"43":0,"44":0,"45":0,"46":0,"47":0,"48":0,"49":0,"50":0,"51":0,"52":0,"53":0,"54":0,"55":0,"56":0,"57":0},"f":{"0":0,"1":0,"2":0,"3":0,"4":0,"5":0,"6":0,"7":0},"b":{"0":[0,0],"1":[0,0],"2":[0,0],"3":[0,0],"4":[0,0],"5":[0,0],"6":[0,0],"7":[0,0],"8":[0,0],"9":[0,0],"10":[0,0],"11":[0,0],"12":[0,0],"13":[0,0]}}
,"D:\\Software\\Human Os\\Human-OS\\backend\\src\\agents\\MilestoneAgent.ts": {"path":"D:\\Software\\Human Os\\Human-OS\\backend\\src\\agents\\MilestoneAgent.ts","statementMap":{"0":{"start":{"line":1,"column":0},"end":{"line":1,"column":40}},"1":{"start":{"line":3,"column":0},"end":{"line":3,"column":65}},"2":{"start":{"line":4,"column":0},"end":{"line":4,"column":64}},"3":{"start":{"line":9,"column":4},"end":{"line":9,"column":28}},"4":{"start":{"line":13,"column":43},"end":{"line":13,"column":54}},"5":{"start":{"line":15,"column":21},"end":{"line":54,"column":6}},"6":{"start":{"line":56,"column":19},"end":{"line":56,"column":84}},"7":{"start":{"line":57,"column":21},"end":{"line":57,"column":52}},"8":{"start":{"line":59,"column":18},"end":{"line":59,"column":19}},"9":{"start":{"line":60,"column":4},"end":{"line":65,"column":5}},"10":{"start":{"line":61,"column":6},"end":{"line":64,"column":7}},"11":{"start":{"line":62,"column":8},"end":{"line":62,"column":68}},"12":{"start":{"line":63,"column":8},"end":{"line":63,"column":18}},"13":{"start":{"line":67,"column":4},"end":{"line":67,"column":19}},"14":{"start":{"line":7,"column":0},"end":{"line":7,"column":13}},"15":{"start":{"line":71,"column":13},"end":{"line":71,"column":51}}},"fnMap":{"0":{"name":"(anonymous_0)","decl":{"start":{"line":8,"column":2},"end":{"line":8,"column":null}},"loc":{"start":{"line":8,"column":2},"end":{"line":10,"column":3}}},"1":{"name":"(anonymous_1)","decl":{"start":{"line":12,"column":12},"end":{"line":12,"column":17}},"loc":{"start":{"line":12,"column":34},"end":{"line":68,"column":3}}}},"branchMap":{"0":{"loc":{"start":{"line":57,"column":21},"end":{"line":57,"column":52}},"type":"binary-expr","locations":[{"start":{"line":57,"column":21},"end":{"line":57,"column":46}},{"start":{"line":57,"column":50},"end":{"line":57,"column":52}}]},"1":{"loc":{"start":{"line":61,"column":6},"end":{"line":64,"column":7}},"type":"if","locations":[{"start":{"line":61,"column":6},"end":{"line":64,"column":7}},{"start":{},"end":{}}]}},"s":{"0":0,"1":0,"2":0,"3":0,"4":0,"5":0,"6":0,"7":0,"8":0,"9":0,"10":0,"11":0,"12":0,"13":0,"14":0,"15":0},"f":{"0":0,"1":0},"b":{"0":[0,0],"1":[0,0]}}
,"D:\\Software\\Human Os\\Human-OS\\backend\\src\\agents\\ReflectionAgent.ts": {"path":"D:\\Software\\Human Os\\Human-OS\\backend\\src\\agents\\ReflectionAgent.ts","statementMap":{"0":{"start":{"line":1,"column":0},"end":{"line":1,"column":40}},"1":{"start":{"line":3,"column":0},"end":{"line":3,"column":65}},"2":{"start":{"line":4,"column":0},"end":{"line":4,"column":48}},"3":{"start":{"line":5,"column":0},"end":{"line":5,"column":39}},"4":{"start":{"line":9,"column":4},"end":{"line":9,"column":29}},"5":{"start":{"line":13,"column":29},"end":{"line":13,"column":40}},"6":{"start":{"line":15,"column":23},"end":{"line":15,"column":37}},"7":{"start":{"line":16,"column":4},"end":{"line":16,"column":36}},"8":{"start":{"line":17,"column":21},"end":{"line":17,"column":35}},"9":{"start":{"line":18,"column":4},"end":{"line":18,"column":39}},"10":{"start":{"line":21,"column":73},"end":{"line":25,"column":6}},"11":{"start":{"line":27,"column":4},"end":{"line":30,"column":5}},"12":{"start":{"line":28,"column":6},"end":{"line":28,"column":70}},"13":{"start":{"line":29,"column":6},"end":{"line":29,"column":15}},"14":{"start":{"line":33,"column":21},"end":{"line":33,"column":45}},"15":{"start":{"line":34,"column":4},"end":{"line":34,"column":122}},"16":{"start":{"line":34,"column":27},"end":{"line":34,"column":118}},"17":{"start":{"line":36,"column":4},"end":{"line":39,"column":5}},"18":{"start":{"line":37,"column":6},"end":{"line":37,"column":61}},"19":{"start":{"line":38,"column":6},"end":{"line":38,"column":91}},"20":{"start":{"line":38,"column":30},"end":{"line":38,"column":87}},"21":{"start":{"line":41,"column":4},"end":{"line":44,"column":5}},"22":{"start":{"line":42,"column":6},"end":{"line":42,"column":65}},"23":{"start":{"line":43,"column":6},"end":{"line":43,"column":74}},"24":{"start":{"line":43,"column":29},"end":{"line":43,"column":70}},"25":{"start":{"line":46,"column":21},"end":{"line":68,"column":6}},"26":{"start":{"line":70,"column":19},"end":{"line":70,"column":136}},"27":{"start":{"line":73,"column":4},"end":{"line":82,"column":7}},"28":{"start":{"line":85,"column":4},"end":{"line":85,"column":178}},"29":{"start":{"line":87,"column":4},"end":{"line":87,"column":13}},"30":{"start":{"line":7,"column":0},"end":{"line":7,"column":13}},"31":{"start":{"line":91,"column":13},"end":{"line":91,"column":53}}},"fnMap":{"0":{"name":"(anonymous_0)","decl":{"start":{"line":8,"column":2},"end":{"line":8,"column":null}},"loc":{"start":{"line":8,"column":2},"end":{"line":10,"column":3}}},"1":{"name":"(anonymous_1)","decl":{"start":{"line":12,"column":12},"end":{"line":12,"column":17}},"loc":{"start":{"line":12,"column":34},"end":{"line":88,"column":3}}},"2":{"name":"(anonymous_2)","decl":{"start":{"line":34,"column":20},"end":{"line":34,"column":21}},"loc":{"start":{"line":34,"column":24},"end":{"line":34,"column":120}}},"3":{"name":"(anonymous_3)","decl":{"start":{"line":38,"column":23},"end":{"line":38,"column":24}},"loc":{"start":{"line":38,"column":27},"end":{"line":38,"column":89}}},"4":{"name":"(anonymous_4)","decl":{"start":{"line":43,"column":22},"end":{"line":43,"column":23}},"loc":{"start":{"line":43,"column":26},"end":{"line":43,"column":72}}}},"branchMap":{"0":{"loc":{"start":{"line":27,"column":4},"end":{"line":30,"column":5}},"type":"if","locations":[{"start":{"line":27,"column":4},"end":{"line":30,"column":5}},{"start":{},"end":{}}]},"1":{"loc":{"start":{"line":27,"column":8},"end":{"line":27,"column":40}},"type":"binary-expr","locations":[{"start":{"line":27,"column":8},"end":{"line":27,"column":16}},{"start":{"line":27,"column":20},"end":{"line":27,"column":40}}]},"2":{"loc":{"start":{"line":36,"column":4},"end":{"line":39,"column":5}},"type":"if","locations":[{"start":{"line":36,"column":4},"end":{"line":39,"column":5}},{"start":{},"end":{}}]},"3":{"loc":{"start":{"line":36,"column":8},"end":{"line":36,"column":39}},"type":"binary-expr","locations":[{"start":{"line":36,"column":8},"end":{"line":36,"column":16}},{"start":{"line":36,"column":20},"end":{"line":36,"column":39}}]},"4":{"loc":{"start":{"line":41,"column":4},"end":{"line":44,"column":5}},"type":"if","locations":[{"start":{"line":41,"column":4},"end":{"line":44,"column":5}},{"start":{},"end":{}}]},"5":{"loc":{"start":{"line":41,"column":8},"end":{"line":41,"column":37}},"type":"binary-expr","locations":[{"start":{"line":41,"column":8},"end":{"line":41,"column":15}},{"start":{"line":41,"column":19},"end":{"line":41,"column":37}}]}},"s":{"0":0,"1":0,"2":0,"3":0,"4":0,"5":0,"6":0,"7":0,"8":0,"9":0,"10":0,"11":0,"12":0,"13":0,"14":0,"15":0,"16":0,"17":0,"18":0,"19":0,"20":0,"21":0,"22":0,"23":0,"24":0,"25":0,"26":0,"27":0,"28":0,"29":0,"30":0,"31":0},"f":{"0":0,"1":0,"2":0,"3":0,"4":0},"b":{"0":[0,0],"1":[0,0],"2":[0,0],"3":[0,0],"4":[0,0],"5":[0,0]}}
,"D:\\Software\\Human Os\\Human-OS\\backend\\src\\agents\\SemanticAgent.ts": {"path":"D:\\Software\\Human Os\\Human-OS\\backend\\src\\agents\\SemanticAgent.ts","statementMap":{"0":{"start":{"line":1,"column":0},"end":{"line":1,"column":40}},"1":{"start":{"line":3,"column":0},"end":{"line":3,"column":65}},"2":{"start":{"line":4,"column":0},"end":{"line":4,"column":64}},"3":{"start":{"line":9,"column":4},"end":{"line":9,"column":27}},"4":{"start":{"line":13,"column":43},"end":{"line":13,"column":54}},"5":{"start":{"line":15,"column":21},"end":{"line":47,"column":6}},"6":{"start":{"line":49,"column":19},"end":{"line":49,"column":83}},"7":{"start":{"line":50,"column":21},"end":{"line":50,"column":51}},"8":{"start":{"line":52,"column":18},"end":{"line":52,"column":19}},"9":{"start":{"line":53,"column":4},"end":{"line":58,"column":5}},"10":{"start":{"line":54,"column":6},"end":{"line":57,"column":7}},"11":{"start":{"line":55,"column":8},"end":{"line":55,"column":68}},"12":{"start":{"line":56,"column":8},"end":{"line":56,"column":18}},"13":{"start":{"line":60,"column":4},"end":{"line":60,"column":19}},"14":{"start":{"line":7,"column":0},"end":{"line":7,"column":13}},"15":{"start":{"line":64,"column":13},"end":{"line":64,"column":49}}},"fnMap":{"0":{"name":"(anonymous_0)","decl":{"start":{"line":8,"column":2},"end":{"line":8,"column":null}},"loc":{"start":{"line":8,"column":2},"end":{"line":10,"column":3}}},"1":{"name":"(anonymous_1)","decl":{"start":{"line":12,"column":12},"end":{"line":12,"column":17}},"loc":{"start":{"line":12,"column":34},"end":{"line":61,"column":3}}}},"branchMap":{"0":{"loc":{"start":{"line":50,"column":21},"end":{"line":50,"column":51}},"type":"binary-expr","locations":[{"start":{"line":50,"column":21},"end":{"line":50,"column":45}},{"start":{"line":50,"column":49},"end":{"line":50,"column":51}}]},"1":{"loc":{"start":{"line":54,"column":6},"end":{"line":57,"column":7}},"type":"if","locations":[{"start":{"line":54,"column":6},"end":{"line":57,"column":7}},{"start":{},"end":{}}]}},"s":{"0":0,"1":0,"2":0,"3":0,"4":0,"5":0,"6":0,"7":0,"8":0,"9":0,"10":0,"11":0,"12":0,"13":0,"14":0,"15":0},"f":{"0":0,"1":0},"b":{"0":[0,0],"1":[0,0]}}
,"D:\\Software\\Human Os\\Human-OS\\backend\\src\\agents\\ShortTermMemoryAgent.ts": {"path":"D:\\Software\\Human Os\\Human-OS\\backend\\src\\agents\\ShortTermMemoryAgent.ts","statementMap":{"0":{"start":{"line":1,"column":0},"end":{"line":1,"column":40}},"1":{"start":{"line":3,"column":0},"end":{"line":3,"column":65}},"2":{"start":{"line":4,"column":0},"end":{"line":4,"column":48}},"3":{"start":{"line":19,"column":4},"end":{"line":19,"column":34}},"4":{"start":{"line":23,"column":76},"end":{"line":23,"column":87}},"5":{"start":{"line":25,"column":21},"end":{"line":87,"column":6}},"6":{"start":{"line":89,"column":19},"end":{"line":89,"column":94}},"7":{"start":{"line":90,"column":21},"end":{"line":90,"column":53}},"8":{"start":{"line":92,"column":18},"end":{"line":92,"column":19}},"9":{"start":{"line":93,"column":21},"end":{"line":93,"column":22}},"10":{"start":{"line":95,"column":4},"end":{"line":138,"column":5}},"11":{"start":{"line":96,"column":6},"end":{"line":96,"column":54}},"12":{"start":{"line":96,"column":45},"end":{"line":96,"column":54}},"13":{"start":{"line":98,"column":24},"end":{"line":98,"column":109}},"14":{"start":{"line":100,"column":33},"end":{"line":105,"column":22}},"15":{"start":{"line":107,"column":6},"end":{"line":137,"column":7}},"16":{"start":{"line":109,"column":25},"end":{"line":109,"column":58}},"17":{"start":{"line":110,"column":30},"end":{"line":110,"column":87}},"18":{"start":{"line":111,"column":8},"end":{"line":118,"column":33}},"19":{"start":{"line":119,"column":8},"end":{"line":119,"column":21}},"20":{"start":{"line":122,"column":8},"end":{"line":135,"column":13}},"21":{"start":{"line":136,"column":8},"end":{"line":136,"column":18}},"22":{"start":{"line":141,"column":37},"end":{"line":144,"column":28}},"23":{"start":{"line":146,"column":4},"end":{"line":164,"column":5}},"24":{"start":{"line":147,"column":21},"end":{"line":147,"column":40}},"25":{"start":{"line":149,"column":33},"end":{"line":155,"column":22}},"26":{"start":{"line":157,"column":6},"end":{"line":163,"column":7}},"27":{"start":{"line":158,"column":20},"end":{"line":158,"column":43}},"28":{"start":{"line":158,"column":38},"end":{"line":158,"column":42}},"29":{"start":{"line":159,"column":8},"end":{"line":162,"column":25}},"30":{"start":{"line":166,"column":4},"end":{"line":166,"column":65}},"31":{"start":{"line":166,"column":21},"end":{"line":166,"column":65}},"32":{"start":{"line":167,"column":4},"end":{"line":167,"column":74}},"33":{"start":{"line":167,"column":24},"end":{"line":167,"column":74}},"34":{"start":{"line":169,"column":4},"end":{"line":169,"column":32}},"35":{"start":{"line":17,"column":0},"end":{"line":17,"column":13}},"36":{"start":{"line":173,"column":13},"end":{"line":173,"column":63}}},"fnMap":{"0":{"name":"(anonymous_0)","decl":{"start":{"line":18,"column":2},"end":{"line":18,"column":null}},"loc":{"start":{"line":18,"column":2},"end":{"line":20,"column":3}}},"1":{"name":"(anonymous_1)","decl":{"start":{"line":22,"column":12},"end":{"line":22,"column":17}},"loc":{"start":{"line":22,"column":34},"end":{"line":170,"column":3}}},"2":{"name":"(anonymous_2)","decl":{"start":{"line":158,"column":33},"end":{"line":158,"column":34}},"loc":{"start":{"line":158,"column":38},"end":{"line":158,"column":42}}}},"branchMap":{"0":{"loc":{"start":{"line":75,"column":2},"end":{"line":75,"column":47}},"type":"binary-expr","locations":[{"start":{"line":75,"column":2},"end":{"line":75,"column":22}},{"start":{"line":75,"column":26},"end":{"line":75,"column":47}}]},"1":{"loc":{"start":{"line":81,"column":2},"end":{"line":81,"column":37}},"type":"binary-expr","locations":[{"start":{"line":81,"column":2},"end":{"line":81,"column":11}},{"start":{"line":81,"column":15},"end":{"line":81,"column":37}}]},"2":{"loc":{"start":{"line":90,"column":21},"end":{"line":90,"column":53}},"type":"binary-expr","locations":[{"start":{"line":90,"column":21},"end":{"line":90,"column":47}},{"start":{"line":90,"column":51},"end":{"line":90,"column":53}}]},"3":{"loc":{"start":{"line":96,"column":6},"end":{"line":96,"column":54}},"type":"if","locations":[{"start":{"line":96,"column":6},"end":{"line":96,"column":54}},{"start":{},"end":{}}]},"4":{"loc":{"start":{"line":96,"column":10},"end":{"line":96,"column":43}},"type":"binary-expr","locations":[{"start":{"line":96,"column":10},"end":{"line":96,"column":28}},{"start":{"line":96,"column":32},"end":{"line":96,"column":43}}]},"5":{"loc":{"start":{"line":98,"column":24},"end":{"line":98,"column":109}},"type":"cond-expr","locations":[{"start":{"line":98,"column":46},"end":{"line":98,"column":50}},{"start":{"line":98,"column":53},"end":{"line":98,"column":109}}]},"6":{"loc":{"start":{"line":107,"column":6},"end":{"line":137,"column":7}},"type":"if","locations":[{"start":{"line":107,"column":6},"end":{"line":137,"column":7}},{"start":{"line":120,"column":13},"end":{"line":137,"column":7}}]},"7":{"loc":{"start":{"line":109,"column":26},"end":{"line":109,"column":53}},"type":"binary-expr","locations":[{"start":{"line":109,"column":26},"end":{"line":109,"column":48}},{"start":{"line":109,"column":52},"end":{"line":109,"column":53}}]},"8":{"loc":{"start":{"line":110,"column":44},"end":{"line":110,"column":81}},"type":"binary-expr","locations":[{"start":{"line":110,"column":44},"end":{"line":110,"column":63}},{"start":{"line":110,"column":67},"end":{"line":110,"column":81}}]},"9":{"loc":{"start":{"line":127,"column":22},"end":{"line":127,"column":53}},"type":"binary-expr","locations":[{"start":{"line":127,"column":22},"end":{"line":127,"column":34}},{"start":{"line":127,"column":38},"end":{"line":127,"column":53}}]},"10":{"loc":{"start":{"line":130,"column":24},"end":{"line":130,"column":75}},"type":"cond-expr","locations":[{"start":{"line":130,"column":55},"end":{"line":130,"column":69}},{"start":{"line":130,"column":72},"end":{"line":130,"column":75}}]},"11":{"loc":{"start":{"line":146,"column":4},"end":{"line":164,"column":5}},"type":"if","locations":[{"start":{"line":146,"column":4},"end":{"line":164,"column":5}},{"start":{},"end":{}}]},"12":{"loc":{"start":{"line":146,"column":8},"end":{"line":146,"column":44}},"type":"binary-expr","locations":[{"start":{"line":146,"column":8},"end":{"line":146,"column":21}},{"start":{"line":146,"column":25},"end":{"line":146,"column":44}}]},"13":{"loc":{"start":{"line":157,"column":6},"end":{"line":163,"column":7}},"type":"if","locations":[{"start":{"line":157,"column":6},"end":{"line":163,"column":7}},{"start":{},"end":{}}]},"14":{"loc":{"start":{"line":157,"column":10},"end":{"line":157,"column":41}},"type":"binary-expr","locations":[{"start":{"line":157,"column":10},"end":{"line":157,"column":18}},{"start":{"line":157,"column":22},"end":{"line":157,"column":41}}]},"15":{"loc":{"start":{"line":166,"column":4},"end":{"line":166,"column":65}},"type":"if","locations":[{"start":{"line":166,"column":4},"end":{"line":166,"column":65}},{"start":{},"end":{}}]},"16":{"loc":{"start":{"line":167,"column":4},"end":{"line":167,"column":74}},"type":"if","locations":[{"start":{"line":167,"column":4},"end":{"line":167,"column":74}},{"start":{},"end":{}}]}},"s":{"0":0,"1":0,"2":0,"3":0,"4":0,"5":0,"6":0,"7":0,"8":0,"9":0,"10":0,"11":0,"12":0,"13":0,"14":0,"15":0,"16":0,"17":0,"18":0,"19":0,"20":0,"21":0,"22":0,"23":0,"24":0,"25":0,"26":0,"27":0,"28":0,"29":0,"30":0,"31":0,"32":0,"33":0,"34":0,"35":0,"36":0},"f":{"0":0,"1":0,"2":0},"b":{"0":[0,0],"1":[0,0],"2":[0,0],"3":[0,0],"4":[0,0],"5":[0,0],"6":[0,0],"7":[0,0],"8":[0,0],"9":[0,0],"10":[0,0],"11":[0,0],"12":[0,0],"13":[0,0],"14":[0,0],"15":[0,0],"16":[0,0]}}
,"D:\\Software\\Human Os\\Human-OS\\backend\\src\\agents\\WorkingMemoryAgent.ts": {"path":"D:\\Software\\Human Os\\Human-OS\\backend\\src\\agents\\WorkingMemoryAgent.ts","statementMap":{"0":{"start":{"line":1,"column":0},"end":{"line":1,"column":40}},"1":{"start":{"line":3,"column":0},"end":{"line":3,"column":65}},"2":{"start":{"line":4,"column":0},"end":{"line":4,"column":48}},"3":{"start":{"line":9,"column":4},"end":{"line":9,"column":32}},"4":{"start":{"line":13,"column":32},"end":{"line":13,"column":43}},"5":{"start":{"line":15,"column":21},"end":{"line":42,"column":6}},"6":{"start":{"line":44,"column":19},"end":{"line":44,"column":153}},"7":{"start":{"line":45,"column":16},"end":{"line":45,"column":45}},"8":{"start":{"line":47,"column":4},"end":{"line":59,"column":5}},"9":{"start":{"line":48,"column":24},"end":{"line":57,"column":8}},"10":{"start":{"line":49,"column":24},"end":{"line":49,"column":34}},"11":{"start":{"line":50,"column":8},"end":{"line":50,"column":75}},"12":{"start":{"line":51,"column":8},"end":{"line":56,"column":10}},"13":{"start":{"line":58,"column":6},"end":{"line":58,"column":67}},"14":{"start":{"line":61,"column":4},"end":{"line":61,"column":22}},"15":{"start":{"line":7,"column":0},"end":{"line":7,"column":13}},"16":{"start":{"line":65,"column":13},"end":{"line":65,"column":59}}},"fnMap":{"0":{"name":"(anonymous_0)","decl":{"start":{"line":8,"column":2},"end":{"line":8,"column":null}},"loc":{"start":{"line":8,"column":2},"end":{"line":10,"column":3}}},"1":{"name":"(anonymous_1)","decl":{"start":{"line":12,"column":12},"end":{"line":12,"column":17}},"loc":{"start":{"line":12,"column":34},"end":{"line":62,"column":3}}},"2":{"name":"(anonymous_2)","decl":{"start":{"line":48,"column":32},"end":{"line":48,"column":34}},"loc":{"start":{"line":48,"column":37},"end":{"line":57,"column":7}}}},"branchMap":{"0":{"loc":{"start":{"line":45,"column":16},"end":{"line":45,"column":45}},"type":"binary-expr","locations":[{"start":{"line":45,"column":16},"end":{"line":45,"column":39}},{"start":{"line":45,"column":43},"end":{"line":45,"column":45}}]},"1":{"loc":{"start":{"line":47,"column":4},"end":{"line":59,"column":5}},"type":"if","locations":[{"start":{"line":47,"column":4},"end":{"line":59,"column":5}},{"start":{},"end":{}}]},"2":{"loc":{"start":{"line":50,"column":47},"end":{"line":50,"column":72}},"type":"binary-expr","locations":[{"start":{"line":50,"column":47},"end":{"line":50,"column":66}},{"start":{"line":50,"column":70},"end":{"line":50,"column":72}}]}},"s":{"0":0,"1":0,"2":0,"3":0,"4":0,"5":0,"6":0,"7":0,"8":0,"9":0,"10":0,"11":0,"12":0,"13":0,"14":0,"15":0,"16":0},"f":{"0":0,"1":0,"2":0},"b":{"0":[0,0],"1":[0,0],"2":[0,0]}}
,"D:\\Software\\Human Os\\Human-OS\\backend\\src\\agents\\__tests__\\runTests.ts": {"path":"D:\\Software\\Human Os\\Human-OS\\backend\\src\\agents\\__tests__\\runTests.ts","statementMap":{"0":{"start":{"line":1,"column":0},"end":{"line":1,"column":49}},"1":{"start":{"line":3,"column":0},"end":{"line":3,"column":42}},"2":{"start":{"line":6,"column":2},"end":{"line":6,"column":45}},"3":{"start":{"line":8,"column":23},"end":{"line":19,"column":4}},"4":{"start":{"line":21,"column":2},"end":{"line":37,"column":3}},"5":{"start":{"line":23,"column":4},"end":{"line":23,"column":45}},"6":{"start":{"line":28,"column":4},"end":{"line":28,"column":44}},"7":{"start":{"line":31,"column":4},"end":{"line":31,"column":44}},"8":{"start":{"line":33,"column":4},"end":{"line":33,"column":55}},"9":{"start":{"line":35,"column":4},"end":{"line":35,"column":100}},"10":{"start":{"line":36,"column":4},"end":{"line":36,"column":20}},"11":{"start":{"line":41,"column":0},"end":{"line":43,"column":1}},"12":{"start":{"line":42,"column":2},"end":{"line":42,"column":13}}},"fnMap":{"0":{"name":"runTests","decl":{"start":{"line":5,"column":15},"end":{"line":5,"column":23}},"loc":{"start":{"line":5,"column":23},"end":{"line":38,"column":1}}}},"branchMap":{"0":{"loc":{"start":{"line":35,"column":48},"end":{"line":35,"column":96}},"type":"cond-expr","locations":[{"start":{"line":35,"column":71},"end":{"line":35,"column":82}},{"start":{"line":35,"column":85},"end":{"line":35,"column":96}}]},"1":{"loc":{"start":{"line":41,"column":0},"end":{"line":43,"column":1}},"type":"if","locations":[{"start":{"line":41,"column":0},"end":{"line":43,"column":1}},{"start":{},"end":{}}]}},"s":{"0":0,"1":0,"2":0,"3":0,"4":0,"5":0,"6":0,"7":0,"8":0,"9":0,"10":0,"11":0,"12":0},"f":{"0":0},"b":{"0":[0,0],"1":[0,0]}}
,"D:\\Software\\Human Os\\Human-OS\\backend\\src\\config\\index.ts": {"path":"D:\\Software\\Human Os\\Human-OS\\backend\\src\\config\\index.ts","statementMap":{"0":{"start":{"line":7,"column":0},"end":{"line":7,"column":28}},"1":{"start":{"line":10,"column":0},"end":{"line":10,"column":16}},"2":{"start":{"line":13,"column":16},"end":{"line":13,"column":32}},"3":{"start":{"line":14,"column":2},"end":{"line":16,"column":3}},"4":{"start":{"line":15,"column":4},"end":{"line":15,"column":69}},"5":{"start":{"line":17,"column":2},"end":{"line":17,"column":22}},"6":{"start":{"line":21,"column":16},"end":{"line":21,"column":32}},"7":{"start":{"line":22,"column":2},"end":{"line":22,"column":68}},"8":{"start":{"line":25,"column":13},"end":{"line":66,"column":11}},"9":{"start":{"line":53,"column":18},"end":{"line":53,"column":26}}},"fnMap":{"0":{"name":"requireEnv","decl":{"start":{"line":12,"column":9},"end":{"line":12,"column":19}},"loc":{"start":{"line":12,"column":31},"end":{"line":18,"column":1}}},"1":{"name":"optionalEnv","decl":{"start":{"line":20,"column":9},"end":{"line":20,"column":20}},"loc":{"start":{"line":20,"column":54},"end":{"line":23,"column":1}}},"2":{"name":"(anonymous_3)","decl":{"start":{"line":53,"column":11},"end":{"line":53,"column":12}},"loc":{"start":{"line":53,"column":18},"end":{"line":53,"column":26}}}},"branchMap":{"0":{"loc":{"start":{"line":14,"column":2},"end":{"line":16,"column":3}},"type":"if","locations":[{"start":{"line":14,"column":2},"end":{"line":16,"column":3}},{"start":{},"end":{}}]},"1":{"loc":{"start":{"line":14,"column":6},"end":{"line":14,"column":35}},"type":"binary-expr","locations":[{"start":{"line":14,"column":6},"end":{"line":14,"column":12}},{"start":{"line":14,"column":16},"end":{"line":14,"column":35}}]},"2":{"loc":{"start":{"line":22,"column":9},"end":{"line":22,"column":67}},"type":"cond-expr","locations":[{"start":{"line":22,"column":40},"end":{"line":22,"column":52}},{"start":{"line":22,"column":55},"end":{"line":22,"column":67}}]},"3":{"loc":{"start":{"line":22,"column":9},"end":{"line":22,"column":37}},"type":"binary-expr","locations":[{"start":{"line":22,"column":9},"end":{"line":22,"column":14}},{"start":{"line":22,"column":18},"end":{"line":22,"column":37}}]}},"s":{"0":0,"1":0,"2":0,"3":0,"4":0,"5":0,"6":0,"7":0,"8":0,"9":0},"f":{"0":0,"1":0,"2":0},"b":{"0":[0,0],"1":[0,0],"2":[0,0],"3":[0,0]}}
,"D:\\Software\\Human Os\\Human-OS\\backend\\src\\lib\\cache.ts": {"path":"D:\\Software\\Human Os\\Human-OS\\backend\\src\\lib\\cache.ts","statementMap":{"0":{"start":{"line":6,"column":0},"end":{"line":6,"column":34}},"1":{"start":{"line":15,"column":18},"end":{"line":15,"column":52}},"2":{"start":{"line":16,"column":17},"end":{"line":16,"column":18}},"3":{"start":{"line":17,"column":19},"end":{"line":17,"column":20}},"4":{"start":{"line":20,"column":18},"end":{"line":20,"column":37}},"5":{"start":{"line":21,"column":4},"end":{"line":24,"column":5}},"6":{"start":{"line":22,"column":6},"end":{"line":22,"column":20}},"7":{"start":{"line":23,"column":6},"end":{"line":23,"column":23}},"8":{"start":{"line":25,"column":4},"end":{"line":29,"column":5}},"9":{"start":{"line":26,"column":6},"end":{"line":26,"column":29}},"10":{"start":{"line":27,"column":6},"end":{"line":27,"column":20}},"11":{"start":{"line":28,"column":6},"end":{"line":28,"column":23}},"12":{"start":{"line":30,"column":4},"end":{"line":30,"column":16}},"13":{"start":{"line":31,"column":4},"end":{"line":31,"column":28}},"14":{"start":{"line":35,"column":4},"end":{"line":39,"column":7}},"15":{"start":{"line":46,"column":4},"end":{"line":46,"column":27}},"16":{"start":{"line":54,"column":16},"end":{"line":54,"column":17}},"17":{"start":{"line":55,"column":4},"end":{"line":60,"column":5}},"18":{"start":{"line":56,"column":6},"end":{"line":59,"column":7}},"19":{"start":{"line":57,"column":8},"end":{"line":57,"column":31}},"20":{"start":{"line":58,"column":8},"end":{"line":58,"column":16}},"21":{"start":{"line":61,"column":4},"end":{"line":63,"column":5}},"22":{"start":{"line":62,"column":6},"end":{"line":62,"column":83}},"23":{"start":{"line":70,"column":18},"end":{"line":70,"column":41}},"24":{"start":{"line":71,"column":4},"end":{"line":77,"column":6}},"25":{"start":{"line":84,"column":4},"end":{"line":84,"column":23}},"26":{"start":{"line":85,"column":4},"end":{"line":85,"column":18}},"27":{"start":{"line":86,"column":4},"end":{"line":86,"column":20}},"28":{"start":{"line":91,"column":13},"end":{"line":91,"column":37}},"29":{"start":{"line":94,"column":13},"end":{"line":100,"column":11}},"30":{"start":{"line":103,"column":13},"end":{"line":109,"column":11}}},"fnMap":{"0":{"name":"(anonymous_0)","decl":{"start":{"line":19,"column":2},"end":{"line":19,"column":5}},"loc":{"start":{"line":19,"column":20},"end":{"line":32,"column":3}}},"1":{"name":"(anonymous_1)","decl":{"start":{"line":34,"column":2},"end":{"line":34,"column":5}},"loc":{"start":{"line":34,"column":68},"end":{"line":40,"column":3}}},"2":{"name":"(anonymous_2)","decl":{"start":{"line":45,"column":2},"end":{"line":45,"column":12}},"loc":{"start":{"line":45,"column":24},"end":{"line":47,"column":3}}},"3":{"name":"(anonymous_3)","decl":{"start":{"line":53,"column":2},"end":{"line":53,"column":21}},"loc":{"start":{"line":53,"column":39},"end":{"line":64,"column":3}}},"4":{"name":"(anonymous_4)","decl":{"start":{"line":69,"column":2},"end":{"line":69,"column":7}},"loc":{"start":{"line":69,"column":7},"end":{"line":78,"column":3}}},"5":{"name":"(anonymous_5)","decl":{"start":{"line":83,"column":2},"end":{"line":83,"column":7}},"loc":{"start":{"line":83,"column":7},"end":{"line":87,"column":3}}}},"branchMap":{"0":{"loc":{"start":{"line":21,"column":4},"end":{"line":24,"column":5}},"type":"if","locations":[{"start":{"line":21,"column":4},"end":{"line":24,"column":5}},{"start":{},"end":{}}]},"1":{"loc":{"start":{"line":25,"column":4},"end":{"line":29,"column":5}},"type":"if","locations":[{"start":{"line":25,"column":4},"end":{"line":29,"column":5}},{"start":{},"end":{}}]},"2":{"loc":{"start":{"line":34,"column":47},"end":{"line":34,"column":68}},"type":"default-arg","locations":[{"start":{"line":34,"column":59},"end":{"line":34,"column":68}}]},"3":{"loc":{"start":{"line":56,"column":6},"end":{"line":59,"column":7}},"type":"if","locations":[{"start":{"line":56,"column":6},"end":{"line":59,"column":7}},{"start":{},"end":{}}]},"4":{"loc":{"start":{"line":61,"column":4},"end":{"line":63,"column":5}},"type":"if","locations":[{"start":{"line":61,"column":4},"end":{"line":63,"column":5}},{"start":{},"end":{}}]},"5":{"loc":{"start":{"line":75,"column":15},"end":{"line":75,"column":73}},"type":"cond-expr","locations":[{"start":{"line":75,"column":27},"end":{"line":75,"column":69}},{"start":{"line":75,"column":72},"end":{"line":75,"column":73}}]},"6":{"loc":{"start":{"line":76,"column":16},"end":{"line":76,"column":76}},"type":"cond-expr","locations":[{"start":{"line":76,"column":28},"end":{"line":76,"column":72}},{"start":{"line":76,"column":75},"end":{"line":76,"column":76}}]}},"s":{"0":0,"1":0,"2":0,"3":0,"4":0,"5":0,"6":0,"7":0,"8":0,"9":0,"10":0,"11":0,"12":0,"13":0,"14":0,"15":0,"16":0,"17":0,"18":0,"19":0,"20":0,"21":0,"22":0,"23":0,"24":0,"25":0,"26":0,"27":0,"28":0,"29":0,"30":0},"f":{"0":0,"1":0,"2":0,"3":0,"4":0,"5":0},"b":{"0":[0,0],"1":[0,0],"2":[0],"3":[0,0],"4":[0,0],"5":[0,0],"6":[0,0]}}
,"D:\\Software\\Human Os\\Human-OS\\backend\\src\\lib\\encryption.ts": {"path":"D:\\Software\\Human Os\\Human-OS\\backend\\src\\lib\\encryption.ts","statementMap":{"0":{"start":{"line":19,"column":0},"end":{"line":19,"column":16}},"1":{"start":{"line":35,"column":0},"end":{"line":35,"column":16}},"2":{"start":{"line":1,"column":0},"end":{"line":1,"column":28}},"3":{"start":{"line":3,"column":18},"end":{"line":3,"column":31}},"4":{"start":{"line":4,"column":18},"end":{"line":4,"column":20}},"5":{"start":{"line":7,"column":20},"end":{"line":7,"column":53}},"6":{"start":{"line":8,"column":2},"end":{"line":12,"column":3}},"7":{"start":{"line":10,"column":4},"end":{"line":10,"column":141}},"8":{"start":{"line":11,"column":4},"end":{"line":11,"column":88}},"9":{"start":{"line":13,"column":2},"end":{"line":13,"column":64}},"10":{"start":{"line":20,"column":13},"end":{"line":20,"column":42}},"11":{"start":{"line":21,"column":14},"end":{"line":21,"column":32}},"12":{"start":{"line":22,"column":17},"end":{"line":22,"column":58}},"13":{"start":{"line":24,"column":18},"end":{"line":24,"column":52}},"14":{"start":{"line":25,"column":2},"end":{"line":25,"column":35}},"15":{"start":{"line":27,"column":18},"end":{"line":27,"column":53}},"16":{"start":{"line":29,"column":2},"end":{"line":29,"column":57}},"17":{"start":{"line":36,"column":16},"end":{"line":36,"column":40}},"18":{"start":{"line":37,"column":2},"end":{"line":39,"column":3}},"19":{"start":{"line":38,"column":4},"end":{"line":38,"column":85}},"20":{"start":{"line":41,"column":13},"end":{"line":41,"column":41}},"21":{"start":{"line":42,"column":18},"end":{"line":42,"column":46}},"22":{"start":{"line":43,"column":21},"end":{"line":43,"column":29}},"23":{"start":{"line":45,"column":14},"end":{"line":45,"column":32}},"24":{"start":{"line":46,"column":19},"end":{"line":46,"column":62}},"25":{"start":{"line":47,"column":2},"end":{"line":47,"column":31}},"26":{"start":{"line":49,"column":18},"end":{"line":49,"column":60}},"27":{"start":{"line":50,"column":2},"end":{"line":50,"column":38}},"28":{"start":{"line":52,"column":2},"end":{"line":52,"column":19}}},"fnMap":{"0":{"name":"getEncryptionKey","decl":{"start":{"line":6,"column":9},"end":{"line":6,"column":25}},"loc":{"start":{"line":6,"column":25},"end":{"line":14,"column":1}}},"1":{"name":"encrypt","decl":{"start":{"line":19,"column":16},"end":{"line":19,"column":23}},"loc":{"start":{"line":19,"column":36},"end":{"line":30,"column":1}}},"2":{"name":"decrypt","decl":{"start":{"line":35,"column":16},"end":{"line":35,"column":23}},"loc":{"start":{"line":35,"column":45},"end":{"line":53,"column":1}}}},"branchMap":{"0":{"loc":{"start":{"line":8,"column":2},"end":{"line":12,"column":3}},"type":"if","locations":[{"start":{"line":8,"column":2},"end":{"line":12,"column":3}},{"start":{},"end":{}}]},"1":{"loc":{"start":{"line":8,"column":6},"end":{"line":8,"column":43}},
[...]
d":{"line":213,"column":5}},"54":{"start":{"line":207,"column":6},"end":{"line":207,"column":80}},"55":{"start":{"line":208,"column":6},"end":{"line":212,"column":7}},"56":{"start":{"line":209,"column":31},"end":{"line":209,"column":78}},"57":{"start":{"line":210,"column":28},"end":{"line":210,"column":80}},"58":{"start":{"line":211,"column":8},"end":{"line":211,"column":74}},"59":{"start":{"line":216,"column":4},"end":{"line":216,"column":68}},"60":{"start":{"line":217,"column":4},"end":{"line":223,"column":5}},"61":{"start":{"line":218,"column":6},"end":{"line":218,"column":74}},"62":{"start":{"line":220,"column":6},"end":{"line":222,"column":7}},"63":{"start":{"line":221,"column":8},"end":{"line":221,"column":108}},"64":{"start":{"line":225,"column":4},"end":{"line":245,"column":2}},"65":{"start":{"line":247,"column":4},"end":{"line":251,"column":5}},"66":{"start":{"line":248,"column":6},"end":{"line":248,"column":231}},"67":{"start":{"line":249,"column":11},"end":{"line":251,"column":5}},"68":{"start":{"line":250,"column":6},"end":{"line":250,"column":78}},"69":{"start":{"line":253,"column":4},"end":{"line":300,"column":5}},"70":{"start":{"line":254,"column":6},"end":{"line":263,"column":67}},"71":{"start":{"line":266,"column":6},"end":{"line":299,"column":136}},"72":{"start":{"line":302,"column":4},"end":{"line":302,"column":23}},"73":{"start":{"line":5,"column":0},"end":{"line":5,"column":13}},"74":{"start":{"line":306,"column":13},"end":{"line":306,"column":49}}},"fnMap":{"0":{"name":"(anonymous_0)","decl":{"start":{"line":15,"column":2},"end":{"line":15,"column":7}},"loc":{"start":{"line":15,"column":19},"end":{"line":31,"column":3}}},"1":{"name":"(anonymous_1)","decl":{"start":{"line":24,"column":44},"end":{"line":24,"column":45}},"loc":{"start":{"line":24,"column":49},"end":{"line":24,"column":61}}},"2":{"name":"(anonymous_2)","decl":{"start":{"line":37,"column":2},"end":{"line":37,"column":7}},"loc":{"start":{"line":37,"column":26},"end":{"line":45,"column":3}}},"3":{"name":"(anonymous_3)","decl":{"start":{"line":55,"column":2},"end":{"line":55,"column":19}},"loc":{"start":{"line":65,"column":27},"end":{"line":303,"column":3}}},"4":{"name":"(anonymous_4)","decl":{"start":{"line":159,"column":25},"end":{"line":159,"column":26}},"loc":{"start":{"line":159,"column":30},"end":{"line":159,"column":38}}},"5":{"name":"(anonymous_5)","decl":{"start":{"line":184,"column":49},"end":{"line":184,"column":51}},"loc":{"start":{"line":185,"column":8},"end":{"line":185,"column":102}}},"6":{"name":"(anonymous_6)","decl":{"start":{"line":185,"column":26},"end":{"line":185,"column":27}},"loc":{"start":{"line":185,"column":31},"end":{"line":185,"column":101}}},"7":{"name":"(anonymous_7)","decl":{"start":{"line":187,"column":46},"end":{"line":187,"column":48}},"loc":{"start":{"line":187,"column":52},"end":{"line":187,"column":77}}}},"branchMap":{"0":{"loc":{"start":{"line":22,"column":6},"end":{"line":22,"column":29}},"type":"if","locations":[{"start":{"line":22,"column":6},"end":{"line":22,"column":29}},{"start":{},"end":{}}]},"1":{"loc":{"start":{"line":24,"column":28},"end":{"line":24,"column":38}},"type":"binary-expr","locations":[{"start":{"line":24,"column":28},"end":{"line":24,"column":32}},{"start":{"line":24,"column":36},"end":{"line":24,"column":38}}]},"2":{"loc":{"start":{"line":29,"column":82},"end":{"line":29,"column":130}},"type":"cond-expr","locations":[{"start":{"line":29,"column":105},"end":{"line":29,"column":116}},{"start":{"line":29,"column":119},"end":{"line":29,"column":130}}]},"3":{"loc":{"start":{"line":39,"column":4},"end":{"line":44,"column":5}},"type":"if","locations":[{"start":{"line":39,"column":4},"end":{"line":44,"column":5}},{"start":{},"end":{}}]},"4":{"loc":{"start":{"line":40,"column":6},"end":{"line":41,"column":34}},"type":"binary-expr","locations":[{"start":{"line":40,"column":6},"end":{"line":40,"column":72}},{"start":{"line":41,"column":6},"end":{"line":41,"column":34}}]},"5":{"loc":{"start":{"line":62,"column":4},"end":{"line":62,"column":52}},"type":"default-arg","locations":[{"start":{"line":62,"column":46},"end":{"line":62,"column":52}}]},"6":{"loc":{"start":{"line":64,"column":4},"end":{"line":64,"column":54}},"type":"default-arg","locations":[{"start":{"line":64,"column":42},"end":{"line":64,"column":54}}]},"7":{"loc":{"start":{"line":71,"column":4},"end":{"line":73,"column":5}},"type":"if","locations":[{"start":{"line":71,"column":4},"end":{"line":73,"column":5}},{"start":{},"end":{}}]},"8":{"loc":{"start":{"line":71,"column":8},"end":{"line":71,"column":58}},"type":"binary-expr","locations":[{"start":{"line":71,"column":8},"end":{"line":71,"column":22}},{"start":{"line":71,"column":26},"end":{"line":71,"column":58}}]},"9":{"loc":{"start":{"line":75,"column":4},"end":{"line":108,"column":5}},"type":"if","locations":[{"start":{"line":75,"column":4},"end":{"line":108,"column":5}},{"start":{"line":80,"column":11},"end":{"line":108,"column":5}}]},"10":{"loc":{"start":{"line":156,"column":4},"end":{"line":161,"column":5}},"type":"if","locations":[{"start":{"line":156,"column":4},"end":{"line":161,"column":5}},{"start":{},"end":{}}]},"11":{"loc":{"start":{"line":165,"column":4},"end":{"line":167,"column":5}},"type":"if","locations":[{"start":{"line":165,"column":4},"end":{"line":167,"column":5}},{"start":{},"end":{}}]},"12":{"loc":{"start":{"line":168,"column":4},"end":{"line":170,"column":5}},"type":"if","locations":[{"start":{"line":168,"column":4},"end":{"line":170,"column":5}},{"start":{},"end":{}}]},"13":{"loc":{"start":{"line":175,"column":4},"end":{"line":178,"column":5}},"type":"if","locations":[{"start":{"line":175,"column":4},"end":{"line":178,"column":5}},{"start":{},"end":{}}]},"14":{"loc":{"start":{"line":175,"column":8},"end":{"line":175,"column":80}},"type":"binary-expr","locations":[{"start":{"line":175,"column":8},"end":{"line":175,"column":33}},{"start":{"line":175,"column":37},"end":{"line":175,"column":80}}]},"15":{"loc":{"start":{"line":181,"column":4},"end":{"line":203,"column":5}},"type":"if","locations":[{"start":{"line":181,"column":4},"end":{"line":203,"column":5}},{"start":{},"end":{}}]},"16":{"loc":{"start":{"line":181,"column":8},"end":{"line":181,"column":53}},"type":"binary-expr","locations":[{"start":{"line":181,"column":8},"end":{"line":181,"column":23}},{"start":{"line":181,"column":27},"end":{"line":181,"column":53}}]},"17":{"loc":{"start":{"line":185,"column":31},"end":{"line":185,"column":101}},"type":"binary-expr","locations":[{"start":{"line":185,"column":31},"end":{"line":185,"column":63}},{"start":{"line":185,"column":67},"end":{"line":185,"column":101}}]},"18":{"loc":{"start":{"line":189,"column":6},"end":{"line":195,"column":7}},"type":"if","locations":[{"start":{"line":189,"column":6},"end":{"line":195,"column":7}},{"start":{},"end":{}}]},"19":{"loc":{"start":{"line":197,"column":6},"end":{"line":202,"column":7}},"type":"if","locations":[{"start":{"line":197,"column":6},"end":{"line":202,"column":7}},{"start":{},"end":{}}]},"20":{"loc":{"start":{"line":206,"column":4},"end":{"line":213,"column":5}},"type":"if","locations":[{"start":{"line":206,"column":4},"end":{"line":213,"column":5}},{"start":{},"end":{}}]},"21":{"loc":{"start":{"line":206,"column":8},"end":{"line":206,"column":57}},"type":"binary-expr","locations":[{"start":{"line":206,"column":8},"end":{"line":206,"column":25}},{"start":{"line":206,"column":29},"end":{"line":206,"column":57}}]},"22":{"loc":{"start":{"line":209,"column":31},"end":{"line":209,"column":78}},"type":"cond-expr","locations":[{"start":{"line":209,"column":45},"end":{"line":209,"column":73}},{"start":{"line":209,"column":76},"end":{"line":209,"column":78}}]},"23":{"loc":{"start":{"line":210,"column":28},"end":{"line":210,"column":80}},"type":"cond-expr","locations":[{"start":{"line":210,"column":44},"end":{"line":210,"column":75}},{"start":{"line":210,"column":78},"end":{"line":210,"column":80}}]},"24":{"loc":{"start":{"line":217,"column":4},"end":{"line":223,"column":5}},"type":"if","locations":[{"start":{"line":217,"column":4},"end":{"line":223,"column":5}},{"start":{"line":219,"column":11},"end":{"line":223,"column":5}}]},"25":{"loc":{"start":{"line":217,"column":8},"end":{"line":217,"column":42}},"type":"binary-expr","locations":[{"start":{"line":217,"column":8},"end":{"line":217,"column":17}},{"start":{"line":217,"column":21},"end":{"line":217,"column":42}}]},"26":{"loc":{"start":{"line":247,"column":4},"end":{"line":251,"column":5}},"type":"if","locations":[{"start":{"line":247,"column":4},"end":{"line":251,"column":5}},{"start":{"line":249,"column":11},"end":{"line":251,"column":5}}]},"27":{"loc":{"start":{"line":249,"column":11},"end":{"line":251,"column":5}},"type":"if","locations":[{"start":{"line":249,"column":11},"end":{"line":251,"column":5}},{"start":{},"end":{}}]},"28":{"loc":{"start":{"line":253,"column":4},"end":{"line":300,"column":5}},"type":"if","locations":[{"start":{"line":253,"column":4},"end":{"line":300,"column":5}},{"start":{"line":264,"column":11},"end":{"line":300,"column":5}}]}},"s":{"0":0,"1":0,"2":0,"3":0,"4":0,"5":0,"6":0,"7":0,"8":0,"9":0,"10":0,"11":0,"12":0,"13":0,"14":0,"15":0,"16":0,"17":0,"18":0,"19":0,"20":0,"21":0,"22":0,"23":0,"24":0,"25":0,"26":0,"27":0,"28":0,"29":0,"30":0,"31":0,"32":0,"33":0,"34":0,"35":0,"36":0,"37":0,"38":0,"39":0,"40":0,"41":0,"42":0,"43":0,"44":0,"45":0,"46":0,"47":0,"48":0,"49":0,"50":0,"51":0,"52":0,"53":0,"54":0,"55":0,"56":0,"57":0,"58":0,"59":0,"60":0,"61":0,"62":0,"63":0,"64":0,"65":0,"66":0,"67":0,"68":0,"69":0,"70":0,"71":0,"72":0,"73":0,"74":0},"f":{"0":0,"1":0,"2":0,"3":0,"4":0,"5":0,"6":0,"7":0},"b":{"0":[0,0],"1":[0,0],"2":[0,0],"3":[0,0],"4":[0,0],"5":[0],"6":[0],"7":[0,0],"8":[0,0],"9":[0,0],"10":[0,0],"11":[0,0],"12":[0,0],"13":[0,0],"14":[0,0],"15":[0,0],"16":[0,0],"17":[0,0],"18":[0,0],"19":[0,0],"20":[0,0],"21":[0,0],"22":[0,0],"23":[0,0],"24":[0,0],"25":[0,0],"26":[0,0],"27":[0,0],"28":[0,0]}}
,"D:\\Software\\Human Os\\Human-OS\\backend\\src\\services\\reminderService.ts": {"path":"D:\\Software\\Human Os\\Human-OS\\backend\\src\\services\\reminderService.ts","statementMap":{"0":{"start":{"line":1,"column":0},"end":{"line":1,"column":48}},"1":{"start":{"line":2,"column":0},"end":{"line":2,"column":39}},"2":{"start":{"line":24,"column":28},"end":{"line":31,"column":19}},"3":{"start":{"line":33,"column":4},"end":{"line":36,"column":5}},"4":{"start":{"line":34,"column":6},"end":{"line":34,"column":81}},"5":{"start":{"line":35,"column":6},"end":{"line":35,"column":16}},"6":{"start":{"line":38,"column":4},"end":{"line":38,"column":22}},"7":{"start":{"line":22,"column":0},"end":{"line":22,"column":13}},"8":{"start":{"line":42,"column":13},"end":{"line":42,"column":53}}},"fnMap":{"0":{"name":"(anonymous_0)","decl":{"start":{"line":23,"column":2},"end":{"line":23,"column":7}},"loc":{"start":{"line":23,"column":63},"end":{"line":39,"column":3}}}},"branchMap":{"0":{"loc":{"start":{"line":23,"column":45},"end":{"line":23,"column":63}},"type":"default-arg","locations":[{"start":{"line":23,"column":61},"end":{"line":23,"column":63}}]},"1":{"loc":{"start":{"line":33,"column":4},"end":{"line":36,"column":5}},"type":"if","locations":[{"start":{"line":33,"column":4},"end":{"line":36,"column":5}},{"start":{},"end":{}}]},"2":{"loc":{"start":{"line":38,"column":11},"end":{"line":38,"column":21}},"type":"binary-expr","locations":[{"start":{"line":38,"column":11},"end":{"line":38,"column":15}},{"start":{"line":38,"column":19},"end":{"line":38,"column":21}}]}},"s":{"0":0,"1":0,"2":0,"3":0,"4":0,"5":0,"6":0,"7":0,"8":0},"f":{"0":0},"b":{"0":[0],"1":[0,0],"2":[0,0]}}
,"D:\\Software\\Human Os\\Human-OS\\backend\\src\\types\\errors.ts": {"path":"D:\\Software\\Human Os\\Human-OS\\backend\\src\\types\\errors.ts","statementMap":{"0":{"start":{"line":14,"column":4},"end":{"line":14,"column":19}},"1":{"start":{"line":15,"column":4},"end":{"line":15,"column":27}},"2":{"start":{"line":16,"column":4},"end":{"line":16,"column":33}},"3":{"start":{"line":17,"column":4},"end":{"line":17,"column":21}},"4":{"start":{"line":18,"column":4},"end":{"line":18,"column":30}},"5":{"start":{"line":21,"column":4},"end":{"line":21,"column":52}},"6":{"start":{"line":8,"column":0},"end":{"line":8,"column":13}},"7":{"start":{"line":27,"column":4},"end":{"line":27,"column":44}},"8":{"start":{"line":28,"column":4},"end":{"line":28,"column":34}},"9":{"start":{"line":25,"column":0},"end":{"line":25,"column":13}},"10":{"start":{"line":34,"column":4},"end":{"line":34,"column":53}},"11":{"start":{"line":35,"column":4},"end":{"line":35,"column":32}},"12":{"start":{"line":32,"column":0},"end":{"line":32,"column":13}},"13":{"start":{"line":41,"column":4},"end":{"line":41,"column":40}},"14":{"start":{"line":42,"column":4},"end":{"line":42,"column":36}},"15":{"start":{"line":39,"column":0},"end":{"line":39,"column":13}},"16":{"start":{"line":48,"column":4},"end":{"line":48,"column":92}},"17":{"start":{"line":49,"column":4},"end":{"line":49,"column":39}},"18":{"start":{"line":46,"column":0},"end":{"line":46,"column":13}},"19":{"start":{"line":55,"column":4},"end":{"line":55,"column":86}},"20":{"start":{"line":56,"column":4},"end":{"line":56,"column":33}},"21":{"start":{"line":53,"column":0},"end":{"line":53,"column":13}}},"fnMap":{"0":{"name":"(anonymous_0)","decl":{"start":{"line":13,"column":2},"end":{"line":13,"column":14}},"loc":{"start":{"line":13,"column":63},"end":{"line":22,"column":3}}},"1":{"name":"(anonymous_1)","decl":{"start":{"line":26,"column":2},"end":{"line":26,"column":14}},"loc":{"start":{"line":26,"column":29},"end":{"line":29,"column":3}}},"2":{"name":"(anonymous_2)","decl":{"start":{"line":33,"column":2},"end":{"line":33,"column":14}},"loc":{"start":{"line":33,"column":30},"end":{"line":36,"column":3}}},"3":{"name":"(anonymous_3)","decl":{"start":{"line":40,"column":2},"end":{"line":40,"column":14}},"loc":{"start":{"line":40,"column":38},"end":{"line":43,"column":3}}},"4":{"name":"(anonymous_4)","decl":{"start":{"line":47,"column":2},"end":{"line":47,"column":14}},"loc":{"start":{"line":47,"column":46},"end":{"line":50,"column":3}}},"5":{"name":"(anonymous_5)","decl":{"start":{"line":54,"column":2},"end":{"line":54,"column":null}},"loc":{"start":{"line":54,"column":2},"end":{"line":57,"column":3}}}},"branchMap":{"0":{"loc":{"start":{"line":40,"column":14},"end":{"line":40,"column":38}},"type":"default-arg","locations":[{"start":{"line":40,"column":24},"end":{"line":40,"column":38}}]}},"s":{"0":0,"1":0,"2":0,"3":0,"4":0,"5":0,"6":0,"7":0,"8":0,"9":0,"10":0,"11":0,"12":0,"13":0,"14":0,"15":0,"16":0,"17":0,"18":0,"19":0,"20":0,"21":0},"f":{"0":0,"1":0,"2":0,"3":0,"4":0,"5":0},"b":{"0":[0]}}
,"D:\\Software\\Human Os\\Human-OS\\backend\\src\\utils\\nlp.ts": {"path":"D:\\Software\\Human Os\\Human-OS\\backend\\src\\utils\\nlp.ts","statementMap":{"0":{"start":{"line":16,"column":0},"end":{"line":16,"column":16}},"1":{"start":{"line":1,"column":13},"end":{"line":14,"column":3}},"2":{"start":{"line":17,"column":16},"end":{"line":21,"column":51}},"3":{"start":{"line":21,"column":17},"end":{"line":21,"column":50}},"4":{"start":{"line":22,"column":2},"end":{"line":22,"column":36}}},"fnMap":{"0":{"name":"extractKeywords","decl":{"start":{"line":16,"column":16},"end":{"line":16,"column":31}},"loc":{"start":{"line":16,"column":51},"end":{"line":23,"column":1}}},"1":{"name":"(anonymous_1)","decl":{"start":{"line":21,"column":12},"end":{"line":21,"column":13}},"loc":{"start":{"line":21,"column":17},"end":{"line":21,"column":50}}}},"branchMap":{"0":{"loc":{"start":{"line":21,"column":17},"end":{"line":21,"column":50}},"type":"binary-expr","locations":[{"start":{"line":21,"column":17},"end":{"line":21,"column":29}},{"start":{"line":21,"column":33},"end":{"line":21,"column":50}}]}},"s":{"0":0,"1":0,"2":0,"3":0,"4":0},"f":{"0":0,"1":0},"b":{"0":[0,0]}}
,"D:\\Software\\Human Os\\Human-OS\\backend\\src\\workers\\queueWorker.ts": {"path":"D:\\Software\\Human Os\\Human-OS\\backend\\src\\workers\\queueWorker.ts","statementMap":{"0":{"start":{"line":12,"column":0},"end":{"line":12,"column":16}},"1":{"start":{"line":1,"column":0},"end":{"line":1,"column":72}},"2":{"start":{"line":2,"column":0},"end":{"line":2,"column":56}},"3":{"start":{"line":3,"column":0},"end":{"line":3,"column":66}},"4":{"start":{"line":4,"column":0},"end":{"line":4,"column":56}},"5":{"start":{"line":5,"column":0},"end":{"line":5,"column":44}},"6":{"start":{"line":6,"column":0},"end":{"line":6,"column":58}},"7":{"start":{"line":7,"column":0},"end":{"line":7,"column":58}},"8":{"start":{"line":8,"column":0},"end":{"line":8,"column":60}},"9":{"start":{"line":9,"column":0},"end":{"line":9,"column":70}},"10":{"start":{"line":10,"column":0},"end":{"line":10,"column":39}},"11":{"start":{"line":13,"column":2},"end":{"line":13,"column":54}},"12":{"start":{"line":15,"column":2},"end":{"line":48,"column":5}},"13":{"start":{"line":23,"column":4},"end":{"line":47,"column":5}},"14":{"start":{"line":25,"column":8},"end":{"line":25,"column":44}},"15":{"start":{"line":26,"column":8},"end":{"line":26,"column":14}},"16":{"start":{"line":28,"column":8},"end":{"line":28,"column":49}},"17":{"start":{"line":29,"column":8},"end":{"line":29,"column":14}},"18":{"start":{"line":31,"column":8},"end":{"line":31,"column":44}},"19":{"start":{"line":32,"column":8},"end":{"line":32,"column":14}},"20":{"start":{"line":34,"column":8},"end":{"line":34,"column":38}},"21":{"start":{"line":35,"column":8},"end":{"line":35,"column":14}},"22":{"start":{"line":37,"column":8},"end":{"line":37,"column":45}},"23":{"start":{"line":38,"column":8},"end":{"line":38,"column":14}},"24":{"start":{"line":40,"column":8},"end":{"line":40,"column":45}},"25":{"start":{"line":41,"column":8},"end":{"line":41,"column":14}},"26":{"start":{"line":43,"column":8},"end":{"line":43,"column":51}},"27":{"start":{"line":44,"column":8},"end":{"line":44,"column":14}},"28":{"start":{"line":46,"column":8},"end":{"line":46,"column":66}},"29":{"start":{"line":50,"column":2},"end":{"line":58,"column":5}},"30":{"start":{"line":51,"column":4},"end":{"line":57,"column":5}},"31":{"start":{"line":53,"column":8},"end":{"line":53,"column":46}},"32":{"start":{"line":54,"column":8},"end":{"line":54,"column":14}},"33":{"start":{"line":56,"column":8},"end":{"line":56,"column":68}}},"fnMap":{"0":{"name":"startWorkers","decl":{"start":{"line":12,"column":16},"end":{"line":12,"column":28}},"loc":{"start":{"line":12,"column":28},"end":{"line":59,"column":1}}},"1":{"name":"(anonymous_1)","decl":{"start":{"line":15,"column":22},"end":{"line":15,"column":27}},"loc":{"start":{"line":15,"column":36},"end":{"line":48,"column":3}}},"2":{"name":"(anonymous_2)","decl":{"start":{"line":50,"column":26},"end":{"line":50,"column":31}},"loc":{"start":{"line":50,"column":40},"end":{"line":58,"column":3}}}},"branchMap":{"0":{"loc":{"start":{"line":23,"column":4},"end":{"line":47,"column":5}},"type":"switch","locations":[{"start":{"line":24,"column":6},"end":{"line":26,"column":14}},{"start":{"line":27,"column":6},"end":{"line":29,"column":14}},{"start":{"line":30,"column":6},"end":{"line":32,"column":14}},{"start":{"line":33,"column":6},"end":{"line":35,"column":14}},{"start":{"line":36,"column":6},"end":{"line":38,"column":14}},{"start":{"line":39,"column":6},"end":{"line":41,"column":14}},{"start":{"line":42,"column":6},"end":{"line":44,"column":14}},{"start":{"line":45,"column":6},"end":{"line":46,"column":66}}]},"1":{"loc":{"start":{"line":51,"column":4},"end":{"line":57,"column":5}},"type":"switch","locations":[{"start":{"line":52,"column":6},"end":{"line":54,"column":14}},{"start":{"line":55,"column":6},"end":{"line":56,"column":68}}]}},"s":{"0":0,"1":0,"2":0,"3":0,"4":0,"5":0,"6":0,"7":0,"8":0,"9":0,"10":0,"11":0,"12":0,"13":0,"14":0,"15":0,"16":0,"17":0,"18":0,"19":0,"20":0,"21":0,"22":0,"23":0,"24":0,"25":0,"26":0,"27":0,"28":0,"29":0,"30":0,"31":0,"32":0,"33":0},"f":{"0":0,"1":0,"2":0},"b":{"0":[0,0,0,0,0,0,0,0],"1":[0,0]}}
}
