TN:
SF:src\app.ts
FN:39,createApp
FN:55,(anonymous_11)
FN:143,(anonymous_12)
FN:157,(anonymous_13)
FN:165,(anonymous_14)
FN:179,(anonymous_15)
FNF:6
FNH:0
FNDA:0,createApp
FNDA:0,(anonymous_11)
FNDA:0,(anonymous_12)
FNDA:0,(anonymous_13)
FNDA:0,(anonymous_14)
FNDA:0,(anonymous_15)
DA:8,0
DA:9,0
DA:10,0
DA:11,0
DA:13,0
DA:14,0
DA:15,0
DA:16,0
DA:17,0
DA:18,0
DA:19,0
DA:20,0
DA:21,0
DA:22,0
DA:23,0
DA:24,0
DA:25,0
DA:26,0
DA:27,0
DA:28,0
DA:29,0
DA:30,0
DA:31,0
DA:32,0
DA:33,0
DA:34,0
DA:35,0
DA:36,0
DA:37,0
DA:39,0
DA:40,0
DA:46,0
DA:50,0
DA:53,0
DA:57,0
DA:58,0
DA:59,0
DA:61,0
DA:62,0
DA:64,0
DA:65,0
DA:76,0
DA:77,0
DA:81,0
DA:93,0
DA:97,0
DA:111,0
DA:113,0
DA:115,0
DA:116,0
DA:117,0
DA:118,0
DA:119,0
DA:120,0
DA:121,0
DA:122,0
DA:123,0
DA:124,0
DA:125,0
DA:126,0
DA:127,0
DA:128,0
DA:129,0
DA:130,0
DA:131,0
DA:132,0
DA:133,0
DA:134,0
DA:137,0
DA:140,0
DA:143,0
DA:144,0
DA:153,0
DA:157,0
DA:158,0
DA:159,0
DA:160,0
DA:161,0
DA:162,0
DA:163,0
DA:165,0
DA:166,0
DA:171,0
DA:177,0
DA:178,0
DA:179,0
DA:180,0
DA:181,0
DA:182,0
DA:183,0
DA:185,0
DA:188,0
DA:189,0
DA:192,0
LF:94
LH:0
BRDA:57,0,0,0
BRDA:57,0,1,0
BRDA:61,1,0,0
BRDA:61,1,1,0
BRDA:159,2,0,0
BRDA:159,2,1,0
BRDA:161,3,0,0
BRDA:161,3,1,0
BRDA:163,4,0,0
BRDA:163,4,1,0
BRDA:171,5,0,0
BRDA:171,5,1,0
BRDA:178,6,0,0
BRDA:178,6,1,0
BRDA:178,7,0,0
BRDA:178,7,1,0
BRDA:188,8,0,0
BRDA:188,8,1,0
BRF:18
BRH:0
end_of_record
TN:
SF:src\test.ts
FN:1,test
FNF:1
FNH:0
FNDA:0,test
DA:1,0
LF:1
LH:0
BRF:0
BRH:0
end_of_record
TN:
SF:src\agents\BaseAgent.ts
FN:19,ensureMetricsFlush
FN:21,(anonymous_1)
FN:33,bufferMetric
FN:40,(anonymous_3)
FN:49,(anonymous_4)
FN:57,(anonymous_5)
FN:82,(anonymous_6)
FN:83,(anonymous_7)
FN:100,(anonymous_8)
FNF:9
FNH:0
FNDA:0,ensureMetricsFlush
FNDA:0,(anonymous_1)
FNDA:0,bufferMetric
FNDA:0,(anonymous_3)
FNDA:0,(anonymous_4)
FNDA:0,(anonymous_5)
FNDA:0,(anonymous_6)
FNDA:0,(anonymous_7)
FNDA:0,(anonymous_8)
DA:1,0
DA:3,0
DA:4,0
DA:5,0
DA:16,0
DA:17,0
DA:20,0
DA:21,0
DA:22,0
DA:23,0
DA:24,0
DA:25,0
DA:27,0
DA:30,0
DA:34,0
DA:37,0
DA:41,0
DA:42,0
DA:50,0
DA:51,0
DA:52,0
DA:53,0
DA:54,0
DA:57,0
DA:58,0
DA:66,0
DA:67,0
DA:68,0
DA:71,0
DA:72,0
DA:74,0
DA:76,0
DA:83,0
DA:84,0
DA:90,0
DA:91,0
DA:101,0
DA:102,0
DA:103,0
DA:106,0
DA:107,0
DA:108,0
DA:109,0
DA:112,0
DA:113,0
DA:114,0
DA:115,0
DA:117,0
DA:120,0
DA:128,0
DA:135,0
DA:137,0
DA:145,0
DA:151,0
LF:54
LH:0
BRDA:20,0,0,0
BRDA:20,0,1,0
BRDA:22,1,0,0
BRDA:22,1,1,0
BRDA:27,2,0,0
BRDA:27,2,1,0
BRDA:30,3,0,0
BRDA:30,3,1,0
BRDA:52,4,0,0
BRDA:52,4,1,0
BRDA:66,5,0,0
BRDA:66,5,1,0
BRDA:72,6,0,0
BRDA:72,6,1,0
BRDA:102,7,0,0
BRDA:102,7,1,0
BRDA:107,8,0,0
BRDA:107,8,1,0
BRDA:149,9,0,0
BRDA:149,9,1,0
BRF:20
BRH:0
end_of_record
TN:
SF:src\agents\EmotionalAgent.ts
FN:8,(anonymous_0)
FN:12,(anonymous_1)
FNF:2
FNH:0
FNDA:0,(anonymous_0)
FNDA:0,(anonymous_1)
DA:1,0
DA:3,0
DA:4,0
DA:7,0
DA:9,0
DA:13,0
DA:15,0
DA:41,0
DA:42,0
DA:44,0
DA:45,0
DA:51,0
DA:54,0
DA:58,0
LF:14
LH:0
BRDA:44,0,0,0
BRDA:44,0,1,0
BRF:2
BRH:0
end_of_record
TN:
SF:src\agents\EpisodicAgent.ts
FN:8,(anonymous_0)
FN:12,(anonymous_1)
FN:47,(anonymous_2)
FNF:3
FNH:0
FNDA:0,(anonymous_0)
FNDA:0,(anonymous_1)
FNDA:0,(anonymous_2)
DA:1,0
DA:3,0
DA:4,0
DA:7,0
DA:9,0
DA:13,0
DA:15,0
DA:43,0
DA:44,0
DA:46,0
DA:47,0
DA:54,0
DA:57,0
DA:61,0
LF:14
LH:0
BRDA:44,0,0,0
BRDA:44,0,1,0
BRDA:46,1,0,0
BRDA:46,1,1,0
BRF:4
BRH:0
end_of_record
TN:
SF:src\agents\KgAgent.ts
FN:10,(anonymous_0)
FN:14,(anonymous_1)
FN:68,(anonymous_2)
FN:71,(anonymous_3)
FN:77,(anonymous_4)
FN:89,(anonymous_5)
FN:100,(anonymous_6)
FN:123,(anonymous_7)
FNF:8
FNH:0
FNDA:0,(anonymous_0)
FNDA:0,(anonymous_1)
FNDA:0,(anonymous_2)
FNDA:0,(anonymous_3)
FNDA:0,(anonymous_4)
FNDA:0,(anonymous_5)
FNDA:0,(anonymous_6)
FNDA:0,(anonymous_7)
DA:1,0
DA:3,0
DA:4,0
DA:6,0
DA:7,0
DA:9,0
DA:11,0
DA:15,0
DA:17,0
DA:53,0
DA:58,0
DA:59,0
DA:60,0
DA:62,0
DA:63,0
DA:66,0
DA:68,0
DA:69,0
DA:71,0
DA:72,0
DA:75,0
DA:77,0
DA:78,0
DA:83,0
DA:84,0
DA:88,0
DA:89,0
DA:90,0
DA:94,0
DA:97,0
DA:98,0
DA:100,0
DA:101,0
DA:105,0
DA:106,0
DA:108,0
DA:112,0
DA:113,0
DA:114,0
DA:115,0
DA:117,0
DA:118,0
DA:119,0
DA:122,0
DA:123,0
DA:124,0
DA:132,0
DA:138,0
DA:142,0
LF:49
LH:0
BRDA:58,0,0,0
BRDA:58,0,1,0
BRDA:59,1,0,0
BRDA:59,1,1,0
BRDA:62,2,0,0
BRDA:62,2,1,0
BRDA:69,3,0,0
BRDA:69,3,1,0
BRDA:75,4,0,0
BRDA:75,4,1,0
BRDA:83,5,0,0
BRDA:83,5,1,0
BRDA:94,6,0,0
BRDA:94,6,1,0
BRDA:97,7,0,0
BRDA:97,7,1,0
BRDA:105,8,0,0
BRDA:105,8,1,0
BRDA:112,9,0,0
BRDA:112,9,1,0
BRDA:117,10,0,0
BRDA:117,10,1,0
BRDA:119,11,0,0
BRDA:119,11,1,0
BRDA:122,12,0,0
BRDA:122,12,1,0
BRDA:122,13,0,0
BRDA:122,13,1,0
BRF:28
BRH:0
end_of_record
TN:
SF:src\agents\MilestoneAgent.ts
FN:8,(anonymous_0)
FN:12,(anonymous_1)
FNF:2
FNH:0
FNDA:0,(anonymous_0)
FNDA:0,(anonymous_1)
DA:1,0
DA:3,0
DA:4,0
DA:7,0
DA:9,0
DA:13,0
DA:15,0
DA:56,0
DA:57,0
DA:59,0
DA:60,0
DA:61,0
DA:62,0
DA:63,0
DA:67,0
DA:71,0
LF:16
LH:0
BRDA:57,0,0,0
BRDA:57,0,1,0
BRDA:61,1,0,0
BRDA:61,1,1,0
BRF:4
BRH:0
end_of_record
TN:
SF:src\agents\ReflectionAgent.ts
FN:8,(anonymous_0)
FN:12,(anonymous_1)
FN:34,(anonymous_2)
FN:38,(anonymous_3)
FN:43,(anonymous_4)
FNF:5
FNH:0
FNDA:0,(anonymous_0)
FNDA:0,(anonymous_1)
FNDA:0,(anonymous_2)
FNDA:0,(anonymous_3)
FNDA:0,(anonymous_4)
DA:1,0
DA:3,0
DA:4,0
DA:5,0
DA:7,0
DA:9,0
DA:13,0
DA:15,0
DA:16,0
DA:17,0
DA:18,0
DA:21,0
DA:27,0
DA:28,0
DA:29,0
DA:33,0
DA:34,0
DA:36,0
DA:37,0
DA:38,0
DA:41,0
DA:42,0
DA:43,0
DA:46,0
DA:70,0
DA:73,0
DA:85,0
DA:87,0
DA:91,0
LF:29
LH:0
BRDA:27,0,0,0
BRDA:27,0,1,0
BRDA:27,1,0,0
BRDA:27,1,1,0
BRDA:36,2,0,0
BRDA:36,2,1,0
BRDA:36,3,0,0
BRDA:36,3,1,0
BRDA:41,4,0,0
BRDA:41,4,1,0
BRDA:41,5,0,0
BRDA:41,5,1,0
BRF:12
BRH:0
end_of_record
TN:
SF:src\agents\SemanticAgent.ts
FN:8,(anonymous_0)
FN:12,(anonymous_1)
FNF:2
FNH:0
FNDA:0,(anonymous_0)
FNDA:0,(anonymous_1)
DA:1,0
DA:3,0
DA:4,0
DA:7,0
DA:9,0
DA:13,0
DA:15,0
DA:49,0
DA:50,0
DA:52,0
DA:53,0
DA:54,0
DA:55,0
DA:56,0
DA:60,0
DA:64,0
LF:16
LH:0
BRDA:50,0,0,0
BRDA:50,0,1,0
BRDA:54,1,0,0
BRDA:54,1,1,0
BRF:4
BRH:0
end_of_record
TN:
SF:src\agents\ShortTermMemoryAgent.ts
FN:18,(anonymous_0)
FN:22,(anonymous_1)
FN:158,(anonymous_2)
FNF:3
FNH:0
FNDA:0,(anonymous_0)
FNDA:0,(anonymous_1)
FNDA:0,(anonymous_2)
DA:1,0
DA:3,0
DA:4,0
DA:17,0
DA:19,0
DA:23,0
DA:25,0
DA:89,0
DA:90,0
DA:92,0
DA:93,0
DA:95,0
DA:96,0
DA:98,0
DA:100,0
DA:107,0
DA:109,0
DA:110,0
DA:111,0
DA:119,0
DA:122,0
DA:136,0
DA:141,0
DA:146,0
DA:147,0
DA:149,0
DA:157,0
DA:158,0
DA:159,0
DA:166,0
DA:167,0
DA:169,0
DA:173,0
LF:33
LH:0
BRDA:75,0,0,0
BRDA:75,0,1,0
BRDA:81,1,0,0
BRDA:81,1,1,0
BRDA:90,2,0,0
BRDA:90,2,1,0
BRDA:96,3,0,0
BRDA:96,3,1,0
BRDA:96,4,0,0
BRDA:96,4,1,0
BRDA:98,5,0,0
BRDA:98,5,1,0
BRDA:107,6,0,0
BRDA:107,6,1,0
BRDA:109,7,0,0
BRDA:109,7,1,0
BRDA:110,8,0,0
BRDA:110,8,1,0
BRDA:127,9,0,0
BRDA:127,9,1,0
BRDA:130,10,0,0
BRDA:130,10,1,0
BRDA:146,11,0,0
BRDA:146,11,1,0
BRDA:146,12,0,0
BRDA:146,12,1,0
BRDA:157,13,0,0
BRDA:157,13,1,0
BRDA:157,14,0,0
BRDA:157,14,1,0
BRDA:166,15,0,0
BRDA:166,15,1,0
BRDA:167,16,0,0
BRDA:167,16,1,0
BRF:34
BRH:0
end_of_record
TN:
SF:src\agents\WorkingMemoryAgent.ts
FN:8,(anonymous_0)
FN:12,(anonymous_1)
FN:48,(anonymous_2)
FNF:3
FNH:0
FNDA:0,(anonymous_0)
FNDA:0,(anonymous_1)
FNDA:0,(anonymous_2)
DA:1,0
DA:3,0
DA:4,0
DA:7,0
DA:9,0
DA:13,0
DA:15,0
DA:44,0
DA:45,0
DA:47,0
DA:48,0
DA:49,0
DA:50,0
DA:51,0
DA:58,0
DA:61,0
DA:65,0
LF:17
LH:0
BRDA:45,0,0,0
BRDA:45,0,1,0
BRDA:47,1,0,0
BRDA:47,1,1,0
BRDA:50,2,0,0
BRDA:50,2,1,0
BRF:6
BRH:0
end_of_record
TN:
SF:src\config\index.ts
FN:13,optionalEnv
FN:46,(anonymous_2)
FNF:2
FNH:0
FNDA:0,optionalEnv
FNDA:0,(anonymous_2)
DA:7,0
DA:10,0
DA:14,0
DA:15,0
DA:18,0
DA:46,0
LF:6
LH:0
BRDA:15,0,0,0
BRDA:15,0,1,0
BRDA:15,1,0,0
BRDA:15,1,1,0
BRF:4
BRH:0
end_of_record
TN:
SF:src\lib\cache.ts
FN:19,(anonymous_0)
FN:34,(anonymous_1)
FN:45,(anonymous_2)
FN:53,(anonymous_3)
FN:69,(anonymous_4)
FN:83,(anonymous_5)
FNF:6
FNH:0
FNDA:0,(anonymous_0)
FNDA:0,(anonymous_1)
FNDA:0,(anonymous_2)
FNDA:0,(anonymous_3)
FNDA:0,(anonymous_4)
FNDA:0,(anonymous_5)
DA:6,0
DA:15,0
DA:16,0
DA:17,0
DA:20,0
DA:21,0
DA:22,0
DA:23,0
DA:25,0
DA:26,0
DA:27,0
DA:28,0
DA:30,0
DA:31,0
DA:35,0
DA:46,0
DA:54,0
DA:55,0
DA:56,0
DA:57,0
DA:58,0
DA:61,0
DA:62,0
DA:70,0
DA:71,0
DA:84,0
DA:85,0
DA:86,0
DA:91,0
DA:94,0
DA:103,0
LF:31
LH:0
BRDA:21,0,0,0
BRDA:21,0,1,0
BRDA:25,1,0,0
BRDA:25,1,1,0
BRDA:34,2,0,0
BRDA:56,3,0,0
BRDA:56,3,1,0
BRDA:61,4,0,0
BRDA:61,4,1,0
BRDA:75,5,0,0
BRDA:75,5,1,0
BRDA:76,6,0,0
BRDA:76,6,1,0
BRF:13
BRH:0
end_of_record
TN:
SF:src\lib\encryption.ts
FN:6,getEncryptionKey
FN:19,encrypt
FN:35,decrypt
FNF:3
FNH:0
FNDA:0,getEncryptionKey
FNDA:0,encrypt
FNDA:0,decrypt
DA:1,0
DA:3,0
DA:4,0
DA:7,0
DA:8,0
DA:10,0
DA:11,0
DA:13,0
DA:19,0
DA:20,0
DA:21,0
DA:22,0
DA:24,0
DA:25,0
DA:27,0
DA:29,0
DA:35,0
DA:36,0
DA:37,0
DA:38,0
DA:41,0
DA:42,0
DA:43,0
DA:45,0
DA:46,0
DA:47,0
DA:49,0
DA:50,0
DA:52,0
LF:29
LH:0
BRDA:8,0,0,0
BRDA:8,0,1,0
BRDA:8,1,0,0
BRDA:8,1,1,0
BRDA:37,2,0,0
BRDA:37,2,1,0
BRF:6
BRH:0
end_of_record
TN:
SF:src\lib\geminiPool.ts
FN:7,(anonymous_0)
FN:14,(anonymous_1)
FN:24,(anonymous_2)
FN:24,(anonymous_3)
FN:25,(anonymous_4)
FN:40,(anonymous_5)
FN:48,(anonymous_6)
FNF:7
FNH:0
FNDA:0,(anonymous_0)
FNDA:0,(anonymous_1)
FNDA:0,(anonymous_2)
FNDA:0,(anonymous_3)
FNDA:0,(anonymous_4)
FNDA:0,(anonymous_5)
FNDA:0,(anonymous_6)
DA:1,0
DA:3,0
DA:4,0
DA:5,0
DA:8,0
DA:15,0
DA:18,0
DA:19,0
DA:23,0
DA:24,0
DA:25,0
DA:28,0
DA:29,0
DA:30,0
DA:32,0
DA:41,0
DA:43,0
DA:44,0
DA:45,0
DA:49,0
DA:53,0
LF:21
LH:0
BRDA:18,0,0,0
BRDA:18,0,1,0
BRDA:23,1,0,0
BRDA:23,1,1,0
BRDA:29,2,0,0
BRDA:29,2,1,0
BRDA:41,3,0,0
BRDA:41,3,1,0
BRF:8
BRH:0
end_of_record
TN:
SF:src\lib\logger.ts
FN:24,(anonymous_1)
FN:51,hashUserId
FNF:2
FNH:0
FNDA:0,(anonymous_1)
FNDA:0,hashUserId
DA:13,0
DA:14,0
DA:15,0
DA:17,0
DA:20,0
DA:25,0
DA:26,0
DA:31,0
DA:37,0
DA:51,0
DA:52,0
LF:11
LH:0
BRDA:25,0,0,0
BRDA:25,0,1,0
BRDA:38,1,0,0
BRDA:38,1,1,0
BRDA:39,2,0,0
BRDA:39,2,1,0
BRF:6
BRH:0
end_of_record
TN:
SF:src\lib\nvidia.ts
FN:43,(anonymous_1)
FN:56,withNvidiaTimeout
FN:58,(anonymous_3)
FN:61,(anonymous_4)
FN:62,(anonymous_5)
FN:94,getMockResponse
FN:98,(anonymous_7)
FN:99,(anonymous_8)
FN:186,chatCompletion
FN:212,(anonymous_10)
FN:231,(anonymous_11)
FN:270,chatCompletionBackground
FN:291,(anonymous_13)
FN:325,chatCompletionLearning
FN:342,(anonymous_15)
FN:354,(anonymous_16)
FN:376,chatCompletionStream
FN:398,(anonymous_18)
FNF:18
FNH:0
FNDA:0,(anonymous_1)
FNDA:0,withNvidiaTimeout
FNDA:0,(anonymous_3)
FNDA:0,(anonymous_4)
FNDA:0,(anonymous_5)
FNDA:0,getMockResponse
FNDA:0,(anonymous_7)
FNDA:0,(anonymous_8)
FNDA:0,chatCompletion
FNDA:0,(anonymous_10)
FNDA:0,(anonymous_11)
FNDA:0,chatCompletionBackground
FNDA:0,(anonymous_13)
FNDA:0,chatCompletionLearning
FNDA:0,(anonymous_15)
FNDA:0,(anonymous_16)
FNDA:0,chatCompletionStream
FNDA:0,(anonymous_18)
DA:10,0
DA:11,0
DA:12,0
DA:14,0
DA:20,0
DA:27,0
DA:34,0
DA:42,0
DA:44,0
DA:45,0
DA:49,0
DA:57,0
DA:58,0
DA:60,0
DA:61,0
DA:63,0
DA:64,0
DA:65,0
DA:67,0
DA:77,0
DA:98,0
DA:99,0
DA:100,0
DA:103,0
DA:104,0
DA:105,0
DA:106,0
DA:115,0
DA:116,0
DA:117,0
DA:118,0
DA:127,0
DA:128,0
DA:129,0
DA:130,0
DA:131,0
DA:132,0
DA:138,0
DA:145,0
DA:146,0
DA:147,0
DA:149,0
DA:150,0
DA:152,0
DA:153,0
DA:166,0
DA:170,0
DA:171,0
DA:174,0
DA:186,0
DA:190,0
DA:199,0
DA:200,0
DA:202,0
DA:203,0
DA:204,0
DA:205,0
DA:206,0
DA:209,0
DA:211,0
DA:212,0
DA:213,0
DA:215,0
DA:216,0
DA:217,0
DA:219,0
DA:220,0
DA:222,0
DA:223,0
DA:226,0
DA:227,0
DA:228,0
DA:231,0
DA:232,0
DA:234,0
DA:235,0
DA:236,0
DA:238,0
DA:239,0
DA:241,0
DA:244,0
DA:246,0
DA:248,0
DA:252,0
DA:257,0
DA:262,0
DA:270,0
DA:274,0
DA:282,0
DA:283,0
DA:284,0
DA:285,0
DA:286,0
DA:287,0
DA:290,0
DA:291,0
DA:292,0
DA:294,0
DA:295,0
DA:296,0
DA:298,0
DA:299,0
DA:301,0
DA:303,0
DA:304,0
DA:305,0
DA:309,0
DA:311,0
DA:316,0
DA:325,0
DA:329,0
DA:337,0
DA:338,0
DA:339,0
DA:341,0
DA:342,0
DA:343,0
DA:345,0
DA:346,0
DA:347,0
DA:349,0
DA:352,0
DA:353,0
DA:354,0
DA:355,0
DA:357,0
DA:358,0
DA:359,0
DA:361,0
DA:362,0
DA:363,0
DA:364,0
DA:366,0
DA:367,0
DA:376,0
DA:380,0
DA:388,0
DA:389,0
DA:390,0
DA:391,0
DA:392,0
DA:397,0
DA:398,0
DA:399,0
DA:400,0
DA:401,0
DA:402,0
DA:403,0
DA:405,0
DA:406,0
DA:407,0
DA:408,0
DA:409,0
DA:410,0
DA:411,0
DA:413,0
DA:414,0
DA:417,0
DA:418,0
DA:421,0
DA:425,0
DA:427,0
LF:162
LH:0
BRDA:15,0,0,0
BRDA:15,0,1,0
BRDA:21,1,0,0
BRDA:21,1,1,0
BRDA:21,1,2,0
BRDA:28,2,0,0
BRDA:28,2,1,0
BRDA:28,2,2,0
BRDA:28,2,3,0
BRDA:35,3,0,0
BRDA:35,3,1,0
BRDA:35,3,2,0
BRDA:35,3,3,0
BRDA:64,4,0,0
BRDA:64,4,1,0
BRDA:98,5,0,0
BRDA:98,5,1,0
BRDA:99,6,0,0
BRDA:99,6,1,0
BRDA:103,7,0,0
BRDA:103,7,1,0
BRDA:103,8,0,0
BRDA:103,8,1,0
BRDA:105,9,0,0
BRDA:105,9,1,0
BRDA:115,10,0,0
BRDA:115,10,1,0
BRDA:115,11,0,0
BRDA:115,11,1,0
BRDA:117,12,0,0
BRDA:117,12,1,0
BRDA:127,13,0,0
BRDA:127,13,1,0
BRDA:127,14,0,0
BRDA:127,14,1,0
BRDA:129,15,0,0
BRDA:129,15,1,0
BRDA:133,16,0,0
BRDA:133,16,1,0
BRDA:134,17,0,0
BRDA:134,17,1,0
BRDA:145,18,0,0
BRDA:145,18,1,0
BRDA:146,19,0,0
BRDA:146,19,1,0
BRDA:149,20,0,0
BRDA:149,20,1,0
BRDA:149,21,0,0
BRDA:149,21,1,0
BRDA:152,22,0,0
BRDA:152,22,1,0
BRDA:152,23,0,0
BRDA:152,23,1,0
BRDA:170,24,0,0
BRDA:170,24,1,0
BRDA:191,25,0,0
BRDA:191,25,1,0
BRDA:193,26,0,0
BRDA:193,26,1,0
BRDA:194,27,0,0
BRDA:194,27,1,0
BRDA:199,28,0,0
BRDA:199,28,1,0
BRDA:202,29,0,0
BRDA:202,29,1,0
BRDA:203,30,0,0
BRDA:203,30,1,0
BRDA:204,31,0,0
BRDA:204,31,1,0
BRDA:206,32,0,0
BRDA:206,32,1,0
BRDA:216,33,0,0
BRDA:216,33,1,0
BRDA:219,34,0,0
BRDA:219,34,1,0
BRDA:222,35,0,0
BRDA:222,35,1,0
BRDA:222,36,0,0
BRDA:222,36,1,0
BRDA:222,36,2,0
BRDA:226,37,0,0
BRDA:226,37,1,0
BRDA:226,38,0,0
BRDA:226,38,1,0
BRDA:226,38,2,0
BRDA:235,39,0,0
BRDA:235,39,1,0
BRDA:238,40,0,0
BRDA:238,40,1,0
BRDA:246,41,0,0
BRDA:246,41,1,0
BRDA:275,42,0,0
BRDA:275,42,1,0
BRDA:277,43,0,0
BRDA:277,43,1,0
BRDA:278,44,0,0
BRDA:278,44,1,0
BRDA:282,45,0,0
BRDA:282,45,1,0
BRDA:283,46,0,0
BRDA:283,46,1,0
BRDA:284,47,0,0
BRDA:284,47,1,0
BRDA:285,48,0,0
BRDA:285,48,1,0
BRDA:287,49,0,0
BRDA:287,49,1,0
BRDA:295,50,0,0
BRDA:295,50,1,0
BRDA:298,51,0,0
BRDA:298,51,1,0
BRDA:304,52,0,0
BRDA:304,52,1,0
BRDA:330,53,0,0
BRDA:330,53,1,0
BRDA:332,54,0,0
BRDA:332,54,1,0
BRDA:333,55,0,0
BRDA:333,55,1,0
BRDA:337,56,0,0
BRDA:337,56,1,0
BRDA:338,57,0,0
BRDA:338,57,1,0
BRDA:339,58,0,0
BRDA:339,58,1,0
BRDA:346,59,0,0
BRDA:346,59,1,0
BRDA:358,60,0,0
BRDA:358,60,1,0
BRDA:362,61,0,0
BRDA:362,61,1,0
BRDA:381,62,0,0
BRDA:381,62,1,0
BRDA:383,63,0,0
BRDA:383,63,1,0
BRDA:384,64,0,0
BRDA:384,64,1,0
BRDA:388,65,0,0
BRDA:388,65,1,0
BRDA:389,66,0,0
BRDA:389,66,1,0
BRDA:390,67,0,0
BRDA:390,67,1,0
BRDA:392,68,0,0
BRDA:392,68,1,0
BRDA:407,69,0,0
BRDA:407,69,1,0
BRDA:409,70,0,0
BRDA:409,70,1,0
BRDA:410,71,0,0
BRDA:410,71,1,0
BRDA:413,72,0,0
BRDA:413,72,1,0
BRDA:414,73,0,0
BRDA:414,73,1,0
BRDA:417,74,0,0
BRDA:417,74,1,0
BRF:157
BRH:0
end_of_record
TN:
SF:src\lib\pushNotifications.ts
FN:44,sendPushNotification
FN:48,(anonymous_1)
FN:51,(anonymous_2)
FN:58,(anonymous_3)
FN:80,(anonymous_4)
FN:88,(anonymous_5)
FN:89,(anonymous_6)
FN:97,(anonymous_7)
FN:149,sendNovaReplyNotification
FN:185,sendMomentNotification
FN:209,sendVisionSnapNotification
FNF:11
FNH:0
FNDA:0,sendPushNotification
FNDA:0,(anonymous_1)
FNDA:0,(anonymous_2)
FNDA:0,(anonymous_3)
FNDA:0,(anonymous_4)
FNDA:0,(anonymous_5)
FNDA:0,(anonymous_6)
FNDA:0,(anonymous_7)
FNDA:0,sendNovaReplyNotification
FNDA:0,sendMomentNotification
FNDA:0,sendVisionSnapNotification
DA:14,0
DA:15,0
DA:17,0
DA:44,0
DA:45,0
DA:48,0
DA:49,0
DA:50,0
DA:51,0
DA:53,0
DA:58,0
DA:63,0
DA:64,0
DA:65,0
DA:68,0
DA:79,0
DA:80,0
DA:81,0
DA:82,0
DA:85,0
DA:86,0
DA:88,0
DA:89,0
DA:91,0
DA:92,0
DA:95,0
DA:96,0
DA:97,0
DA:108,0
DA:109,0
DA:110,0
DA:111,0
DA:115,0
DA:116,0
DA:120,0
DA:121,0
DA:126,0
DA:127,0
DA:128,0
DA:133,0
DA:142,0
DA:149,0
DA:156,0
DA:160,0
DA:164,0
DA:185,0
DA:191,0
DA:209,0
DA:212,0
LF:49
LH:0
BRDA:45,0,0,0
BRDA:45,0,1,0
BRDA:48,1,0,0
BRDA:48,1,1,0
BRDA:49,2,0,0
BRDA:49,2,1,0
BRDA:60,3,0,0
BRDA:60,3,1,0
BRDA:60,4,0,0
BRDA:60,4,1,0
BRDA:64,5,0,0
BRDA:64,5,1,0
BRDA:73,6,0,0
BRDA:73,6,1,0
BRDA:79,7,0,0
BRDA:79,7,1,0
BRDA:86,8,0,0
BRDA:86,8,1,0
BRDA:91,9,0,0
BRDA:91,9,1,0
BRDA:95,10,0,0
BRDA:95,10,1,0
BRDA:111,11,0,0
BRDA:111,11,1,0
BRDA:112,12,0,0
BRDA:112,12,1,0
BRDA:116,13,0,0
BRDA:116,13,1,0
BRDA:120,14,0,0
BRDA:120,14,1,0
BRDA:134,15,0,0
BRDA:134,15,1,0
BRDA:156,16,0,0
BRDA:156,16,1,0
BRDA:160,17,0,0
BRDA:160,17,1,0
BRDA:174,18,0,0
BRDA:174,18,1,0
BRDA:175,19,0,0
BRDA:175,19,1,0
BRDA:177,20,0,0
BRDA:177,20,1,0
BRDA:201,21,0,0
BRDA:201,21,1,0
BRF:44
BRH:0
end_of_record
TN:
SF:src\lib\queryTracker.ts
FN:48,(anonymous_0)
FN:50,(anonymous_1)
FN:58,(anonymous_2)
FN:67,(anonymous_3)
FN:89,(anonymous_4)
FN:96,(anonymous_5)
FN:103,(anonymous_6)
FN:129,(anonymous_7)
FNF:8
FNH:0
FNDA:0,(anonymous_0)
FNDA:0,(anonymous_1)
FNDA:0,(anonymous_2)
FNDA:0,(anonymous_3)
FNDA:0,(anonymous_4)
FNDA:0,(anonymous_5)
FNDA:0,(anonymous_6)
FNDA:0,(anonymous_7)
DA:11,0
DA:12,0
DA:15,0
DA:43,0
DA:44,0
DA:45,0
DA:46,0
DA:50,0
DA:52,0
DA:59,0
DA:60,0
DA:68,0
DA:69,0
DA:70,0
DA:72,0
DA:81,0
DA:82,0
DA:90,0
DA:97,0
DA:104,0
DA:106,0
DA:107,0
DA:109,0
DA:110,0
DA:111,0
DA:112,0
DA:114,0
DA:117,0
DA:134,0
DA:136,0
DA:137,0
DA:139,0
DA:140,0
DA:141,0
DA:143,0
DA:144,0
DA:147,0
DA:148,0
DA:152,0
LF:39
LH:0
BRDA:52,0,0,0
BRDA:52,0,1,0
BRDA:59,1,0,0
BRDA:59,1,1,0
BRDA:68,2,0,0
BRDA:68,2,1,0
BRDA:81,3,0,0
BRDA:81,3,1,0
BRDA:104,4,0,0
BRDA:104,4,1,0
BRDA:111,5,0,0
BRDA:111,5,1,0
BRDA:117,6,0,0
BRDA:117,6,1,0
BRDA:140,7,0,0
BRDA:140,7,1,0
BRDA:140,8,0,0
BRDA:140,8,1,0
BRDA:141,9,0,0
BRDA:141,9,1,0
BRDA:143,10,0,0
BRDA:143,10,1,0
BRDA:143,11,0,0
BRDA:143,11,1,0
BRF:24
BRH:0
end_of_record
TN:
SF:src\lib\supabase.ts
FN:20,validateSupabaseConfig
FN:32,getSupabaseAnon
FN:43,getSupabaseAdmin
FN:60,(anonymous_3)
FN:66,(anonymous_4)
FNF:5
FNH:0
FNDA:0,validateSupabaseConfig
FNDA:0,getSupabaseAnon
FNDA:0,getSupabaseAdmin
FNDA:0,(anonymous_3)
FNDA:0,(anonymous_4)
DA:13,0
DA:14,0
DA:15,0
DA:17,0
DA:18,0
DA:21,0
DA:22,0
DA:24,0
DA:25,0
DA:27,0
DA:28,0
DA:32,0
DA:33,0
DA:34,0
DA:35,0
DA:36,0
DA:40,0
DA:43,0
DA:44,0
DA:45,0
DA:46,0
DA:47,0
DA:49,0
DA:50,0
DA:54,0
DA:59,0
DA:61,0
DA:65,0
DA:67,0
LF:29
LH:0
BRDA:21,0,0,0
BRDA:21,0,1,0
BRDA:21,1,0,0
BRDA:21,1,1,0
BRDA:24,2,0,0
BRDA:24,2,1,0
BRDA:27,3,0,0
BRDA:27,3,1,0
BRDA:27,4,0,0
BRDA:27,4,1,0
BRDA:33,5,0,0
BRDA:33,5,1,0
BRDA:44,6,0,0
BRDA:44,6,1,0
BRDA:46,7,0,0
BRDA:46,7,1,0
BRDA:46,8,0,0
BRDA:46,8,1,0
BRF:18
BRH:0
end_of_record
TN:
SF:src\middleware\auth.ts
FN:4,(anonymous_9)
FN:15,(anonymous_10)
FNF:2
FNH:0
FNDA:0,(anonymous_9)
FNDA:0,(anonymous_10)
DA:2,0
DA:4,0
DA:5,0
DA:6,0
DA:7,0
DA:8,0
DA:9,0
DA:12,0
DA:15,0
DA:16,0
DA:17,0
DA:19,0
DA:20,0
DA:21,0
DA:24,0
DA:29,0
DA:31,0
DA:32,0
LF:18
LH:0
BRDA:7,0,0,0
BRDA:7,0,1,0
BRDA:7,1,0,0
BRDA:7,1,1,0
BRDA:19,2,0,0
BRDA:19,2,1,0
BRDA:19,3,0,0
BRDA:19,3,1,0
BRDA:31,4,0,0
BRDA:31,4,1,0
BRF:10
BRH:0
end_of_record
TN:
SF:src\middleware\errorHandler.ts
FN:24,errorHandler
FNF:1
FNH:0
FNDA:0,errorHandler
DA:11,0
DA:12,0
DA:13,0
DA:24,0
DA:31,0
DA:32,0
DA:39,0
DA:46,0
DA:47,0
DA:51,0
DA:58,0
DA:67,0
LF:12
LH:0
BRDA:31,0,0,0
BRDA:31,0,1,0
BRDA:63,1,0,0
BRDA:63,1,1,0
BRF:4
BRH:0
end_of_record
TN:
SF:src\middleware\requestLogger.ts
FN:14,(anonymous_1)
FNF:1
FNH:0
FNDA:0,(anonymous_1)
DA:8,0
DA:9,0
DA:10,0
DA:13,0
DA:15,0
DA:20,0
LF:6
LH:0
BRDA:21,0,0,0
BRDA:21,0,1,0
BRF:2
BRH:0
end_of_record
TN:
SF:src\routes\admin.ts
FN:15,(anonymous_0)
FN:49,(anonymous_1)
FN:61,(anonymous_2)
FN:73,(anonymous_3)
FN:85,(anonymous_4)
FN:97,(anonymous_5)
FN:109,(anonymous_6)
FNF:7
FNH:0
FNDA:0,(anonymous_0)
FNDA:0,(anonymous_1)
FNDA:0,(anonymous_2)
FNDA:0,(anonymous_3)
FNDA:0,(anonymous_4)
FNDA:0,(anonymous_5)
FNDA:0,(anonymous_6)
DA:1,0
DA:2,0
DA:3,0
DA:4,0
DA:5,0
DA:6,0
DA:7,0
DA:9,0
DA:15,0
DA:16,0
DA:17,0
DA:20,0
DA:26,0
DA:28,0
DA:29,0
DA:30,0
DA:31,0
DA:36,0
DA:40,0
DA:42,0
DA:49,0
DA:50,0
DA:51,0
DA:52,0
DA:54,0
DA:61,0
DA:62,0
DA:63,0
DA:64,0
DA:66,0
DA:73,0
DA:74,0
DA:75,0
DA:76,0
DA:78,0
DA:85,0
DA:86,0
DA:87,0
DA:88,0
DA:90,0
DA:97,0
DA:98,0
DA:99,0
DA:100,0
DA:102,0
DA:109,0
DA:110,0
DA:111,0
DA:112,0
DA:114,0
LF:50
LH:0
BRDA:26,0,0,0
BRDA:26,0,1,0
BRDA:29,1,0,0
BRDA:29,1,1,0
BRDA:29,2,0,0
BRDA:29,2,1,0
BRF:6
BRH:0
end_of_record
TN:
SF:src\routes\analytics.ts
FN:8,(anonymous_0)
FN:34,(anonymous_1)
FN:58,(anonymous_2)
FN:89,(anonymous_3)
FN:121,(anonymous_4)
FN:151,(anonymous_5)
FN:152,(anonymous_6)
FN:153,(anonymous_7)
FN:166,(anonymous_8)
FN:204,(anonymous_9)
FNF:10
FNH:0
FNDA:0,(anonymous_0)
FNDA:0,(anonymous_1)
FNDA:0,(anonymous_2)
FNDA:0,(anonymous_3)
FNDA:0,(anonymous_4)
FNDA:0,(anonymous_5)
FNDA:0,(anonymous_6)
FNDA:0,(anonymous_7)
FNDA:0,(anonymous_8)
FNDA:0,(anonymous_9)
DA:1,0
DA:2,0
DA:3,0
DA:5,0
DA:8,0
DA:9,0
DA:10,0
DA:11,0
DA:12,0
DA:13,0
DA:17,0
DA:22,0
DA:26,0
DA:32,0
DA:34,0
DA:35,0
DA:36,0
DA:37,0
DA:41,0
DA:43,0
DA:52,0
DA:53,0
DA:58,0
DA:59,0
DA:60,0
DA:61,0
DA:62,0
DA:63,0
DA:66,0
DA:72,0
DA:74,0
DA:83,0
DA:84,0
DA:89,0
DA:90,0
DA:91,0
DA:92,0
DA:93,0
DA:94,0
DA:97,0
DA:104,0
DA:106,0
DA:115,0
DA:116,0
DA:121,0
DA:122,0
DA:123,0
DA:124,0
DA:125,0
DA:126,0
DA:130,0
DA:137,0
DA:140,0
DA:147,0
DA:150,0
DA:151,0
DA:152,0
DA:153,0
DA:155,0
DA:160,0
DA:161,0
DA:166,0
DA:167,0
DA:168,0
DA:169,0
DA:170,0
DA:171,0
DA:174,0
DA:180,0
DA:182,0
DA:188,0
DA:190,0
DA:198,0
DA:199,0
DA:204,0
DA:205,0
DA:207,0
DA:212,0
DA:217,0
DA:222,0
DA:226,0
DA:238,0
DA:239,0
LF:83
LH:0
BRDA:11,0,0,0
BRDA:11,0,1,0
BRDA:22,1,0,0
BRDA:22,1,1,0
BRDA:32,2,0,0
BRDA:32,2,1,0
BRDA:34,3,0,0
BRDA:34,3,1,0
BRDA:35,4,0,0
BRDA:35,4,1,0
BRDA:36,5,0,0
BRDA:36,5,1,0
BRDA:41,6,0,0
BRDA:41,6,1,0
BRDA:46,7,0,0
BRDA:46,7,1,0
BRDA:52,8,0,0
BRDA:52,8,1,0
BRDA:61,9,0,0
BRDA:61,9,1,0
BRDA:72,10,0,0
BRDA:72,10,1,0
BRDA:77,11,0,0
BRDA:77,11,1,0
BRDA:83,12,0,0
BRDA:83,12,1,0
BRDA:92,13,0,0
BRDA:92,13,1,0
BRDA:104,14,0,0
BRDA:104,14,1,0
BRDA:109,15,0,0
BRDA:109,15,1,0
BRDA:115,16,0,0
BRDA:115,16,1,0
BRDA:124,17,0,0
BRDA:124,17,1,0
BRDA:137,18,0,0
BRDA:137,18,1,0
BRDA:147,19,0,0
BRDA:147,19,1,0
BRDA:151,20,0,0
BRDA:151,20,1,0
BRDA:152,21,0,0
BRDA:152,21,1,0
BRDA:160,22,0,0
BRDA:160,22,1,0
BRDA:169,23,0,0
BRDA:169,23,1,0
BRDA:180,24,0,0
BRDA:180,24,1,0
BRDA:188,25,0,0
BRDA:188,25,1,0
BRDA:193,26,0,0
BRDA:193,26,1,0
BRDA:194,27,0,0
BRDA:194,27,1,0
BRDA:198,28,0,0
BRDA:198,28,1,0
BRDA:229,29,0,0
BRDA:229,29,1,0
BRDA:230,30,0,0
BRDA:230,30,1,0
BRDA:231,31,0,0
BRDA:231,31,1,0
BRDA:232,32,0,0
BRDA:232,32,1,0
BRDA:238,33,0,0
BRDA:238,33,1,0
BRF:68
BRH:0
end_of_record
TN:
SF:src\routes\auth.ts
FN:13,(anonymous_0)
FN:57,(anonymous_1)
FN:111,(anonymous_2)
FN:151,(anonymous_3)
FN:169,(anonymous_4)
FN:194,(anonymous_5)
FN:230,(anonymous_6)
FNF:7
FNH:0
FNDA:0,(anonymous_0)
FNDA:0,(anonymous_1)
FNDA:0,(anonymous_2)
FNDA:0,(anonymous_3)
FNDA:0,(anonymous_4)
FNDA:0,(anonymous_5)
FNDA:0,(anonymous_6)
DA:1,0
DA:2,0
DA:3,0
DA:4,0
DA:5,0
DA:6,0
DA:8,0
DA:13,0
DA:14,0
DA:15,0
DA:16,0
DA:17,0
DA:18,0
DA:21,0
DA:22,0
DA:23,0
DA:24,0
DA:25,0
DA:28,0
DA:29,0
DA:34,0
DA:35,0
DA:36,0
DA:37,0
DA:40,0
DA:46,0
DA:50,0
DA:57,0
DA:58,0
DA:59,0
DA:60,0
DA:61,0
DA:62,0
DA:65,0
DA:66,0
DA:67,0
DA:68,0
DA:69,0
DA:72,0
DA:77,0
DA:78,0
DA:79,0
DA:82,0
DA:88,0
DA:97,0
DA:102,0
DA:111,0
DA:112,0
DA:113,0
DA:114,0
DA:115,0
DA:116,0
DA:119,0
DA:121,0
DA:122,0
DA:123,0
DA:124,0
DA:127,0
DA:128,0
DA:134,0
DA:143,0
DA:144,0
DA:151,0
DA:152,0
DA:153,0
DA:154,0
DA:157,0
DA:159,0
DA:161,0
DA:162,0
DA:169,0
DA:170,0
DA:171,0
DA:172,0
DA:178,0
DA:185,0
DA:186,0
DA:194,0
DA:195,0
DA:196,0
DA:197,0
DA:199,0
DA:200,0
DA:201,0
DA:204,0
DA:209,0
DA:210,0
DA:211,0
DA:212,0
DA:215,0
DA:217,0
DA:218,0
DA:220,0
DA:221,0
DA:230,0
DA:231,0
DA:232,0
DA:233,0
DA:234,0
DA:235,0
DA:238,0
DA:242,0
DA:258,0
DA:259,0
DA:260,0
DA:261,0
DA:262,0
DA:264,0
DA:266,0
DA:271,0
DA:273,0
DA:274,0
DA:275,0
DA:276,0
DA:280,0
DA:281,0
DA:283,0
DA:284,0
DA:286,0
DA:287,0
LF:120
LH:0
BRDA:16,0,0,0
BRDA:16,0,1,0
BRDA:16,1,0,0
BRDA:16,1,1,0
BRDA:21,2,0,0
BRDA:21,2,1,0
BRDA:21,3,0,0
BRDA:21,3,1,0
BRDA:34,4,0,0
BRDA:34,4,1,0
BRDA:42,5,0,0
BRDA:42,5,1,0
BRDA:43,6,0,0
BRDA:43,6,1,0
BRDA:47,7,0,0
BRDA:47,7,1,0
BRDA:48,8,0,0
BRDA:48,8,1,0
BRDA:50,9,0,0
BRDA:50,9,1,0
BRDA:60,10,0,0
BRDA:60,10,1,0
BRDA:60,11,0,0
BRDA:60,11,1,0
BRDA:65,12,0,0
BRDA:65,12,1,0
BRDA:65,13,0,0
BRDA:65,13,1,0
BRDA:77,14,0,0
BRDA:77,14,1,0
BRDA:91,15,0,0
BRDA:91,15,1,0
BRDA:93,16,0,0
BRDA:93,16,1,0
BRDA:94,17,0,0
BRDA:94,17,1,0
BRDA:98,18,0,0
BRDA:98,18,1,0
BRDA:99,19,0,0
BRDA:99,19,1,0
BRDA:102,20,0,0
BRDA:102,20,1,0
BRDA:114,21,0,0
BRDA:114,21,1,0
BRDA:121,22,0,0
BRDA:121,22,1,0
BRDA:121,23,0,0
BRDA:121,23,1,0
BRDA:139,24,0,0
BRDA:139,24,1,0
BRDA:143,25,0,0
BRDA:143,25,1,0
BRDA:154,26,0,0
BRDA:154,26,1,0
BRDA:161,27,0,0
BRDA:161,27,1,0
BRDA:181,28,0,0
BRDA:181,28,1,0
BRDA:182,29,0,0
BRDA:182,29,1,0
BRDA:185,30,0,0
BRDA:185,30,1,0
BRDA:199,31,0,0
BRDA:199,31,1,0
BRDA:199,32,0,0
BRDA:199,32,1,0
BRDA:199,32,2,0
BRDA:209,33,0,0
BRDA:209,33,1,0
BRDA:220,34,0,0
BRDA:220,34,1,0
BRDA:233,35,0,0
BRDA:233,35,1,0
BRDA:261,36,0,0
BRDA:261,36,1,0
BRDA:266,37,0,0
BRDA:266,37,1,0
BRDA:273,38,0,0
BRDA:273,38,1,0
BRDA:286,39,0,0
BRDA:286,39,1,0
BRF:81
BRH:0
end_of_record
TN:
SF:src\routes\betaAnalytics.ts
FN:11,daysAgo
FN:18,(anonymous_1)
FN:97,(anonymous_2)
FN:122,(anonymous_3)
FN:131,(anonymous_4)
FN:155,(anonymous_5)
FN:155,(anonymous_6)
FN:185,(anonymous_7)
FN:204,(anonymous_8)
FN:208,(anonymous_9)
FN:214,(anonymous_10)
FN:217,(anonymous_11)
FN:244,(anonymous_12)
FN:261,(anonymous_13)
FN:268,(anonymous_14)
FN:272,(anonymous_15)
FN:274,(anonymous_16)
FN:278,(anonymous_17)
FN:280,(anonymous_18)
FN:303,(anonymous_19)
FN:322,(anonymous_20)
FN:326,(anonymous_21)
FN:330,(anonymous_22)
FN:335,(anonymous_23)
FN:344,(anonymous_24)
FN:348,(anonymous_25)
FN:374,(anonymous_26)
FN:391,(anonymous_27)
FN:400,(anonymous_28)
FN:401,(anonymous_29)
FN:405,(anonymous_30)
FN:413,(anonymous_31)
FNF:32
FNH:0
FNDA:0,daysAgo
FNDA:0,(anonymous_1)
FNDA:0,(anonymous_2)
FNDA:0,(anonymous_3)
FNDA:0,(anonymous_4)
FNDA:0,(anonymous_5)
FNDA:0,(anonymous_6)
FNDA:0,(anonymous_7)
FNDA:0,(anonymous_8)
FNDA:0,(anonymous_9)
FNDA:0,(anonymous_10)
FNDA:0,(anonymous_11)
FNDA:0,(anonymous_12)
FNDA:0,(anonymous_13)
FNDA:0,(anonymous_14)
FNDA:0,(anonymous_15)
FNDA:0,(anonymous_16)
FNDA:0,(anonymous_17)
FNDA:0,(anonymous_18)
FNDA:0,(anonymous_19)
FNDA:0,(anonymous_20)
FNDA:0,(anonymous_21)
FNDA:0,(anonymous_22)
FNDA:0,(anonymous_23)
FNDA:0,(anonymous_24)
FNDA:0,(anonymous_25)
FNDA:0,(anonymous_26)
FNDA:0,(anonymous_27)
FNDA:0,(anonymous_28)
FNDA:0,(anonymous_29)
FNDA:0,(anonymous_30)
FNDA:0,(anonymous_31)
DA:1,0
DA:2,0
DA:3,0
DA:4,0
DA:6,0
DA:8,0
DA:12,0
DA:18,0
DA:19,0
DA:20,0
DA:21,0
DA:22,0
DA:35,0
DA:55,0
DA:56,0
DA:60,0
DA:86,0
DA:87,0
DA:89,0
DA:90,0
DA:97,0
DA:98,0
DA:99,0
DA:100,0
DA:101,0
DA:104,0
DA:109,0
DA:110,0
DA:113,0
DA:118,0
DA:121,0
DA:122,0
DA:123,0
DA:124,0
DA:128,0
DA:129,0
DA:131,0
DA:132,0
DA:133,0
DA:134,0
DA:135,0
DA:137,0
DA:140,0
DA:141,0
DA:142,0
DA:144,0
DA:145,0
DA:146,0
DA:151,0
DA:152,0
DA:153,0
DA:154,0
DA:155,0
DA:157,0
DA:160,0
DA:174,0
DA:175,0
DA:177,0
DA:178,0
DA:185,0
DA:186,0
DA:187,0
DA:188,0
DA:189,0
DA:191,0
DA:198,0
DA:200,0
DA:203,0
DA:204,0
DA:207,0
DA:208,0
DA:209,0
DA:213,0
DA:214,0
DA:217,0
DA:225,0
DA:233,0
DA:234,0
DA:236,0
DA:237,0
DA:244,0
DA:245,0
DA:246,0
DA:247,0
DA:248,0
DA:250,0
DA:256,0
DA:258,0
DA:259,0
DA:260,0
DA:261,0
DA:262,0
DA:263,0
DA:267,0
DA:268,0
DA:271,0
DA:272,0
DA:274,0
DA:277,0
DA:278,0
DA:280,0
DA:282,0
DA:292,0
DA:293,0
DA:295,0
DA:296,0
DA:303,0
DA:304,0
DA:305,0
DA:306,0
DA:307,0
DA:309,0
DA:315,0
DA:317,0
DA:318,0
DA:321,0
DA:322,0
DA:325,0
DA:326,0
DA:329,0
DA:330,0
DA:331,0
DA:332,0
DA:333,0
DA:335,0
DA:336,0
DA:337,0
DA:341,0
DA:342,0
DA:343,0
DA:344,0
DA:345,0
DA:348,0
DA:352,0
DA:354,0
DA:363,0
DA:364,0
DA:366,0
DA:367,0
DA:374,0
DA:375,0
DA:376,0
DA:377,0
DA:378,0
DA:380,0
DA:385,0
DA:387,0
DA:390,0
DA:391,0
DA:392,0
DA:393,0
DA:394,0
DA:399,0
DA:400,0
DA:401,0
DA:404,0
DA:405,0
DA:406,0
DA:407,0
DA:408,0
DA:409,0
DA:412,0
DA:413,0
DA:416,0
DA:423,0
DA:424,0
DA:426,0
DA:427,0
LF:168
LH:0
BRDA:22,0,0,0
BRDA:22,0,1,0
BRDA:55,1,0,0
BRDA:55,1,1,0
BRDA:56,2,0,0
BRDA:56,2,1,0
BRDA:57,3,0,0
BRDA:57,3,1,0
BRDA:62,4,0,0
BRDA:62,4,1,0
BRDA:63,5,0,0
BRDA:63,5,1,0
BRDA:64,6,0,0
BRDA:64,6,1,0
BRDA:67,7,0,0
BRDA:67,7,1,0
BRDA:68,8,0,0
BRDA:68,8,1,0
BRDA:68,9,0,0
BRDA:68,9,1,0
BRDA:72,10,0,0
BRDA:72,10,1,0
BRDA:73,11,0,0
BRDA:73,11,1,0
BRDA:77,12,0,0
BRDA:77,12,1,0
BRDA:78,13,0,0
BRDA:78,13,1,0
BRDA:81,14,0,0
BRDA:81,14,1,0
BRDA:89,15,0,0
BRDA:89,15,1,0
BRDA:101,16,0,0
BRDA:101,16,1,0
BRDA:109,17,0,0
BRDA:109,17,1,0
BRDA:110,18,0,0
BRDA:110,18,1,0
BRDA:118,19,0,0
BRDA:118,19,1,0
BRDA:122,20,0,0
BRDA:122,20,1,0
BRDA:123,21,0,0
BRDA:123,21,1,0
BRDA:137,22,0,0
BRDA:137,22,1,0
BRDA:140,23,0,0
BRDA:140,23,1,0
BRDA:142,24,0,0
BRDA:142,24,1,0
BRDA:144,25,0,0
BRDA:144,25,1,0
BRDA:146,26,0,0
BRDA:146,26,1,0
BRDA:155,27,0,0
BRDA:155,27,1,0
BRDA:164,28,0,0
BRDA:164,28,1,0
BRDA:169,29,0,0
BRDA:169,29,1,0
BRDA:177,30,0,0
BRDA:177,30,1,0
BRDA:189,31,0,0
BRDA:189,31,1,0
BRDA:198,32,0,0
BRDA:198,32,1,0
BRDA:200,33,0,0
BRDA:200,33,1,0
BRDA:204,34,0,0
BRDA:204,34,1,0
BRDA:209,35,0,0
BRDA:209,35,1,0
BRDA:209,36,0,0
BRDA:209,36,1,0
BRDA:236,37,0,0
BRDA:236,37,1,0
BRDA:248,38,0,0
BRDA:248,38,1,0
BRDA:256,39,0,0
BRDA:256,39,1,0
BRDA:258,40,0,0
BRDA:258,40,1,0
BRDA:262,41,0,0
BRDA:262,41,1,0
BRDA:263,42,0,0
BRDA:263,42,1,0
BRDA:268,43,0,0
BRDA:268,43,1,0
BRDA:272,44,0,0
BRDA:272,44,1,0
BRDA:285,45,0,0
BRDA:285,45,1,0
BRDA:295,46,0,0
BRDA:295,46,1,0
BRDA:307,47,0,0
BRDA:307,47,1,0
BRDA:315,48,0,0
BRDA:315,48,1,0
BRDA:317,49,0,0
BRDA:317,49,1,0
BRDA:322,50,0,0
BRDA:322,50,1,0
BRDA:326,51,0,0
BRDA:326,51,1,0
BRDA:331,52,0,0
BRDA:331,52,1,0
BRDA:333,53,0,0
BRDA:333,53,1,0
BRDA:337,54,0,0
BRDA:337,54,1,0
BRDA:352,55,0,0
BRDA:352,55,1,0
BRDA:352,56,0,0
BRDA:352,56,1,0
BRDA:366,57,0,0
BRDA:366,57,1,0
BRDA:378,58,0,0
BRDA:378,58,1,0
BRDA:385,59,0,0
BRDA:385,59,1,0
BRDA:387,60,0,0
BRDA:387,60,1,0
BRDA:392,61,0,0
BRDA:392,61,1,0
BRDA:392,62,0,0
BRDA:392,62,1,0
BRDA:394,63,0,0
BRDA:394,63,1,0
BRDA:406,64,0,0
BRDA:406,64,1,0
BRDA:406,65,0,0
BRDA:406,65,1,0
BRDA:406,65,2,0
BRDA:408,66,0,0
BRDA:408,66,1,0
BRDA:426,67,0,0
BRDA:426,67,1,0
BRF:137
BRH:0
end_of_record
TN:
SF:src\routes\chat.ts
FN:42,isDuplicateAssistantMessage
FN:62,(anonymous_11)
FN:80,persistAssistantMessage
FN:99,isExcessiveRequest
FN:116,chunkResponse
FN:122,shouldExtractShortTermMemory
FN:126,(anonymous_16)
FN:279,convertNovaTable
FN:280,(anonymous_18)
FN:282,(anonymous_19)
FN:283,(anonymous_20)
FN:287,(anonymous_21)
FN:288,(anonymous_22)
FN:293,(anonymous_23)
FN:294,(anonymous_24)
FN:305,timeAgo
FN:322,parseLLMResponse
FN:330,(anonymous_27)
FN:346,sanitizeTableCell
FN:376,sanitizeMarkdown
FN:416,(anonymous_30)
FN:422,(anonymous_31)
FN:426,(anonymous_32)
FN:447,(anonymous_33)
FN:510,(anonymous_34)
FN:525,(anonymous_35)
FN:527,(anonymous_36)
FN:554,(anonymous_37)
FN:600,(anonymous_38)
FN:600,(anonymous_39)
FN:604,(anonymous_40)
FN:606,(anonymous_41)
FN:616,(anonymous_42)
FN:618,(anonymous_43)
FN:624,(anonymous_44)
FN:624,(anonymous_45)
FN:626,(anonymous_46)
FN:631,(anonymous_47)
FN:631,(anonymous_48)
FN:632,(anonymous_49)
FN:656,(anonymous_50)
FN:668,(anonymous_51)
FN:673,(anonymous_52)
FN:674,(anonymous_53)
FN:759,(anonymous_54)
FN:766,(anonymous_55)
FN:776,(anonymous_56)
FN:783,(anonymous_57)
FN:787,(anonymous_58)
FN:790,(anonymous_59)
FN:801,(anonymous_60)
FN:806,(anonymous_61)
FN:818,(anonymous_62)
FN:819,(anonymous_63)
FN:820,(anonymous_64)
FN:830,(anonymous_65)
FN:852,(anonymous_66)
FN:854,(anonymous_67)
FN:859,(anonymous_68)
FN:865,(anonymous_69)
FN:891,(anonymous_70)
FN:892,(anonymous_71)
FN:895,(anonymous_72)
FN:897,(anonymous_73)
FN:906,(anonymous_74)
FN:908,(anonymous_75)
FN:920,(anonymous_76)
FN:949,(anonymous_77)
FN:956,(anonymous_78)
FN:958,(anonymous_79)
FN:965,(anonymous_80)
FN:1000,(anonymous_81)
FN:1009,(anonymous_82)
FN:1017,(anonymous_83)
FN:1026,(anonymous_84)
FN:1035,(anonymous_85)
FN:1042,(anonymous_86)
FN:1083,(anonymous_87)
FN:1084,(anonymous_88)
FN:1153,(anonymous_89)
FN:1158,(anonymous_90)
FN:1170,(anonymous_91)
FN:1199,(anonymous_92)
FN:1266,(anonymous_93)
FN:1275,(anonymous_94)
FN:1276,(anonymous_95)
FN:1309,(anonymous_96)
FN:1311,(anonymous_97)
FN:1324,(anonymous_98)
FN:1330,(anonymous_99)
FN:1331,(anonymous_100)
FN:1354,(anonymous_101)
FN:1356,(anonymous_102)
FN:1443,(anonymous_103)
FN:1458,(anonymous_104)
FN:1465,(anonymous_105)
FN:1465,(anonymous_106)
FN:1530,(anonymous_107)
FN:1565,(anonymous_108)
FN:1606,(anonymous_109)
FN:1615,(anonymous_110)
FN:1617,(anonymous_111)
FN:1635,(anonymous_112)
FN:1678,(anonymous_113)
FN:1685,(anonymous_114)
FN:1747,(anonymous_115)
FN:1794,(anonymous_116)
FN:1827,(anonymous_117)
FN:1845,(anonymous_118)
FN:1865,(anonymous_119)
FN:1872,(anonymous_120)
FNF:111
FNH:0
FNDA:0,isDuplicateAssistantMessage
FNDA:0,(anonymous_11)
FNDA:0,persistAssistantMessage
FNDA:0,isExcessiveRequest
FNDA:0,chunkResponse
FNDA:0,shouldExtractShortTermMemory
FNDA:0,(anonymous_16)
FNDA:0,convertNovaTable
FNDA:0,(anonymous_18)
FNDA:0,(anonymous_19)
FNDA:0,(anonymous_20)
FNDA:0,(anonymous_21)
FNDA:0,(anonymous_22)
FNDA:0,(anonymous_23)
FNDA:0,(anonymous_24)
FNDA:0,timeAgo
FNDA:0,parseLLMResponse
FNDA:0,(anonymous_27)
FNDA:0,sanitizeTableCell
FNDA:0,sanitizeMarkdown
FNDA:0,(anonymous_30)
FNDA:0,(anonymous_31)
FNDA:0,(anonymous_32)
FNDA:0,(anonymous_33)
FNDA:0,(anonymous_34)
FNDA:0,(anonymous_35)
FNDA:0,(anonymous_36)
FNDA:0,(anonymous_37)
FNDA:0,(anonymous_38)
FNDA:0,(anonymous_39)
FNDA:0,(anonymous_40)
FNDA:0,(anonymous_41)
FNDA:0,(anonymous_42)
FNDA:0,(anonymous_43)
FNDA:0,(anonymous_44)
FNDA:0,(anonymous_45)
FNDA:0,(anonymous_46)
FNDA:0,(anonymous_47)
FNDA:0,(anonymous_48)
FNDA:0,(anonymous_49)
FNDA:0,(anonymous_50)
FNDA:0,(anonymous_51)
FNDA:0,(anonymous_52)
FNDA:0,(anonymous_53)
FNDA:0,(anonymous_54)
FNDA:0,(anonymous_55)
FNDA:0,(anonymous_56)
FNDA:0,(anonymous_57)
FNDA:0,(anonymous_58)
FNDA:0,(anonymous_59)
FNDA:0,(anonymous_60)
FNDA:0,(anonymous_61)
FNDA:0,(anonymous_62)
FNDA:0,(anonymous_63)
FNDA:0,(anonymous_64)
FNDA:0,(anonymous_65)
FNDA:0,(anonymous_66)
FNDA:0,(anonymous_67)
FNDA:0,(anonymous_68)
FNDA:0,(anonymous_69)
FNDA:0,(anonymous_70)
FNDA:0,(anonymous_71)
FNDA:0,(anonymous_72)
FNDA:0,(anonymous_73)
FNDA:0,(anonymous_74)
FNDA:0,(anonymous_75)
FNDA:0,(anonymous_76)
FNDA:0,(anonymous_77)
FNDA:0,(anonymous_78)
FNDA:0,(anonymous_79)
FNDA:0,(anonymous_80)
FNDA:0,(anonymous_81)
FNDA:0,(anonymous_82)
FNDA:0,(anonymous_83)
FNDA:0,(anonymous_84)
FNDA:0,(anonymous_85)
FNDA:0,(anonymous_86)
FNDA:0,(anonymous_87)
FNDA:0,(anonymous_88)
FNDA:0,(anonymous_89)
FNDA:0,(anonymous_90)
FNDA:0,(anonymous_91)
FNDA:0,(anonymous_92)
FNDA:0,(anonymous_93)
FNDA:0,(anonymous_94)
FNDA:0,(anonymous_95)
FNDA:0,(anonymous_96)
FNDA:0,(anonymous_97)
FNDA:0,(anonymous_98)
FNDA:0,(anonymous_99)
FNDA:0,(anonymous_100)
FNDA:0,(anonymous_101)
FNDA:0,(anonymous_102)
FNDA:0,(anonymous_103)
FNDA:0,(anonymous_104)
FNDA:0,(anonymous_105)
FNDA:0,(anonymous_106)
FNDA:0,(anonymous_107)
FNDA:0,(anonymous_108)
FNDA:0,(anonymous_109)
FNDA:0,(anonymous_110)
FNDA:0,(anonymous_111)
FNDA:0,(anonymous_112)
FNDA:0,(anonymous_113)
FNDA:0,(anonymous_114)
FNDA:0,(anonymous_115)
FNDA:0,(anonymous_116)
FNDA:0,(anonymous_117)
FNDA:0,(anonymous_118)
FNDA:0,(anonymous_119)
FNDA:0,(anonymous_120)
DA:1,0
DA:2,0
DA:3,0
DA:4,0
DA:5,0
DA:6,0
DA:7,0
DA:8,0
DA:9,0
DA:11,0
DA:12,0
DA:13,0
DA:14,0
DA:15,0
DA:16,0
DA:17,0
DA:18,0
DA:19,0
DA:20,0
DA:22,0
DA:36,0
DA:43,0
DA:44,0
DA:45,0
DA:55,0
DA:62,0
DA:63,0
DA:64,0
DA:65,0
DA:66,0
DA:67,0
DA:69,0
DA:71,0
DA:81,0
DA:82,0
DA:90,0
DA:94,0
DA:95,0
DA:96,0
DA:97,0
DA:100,0
DA:102,0
DA:103,0
DA:104,0
DA:105,0
DA:106,0
DA:107,0
DA:108,0
DA:109,0
DA:111,0
DA:114,0
DA:119,0
DA:123,0
DA:124,0
DA:125,0
DA:126,0
DA:129,0
DA:131,0
DA:142,0
DA:280,0
DA:281,0
DA:282,0
DA:283,0
DA:284,0
DA:287,0
DA:288,0
DA:290,0
DA:294,0
DA:296,0
DA:297,0
DA:301,0
DA:306,0
DA:307,0
DA:308,0
DA:309,0
DA:310,0
DA:311,0
DA:312,0
DA:323,0
DA:324,0
DA:327,0
DA:328,0
DA:330,0
DA:332,0
DA:337,0
DA:347,0
DA:350,0
DA:351,0
DA:352,0
DA:354,0
DA:356,0
DA:359,0
DA:360,0
DA:362,0
DA:364,0
DA:366,0
DA:368,0
DA:380,0
DA:388,0
DA:390,0
DA:391,0
DA:392,0
DA:394,0
DA:401,0
DA:406,0
DA:411,0
DA:412,0
DA:415,0
DA:416,0
DA:417,0
DA:419,0
DA:421,0
DA:422,0
DA:424,0
DA:426,0
DA:427,0
DA:430,0
DA:436,0
DA:443,0
DA:445,0
DA:448,0
DA:449,0
DA:450,0
DA:451,0
DA:454,0
DA:455,0
DA:457,0
DA:458,0
DA:459,0
DA:460,0
DA:462,0
DA:463,0
DA:464,0
DA:465,0
DA:466,0
DA:467,0
DA:469,0
DA:475,0
DA:477,0
DA:481,0
DA:482,0
DA:485,0
DA:486,0
DA:487,0
DA:489,0
DA:490,0
DA:492,0
DA:498,0
DA:499,0
DA:500,0
DA:501,0
DA:504,0
DA:505,0
DA:507,0
DA:508,0
DA:510,0
DA:518,0
DA:522,0
DA:523,0
DA:525,0
DA:526,0
DA:527,0
DA:533,0
DA:536,0
DA:537,0
DA:539,0
DA:540,0
DA:541,0
DA:542,0
DA:543,0
DA:545,0
DA:547,0
DA:552,0
DA:555,0
DA:560,0
DA:561,0
DA:568,0
DA:569,0
DA:573,0
DA:576,0
DA:577,0
DA:578,0
DA:579,0
DA:587,0
DA:592,0
DA:594,0
DA:599,0
DA:600,0
DA:601,0
DA:602,0
DA:603,0
DA:604,0
DA:606,0
DA:612,0
DA:617,0
DA:618,0
DA:623,0
DA:624,0
DA:625,0
DA:626,0
DA:631,0
DA:632,0
DA:637,0
DA:638,0
DA:652,0
DA:653,0
DA:655,0
DA:656,0
DA:657,0
DA:664,0
DA:666,0
DA:667,0
DA:668,0
DA:670,0
DA:672,0
DA:673,0
DA:674,0
DA:677,0
DA:678,0
DA:679,0
DA:681,0
DA:686,0
DA:688,0
DA:691,0
DA:696,0
DA:697,0
DA:699,0
DA:702,0
DA:703,0
DA:717,0
DA:718,0
DA:719,0
DA:720,0
DA:721,0
DA:722,0
DA:726,0
DA:728,0
DA:729,0
DA:731,0
DA:737,0
DA:739,0
DA:740,0
DA:741,0
DA:742,0
DA:744,0
DA:746,0
DA:755,0
DA:760,0
DA:767,0
DA:777,0
DA:783,0
DA:787,0
DA:791,0
DA:801,0
DA:807,0
DA:818,0
DA:819,0
DA:820,0
DA:822,0
DA:823,0
DA:828,0
DA:829,0
DA:830,0
DA:831,0
DA:832,0
DA:834,0
DA:835,0
DA:838,0
DA:841,0
DA:845,0
DA:846,0
DA:847,0
DA:851,0
DA:852,0
DA:853,0
DA:854,0
DA:855,0
DA:858,0
DA:859,0
DA:860,0
DA:865,0
DA:866,0
DA:871,0
DA:877,0
DA:891,0
DA:892,0
DA:894,0
DA:895,0
DA:897,0
DA:903,0
DA:904,0
DA:905,0
DA:906,0
DA:909,0
DA:911,0
DA:915,0
DA:916,0
DA:917,0
DA:918,0
DA:919,0
DA:920,0
DA:921,0
DA:926,0
DA:929,0
DA:930,0
DA:931,0
DA:932,0
DA:933,0
DA:935,0
DA:936,0
DA:937,0
DA:938,0
DA:939,0
DA:945,0
DA:948,0
DA:949,0
DA:950,0
DA:951,0
DA:952,0
DA:955,0
DA:957,0
DA:958,0
DA:960,0
DA:965,0
DA:968,0
DA:969,0
DA:974,0
DA:975,0
DA:976,0
DA:977,0
DA:978,0
DA:979,0
DA:980,0
DA:981,0
DA:982,0
DA:983,0
DA:984,0
DA:985,0
DA:990,0
DA:991,0
DA:992,0
DA:993,0
DA:994,0
DA:995,0
DA:997,0
DA:998,0
DA:1001,0
DA:1010,0
DA:1018,0
DA:1027,0
DA:1036,0
DA:1043,0
DA:1051,0
DA:1052,0
DA:1053,0
DA:1054,0
DA:1055,0
DA:1057,0
DA:1058,0
DA:1064,0
DA:1065,0
DA:1069,0
DA:1070,0
DA:1071,0
DA:1073,0
DA:1074,0
DA:1079,0
DA:1080,0
DA:1083,0
DA:1084,0
DA:1085,0
DA:1086,0
DA:1089,0
DA:1090,0
DA:1092,0
DA:1094,0
DA:1095,0
DA:1096,0
DA:1100,0
DA:1107,0
DA:1112,0
DA:1113,0
DA:1114,0
DA:1116,0
DA:1120,0
DA:1138,0
DA:1141,0
DA:1142,0
DA:1152,0
DA:1153,0
DA:1155,0
DA:1156,0
DA:1157,0
DA:1158,0
DA:1159,0
DA:1167,0
DA:1168,0
DA:1169,0
DA:1170,0
DA:1171,0
DA:1172,0
DA:1173,0
DA:1174,0
DA:1175,0
DA:1176,0
DA:1177,0
DA:1179,0
DA:1180,0
DA:1183,0
DA:1187,0
DA:1197,0
DA:1198,0
DA:1199,0
DA:1200,0
DA:1203,0
DA:1204,0
DA:1205,0
DA:1206,0
DA:1207,0
DA:1208,0
DA:1209,0
DA:1212,0
DA:1216,0
DA:1217,0
DA:1218,0
DA:1226,0
DA:1244,0
DA:1246,0
DA:1247,0
DA:1248,0
DA:1249,0
DA:1250,0
DA:1251,0
DA:1252,0
DA:1253,0
DA:1254,0
DA:1255,0
DA:1256,0
DA:1259,0
DA:1260,0
DA:1261,0
DA:1263,0
DA:1264,0
DA:1266,0
DA:1267,0
DA:1268,0
DA:1270,0
DA:1272,0
DA:1273,0
DA:1274,0
DA:1275,0
DA:1276,0
DA:1280,0
DA:1281,0
DA:1283,0
DA:1284,0
DA:1287,0
DA:1288,0
DA:1289,0
DA:1290,0
DA:1291,0
DA:1295,0
DA:1296,0
DA:1297,0
DA:1298,0
DA:1299,0
DA:1300,0
DA:1302,0
DA:1305,0
DA:1306,0
DA:1307,0
DA:1308,0
DA:1309,0
DA:1311,0
DA:1312,0
DA:1315,0
DA:1317,0
DA:1318,0
DA:1319,0
DA:1320,0
DA:1324,0
DA:1326,0
DA:1328,0
DA:1329,0
DA:1330,0
DA:1331,0
DA:1335,0
DA:1336,0
DA:1338,0
DA:1339,0
DA:1340,0
DA:1345,0
DA:1348,0
DA:1351,0
DA:1352,0
DA:1353,0
DA:1354,0
DA:1356,0
DA:1357,0
DA:1362,0
DA:1363,0
DA:1364,0
DA:1365,0
DA:1369,0
DA:1370,0
DA:1371,0
DA:1372,0
DA:1373,0
DA:1374,0
DA:1378,0
DA:1379,0
DA:1380,0
DA:1381,0
DA:1384,0
DA:1385,0
DA:1386,0
DA:1387,0
DA:1388,0
DA:1389,0
DA:1390,0
DA:1391,0
DA:1393,0
DA:1395,0
DA:1397,0
DA:1402,0
DA:1403,0
DA:1404,0
DA:1408,0
DA:1409,0
DA:1410,0
DA:1411,0
DA:1412,0
DA:1414,0
DA:1419,0
DA:1420,0
DA:1421,0
DA:1422,0
DA:1423,0
DA:1424,0
DA:1430,0
DA:1431,0
DA:1432,0
DA:1433,0
DA:1434,0
DA:1435,0
DA:1436,0
DA:1440,0
DA:1441,0
DA:1442,0
DA:1443,0
DA:1444,0
DA:1449,0
DA:1452,0
DA:1453,0
DA:1457,0
DA:1458,0
DA:1460,0
DA:1461,0
DA:1465,0
DA:1471,0
DA:1472,0
DA:1473,0
DA:1474,0
DA:1485,0
DA:1486,0
DA:1488,0
DA:1490,0
DA:1496,0
DA:1497,0
DA:1507,0
DA:1508,0
DA:1509,0
DA:1510,0
DA:1512,0
DA:1518,0
DA:1520,0
DA:1530,0
DA:1533,0
DA:1535,0
DA:1540,0
DA:1543,0
DA:1544,0
DA:1548,0
DA:1549,0
DA:1551,0
DA:1565,0
DA:1566,0
DA:1569,0
DA:1570,0
DA:1584,0
DA:1593,0
DA:1594,0
DA:1600,0
DA:1604,0
DA:1605,0
DA:1606,0
DA:1608,0
DA:1609,0
DA:1610,0
DA:1613,0
DA:1614,0
DA:1615,0
DA:1616,0
DA:1617,0
DA:1621,0
DA:1625,0
DA:1629,0
DA:1630,0
DA:1632,0
DA:1633,0
DA:1634,0
DA:1635,0
DA:1643,0
DA:1644,0
DA:1647,0
DA:1648,0
DA:1650,0
DA:1652,0
DA:1654,0
DA:1655,0
DA:1664,0
DA:1667,0
DA:1668,0
DA:1669,0
DA:1671,0
DA:1672,0
DA:1674,0
DA:1675,0
DA:1679,0
DA:1685,0
DA:1686,0
DA:1689,0
DA:1691,0
DA:1696,0
DA:1697,0
DA:1698,0
DA:1699,0
DA:1702,0
DA:1703,0
DA:1707,0
DA:1708,0
DA:1725,0
DA:1726,0
DA:1727,0
DA:1731,0
DA:1732,0
DA:1737,0
DA:1738,0
DA:1745,0
DA:1746,0
DA:1747,0
DA:1751,0
DA:1755,0
DA:1756,0
DA:1757,0
DA:1758,0
DA:1759,0
DA:1760,0
DA:1761,0
DA:1764,0
DA:1770,0
DA:1771,0
DA:1773,0
DA:1774,0
DA:1775,0
DA:1780,0
DA:1781,0
DA:1782,0
DA:1786,0
DA:1792,0
DA:1795,0
DA:1796,0
DA:1797,0
DA:1800,0
DA:1801,0
DA:1802,0
DA:1804,0
DA:1811,0
DA:1815,0
DA:1816,0
DA:1822,0
DA:1823,0
DA:1827,0
DA:1828,0
DA:1831,0
DA:1833,0
DA:1843,0
DA:1846,0
DA:1847,0
DA:1848,0
DA:1854,0
DA:1855,0
DA:1857,0
DA:1863,0
DA:1866,0
DA:1867,0
DA:1868,0
DA:1869,0
DA:1870,0
DA:1872,0
DA:1873,0
DA:1883,0
DA:1884,0
DA:1887,0
DA:1889,0
LF:705
LH:0
BRDA:42,0,0,0
BRDA:55,1,0,0
BRDA:55,1,1,0
BRDA:55,2,0,0
BRDA:55,2,1,0
BRDA:55,2,2,0
BRDA:67,3,0,0
BRDA:67,3,1,0
BRDA:87,4,0,0
BRDA:87,4,1,0
BRDA:100,5,0,0
BRDA:100,5,1,0
BRDA:104,6,0,0
BRDA:104,6,1,0
BRDA:106,7,0,0
BRDA:106,7,1,0
BRDA:106,8,0,0
BRDA:106,8,1,0
BRDA:107,9,0,0
BRDA:107,9,1,0
BRDA:107,10,0,0
BRDA:107,10,1,0
BRDA:108,11,0,0
BRDA:108,11,1,0
BRDA:108,12,0,0
BRDA:108,12,1,0
BRDA:109,13,0,0
BRDA:109,13,1,0
BRDA:109,14,0,0
BRDA:109,14,1,0
BRDA:123,15,0,0
BRDA:123,15,1,0
BRDA:284,16,0,0
BRDA:284,16,1,0
BRDA:308,17,0,0
BRDA:308,17,1,0
BRDA:310,18,0,0
BRDA:310,18,1,0
BRDA:324,19,0,0
BRDA:324,19,1,0
BRDA:327,20,0,0
BRDA:327,20,1,0
BRDA:332,21,0,0
BRDA:332,21,1,0
BRDA:419,22,0,0
BRDA:419,22,1,0
BRDA:426,23,0,0
BRDA:426,23,1,0
BRDA:450,24,0,0
BRDA:450,24,1,0
BRDA:451,25,0,0
BRDA:451,25,1,0
BRDA:460,26,0,0
BRDA:460,26,1,0
BRDA:463,27,0,0
BRDA:463,27,1,0
BRDA:477,28,0,0
BRDA:477,28,1,0
BRDA:481,29,0,0
BRDA:481,29,1,0
BRDA:481,30,0,0
BRDA:481,30,1,0
BRDA:485,31,0,0
BRDA:485,31,1,0
BRDA:487,32,0,0
BRDA:487,32,1,0
BRDA:489,33,0,0
BRDA:489,33,1,0
BRDA:498,34,0,0
BRDA:498,34,1,0
BRDA:504,35,0,0
BRDA:504,35,1,0
BRDA:518,36,0,0
BRDA:518,36,1,0
BRDA:539,37,0,0
BRDA:539,37,1,0
BRDA:552,38,0,0
BRDA:552,38,1,0
BRDA:560,39,0,0
BRDA:560,39,1,0
BRDA:564,40,0,0
BRDA:564,40,1,0
BRDA:568,41,0,0
BRDA:568,41,1,0
BRDA:573,42,0,0
BRDA:573,42,1,0
BRDA:577,43,0,0
BRDA:577,43,1,0
BRDA:577,44,0,0
BRDA:577,44,1,0
BRDA:594,45,0,0
BRDA:594,45,1,0
BRDA:599,46,0,0
BRDA:599,46,1,0
BRDA:602,47,0,0
BRDA:602,47,1,0
BRDA:617,48,0,0
BRDA:617,48,1,0
BRDA:623,49,0,0
BRDA:623,49,1,0
BRDA:623,50,0,0
BRDA:623,50,1,0
BRDA:637,51,0,0
BRDA:637,51,1,0
BRDA:655,52,0,0
BRDA:655,52,1,0
BRDA:670,53,0,0
BRDA:670,53,1,0
BRDA:681,54,0,0
BRDA:681,54,1,0
BRDA:691,55,0,0
BRDA:691,55,1,0
BRDA:702,56,0,0
BRDA:702,56,1,0
BRDA:717,57,0,0
BRDA:717,57,1,0
BRDA:717,58,0,0
BRDA:717,58,1,0
BRDA:719,59,0,0
BRDA:719,59,1,0
BRDA:722,60,0,0
BRDA:722,60,1,0
BRDA:728,61,0,0
BRDA:728,61,1,0
BRDA:757,62,0,0
BRDA:757,62,1,0
BRDA:757,63,0,0
BRDA:757,63,1,0
BRDA:786,64,0,0
BRDA:786,64,1,0
BRDA:788,65,0,0
BRDA:788,65,1,0
BRDA:799,66,0,0
BRDA:799,66,1,0
BRDA:804,67,0,0
BRDA:804,67,1,0
BRDA:828,68,0,0
BRDA:828,68,1,0
BRDA:832,69,0,0
BRDA:832,69,1,0
BRDA:846,70,0,0
BRDA:846,70,1,0
BRDA:846,71,0,0
BRDA:846,71,1,0
BRDA:858,72,0,0
BRDA:858,72,1,0
BRDA:861,73,0,0
BRDA:861,73,1,0
BRDA:871,74,0,0
BRDA:871,74,1,0
BRDA:894,75,0,0
BRDA:894,75,1,0
BRDA:895,76,0,0
BRDA:895,76,1,0
BRDA:904,77,0,0
BRDA:904,77,1,0
BRDA:904,78,0,0
BRDA:904,78,1,0
BRDA:909,79,0,0
BRDA:909,79,1,0
BRDA:909,80,0,0
BRDA:909,80,1,0
BRDA:916,81,0,0
BRDA:916,81,1,0
BRDA:917,82,0,0
BRDA:917,82,1,0
BRDA:919,83,0,0
BRDA:919,83,1,0
BRDA:926,84,0,0
BRDA:926,84,1,0
BRDA:930,85,0,0
BRDA:930,85,1,0
BRDA:931,86,0,0
BRDA:931,86,1,0
BRDA:936,87,0,0
BRDA:936,87,1,0
BRDA:938,88,0,0
BRDA:938,88,1,0
BRDA:943,89,0,0
BRDA:943,89,1,0
BRDA:957,90,0,0
BRDA:957,90,1,0
BRDA:968,91,0,0
BRDA:968,91,1,0
BRDA:975,92,0,0
BRDA:975,92,1,0
BRDA:982,93,0,0
BRDA:982,93,1,0
BRDA:983,94,0,0
BRDA:983,94,1,0
BRDA:984,95,0,0
BRDA:984,95,1,0
BRDA:984,96,0,0
BRDA:984,96,1,0
BRDA:985,97,0,0
BRDA:985,97,1,0
BRDA:986,98,0,0
BRDA:986,98,1,0
BRDA:987,99,0,0
BRDA:987,99,1,0
BRDA:1051,100,0,0
BRDA:1051,100,1,0
BRDA:1052,101,0,0
BRDA:1052,101,1,0
BRDA:1053,102,0,0
BRDA:1053,102,1,0
BRDA:1054,103,0,0
BRDA:1054,103,1,0
BRDA:1057,104,0,0
BRDA:1057,104,1,0
BRDA:1059,105,0,0
BRDA:1059,105,1,0
BRDA:1064,106,0,0
BRDA:1064,106,1,0
BRDA:1069,107,0,0
BRDA:1069,107,1,0
BRDA:1070,108,0,0
BRDA:1070,108,1,0
BRDA:1079,109,0,0
BRDA:1079,109,1,0
BRDA:1079,110,0,0
BRDA:1079,110,1,0
BRDA:1079,110,2,0
BRDA:1083,111,0,0
BRDA:1083,111,1,0
BRDA:1085,112,0,0
BRDA:1085,112,1,0
BRDA:1085,113,0,0
BRDA:1085,113,1,0
BRDA:1089,114,0,0
BRDA:1089,114,1,0
BRDA:1089,115,0,0
BRDA:1089,115,1,0
BRDA:1094,116,0,0
BRDA:1094,116,1,0
BRDA:1104,117,0,0
BRDA:1104,117,1,0
BRDA:1108,118,0,0
BRDA:1108,118,1,0
BRDA:1116,119,0,0
BRDA:1116,119,1,0
BRDA:1155,120,0,0
BRDA:1155,120,1,0
BRDA:1167,121,0,0
BRDA:1167,121,1,0
BRDA:1167,122,0,0
BRDA:1167,122,1,0
BRDA:1175,123,0,0
BRDA:1175,123,1,0
BRDA:1176,124,0,0
BRDA:1176,124,1,0
BRDA:1183,125,0,0
BRDA:1183,125,1,0
BRDA:1198,126,0,0
BRDA:1198,126,1,0
BRDA:1198,127,0,0
BRDA:1198,127,1,0
BRDA:1200,128,0,0
BRDA:1200,128,1,0
BRDA:1202,129,0,0
BRDA:1202,129,1,0
BRDA:1203,130,0,0
BRDA:1203,130,1,0
BRDA:1203,131,0,0
BRDA:1203,131,1,0
BRDA:1204,132,0,0
BRDA:1204,132,1,0
BRDA:1205,133,0,0
BRDA:1205,133,1,0
BRDA:1205,134,0,0
BRDA:1205,134,1,0
BRDA:1206,135,0,0
BRDA:1206,135,1,0
BRDA:1206,136,0,0
BRDA:1206,136,1,0
BRDA:1207,137,0,0
BRDA:1207,137,1,0
BRDA:1208,138,0,0
BRDA:1208,138,1,0
BRDA:1209,139,0,0
BRDA:1209,139,1,0
BRDA:1217,140,0,0
BRDA:1217,140,1,0
BRDA:1237,141,0,0
BRDA:1237,141,1,0
BRDA:1240,142,0,0
BRDA:1240,142,1,0
BRDA:1248,143,0,0
BRDA:1248,143,1,0
BRDA:1250,144,0,0
BRDA:1250,144,1,0
BRDA:1263,145,0,0
BRDA:1263,145,1,0
BRDA:1283,146,0,0
BRDA:1283,146,1,0
BRDA:1287,147,0,0
BRDA:1287,147,1,0
BRDA:1295,148,0,0
BRDA:1295,148,1,0
BRDA:1296,149,0,0
BRDA:1296,149,1,0
BRDA:1302,150,0,0
BRDA:1302,150,1,0
BRDA:1306,151,0,0
BRDA:1306,151,1,0
BRDA:1307,152,0,0
BRDA:1307,152,1,0
BRDA:1307,153,0,0
BRDA:1307,153,1,0
BRDA:1307,153,2,0
BRDA:1317,154,0,0
BRDA:1317,154,1,0
BRDA:1320,155,0,0
BRDA:1320,155,1,0
BRDA:1338,156,0,0
BRDA:1338,156,1,0
BRDA:1348,157,0,0
BRDA:1348,157,1,0
BRDA:1352,158,0,0
BRDA:1352,158,1,0
BRDA:1352,159,0,0
BRDA:1352,159,1,0
BRDA:1364,160,0,0
BRDA:1364,160,1,0
BRDA:1369,161,0,0
BRDA:1369,161,1,0
BRDA:1369,162,0,0
BRDA:1369,162,1,0
BRDA:1372,163,0,0
BRDA:1372,163,1,0
BRDA:1374,164,0,0
BRDA:1374,164,1,0
BRDA:1378,165,0,0
BRDA:1378,165,1,0
BRDA:1379,166,0,0
BRDA:1379,166,1,0
BRDA:1379,166,2,0
BRDA:1379,166,3,0
BRDA:1379,166,4,0
BRDA:1379,166,5,0
BRDA:1381,167,0,0
BRDA:1381,167,1,0
BRDA:1384,168,0,0
BRDA:1384,168,1,0
BRDA:1386,169,0,0
BRDA:1386,169,1,0
BRDA:1389,170,0,0
BRDA:1389,170,1,0
BRDA:1390,171,0,0
BRDA:1390,171,1,0
BRDA:1402,172,0,0
BRDA:1402,172,1,0
BRDA:1409,173,0,0
BRDA:1409,173,1,0
BRDA:1414,174,0,0
BRDA:1414,174,1,0
BRDA:1421,175,0,0
BRDA:1421,175,1,0
BRDA:1423,176,0,0
BRDA:1423,176,1,0
BRDA:1423,177,0,0
BRDA:1423,177,1,0
BRDA:1432,178,0,0
BRDA:1432,178,1,0
BRDA:1432,179,0,0
BRDA:1432,179,1,0
BRDA:1440,180,0,0
BRDA:1440,180,1,0
BRDA:1442,181,0,0
BRDA:1442,181,1,0
BRDA:1452,182,0,0
BRDA:1452,182,1,0
BRDA:1457,183,0,0
BRDA:1457,183,1,0
BRDA:1460,184,0,0
BRDA:1460,184,1,0
BRDA:1471,185,0,0
BRDA:1471,185,1,0
BRDA:1473,186,0,0
BRDA:1473,186,1,0
BRDA:1473,187,0,0
BRDA:1473,187,1,0
BRDA:1485,188,0,0
BRDA:1485,188,1,0
BRDA:1496,189,0,0
BRDA:1496,189,1,0
BRDA:1496,190,0,0
BRDA:1496,190,1,0
BRDA:1507,191,0,0
BRDA:1507,191,1,0
BRDA:1507,192,0,0
BRDA:1507,192,1,0
BRDA:1507,192,2,0
BRDA:1509,193,0,0
BRDA:1509,193,1,0
BRDA:1533,194,0,0
BRDA:1533,194,1,0
BRDA:1533,195,0,0
BRDA:1533,195,1,0
BRDA:1548,196,0,0
BRDA:1548,196,1,0
BRDA:1549,197,0,0
BRDA:1549,197,1,0
BRDA:1556,198,0,0
BRDA:1556,198,1,0
BRDA:1557,199,0,0
BRDA:1557,199,1,0
BRDA:1558,200,0,0
BRDA:1558,200,1,0
BRDA:1559,201,0,0
BRDA:1559,201,1,0
BRDA:1569,202,0,0
BRDA:1569,202,1,0
BRDA:1573,203,0,0
BRDA:1573,203,1,0
BRDA:1593,204,0,0
BRDA:1593,204,1,0
BRDA:1604,205,0,0
BRDA:1604,205,1,0
BRDA:1608,206,0,0
BRDA:1608,206,1,0
BRDA:1613,207,0,0
BRDA:1613,207,1,0
BRDA:1616,208,0,0
BRDA:1616,208,1,0
BRDA:1632,209,0,0
BRDA:1632,209,1,0
BRDA:1647,210,0,0
BRDA:1647,210,1,0
BRDA:1650,211,0,0
BRDA:1650,211,1,0
BRDA:1654,212,0,0
BRDA:1654,212,1,0
BRDA:1667,213,0,0
BRDA:1667,213,1,0
BRDA:1669,214,0,0
BRDA:1669,214,1,0
BRDA:1671,215,0,0
BRDA:1671,215,1,0
BRDA:1679,216,0,0
BRDA:1679,216,1,0
BRDA:1686,217,0,0
BRDA:1686,217,1,0
BRDA:1698,218,0,0
BRDA:1698,218,1,0
BRDA:1702,219,0,0
BRDA:1702,219,1,0
BRDA:1707,220,0,0
BRDA:1707,220,1,0
BRDA:1707,221,0,0
BRDA:1707,221,1,0
BRDA:1726,222,0,0
BRDA:1726,222,1,0
BRDA:1728,223,0,0
BRDA:1728,223,1,0
BRDA:1737,224,0,0
BRDA:1737,224,1,0
BRDA:1746,225,0,0
BRDA:1746,225,1,0
BRDA:1751,226,0,0
BRDA:1751,226,1,0
BRDA:1755,227,0,0
BRDA:1755,227,1,0
BRDA:1756,228,0,0
BRDA:1756,228,1,0
BRDA:1757,229,0,0
BRDA:1757,229,1,0
BRDA:1770,230,0,0
BRDA:1770,230,1,0
BRDA:1773,231,0,0
BRDA:1773,231,1,0
BRDA:1781,232,0,0
BRDA:1781,232,1,0
BRDA:1781,233,0,0
BRDA:1781,233,1,0
BRDA:1800,234,0,0
BRDA:1800,234,1,0
BRDA:1811,235,0,0
BRDA:1811,235,1,0
BRDA:1815,236,0,0
BRDA:1815,236,1,0
BRDA:1822,237,0,0
BRDA:1822,237,1,0
BRDA:1828,238,0,0
BRDA:1828,238,1,0
BRDA:1831,239,0,0
BRDA:1831,239,1,0
BRDA:1854,240,0,0
BRDA:1854,240,1,0
BRDA:1883,241,0,0
BRDA:1883,241,1,0
BRF:491
BRH:0
end_of_record
TN:
SF:src\routes\diagnostics.ts
FN:13,(anonymous_0)
FN:46,(anonymous_1)
FN:47,(anonymous_2)
FN:48,(anonymous_3)
FN:49,(anonymous_4)
FN:50,(anonymous_5)
FN:51,(anonymous_6)
FN:52,(anonymous_7)
FN:92,(anonymous_8)
FN:100,(anonymous_9)
FN:101,(anonymous_10)
FN:102,(anonymous_11)
FN:103,(anonymous_12)
FN:131,(anonymous_13)
FN:141,(anonymous_14)
FN:151,(anonymous_15)
FN:167,(anonymous_16)
FN:190,(anonymous_17)
FN:221,(anonymous_18)
FN:230,(anonymous_19)
FN:247,(anonymous_20)
FNF:21
FNH:0
FNDA:0,(anonymous_0)
FNDA:0,(anonymous_1)
FNDA:0,(anonymous_2)
FNDA:0,(anonymous_3)
FNDA:0,(anonymous_4)
FNDA:0,(anonymous_5)
FNDA:0,(anonymous_6)
FNDA:0,(anonymous_7)
FNDA:0,(anonymous_8)
FNDA:0,(anonymous_9)
FNDA:0,(anonymous_10)
FNDA:0,(anonymous_11)
FNDA:0,(anonymous_12)
FNDA:0,(anonymous_13)
FNDA:0,(anonymous_14)
FNDA:0,(anonymous_15)
FNDA:0,(anonymous_16)
FNDA:0,(anonymous_17)
FNDA:0,(anonymous_18)
FNDA:0,(anonymous_19)
FNDA:0,(anonymous_20)
DA:1,0
DA:2,0
DA:3,0
DA:4,0
DA:5,0
DA:6,0
DA:7,0
DA:8,0
DA:10,0
DA:13,0
DA:14,0
DA:15,0
DA:16,0
DA:17,0
DA:19,0
DA:20,0
DA:21,0
DA:22,0
DA:25,0
DA:28,0
DA:29,0
DA:30,0
DA:31,0
DA:33,0
DA:45,0
DA:46,0
DA:47,0
DA:48,0
DA:49,0
DA:50,0
DA:51,0
DA:52,0
DA:55,0
DA:84,0
DA:85,0
DA:87,0
DA:92,0
DA:93,0
DA:99,0
DA:100,0
DA:101,0
DA:102,0
DA:103,0
DA:107,0
DA:108,0
DA:109,0
DA:110,0
DA:114,0
DA:116,0
DA:126,0
DA:131,0
DA:132,0
DA:133,0
DA:134,0
DA:136,0
DA:141,0
DA:142,0
DA:143,0
DA:144,0
DA:146,0
DA:151,0
DA:152,0
DA:153,0
DA:159,0
DA:160,0
DA:162,0
DA:167,0
DA:168,0
DA:169,0
DA:170,0
DA:172,0
DA:173,0
DA:174,0
DA:177,0
DA:178,0
DA:180,0
DA:186,0
DA:187,0
DA:190,0
DA:208,0
DA:214,0
DA:221,0
DA:222,0
DA:223,0
DA:225,0
DA:226,0
DA:227,0
DA:230,0
DA:231,0
DA:233,0
DA:239,0
DA:247,0
DA:248,0
DA:249,0
DA:250,0
DA:253,0
DA:254,0
DA:259,0
DA:260,0
DA:261,0
DA:267,0
DA:268,0
DA:269,0
DA:270,0
DA:272,0
DA:273,0
DA:276,0
DA:280,0
DA:281,0
DA:282,0
DA:293,0
DA:304,0
DA:305,0
DA:311,0
DA:317,0
DA:324,0
DA:328,0
DA:334,0
LF:118
LH:0
BRDA:15,0,0,0
BRDA:15,0,1,0
BRDA:20,1,0,0
BRDA:20,1,1,0
BRDA:31,2,0,0
BRDA:31,2,1,0
BRDA:33,3,0,0
BRDA:33,3,1,0
BRDA:60,4,0,0
BRDA:60,4,1,0
BRDA:61,5,0,0
BRDA:61,5,1,0
BRDA:62,6,0,0
BRDA:62,6,1,0
BRDA:63,7,0,0
BRDA:63,7,1,0
BRDA:64,8,0,0
BRDA:64,8,1,0
BRDA:65,9,0,0
BRDA:65,9,1,0
BRDA:66,10,0,0
BRDA:66,10,1,0
BRDA:70,11,0,0
BRDA:70,11,1,0
BRDA:114,12,0,0
BRDA:114,12,1,0
BRDA:118,13,0,0
BRDA:118,13,1,0
BRDA:119,14,0,0
BRDA:119,14,1,0
BRDA:120,15,0,0
BRDA:120,15,1,0
BRDA:121,16,0,0
BRDA:121,16,1,0
BRDA:159,17,0,0
BRDA:159,17,1,0
BRDA:160,18,0,0
BRDA:160,18,1,0
BRDA:160,19,0,0
BRDA:160,19,1,0
BRDA:169,20,0,0
BRDA:169,20,1,0
BRDA:172,21,0,0
BRDA:172,21,1,0
BRDA:172,22,0,0
BRDA:172,22,1,0
BRDA:186,23,0,0
BRDA:186,23,1,0
BRDA:190,24,0,0
BRDA:190,24,1,0
BRDA:225,25,0,0
BRDA:225,25,1,0
BRDA:249,26,0,0
BRDA:249,26,1,0
BRDA:254,27,0,0
BRDA:254,27,1,0
BRDA:260,28,0,0
BRDA:260,28,1,0
BRDA:267,29,0,0
BRDA:267,29,1,0
BRDA:269,30,0,0
BRDA:269,30,1,0
BRDA:280,31,0,0
BRDA:280,31,1,0
BRDA:280,32,0,0
BRDA:280,32,1,0
BRDA:306,33,0,0
BRDA:306,33,1,0
BRDA:313,34,0,0
BRDA:313,34,1,0
BRDA:319,35,0,0
BRDA:319,35,1,0
BRDA:324,36,0,0
BRDA:324,36,1,0
BRDA:324,36,2,0
BRDA:329,37,0,0
BRDA:329,37,1,0
BRF:77
BRH:0
end_of_record
TN:
SF:src\routes\export.ts
FN:8,(anonymous_0)
FNF:1
FNH:0
FNDA:0,(anonymous_0)
DA:1,0
DA:2,0
DA:3,0
DA:5,0
DA:8,0
DA:9,0
DA:10,0
DA:11,0
DA:13,0
DA:33,0
DA:42,0
DA:52,0
DA:53,0
LF:13
LH:0
BRDA:11,0,0,0
BRDA:11,0,1,0
BRDA:36,1,0,0
BRDA:36,1,1,0
BRDA:37,2,0,0
BRDA:37,2,1,0
BRDA:38,3,0,0
BRDA:38,3,1,0
BRDA:45,4,0,0
BRDA:45,4,1,0
BRDA:46,5,0,0
BRDA:46,5,1,0
BRDA:47,6,0,0
BRDA:47,6,1,0
BRDA:52,7,0,0
BRDA:52,7,1,0
BRF:16
BRH:0
end_of_record
TN:
SF:src\routes\feedback.ts
FN:8,(anonymous_0)
FN:43,(anonymous_1)
FNF:2
FNH:0
FNDA:0,(anonymous_0)
FNDA:0,(anonymous_1)
DA:1,0
DA:2,0
DA:3,0
DA:5,0
DA:8,0
DA:9,0
DA:10,0
DA:11,0
DA:13,0
DA:15,0
DA:16,0
DA:17,0
DA:20,0
DA:31,0
DA:33,0
DA:35,0
DA:37,0
DA:38,0
DA:43,0
DA:44,0
DA:45,0
DA:51,0
DA:52,0
DA:54,0
LF:24
LH:0
BRDA:11,0,0,0
BRDA:11,0,1,0
BRDA:15,1,0,0
BRDA:15,1,1,0
BRDA:15,2,0,0
BRDA:15,2,1,0
BRDA:26,3,0,0
BRDA:26,3,1,0
BRDA:31,4,0,0
BRDA:31,4,1,0
BRDA:37,5,0,0
BRDA:37,5,1,0
BRDA:51,6,0,0
BRDA:51,6,1,0
BRDA:52,7,0,0
BRDA:52,7,1,0
BRF:16
BRH:0
end_of_record
TN:
SF:src\routes\founder.ts
FN:11,(anonymous_0)
FN:53,(anonymous_1)
FN:88,(anonymous_2)
FN:101,(anonymous_3)
FN:102,(anonymous_4)
FN:103,(anonymous_5)
FN:110,(anonymous_6)
FN:111,(anonymous_7)
FN:132,(anonymous_8)
FNF:9
FNH:0
FNDA:0,(anonymous_0)
FNDA:0,(anonymous_1)
FNDA:0,(anonymous_2)
FNDA:0,(anonymous_3)
FNDA:0,(anonymous_4)
FNDA:0,(anonymous_5)
FNDA:0,(anonymous_6)
FNDA:0,(anonymous_7)
FNDA:0,(anonymous_8)
DA:1,0
DA:2,0
DA:3,0
DA:4,0
DA:6,0
DA:8,0
DA:11,0
DA:12,0
DA:13,0
DA:14,0
DA:15,0
DA:17,0
DA:27,0
DA:28,0
DA:34,0
DA:44,0
DA:45,0
DA:47,0
DA:48,0
DA:53,0
DA:54,0
DA:55,0
DA:56,0
DA:57,0
DA:59,0
DA:65,0
DA:66,0
DA:71,0
DA:79,0
DA:80,0
DA:82,0
DA:83,0
DA:88,0
DA:89,0
DA:90,0
DA:91,0
DA:92,0
DA:95,0
DA:101,0
DA:102,0
DA:103,0
DA:106,0
DA:109,0
DA:110,0
DA:111,0
DA:113,0
DA:123,0
DA:124,0
DA:126,0
DA:127,0
DA:132,0
DA:133,0
DA:134,0
DA:135,0
DA:136,0
DA:138,0
DA:146,0
DA:147,0
DA:148,0
DA:149,0
DA:150,0
DA:152,0
DA:167,0
DA:168,0
DA:170,0
DA:171,0
LF:66
LH:0
BRDA:15,0,0,0
BRDA:15,0,1,0
BRDA:35,1,0,0
BRDA:35,1,1,0
BRDA:36,2,0,0
BRDA:36,2,1,0
BRDA:37,3,0,0
BRDA:37,3,1,0
BRDA:38,4,0,0
BRDA:38,4,1,0
BRDA:39,5,0,0
BRDA:39,5,1,0
BRDA:40,6,0,0
BRDA:40,6,1,0
BRDA:41,7,0,0
BRDA:41,7,1,0
BRDA:47,8,0,0
BRDA:47,8,1,0
BRDA:57,9,0,0
BRDA:57,9,1,0
BRDA:72,10,0,0
BRDA:72,10,1,0
BRDA:73,11,0,0
BRDA:73,11,1,0
BRDA:74,12,0,0
BRDA:74,12,1,0
BRDA:75,13,0,0
BRDA:75,13,1,0
BRDA:75,14,0,0
BRDA:75,14,1,0
BRDA:82,15,0,0
BRDA:82,15,1,0
BRDA:92,16,0,0
BRDA:92,16,1,0
BRDA:101,17,0,0
BRDA:101,17,1,0
BRDA:101,18,0,0
BRDA:101,18,1,0
BRDA:102,19,0,0
BRDA:102,19,1,0
BRDA:103,20,0,0
BRDA:103,20,1,0
BRDA:110,21,0,0
BRDA:110,21,1,0
BRDA:111,22,0,0
BRDA:111,22,1,0
BRDA:120,23,0,0
BRDA:120,23,1,0
BRDA:120,24,0,0
BRDA:120,24,1,0
BRDA:126,25,0,0
BRDA:126,25,1,0
BRDA:136,26,0,0
BRDA:136,26,1,0
BRDA:146,27,0,0
BRDA:146,27,1,0
BRDA:147,28,0,0
BRDA:147,28,1,0
BRDA:148,29,0,0
BRDA:148,29,1,0
BRDA:149,30,0,0
BRDA:149,30,1,0
BRDA:150,31,0,0
BRDA:150,31,1,0
BRDA:161,32,0,0
BRDA:161,32,1,0
BRDA:162,33,0,0
BRDA:162,33,1,0
BRDA:163,34,0,0
BRDA:163,34,1,0
BRDA:163,35,0,0
BRDA:163,35,1,0
BRDA:170,36,0,0
BRDA:170,36,1,0
BRF:74
BRH:0
end_of_record
TN:
SF:src\routes\health.ts
FN:19,(anonymous_0)
FN:33,(anonymous_1)
FN:98,(anonymous_2)
FNF:3
FNH:0
FNDA:0,(anonymous_0)
FNDA:0,(anonymous_1)
FNDA:0,(anonymous_2)
DA:10,0
DA:11,0
DA:12,0
DA:13,0
DA:14,0
DA:16,0
DA:19,0
DA:20,0
DA:31,0
DA:34,0
DA:36,0
DA:37,0
DA:39,0
DA:49,0
DA:51,0
DA:56,0
DA:67,0
DA:68,0
DA:70,0
DA:77,0
DA:89,0
DA:96,0
DA:99,0
DA:101,0
DA:102,0
DA:106,0
DA:108,0
DA:110,0
DA:111,0
DA:114,0
DA:116,0
DA:123,0
DA:124,0
DA:126,0
DA:131,0
DA:139,0
LF:36
LH:0
BRDA:68,0,0,0
BRDA:68,0,1,0
BRDA:110,1,0,0
BRDA:110,1,1,0
BRDA:124,2,0,0
BRDA:124,2,1,0
BRF:6
BRH:0
end_of_record
TN:
SF:src\routes\memoryDebug.ts
FN:11,(anonymous_0)
FN:33,(anonymous_1)
FN:53,(anonymous_2)
FN:77,(anonymous_3)
FNF:4
FNH:0
FNDA:0,(anonymous_0)
FNDA:0,(anonymous_1)
FNDA:0,(anonymous_2)
FNDA:0,(anonymous_3)
DA:1,0
DA:2,0
DA:3,0
DA:5,0
DA:11,0
DA:12,0
DA:13,0
DA:14,0
DA:19,0
DA:20,0
DA:23,0
DA:24,0
DA:33,0
DA:34,0
DA:35,0
DA:39,0
DA:44,0
DA:45,0
DA:53,0
DA:54,0
DA:55,0
DA:56,0
DA:62,0
DA:63,0
DA:66,0
DA:68,0
DA:69,0
DA:77,0
DA:78,0
DA:79,0
DA:80,0
DA:85,0
DA:86,0
DA:89,0
DA:91,0
DA:92,0
LF:36
LH:0
BRDA:19,0,0,0
BRDA:19,0,1,0
BRDA:23,1,0,0
BRDA:23,1,1,0
BRDA:34,2,0,0
BRDA:34,2,1,0
BRDA:44,3,0,0
BRDA:44,3,1,0
BRDA:62,4,0,0
BRDA:62,4,1,0
BRDA:66,5,0,0
BRDA:66,5,1,0
BRDA:68,6,0,0
BRDA:68,6,1,0
BRDA:85,7,0,0
BRDA:85,7,1,0
BRDA:91,8,0,0
BRDA:91,8,1,0
BRF:18
BRH:0
end_of_record
TN:
SF:src\routes\memoryManagement.ts
FN:8,(anonymous_0)
FN:47,(anonymous_1)
FN:68,(anonymous_2)
FN:95,(anonymous_3)
FNF:4
FNH:0
FNDA:0,(anonymous_0)
FNDA:0,(anonymous_1)
FNDA:0,(anonymous_2)
FNDA:0,(anonymous_3)
DA:1,0
DA:2,0
DA:3,0
DA:5,0
DA:8,0
DA:9,0
DA:10,0
DA:11,0
DA:13,0
DA:15,0
DA:22,0
DA:23,0
DA:25,0
DA:28,0
DA:29,0
DA:32,0
DA:33,0
DA:36,0
DA:37,0
DA:39,0
DA:41,0
DA:42,0
DA:47,0
DA:48,0
DA:49,0
DA:50,0
DA:52,0
DA:53,0
DA:59,0
DA:60,0
DA:62,0
DA:63,0
DA:68,0
DA:69,0
DA:70,0
DA:71,0
DA:73,0
DA:74,0
DA:76,0
DA:84,0
DA:85,0
DA:87,0
DA:89,0
DA:90,0
DA:95,0
DA:96,0
DA:97,0
DA:98,0
DA:100,0
DA:101,0
DA:103,0
DA:104,0
DA:105,0
DA:108,0
DA:109,0
DA:110,0
DA:112,0
DA:120,0
DA:121,0
DA:123,0
DA:125,0
DA:126,0
LF:62
LH:0
BRDA:11,0,0,0
BRDA:11,0,1,0
BRDA:13,1,0,0
BRDA:13,2,0,0
BRDA:22,3,0,0
BRDA:22,3,1,0
BRDA:28,4,0,0
BRDA:28,4,1,0
BRDA:32,5,0,0
BRDA:32,5,1,0
BRDA:37,6,0,0
BRDA:37,6,1,0
BRDA:39,7,0,0
BRDA:39,7,1,0
BRDA:41,8,0,0
BRDA:41,8,1,0
BRDA:50,9,0,0
BRDA:50,9,1,0
BRDA:59,10,0,0
BRDA:59,10,1,0
BRDA:62,11,0,0
BRDA:62,11,1,0
BRDA:71,12,0,0
BRDA:71,12,1,0
BRDA:74,13,0,0
BRDA:84,14,0,0
BRDA:84,14,1,0
BRDA:85,15,0,0
BRDA:85,15,1,0
BRDA:89,16,0,0
BRDA:89,16,1,0
BRDA:98,17,0,0
BRDA:98,17,1,0
BRDA:103,18,0,0
BRDA:103,18,1,0
BRDA:103,19,0,0
BRDA:103,19,1,0
BRDA:109,20,0,0
BRDA:109,20,1,0
BRDA:110,21,0,0
BRDA:110,21,1,0
BRDA:120,22,0,0
BRDA:120,22,1,0
BRDA:121,23,0,0
BRDA:121,23,1,0
BRDA:125,24,0,0
BRDA:125,24,1,0
BRF:47
BRH:0
end_of_record
TN:
SF:src\routes\moments.ts
FN:20,(anonymous_0)
FN:23,(anonymous_1)
FN:43,(anonymous_2)
FN:57,(anonymous_3)
FN:76,(anonymous_4)
FN:90,(anonymous_5)
FNF:6
FNH:0
FNDA:0,(anonymous_0)
FNDA:0,(anonymous_1)
FNDA:0,(anonymous_2)
FNDA:0,(anonymous_3)
FNDA:0,(anonymous_4)
FNDA:0,(anonymous_5)
DA:1,0
DA:2,0
DA:3,0
DA:4,0
DA:5,0
DA:6,0
DA:8,0
DA:10,0
DA:20,0
DA:21,0
DA:22,0
DA:23,0
DA:24,0
DA:32,0
DA:33,0
DA:35,0
DA:43,0
DA:44,0
DA:45,0
DA:46,0
DA:47,0
DA:49,0
DA:57,0
DA:58,0
DA:59,0
DA:60,0
DA:61,0
DA:62,0
DA:65,0
DA:66,0
DA:68,0
DA:76,0
DA:77,0
DA:78,0
DA:79,0
DA:80,0
DA:82,0
DA:90,0
DA:91,0
DA:92,0
DA:93,0
DA:94,0
DA:96,0
LF:43
LH:0
BRDA:32,0,0,0
BRDA:32,0,1,0
BRDA:61,1,0,0
BRDA:61,1,1,0
BRDA:62,2,0,0
BRDA:62,2,1,0
BRF:6
BRH:0
end_of_record
TN:
SF:src\routes\onboarding.ts
FN:12,(anonymous_0)
FN:36,(anonymous_1)
FN:72,(anonymous_2)
FNF:3
FNH:0
FNDA:0,(anonymous_0)
FNDA:0,(anonymous_1)
FNDA:0,(anonymous_2)
DA:1,0
DA:2,0
DA:3,0
DA:4,0
DA:6,0
DA:12,0
DA:13,0
DA:14,0
DA:15,0
DA:18,0
DA:19,0
DA:20,0
DA:23,0
DA:25,0
DA:27,0
DA:28,0
DA:36,0
DA:37,0
DA:38,0
DA:40,0
DA:46,0
DA:47,0
DA:48,0
DA:51,0
DA:53,0
DA:58,0
DA:61,0
DA:63,0
DA:64,0
DA:72,0
DA:73,0
DA:74,0
DA:75,0
DA:78,0
DA:79,0
DA:80,0
DA:81,0
DA:85,0
DA:86,0
DA:87,0
DA:90,0
DA:95,0
DA:96,0
DA:97,0
DA:98,0
DA:101,0
DA:102,0
DA:104,0
DA:105,0
LF:49
LH:0
BRDA:18,0,0,0
BRDA:18,0,1,0
BRDA:18,1,0,0
BRDA:18,1,1,0
BRDA:27,2,0,0
BRDA:27,2,1,0
BRDA:46,3,0,0
BRDA:46,3,1,0
BRDA:46,4,0,0
BRDA:46,4,1,0
BRDA:51,5,0,0
BRDA:51,5,1,0
BRDA:63,6,0,0
BRDA:63,6,1,0
BRDA:80,7,0,0
BRDA:80,7,1,0
BRDA:80,8,0,0
BRDA:80,8,1,0
BRDA:85,9,0,0
BRDA:85,9,1,0
BRDA:95,10,0,0
BRDA:95,10,1,0
BRDA:104,11,0,0
BRDA:104,11,1,0
BRF:24
BRH:0
end_of_record
TN:
SF:src\routes\presence.ts
FN:7,(anonymous_0)
FNF:1
FNH:0
FNDA:0,(anonymous_0)
DA:1,0
DA:2,0
DA:3,0
DA:5,0
DA:7,0
DA:8,0
DA:9,0
DA:11,0
DA:12,0
DA:13,0
DA:16,0
DA:22,0
DA:23,0
DA:27,0
DA:31,0
DA:32,0
DA:33,0
DA:34,0
DA:37,0
DA:39,0
DA:40,0
DA:44,0
LF:22
LH:0
BRDA:11,0,0,0
BRDA:11,0,1,0
BRDA:11,1,0,0
BRDA:11,1,1,0
BRDA:18,2,0,0
BRDA:18,2,1,0
BRDA:22,3,0,0
BRDA:22,3,1,0
BRDA:31,4,0,0
BRDA:31,4,1,0
BRDA:39,5,0,0
BRDA:39,5,1,0
BRF:12
BRH:0
end_of_record
TN:
SF:src\routes\reminders.ts
FN:22,(anonymous_0)
FN:54,(anonymous_1)
FN:78,(anonymous_2)
FNF:3
FNH:0
FNDA:0,(anonymous_0)
FNDA:0,(anonymous_1)
FNDA:0,(anonymous_2)
DA:1,0
DA:2,0
DA:3,0
DA:4,0
DA:5,0
DA:7,0
DA:9,0
DA:20,0
DA:23,0
DA:24,0
DA:25,0
DA:26,0
DA:27,0
DA:30,0
DA:31,0
DA:33,0
DA:41,0
DA:43,0
DA:52,0
DA:55,0
DA:56,0
DA:57,0
DA:63,0
DA:65,0
DA:67,0
DA:76,0
DA:79,0
DA:80,0
DA:81,0
DA:83,0
DA:91,0
DA:92,0
DA:93,0
DA:94,0
DA:97,0
DA:99,0
LF:36
LH:0
BRDA:26,0,0,0
BRDA:26,0,1,0
BRDA:27,1,0,0
BRDA:27,1,1,0
BRDA:37,2,0,0
BRDA:37,2,1,0
BRDA:38,3,0,0
BRDA:38,3,1,0
BRDA:63,4,0,0
BRDA:63,4,1,0
BRDA:91,5,0,0
BRDA:91,5,1,0
BRDA:92,6,0,0
BRDA:92,6,1,0
BRF:14
BRH:0
end_of_record
TN:
SF:src\routes\telemetry.ts
FN:9,(anonymous_0)
FN:32,(anonymous_1)
FN:53,(anonymous_2)
FN:58,(anonymous_3)
FN:59,(anonymous_4)
FN:65,(anonymous_5)
FN:86,(anonymous_6)
FNF:7
FNH:0
FNDA:0,(anonymous_0)
FNDA:0,(anonymous_1)
FNDA:0,(anonymous_2)
FNDA:0,(anonymous_3)
FNDA:0,(anonymous_4)
FNDA:0,(anonymous_5)
FNDA:0,(anonymous_6)
DA:1,0
DA:2,0
DA:3,0
DA:4,0
DA:6,0
DA:9,0
DA:10,0
DA:11,0
DA:12,0
DA:14,0
DA:15,0
DA:16,0
DA:19,0
DA:23,0
DA:24,0
DA:26,0
DA:27,0
DA:32,0
DA:33,0
DA:34,0
DA:35,0
DA:36,0
DA:38,0
DA:39,0
DA:41,0
DA:47,0
DA:49,0
DA:52,0
DA:53,0
DA:54,0
DA:58,0
DA:59,0
DA:60,0
DA:64,0
DA:65,0
DA:68,0
DA:77,0
DA:78,0
DA:80,0
DA:81,0
DA:86,0
DA:87,0
DA:88,0
DA:89,0
DA:90,0
DA:91,0
DA:94,0
DA:101,0
DA:103,0
DA:105,0
DA:106,0
LF:51
LH:0
BRDA:11,0,0,0
BRDA:11,0,1,0
BRDA:14,1,0,0
BRDA:14,1,1,0
BRDA:21,2,0,0
BRDA:21,2,1,0
BRDA:23,3,0,0
BRDA:23,3,1,0
BRDA:26,4,0,0
BRDA:26,4,1,0
BRDA:36,5,0,0
BRDA:36,5,1,0
BRDA:47,6,0,0
BRDA:47,6,1,0
BRDA:49,7,0,0
BRDA:49,7,1,0
BRDA:54,8,0,0
BRDA:54,8,1,0
BRDA:73,9,0,0
BRDA:73,9,1,0
BRDA:80,10,0,0
BRDA:80,10,1,0
BRDA:89,11,0,0
BRDA:89,11,1,0
BRDA:101,12,0,0
BRDA:101,12,1,0
BRDA:105,13,0,0
BRDA:105,13,1,0
BRF:28
BRH:0
end_of_record
TN:
SF:src\routes\vision.ts
FN:16,(anonymous_0)
FN:22,(anonymous_1)
FNF:2
FNH:0
FNDA:0,(anonymous_0)
FNDA:0,(anonymous_1)
DA:1,0
DA:2,0
DA:3,0
DA:4,0
DA:6,0
DA:9,0
DA:16,0
DA:17,0
DA:18,0
DA:19,0
DA:22,0
DA:23,0
DA:26,0
DA:28,0
DA:29,0
DA:30,0
DA:32,0
DA:33,0
LF:18
LH:0
BRDA:28,0,0,0
BRDA:28,0,1,0
BRF:2
BRH:0
end_of_record
TN:
SF:src\scripts\fetch_100_chats.ts
FN:9,fetchDeepTelemetry
FN:62,(anonymous_1)
FN:111,(anonymous_2)
FN:118,(anonymous_3)
FN:125,(anonymous_4)
FN:140,(anonymous_5)
FNF:6
FNH:0
FNDA:0,fetchDeepTelemetry
FNDA:0,(anonymous_1)
FNDA:0,(anonymous_2)
FNDA:0,(anonymous_3)
FNDA:0,(anonymous_4)
FNDA:0,(anonymous_5)
DA:7,0
DA:10,0
DA:11,0
DA:14,0
DA:21,0
DA:22,0
DA:23,0
DA:25,0
DA:27,0
DA:33,0
DA:34,0
DA:35,0
DA:38,0
DA:45,0
DA:46,0
DA:47,0
DA:48,0
DA:52,0
DA:53,0
DA:56,0
DA:57,0
DA:58,0
DA:59,0
DA:60,0
DA:62,0
DA:63,0
DA:64,0
DA:65,0
DA:66,0
DA:67,0
DA:68,0
DA:69,0
DA:72,0
DA:73,0
DA:74,0
DA:76,0
DA:80,0
DA:81,0
DA:85,0
DA:89,0
DA:92,0
DA:96,0
DA:100,0
DA:105,0
DA:106,0
DA:107,0
DA:109,0
DA:110,0
DA:111,0
DA:113,0
DA:116,0
DA:117,0
DA:118,0
DA:120,0
DA:123,0
DA:124,0
DA:125,0
DA:127,0
DA:131,0
DA:138,0
DA:139,0
DA:140,0
DA:141,0
DA:142,0
DA:146,0
DA:148,0
DA:152,0
LF:67
LH:0
BRDA:21,0,0,0
BRDA:21,0,1,0
BRDA:34,1,0,0
BRDA:34,1,1,0
BRDA:35,2,0,0
BRDA:35,2,1,0
BRDA:45,3,0,0
BRDA:45,3,1,0
BRDA:46,4,0,0
BRDA:46,4,1,0
BRDA:46,5,0,0
BRDA:46,5,1,0
BRDA:65,6,0,0
BRDA:65,6,1,0
BRDA:66,7,0,0
BRDA:66,7,1,0
BRDA:68,8,0,0
BRDA:68,8,1,0
BRDA:72,9,0,0
BRDA:72,9,1,0
BRDA:81,10,0,0
BRDA:81,10,1,0
BRDA:81,11,0,0
BRDA:81,11,1,0
BRDA:81,11,2,0
BRDA:81,11,3,0
BRDA:81,11,4,0
BRDA:81,11,5,0
BRDA:81,11,6,0
BRDA:81,11,7,0
BRDA:81,11,8,0
BRDA:81,11,9,0
BRDA:81,11,10,0
BRDA:81,11,11,0
BRDA:89,12,0,0
BRDA:89,12,1,0
BRDA:89,13,0,0
BRDA:89,13,1,0
BRDA:89,13,2,0
BRDA:89,13,3,0
BRDA:89,13,4,0
BRDA:89,13,5,0
BRDA:89,13,6,0
BRDA:89,13,7,0
BRDA:89,13,8,0
BRDA:96,14,0,0
BRDA:96,14,1,0
BRDA:96,15,0,0
BRDA:96,15,1,0
BRDA:96,15,2,0
BRDA:96,15,3,0
BRDA:96,15,4,0
BRDA:96,15,5,0
BRDA:96,15,6,0
BRDA:96,15,7,0
BRDA:96,15,8,0
BRDA:96,15,9,0
BRDA:109,16,0,0
BRDA:109,16,1,0
BRDA:116,17,0,0
BRDA:116,17,1,0
BRDA:123,18,0,0
BRDA:123,18,1,0
BRDA:138,19,0,0
BRDA:138,19,1,0
BRDA:138,20,0,0
BRDA:138,20,1,0
BRDA:141,21,0,0
BRDA:141,21,1,0
BRDA:141,22,0,0
BRDA:141,22,1,0
BRF:71
BRH:0
end_of_record
TN:
SF:src\scripts\fetch_recent_chats.ts
FN:11,promptUser
FN:20,(anonymous_2)
FN:21,(anonymous_3)
FN:28,getTargetUserId
FN:46,fetchTelemetry
FN:90,(anonymous_6)
FNF:6
FNH:0
FNDA:0,promptUser
FNDA:0,(anonymous_2)
FNDA:0,(anonymous_3)
FNDA:0,getTargetUserId
FNDA:0,fetchTelemetry
FNDA:0,(anonymous_6)
DA:8,0
DA:9,0
DA:13,0
DA:15,0
DA:20,0
DA:21,0
DA:22,0
DA:23,0
DA:29,0
DA:32,0
DA:39,0
DA:40,0
DA:43,0
DA:47,0
DA:48,0
DA:51,0
DA:52,0
DA:55,0
DA:61,0
DA:62,0
DA:64,0
DA:65,0
DA:67,0
DA:68,0
DA:70,0
DA:74,0
DA:75,0
DA:82,0
DA:84,0
DA:85,0
DA:86,0
DA:90,0
DA:91,0
DA:92,0
DA:94,0
DA:95,0
DA:97,0
DA:100,0
DA:103,0
DA:107,0
LF:40
LH:0
BRDA:13,0,0,0
BRDA:13,0,1,0
BRDA:23,1,0,0
BRDA:23,1,1,0
BRDA:29,2,0,0
BRDA:29,2,1,0
BRDA:39,3,0,0
BRDA:39,3,1,0
BRDA:39,4,0,0
BRDA:39,4,1,0
BRDA:61,5,0,0
BRDA:61,5,1,0
BRDA:67,6,0,0
BRDA:67,6,1,0
BRDA:82,7,0,0
BRDA:82,7,1,0
BRDA:84,8,0,0
BRDA:84,8,1,0
BRDA:84,9,0,0
BRDA:84,9,1,0
BRDA:92,10,0,0
BRDA:92,10,1,0
BRDA:94,11,0,0
BRDA:94,11,1,0
BRF:24
BRH:0
end_of_record
TN:
SF:src\scripts\run-e2e.ts
FN:7,(anonymous_1)
FN:7,(anonymous_2)
FN:9,runTest
FN:78,(anonymous_4)
FN:79,(anonymous_5)
FNF:5
FNH:0
FNDA:0,(anonymous_1)
FNDA:0,(anonymous_2)
FNDA:0,runTest
FNDA:0,(anonymous_4)
FNDA:0,(anonymous_5)
DA:1,0
DA:2,0
DA:3,0
DA:4,0
DA:5,0
DA:7,0
DA:10,0
DA:13,0
DA:14,0
DA:16,0
DA:17,0
DA:18,0
DA:20,0
DA:21,0
DA:23,0
DA:26,0
DA:27,0
DA:28,0
DA:30,0
DA:33,0
DA:36,0
DA:39,0
DA:45,0
DA:48,0
DA:50,0
DA:51,0
DA:59,0
DA:60,0
DA:63,0
DA:64,0
DA:67,0
DA:68,0
DA:69,0
DA:71,0
DA:72,0
DA:74,0
DA:75,0
DA:76,0
DA:77,0
DA:78,0
DA:79,0
DA:81,0
DA:84,0
LF:43
LH:0
BRDA:16,0,0,0
BRDA:16,0,1,0
BRDA:16,1,0,0
BRDA:16,1,1,0
BRDA:16,1,2,0
BRDA:45,2,0,0
BRDA:45,2,1,0
BRF:7
BRH:0
end_of_record
TN:
SF:src\scripts\test_prompt.ts
FNF:0
FNH:0
DA:1,0
DA:3,0
DA:13,0
DA:14,0
LF:4
LH:0
BRF:0
BRH:0
end_of_record
TN:
SF:src\services\BackgroundActionService.ts
FN:10,(anonymous_9)
FN:17,(anonymous_10)
FN:29,(anonymous_11)
FN:118,(anonymous_12)
FN:129,(anonymous_13)
FN:174,(anonymous_14)
FN:218,(anonymous_15)
FN:222,(anonymous_16)
FN:239,(anonymous_17)
FN:274,(anonymous_18)
FN:299,(anonymous_19)
FN:338,(anonymous_20)
FNF:12
FNH:0
FNDA:0,(anonymous_9)
FNDA:0,(anonymous_10)
FNDA:0,(anonymous_11)
FNDA:0,(anonymous_12)
FNDA:0,(anonymous_13)
FNDA:0,(anonymous_14)
FNDA:0,(anonymous_15)
FNDA:0,(anonymous_16)
FNDA:0,(anonymous_17)
FNDA:0,(anonymous_18)
FNDA:0,(anonymous_19)
FNDA:0,(anonymous_20)
DA:1,0
DA:2,0
DA:3,0
DA:9,0
DA:11,0
DA:13,0
DA:14,0
DA:15,0
DA:16,0
DA:17,0
DA:18,0
DA:21,0
DA:22,0
DA:29,0
DA:30,0
DA:32,0
DA:33,0
DA:34,0
DA:37,0
DA:38,0
DA:39,0
DA:40,0
DA:41,0
DA:42,0
DA:43,0
DA:47,0
DA:48,0
DA:49,0
DA:50,0
DA:51,0
DA:55,0
DA:56,0
DA:57,0
DA:58,0
DA:59,0
DA:60,0
DA:61,0
DA:62,0
DA:64,0
DA:65,0
DA:66,0
DA:68,0
DA:72,0
DA:73,0
DA:74,0
DA:75,0
DA:76,0
DA:80,0
DA:81,0
DA:82,0
DA:84,0
DA:85,0
DA:86,0
DA:88,0
DA:89,0
DA:90,0
DA:92,0
DA:93,0
DA:94,0
DA:98,0
DA:99,0
DA:100,0
DA:101,0
DA:104,0
DA:105,0
DA:106,0
DA:107,0
DA:108,0
DA:110,0
DA:112,0
DA:113,0
DA:114,0
DA:115,0
DA:116,0
DA:118,0
DA:119,0
DA:120,0
DA:121,0
DA:123,0
DA:124,0
DA:125,0
DA:126,0
DA:127,0
DA:129,0
DA:130,0
DA:131,0
DA:133,0
DA:135,0
DA:136,0
DA:139,0
DA:140,0
DA:148,0
DA:149,0
DA:150,0
DA:153,0
DA:154,0
DA:162,0
DA:164,0
DA:165,0
DA:173,0
DA:174,0
DA:175,0
DA:177,0
DA:178,0
DA:179,0
DA:180,0
DA:181,0
DA:182,0
DA:183,0
DA:195,0
DA:199,0
DA:200,0
DA:206,0
DA:208,0
DA:209,0
DA:217,0
DA:218,0
DA:219,0
DA:220,0
DA:221,0
DA:222,0
DA:223,0
DA:224,0
DA:227,0
DA:230,0
DA:233,0
DA:234,0
DA:235,0
DA:237,0
DA:238,0
DA:239,0
DA:241,0
DA:243,0
DA:247,0
DA:248,0
DA:249,0
DA:251,0
DA:252,0
DA:256,0
DA:268,0
DA:270,0
DA:271,0
DA:272,0
DA:273,0
DA:274,0
DA:275,0
DA:276,0
DA:283,0
DA:288,0
DA:300,0
DA:306,0
DA:307,0
DA:308,0
DA:309,0
DA:312,0
DA:313,0
DA:314,0
DA:315,0
DA:316,0
DA:317,0
DA:320,0
DA:321,0
DA:323,0
DA:324,0
DA:325,0
DA:329,0
DA:330,0
DA:332,0
DA:339,0
DA:340,0
DA:341,0
DA:342,0
DA:343,0
DA:344,0
DA:345,0
DA:346,0
DA:350,0
LF:177
LH:0
BRDA:11,0,0,0
BRDA:11,0,1,0
BRDA:11,1,0,0
BRDA:11,1,1,0
BRDA:15,2,0,0
BRDA:15,2,1,0
BRDA:15,3,0,0
BRDA:15,3,1,0
BRDA:16,4,0,0
BRDA:16,4,1,0
BRDA:21,5,0,0
BRDA:21,5,1,0
BRDA:22,6,0,0
BRDA:22,6,1,0
BRDA:30,7,0,0
BRDA:30,7,1,0
BRDA:33,8,0,0
BRDA:33,8,1,0
BRDA:33,8,2,0
BRDA:33,8,3,0
BRDA:38,9,0,0
BRDA:38,9,1,0
BRDA:48,10,0,0
BRDA:48,10,1,0
BRDA:56,11,0,0
BRDA:56,11,1,0
BRDA:58,12,0,0
BRDA:58,12,1,0
BRDA:60,13,0,0
BRDA:60,13,1,0
BRDA:60,14,0,0
BRDA:60,14,1,0
BRDA:61,15,0,0
BRDA:61,15,1,0
BRDA:61,16,0,0
BRDA:61,16,1,0
BRDA:64,17,0,0
BRDA:64,17,1,0
BRDA:72,18,0,0
BRDA:72,18,1,0
BRDA:80,19,0,0
BRDA:80,19,1,0
BRDA:80,20,0,0
BRDA:80,20,1,0
BRDA:84,21,0,0
BRDA:84,21,1,0
BRDA:88,22,0,0
BRDA:88,22,1,0
BRDA:88,23,0,0
BRDA:88,23,1,0
BRDA:92,24,0,0
BRDA:92,24,1,0
BRDA:112,25,0,0
BRDA:112,25,1,0
BRDA:112,26,0,0
BRDA:112,26,1,0
BRDA:114,27,0,0
BRDA:114,27,1,0
BRDA:123,28,0,0
BRDA:123,28,1,0
BRDA:123,29,0,0
BRDA:123,29,1,0
BRDA:124,30,0,0
BRDA:124,30,1,0
BRDA:125,31,0,0
BRDA:125,31,1,0
BRDA:133,32,0,0
BRDA:133,32,1,0
BRDA:133,33,0,0
BRDA:133,33,1,0
BRDA:135,34,0,0
BRDA:135,34,1,0
BRDA:135,34,2,0
BRDA:135,34,3,0
BRDA:136,35,0,0
BRDA:136,35,1,0
BRDA:148,36,0,0
BRDA:148,36,1,0
BRDA:148,37,0,0
BRDA:148,37,1,0
BRDA:157,38,0,0
BRDA:157,38,1,0
BRDA:158,39,0,0
BRDA:158,39,1,0
BRDA:159,40,0,0
BRDA:159,40,1,0
BRDA:162,41,0,0
BRDA:162,41,1,0
BRDA:162,42,0,0
BRDA:162,42,1,0
BRDA:173,43,0,0
BRDA:173,43,1,0
BRDA:173,44,0,0
BRDA:173,44,1,0
BRDA:177,45,0,0
BRDA:177,45,1,0
BRDA:177,46,0,0
BRDA:177,46,1,0
BRDA:179,47,0,0
BRDA:179,47,1,0
BRDA:180,48,0,0
BRDA:180,48,1,0
BRDA:182,49,0,0
BRDA:182,49,1,0
BRDA:187,50,0,0
BRDA:187,50,1,0
BRDA:192,51,0,0
BRDA:192,51,1,0
BRDA:193,52,0,0
BRDA:193,52,1,0
BRDA:199,53,0,0
BRDA:199,53,1,0
BRDA:199,54,0,0
BRDA:199,54,1,0
BRDA:202,55,0,0
BRDA:202,55,1,0
BRDA:208,56,0,0
BRDA:208,56,1,0
BRDA:208,57,0,0
BRDA:208,57,1,0
BRDA:217,58,0,0
BRDA:217,58,1,0
BRDA:217,59,0,0
BRDA:217,59,1,0
BRDA:222,60,0,0
BRDA:222,60,1,0
BRDA:233,61,0,0
BRDA:233,61,1,0
BRDA:233,62,0,0
BRDA:233,62,1,0
BRDA:235,63,0,0
BRDA:235,63,1,0
BRDA:248,64,0,0
BRDA:248,64,1,0
BRDA:251,65,0,0
BRDA:251,65,1,0
BRDA:270,66,0,0
BRDA:270,66,1,0
BRDA:270,67,0,0
BRDA:270,67,1,0
BRDA:272,68,0,0
BRDA:272,68,1,0
BRDA:272,69,0,0
BRDA:272,69,1,0
BRDA:272,69,2,0
BRDA:277,70,0,0
BRDA:277,70,1,0
BRDA:279,71,0,0
BRDA:279,71,1,0
BRDA:283,72,0,0
BRDA:283,72,1,0
BRDA:288,73,0,0
BRDA:288,73,1,0
BRDA:301,74,0,0
BRDA:301,74,1,0
BRDA:301,74,2,0
BRDA:301,74,3,0
BRDA:306,75,0,0
BRDA:306,75,1,0
BRDA:307,76,0,0
BRDA:307,76,1,0
BRDA:308,77,0,0
BRDA:308,77,1,0
BRDA:309,78,0,0
BRDA:309,78,1,0
BRDA:312,79,0,0
BRDA:312,79,1,0
BRDA:313,80,0,0
BRDA:313,80,1,0
BRDA:314,81,0,0
BRDA:314,81,1,0
BRDA:315,82,0,0
BRDA:315,82,1,0
BRDA:316,83,0,0
BRDA:316,83,1,0
BRDA:316,84,0,0
BRDA:316,84,1,0
BRDA:317,85,0,0
BRDA:317,85,1,0
BRDA:320,86,0,0
BRDA:320,86,1,0
BRDA:320,87,0,0
BRDA:320,87,1,0
BRDA:323,88,0,0
BRDA:323,88,1,0
BRDA:324,89,0,0
BRDA:324,89,1,0
BRDA:324,90,0,0
BRDA:324,90,1,0
BRDA:329,91,0,0
BRDA:329,91,1,0
BRDA:330,92,0,0
BRDA:330,92,1,0
BRDA:330,93,0,0
BRDA:330,93,1,0
BRDA:341,94,0,0
BRDA:341,94,1,0
BRDA:343,95,0,0
BRDA:343,95,1,0
BRDA:344,96,0,0
BRDA:344,96,1,0
BRDA:344,97,0,0
BRDA:344,97,1,0
BRDA:345,98,0,0
BRDA:345,98,1,0
BRDA:345,99,0,0
BRDA:345,99,1,0
BRF:207
BRH:0
end_of_record
TN:
SF:src\services\ChatHistoryPruningService.ts
FN:28,classifyEmotion
FN:31,(anonymous_1)
FN:65,scoreImportance
FN:78,(anonymous_3)
FN:101,shouldExtractMemory
FN:121,(anonymous_5)
FN:133,(anonymous_6)
FN:195,(anonymous_7)
FN:203,(anonymous_8)
FN:204,(anonymous_9)
FN:205,(anonymous_10)
FN:209,(anonymous_11)
FN:234,(anonymous_12)
FN:246,(anonymous_13)
FNF:14
FNH:0
FNDA:0,classifyEmotion
FNDA:0,(anonymous_1)
FNDA:0,scoreImportance
FNDA:0,(anonymous_3)
FNDA:0,shouldExtractMemory
FNDA:0,(anonymous_5)
FNDA:0,(anonymous_6)
FNDA:0,(anonymous_7)
FNDA:0,(anonymous_8)
FNDA:0,(anonymous_9)
FNDA:0,(anonymous_10)
FNDA:0,(anonymous_11)
FNDA:0,(anonymous_12)
FNDA:0,(anonymous_13)
DA:1,0
DA:2,0
DA:4,0
DA:5,0
DA:6,0
DA:7,0
DA:14,0
DA:29,0
DA:30,0
DA:31,0
DA:33,0
DA:46,0
DA:63,0
DA:66,0
DA:69,0
DA:72,0
DA:74,0
DA:77,0
DA:78,0
DA:79,0
DA:84,0
DA:88,0
DA:91,0
DA:92,0
DA:94,0
DA:102,0
DA:103,0
DA:104,0
DA:119,0
DA:122,0
DA:128,0
DA:129,0
DA:130,0
DA:133,0
DA:134,0
DA:136,0
DA:137,0
DA:140,0
DA:141,0
DA:143,0
DA:144,0
DA:145,0
DA:146,0
DA:149,0
DA:150,0
DA:153,0
DA:160,0
DA:162,0
DA:163,0
DA:166,0
DA:169,0
DA:170,0
DA:175,0
DA:176,0
DA:179,0
DA:181,0
DA:183,0
DA:190,0
DA:193,0
DA:195,0
DA:197,0
DA:200,0
DA:203,0
DA:204,0
DA:205,0
DA:206,0
DA:209,0
DA:210,0
DA:212,0
DA:213,0
DA:214,0
DA:218,0
DA:219,0
DA:221,0
DA:225,0
DA:230,0
DA:231,0
DA:235,0
DA:236,0
DA:241,0
DA:242,0
DA:243,0
DA:246,0
DA:247,0
DA:249,0
DA:250,0
DA:252,0
DA:253,0
DA:254,0
DA:255,0
DA:256,0
DA:257,0
DA:260,0
DA:267,0
LF:94
LH:0
BRDA:31,0,0,0
BRDA:31,0,1,0
BRDA:69,1,0,0
BRDA:69,1,1,0
BRDA:69,2,0,0
BRDA:69,2,1,0
BRDA:72,3,0,0
BRDA:72,3,1,0
BRDA:72,4,0,0
BRDA:72,4,1,0
BRDA:78,5,0,0
BRDA:78,5,1,0
BRDA:88,6,0,0
BRDA:88,6,1,0
BRDA:91,7,0,0
BRDA:91,7,1,0
BRDA:92,8,0,0
BRDA:92,8,1,0
BRDA:102,9,0,0
BRDA:102,9,1,0
BRDA:103,10,0,0
BRDA:103,10,1,0
BRDA:128,11,0,0
BRDA:128,11,1,0
BRDA:128,12,0,0
BRDA:128,12,1,0
BRDA:133,13,0,0
BRDA:133,13,1,0
BRDA:136,14,0,0
BRDA:136,14,1,0
BRDA:136,15,0,0
BRDA:136,15,1,0
BRDA:144,16,0,0
BRDA:144,16,1,0
BRDA:146,17,0,0
BRDA:146,17,1,0
BRDA:149,18,0,0
BRDA:149,18,1,0
BRDA:166,19,0,0
BRDA:166,19,1,0
BRDA:166,20,0,0
BRDA:166,20,1,0
BRDA:170,21,0,0
BRDA:170,21,1,0
BRDA:170,22,0,0
BRDA:170,22,1,0
BRDA:170,22,2,0
BRDA:171,23,0,0
BRDA:171,23,1,0
BRDA:175,24,0,0
BRDA:175,24,1,0
BRDA:179,25,0,0
BRDA:179,25,1,0
BRDA:181,26,0,0
BRDA:181,26,1,0
BRDA:188,27,0,0
BRDA:188,27,1,0
BRDA:193,28,0,0
BRDA:193,28,1,0
BRDA:200,29,0,0
BRDA:200,29,1,0
BRDA:204,30,0,0
BRDA:204,30,1,0
BRDA:218,31,0,0
BRDA:218,31,1,0
BRDA:241,32,0,0
BRDA:241,32,1,0
BRDA:241,33,0,0
BRDA:241,33,1,0
BRDA:255,34,0,0
BRDA:255,34,1,0
BRDA:262,35,0,0
BRDA:262,35,1,0
BRF:73
BRH:0
end_of_record
TN:
SF:src\services\DatabaseHealthService.ts
FN:54,(anonymous_0)
FN:58,(anonymous_1)
FN:65,(anonymous_2)
FN:174,(anonymous_3)
FN:178,(anonymous_4)
FNF:5
FNH:0
FNDA:0,(anonymous_0)
FNDA:0,(anonymous_1)
FNDA:0,(anonymous_2)
FNDA:0,(anonymous_3)
FNDA:0,(anonymous_4)
DA:11,0
DA:12,0
DA:13,0
DA:14,0
DA:15,0
DA:50,0
DA:51,0
DA:52,0
DA:55,0
DA:59,0
DA:66,0
DA:67,0
DA:69,0
DA:70,0
DA:73,0
DA:74,0
DA:75,0
DA:76,0
DA:77,0
DA:79,0
DA:80,0
DA:81,0
DA:83,0
DA:84,0
DA:85,0
DA:87,0
DA:88,0
DA:89,0
DA:95,0
DA:100,0
DA:101,0
DA:102,0
DA:110,0
DA:111,0
DA:112,0
DA:113,0
DA:114,0
DA:122,0
DA:123,0
DA:124,0
DA:125,0
DA:126,0
DA:130,0
DA:131,0
DA:133,0
DA:134,0
DA:145,0
DA:166,0
DA:169,0
DA:171,0
DA:175,0
DA:179,0
DA:180,0
DA:181,0
DA:185,0
LF:55
LH:0
BRDA:59,0,0,0
BRDA:59,0,1,0
BRDA:67,1,0,0
BRDA:67,1,1,0
BRDA:79,2,0,0
BRDA:79,2,1,0
BRDA:85,3,0,0
BRDA:85,3,1,0
BRDA:87,4,0,0
BRDA:87,4,1,0
BRDA:101,5,0,0
BRDA:101,5,1,0
BRDA:101,6,0,0
BRDA:101,6,1,0
BRDA:113,7,0,0
BRDA:113,7,1,0
BRDA:124,8,0,0
BRDA:124,8,1,0
BRDA:130,9,0,0
BRDA:130,9,1,0
BRDA:131,10,0,0
BRDA:131,10,1,0
BRDA:133,11,0,0
BRDA:133,11,1,0
BRF:24
BRH:0
end_of_record
TN:
SF:src\services\DegradedModeService.ts
FN:36,(anonymous_1)
FN:45,(anonymous_2)
FN:54,(anonymous_3)
FN:72,(anonymous_4)
FN:75,(anonymous_5)
FN:85,(anonymous_6)
FN:102,(anonymous_7)
FNF:7
FNH:0
FNDA:0,(anonymous_1)
FNDA:0,(anonymous_2)
FNDA:0,(anonymous_3)
FNDA:0,(anonymous_4)
FNDA:0,(anonymous_5)
FNDA:0,(anonymous_6)
FNDA:0,(anonymous_7)
DA:10,0
DA:11,0
DA:12,0
DA:13,0
DA:16,0
DA:28,0
DA:29,0
DA:32,0
DA:37,0
DA:38,0
DA:39,0
DA:40,0
DA:42,0
DA:46,0
DA:55,0
DA:61,0
DA:62,0
DA:63,0
DA:65,0
DA:73,0
DA:74,0
DA:75,0
DA:76,0
DA:78,0
DA:86,0
DA:87,0
DA:88,0
DA:90,0
DA:92,0
DA:93,0
DA:95,0
DA:96,0
DA:97,0
DA:98,0
DA:101,0
DA:102,0
DA:104,0
DA:106,0
DA:108,0
DA:110,0
DA:111,0
DA:112,0
DA:114,0
DA:115,0
DA:116,0
DA:117,0
DA:118,0
DA:121,0
DA:124,0
DA:126,0
DA:127,0
DA:128,0
DA:133,0
DA:134,0
DA:136,0
DA:139,0
DA:141,0
DA:143,0
DA:146,0
DA:150,0
LF:60
LH:0
BRDA:37,0,0,0
BRDA:37,0,1,0
BRDA:39,1,0,0
BRDA:39,1,1,0
BRDA:46,2,0,0
BRDA:46,2,1,0
BRDA:65,3,0,0
BRDA:65,3,1,0
BRDA:74,4,0,0
BRDA:74,4,1,0
BRDA:86,5,0,0
BRDA:86,5,1,0
BRDA:96,6,0,0
BRDA:96,6,1,0
BRDA:104,7,0,0
BRDA:104,7,1,0
BRDA:114,8,0,0
BRDA:114,8,1,0
BRDA:116,9,0,0
BRDA:116,9,1,0
BRDA:117,10,0,0
BRDA:117,10,1,0
BRDA:117,11,0,0
BRDA:117,11,1,0
BRDA:121,12,0,0
BRDA:121,12,1,0
BRDA:126,13,0,0
BRDA:126,13,1,0
BRDA:133,14,0,0
BRDA:133,14,1,0
BRDA:141,15,0,0
BRDA:141,15,1,0
BRF:32
BRH:0
end_of_record
TN:
SF:src\services\FreeTierGuardService.ts
FN:27,(anonymous_0)
FN:49,(anonymous_1)
FN:63,(anonymous_2)
FN:97,(anonymous_3)
FN:121,(anonymous_4)
FNF:5
FNH:0
FNDA:0,(anonymous_0)
FNDA:0,(anonymous_1)
FNDA:0,(anonymous_2)
FNDA:0,(anonymous_3)
FNDA:0,(anonymous_4)
DA:1,0
DA:2,0
DA:16,0
DA:18,0
DA:19,0
DA:20,0
DA:21,0
DA:28,0
DA:29,0
DA:31,0
DA:33,0
DA:34,0
DA:37,0
DA:38,0
DA:39,0
DA:42,0
DA:43,0
DA:50,0
DA:51,0
DA:52,0
DA:53,0
DA:55,0
DA:64,0
DA:65,0
DA:67,0
DA:69,0
DA:70,0
DA:73,0
DA:75,0
DA:76,0
DA:77,0
DA:80,0
DA:81,0
DA:84,0
DA:86,0
DA:89,0
DA:101,0
DA:102,0
DA:104,0
DA:105,0
DA:109,0
DA:110,0
DA:114,0
DA:122,0
DA:123,0
DA:124,0
DA:126,0
DA:127,0
DA:130,0
DA:134,0
LF:50
LH:0
BRDA:31,0,0,0
BRDA:31,0,1,0
BRDA:31,1,0,0
BRDA:31,1,1,0
BRDA:37,2,0,0
BRDA:37,2,1,0
BRDA:52,3,0,0
BRDA:52,3,1,0
BRDA:52,4,0,0
BRDA:52,4,1,0
BRDA:67,5,0,0
BRDA:67,5,1,0
BRDA:73,6,0,0
BRDA:73,6,1,0
BRDA:75,7,0,0
BRDA:75,7,1,0
BRDA:80,8,0,0
BRDA:80,8,1,0
BRDA:87,9,0,0
BRDA:87,9,1,0
BRDA:109,10,0,0
BRDA:109,10,1,0
BRDA:126,11,0,0
BRDA:126,11,1,0
BRF:24
BRH:0
end_of_record
TN:
SF:src\services\MemoryDecayService.ts
FN:9,(anonymous_0)
FNF:1
FNH:0
FNDA:0,(anonymous_0)
DA:1,0
DA:2,0
DA:4,0
DA:10,0
DA:13,0
DA:18,0
DA:19,0
DA:20,0
DA:23,0
DA:24,0
DA:25,0
DA:27,0
DA:28,0
DA:29,0
DA:32,0
DA:35,0
DA:38,0
DA:40,0
DA:42,0
DA:44,0
DA:45,0
DA:49,0
DA:54,0
DA:58,0
LF:24
LH:0
BRDA:18,0,0,0
BRDA:18,0,1,0
BRDA:18,1,0,0
BRDA:18,1,1,0
BRDA:28,2,0,0
BRDA:28,2,1,0
BRDA:35,3,0,0
BRDA:35,3,1,0
BRDA:35,4,0,0
BRDA:35,4,1,0
BRDA:35,5,0,0
BRDA:35,5,1,0
BRDA:42,6,0,0
BRDA:42,6,1,0
BRF:14
BRH:0
end_of_record
TN:
SF:src\services\MessageFormatter.ts
FN:4,(anonymous_0)
FN:25,(anonymous_1)
FN:61,(anonymous_2)
FNF:3
FNH:0
FNDA:0,(anonymous_0)
FNDA:0,(anonymous_1)
FNDA:0,(anonymous_2)
DA:1,0
DA:5,0
DA:7,0
DA:8,0
DA:9,0
DA:11,0
DA:12,0
DA:13,0
DA:14,0
DA:16,0
DA:20,0
DA:21,0
DA:27,0
DA:29,0
DA:40,0
DA:41,0
DA:44,0
DA:46,0
DA:48,0
DA:49,0
DA:53,0
DA:54,0
DA:57,0
DA:62,0
DA:63,0
DA:64,0
DA:65,0
LF:27
LH:0
BRDA:4,0,0,0
BRDA:5,1,0,0
BRDA:5,1,1,0
BRDA:7,2,0,0
BRDA:7,2,1,0
BRDA:12,3,0,0
BRDA:12,3,1,0
[...]
BRDA:95,12,1,0
BRDA:95,13,0,0
BRDA:95,13,1,0
BRDA:105,14,0,0
BRDA:105,14,1,0
BRDA:112,15,0,0
BRDA:112,15,1,0
BRDA:132,16,0,0
BRDA:132,16,1,0
BRDA:132,17,0,0
BRDA:132,17,1,0
BRDA:143,18,0,0
BRDA:143,18,1,0
BRDA:166,19,0,0
BRDA:166,19,1,0
BRDA:178,20,0,0
BRDA:178,20,1,0
BRDA:178,21,0,0
BRDA:178,21,1,0
BRDA:179,22,0,0
BRDA:179,22,1,0
BRDA:182,23,0,0
BRDA:182,23,1,0
BRDA:192,24,0,0
BRDA:192,24,1,0
BRDA:193,25,0,0
BRDA:193,25,1,0
BRDA:194,26,0,0
BRDA:194,26,1,0
BRDA:198,27,0,0
BRDA:198,27,1,0
BRDA:200,28,0,0
BRDA:200,28,1,0
BRDA:200,29,0,0
BRDA:200,29,1,0
BRDA:217,30,0,0
BRDA:217,30,1,0
BRDA:243,31,0,0
BRDA:243,31,1,0
BRDA:254,32,0,0
BRDA:254,32,1,0
BRDA:258,33,0,0
BRDA:258,33,1,0
BRDA:268,34,0,0
BRDA:268,34,1,0
BRDA:288,35,0,0
BRDA:288,35,1,0
BRDA:288,36,0,0
BRDA:288,36,1,0
BRDA:288,36,2,0
BRDA:292,37,0,0
BRDA:292,37,1,0
BRDA:299,38,0,0
BRDA:299,38,1,0
BRDA:301,39,0,0
BRDA:301,39,1,0
BRDA:303,40,0,0
BRDA:303,40,1,0
BRDA:305,41,0,0
BRDA:305,41,1,0
BRDA:307,42,0,0
BRDA:307,42,1,0
BRDA:331,43,0,0
BRDA:331,43,1,0
BRDA:331,44,0,0
BRDA:331,44,1,0
BRDA:334,45,0,0
BRDA:334,45,1,0
BRDA:341,46,0,0
BRDA:341,46,1,0
BRDA:341,47,0,0
BRDA:341,47,1,0
BRDA:345,48,0,0
BRDA:345,48,1,0
BRDA:346,49,0,0
BRDA:346,49,1,0
BRDA:346,50,0,0
BRDA:346,50,1,0
BRF:103
BRH:0
end_of_record
TN:
SF:src\services\ResponseIntelligence.ts
FN:10,classifyIntent
FNF:1
FNH:0
FNDA:0,classifyIntent
DA:10,0
DA:11,0
DA:12,0
DA:16,0
DA:17,0
DA:19,0
DA:25,0
DA:26,0
DA:28,0
DA:29,0
DA:33,0
DA:34,0
DA:36,0
DA:39,0
DA:40,0
DA:41,0
DA:44,0
DA:45,0
DA:47,0
DA:55,0
DA:56,0
DA:60,0
DA:61,0
DA:62,0
DA:66,0
DA:67,0
DA:68,0
DA:72,0
LF:28
LH:0
BRDA:10,0,0,0
BRDA:16,1,0,0
BRDA:16,1,1,0
BRDA:17,2,0,0
BRDA:17,2,1,0
BRDA:19,3,0,0
BRDA:19,3,1,0
BRDA:19,3,2,0
BRDA:19,3,3,0
BRDA:26,4,0,0
BRDA:26,4,1,0
BRDA:28,5,0,0
BRDA:28,5,1,0
BRDA:28,6,0,0
BRDA:28,6,1,0
BRDA:34,7,0,0
BRDA:34,7,1,0
BRDA:40,8,0,0
BRDA:40,8,1,0
BRDA:45,9,0,0
BRDA:45,9,1,0
BRDA:55,10,0,0
BRDA:55,10,1,0
BRDA:55,11,0,0
BRDA:55,11,1,0
BRDA:55,11,2,0
BRDA:61,12,0,0
BRDA:61,12,1,0
BRDA:67,13,0,0
BRDA:67,13,1,0
BRF:30
BRH:0
end_of_record
TN:
SF:src\services\SettingsService.ts
FN:17,(anonymous_0)
FN:54,(anonymous_1)
FN:80,(anonymous_2)
FNF:3
FNH:0
FNDA:0,(anonymous_0)
FNDA:0,(anonymous_1)
FNDA:0,(anonymous_2)
DA:1,0
DA:2,0
DA:9,0
DA:12,0
DA:18,0
DA:19,0
DA:21,0
DA:22,0
DA:25,0
DA:26,0
DA:32,0
DA:33,0
DA:35,0
DA:38,0
DA:39,0
DA:44,0
DA:46,0
DA:47,0
DA:55,0
DA:56,0
DA:60,0
DA:61,0
DA:65,0
DA:70,0
DA:72,0
DA:73,0
DA:81,0
DA:82,0
DA:86,0
DA:87,0
LF:30
LH:0
BRDA:21,0,0,0
BRDA:21,0,1,0
BRDA:21,1,0,0
BRDA:21,1,1,0
BRDA:32,2,0,0
BRDA:32,2,1,0
BRDA:35,3,0,0
BRDA:35,3,1,0
BRDA:38,4,0,0
BRDA:38,4,1,0
BRDA:47,5,0,0
BRDA:47,5,1,0
BRDA:60,6,0,0
BRDA:60,6,1,0
BRF:14
BRH:0
end_of_record
TN:
SF:src\services\ShortTermMemoryCleanupService.ts
FN:5,(anonymous_0)
FNF:1
FNH:0
FNDA:0,(anonymous_0)
DA:1,0
DA:2,0
DA:4,0
DA:6,0
DA:7,0
DA:9,0
DA:15,0
DA:16,0
DA:19,0
DA:20,0
DA:22,0
DA:27,0
LF:12
LH:0
BRDA:15,0,0,0
BRDA:15,0,1,0
BRDA:19,1,0,0
BRDA:19,1,1,0
BRDA:22,2,0,0
BRDA:22,2,1,0
BRF:6
BRH:0
end_of_record
TN:
SF:src\services\SituationalAwareness.ts
FN:67,(anonymous_0)
FN:154,(anonymous_1)
FN:198,(anonymous_2)
FN:205,(anonymous_3)
FN:207,(anonymous_4)
FN:226,(anonymous_5)
FN:232,(anonymous_6)
FN:233,(anonymous_7)
FN:234,(anonymous_8)
FN:238,(anonymous_9)
FN:246,(anonymous_10)
FN:261,(anonymous_11)
FN:272,(anonymous_12)
FN:284,(anonymous_13)
FN:295,(anonymous_14)
FN:298,(anonymous_15)
FN:300,(anonymous_16)
FN:302,(anonymous_17)
FN:304,(anonymous_18)
FN:306,(anonymous_19)
FN:311,(anonymous_20)
FN:318,(anonymous_21)
FN:332,(anonymous_22)
FN:339,(anonymous_23)
FN:339,(anonymous_24)
FN:340,(anonymous_25)
FN:340,(anonymous_26)
FNF:27
FNH:0
FNDA:0,(anonymous_0)
FNDA:0,(anonymous_1)
FNDA:0,(anonymous_2)
FNDA:0,(anonymous_3)
FNDA:0,(anonymous_4)
FNDA:0,(anonymous_5)
FNDA:0,(anonymous_6)
FNDA:0,(anonymous_7)
FNDA:0,(anonymous_8)
FNDA:0,(anonymous_9)
FNDA:0,(anonymous_10)
FNDA:0,(anonymous_11)
FNDA:0,(anonymous_12)
FNDA:0,(anonymous_13)
FNDA:0,(anonymous_14)
FNDA:0,(anonymous_15)
FNDA:0,(anonymous_16)
FNDA:0,(anonymous_17)
FNDA:0,(anonymous_18)
FNDA:0,(anonymous_19)
FNDA:0,(anonymous_20)
FNDA:0,(anonymous_21)
FNDA:0,(anonymous_22)
FNDA:0,(anonymous_23)
FNDA:0,(anonymous_24)
FNDA:0,(anonymous_25)
FNDA:0,(anonymous_26)
DA:38,0
DA:49,0
DA:58,0
DA:65,0
DA:68,0
DA:70,0
DA:71,0
DA:74,0
DA:75,0
DA:76,0
DA:77,0
DA:79,0
DA:80,0
DA:82,0
DA:83,0
DA:84,0
DA:87,0
DA:88,0
DA:89,0
DA:91,0
DA:92,0
DA:93,0
DA:94,0
DA:95,0
DA:96,0
DA:99,0
DA:104,0
DA:105,0
DA:106,0
DA:107,0
DA:109,0
DA:117,0
DA:119,0
DA:120,0
DA:121,0
DA:122,0
DA:123,0
DA:124,0
DA:126,0
DA:131,0
DA:132,0
DA:136,0
DA:137,0
DA:138,0
DA:139,0
DA:140,0
DA:141,0
DA:142,0
DA:143,0
DA:148,0
DA:149,0
DA:150,0
DA:153,0
DA:154,0
DA:155,0
DA:156,0
DA:158,0
DA:164,0
DA:165,0
DA:166,0
DA:167,0
DA:168,0
DA:173,0
DA:174,0
DA:178,0
DA:179,0
DA:183,0
DA:184,0
DA:185,0
DA:189,0
DA:190,0
DA:191,0
DA:195,0
DA:196,0
DA:197,0
DA:198,0
DA:199,0
DA:200,0
DA:201,0
DA:203,0
DA:204,0
DA:205,0
DA:207,0
DA:213,0
DA:214,0
DA:215,0
DA:216,0
DA:217,0
DA:218,0
DA:219,0
DA:220,0
DA:221,0
DA:223,0
DA:227,0
DA:230,0
DA:232,0
DA:233,0
DA:234,0
DA:235,0
DA:239,0
DA:240,0
DA:241,0
DA:242,0
DA:243,0
DA:247,0
DA:248,0
DA:249,0
DA:250,0
DA:251,0
DA:252,0
DA:253,0
DA:254,0
DA:255,0
DA:262,0
DA:263,0
DA:264,0
DA:265,0
DA:266,0
DA:267,0
DA:268,0
DA:269,0
DA:273,0
DA:274,0
DA:275,0
DA:276,0
DA:277,0
DA:278,0
DA:279,0
DA:280,0
DA:281,0
DA:285,0
DA:286,0
DA:287,0
DA:288,0
DA:289,0
DA:290,0
DA:291,0
DA:292,0
DA:296,0
DA:297,0
DA:298,0
DA:299,0
DA:300,0
DA:301,0
DA:302,0
DA:303,0
DA:304,0
DA:305,0
DA:306,0
DA:307,0
DA:308,0
DA:312,0
DA:313,0
DA:316,0
DA:317,0
DA:318,0
DA:319,0
DA:321,0
DA:325,0
DA:326,0
DA:329,0
DA:333,0
DA:336,0
DA:337,0
DA:339,0
DA:340,0
DA:342,0
DA:343,0
DA:345,0
DA:346,0
DA:348,0
DA:349,0
DA:352,0
DA:356,0
LF:174
LH:0
BRDA:70,0,0,0
BRDA:70,0,1,0
BRDA:75,1,0,0
BRDA:75,1,1,0
BRDA:76,2,0,0
BRDA:76,2,1,0
BRDA:83,3,0,0
BRDA:83,3,1,0
BRDA:83,4,0,0
BRDA:83,4,1,0
BRDA:87,5,0,0
BRDA:87,5,1,0
BRDA:91,6,0,0
BRDA:91,6,1,0
BRDA:93,7,0,0
BRDA:93,7,1,0
BRDA:95,8,0,0
BRDA:95,8,1,0
BRDA:104,9,0,0
BRDA:104,9,1,0
BRDA:104,10,0,0
BRDA:104,10,1,0
BRDA:107,11,0,0
BRDA:107,11,1,0
BRDA:109,12,0,0
BRDA:109,12,1,0
BRDA:111,13,0,0
BRDA:111,13,1,0
BRDA:113,14,0,0
BRDA:113,14,1,0
BRDA:117,15,0,0
BRDA:117,15,1,0
BRDA:119,16,0,0
BRDA:119,16,1,0
BRDA:121,17,0,0
BRDA:121,17,1,0
BRDA:123,18,0,0
BRDA:123,18,1,0
BRDA:131,19,0,0
BRDA:131,19,1,0
BRDA:131,20,0,0
BRDA:131,20,1,0
BRDA:136,21,0,0
BRDA:136,21,1,0
BRDA:138,22,0,0
BRDA:138,22,1,0
BRDA:140,23,0,0
BRDA:140,23,1,0
BRDA:142,24,0,0
BRDA:142,24,1,0
BRDA:148,25,0,0
BRDA:148,25,1,0
BRDA:153,26,0,0
BRDA:153,26,1,0
BRDA:153,27,0,0
BRDA:153,27,1,0
BRDA:153,27,2,0
BRDA:155,28,0,0
BRDA:155,28,1,0
BRDA:164,29,0,0
BRDA:164,29,1,0
BRDA:167,30,0,0
BRDA:167,30,1,0
BRDA:173,31,0,0
BRDA:173,31,1,0
BRDA:178,32,0,0
BRDA:178,32,1,0
BRDA:183,33,0,0
BRDA:183,33,1,0
BRDA:183,34,0,0
BRDA:183,34,1,0
BRDA:183,34,2,0
BRDA:189,35,0,0
BRDA:189,35,1,0
BRDA:189,36,0,0
BRDA:189,36,1,0
BRDA:191,37,0,0
BRDA:191,37,1,0
BRDA:195,38,0,0
BRDA:195,38,1,0
BRDA:195,39,0,0
BRDA:195,39,1,0
BRDA:199,40,0,0
BRDA:199,40,1,0
BRDA:201,41,0,0
BRDA:201,41,1,0
BRDA:203,42,0,0
BRDA:203,42,1,0
BRDA:204,43,0,0
BRDA:204,43,1,0
BRDA:230,44,0,0
BRDA:230,44,1,0
BRDA:232,45,0,0
BRDA:232,45,1,0
BRDA:233,46,0,0
BRDA:233,46,1,0
BRDA:234,47,0,0
BRDA:234,47,1,0
BRDA:240,48,0,0
BRDA:240,48,1,0
BRDA:240,49,0,0
BRDA:240,49,1,0
BRDA:241,50,0,0
BRDA:241,50,1,0
BRDA:241,51,0,0
BRDA:241,51,1,0
BRDA:242,52,0,0
BRDA:242,52,1,0
BRDA:242,53,0,0
BRDA:242,53,1,0
BRDA:248,54,0,0
BRDA:248,54,1,0
BRDA:248,55,0,0
BRDA:248,55,1,0
BRDA:249,56,0,0
BRDA:249,56,1,0
BRDA:249,57,0,0
BRDA:249,57,1,0
BRDA:249,58,0,0
BRDA:249,58,1,0
BRDA:249,59,0,0
BRDA:249,59,1,0
BRDA:250,60,0,0
BRDA:250,60,1,0
BRDA:250,61,0,0
BRDA:250,61,1,0
BRDA:250,62,0,0
BRDA:250,62,1,0
BRDA:250,63,0,0
BRDA:250,63,1,0
BRDA:251,64,0,0
BRDA:251,64,1,0
BRDA:251,65,0,0
BRDA:251,65,1,0
BRDA:252,66,0,0
BRDA:252,66,1,0
BRDA:252,67,0,0
BRDA:252,67,1,0
BRDA:252,68,0,0
BRDA:252,68,1,0
BRDA:252,69,0,0
BRDA:252,69,1,0
BRDA:253,70,0,0
BRDA:253,70,1,0
BRDA:253,71,0,0
BRDA:253,71,1,0
BRDA:253,72,0,0
BRDA:253,72,1,0
BRDA:254,73,0,0
BRDA:254,73,1,0
BRDA:254,74,0,0
BRDA:254,74,1,0
BRDA:263,75,0,0
BRDA:263,75,1,0
BRDA:263,76,0,0
BRDA:263,76,1,0
BRDA:265,77,0,0
BRDA:265,77,1,0
BRDA:266,78,0,0
BRDA:266,78,1,0
BRDA:268,79,0,0
BRDA:268,79,1,0
BRDA:273,80,0,0
BRDA:273,80,1,0
BRDA:274,81,0,0
BRDA:274,81,1,0
BRDA:275,82,0,0
BRDA:275,82,1,0
BRDA:277,83,0,0
BRDA:277,83,1,0
BRDA:278,84,0,0
BRDA:278,84,1,0
BRDA:279,85,0,0
BRDA:279,85,1,0
BRDA:281,86,0,0
BRDA:281,86,1,0
BRDA:286,87,0,0
BRDA:286,87,1,0
BRDA:287,88,0,0
BRDA:287,88,1,0
BRDA:288,89,0,0
BRDA:288,89,1,0
BRDA:289,90,0,0
BRDA:289,90,1,0
BRDA:289,91,0,0
BRDA:289,91,1,0
BRDA:290,92,0,0
BRDA:290,92,1,0
BRDA:290,93,0,0
BRDA:290,93,1,0
BRDA:291,94,0,0
BRDA:291,94,1,0
BRDA:291,95,0,0
BRDA:291,95,1,0
BRDA:298,96,0,0
BRDA:298,96,1,0
BRDA:299,97,0,0
BRDA:299,97,1,0
BRDA:300,98,0,0
BRDA:300,98,1,0
BRDA:302,99,0,0
BRDA:302,99,1,0
BRDA:304,100,0,0
BRDA:304,100,1,0
BRDA:306,101,0,0
BRDA:306,101,1,0
BRDA:312,102,0,0
BRDA:312,102,1,0
BRDA:312,103,0,0
BRDA:312,103,1,0
BRDA:316,104,0,0
BRDA:316,104,1,0
BRDA:317,105,0,0
BRDA:317,105,1,0
BRDA:318,106,0,0
BRDA:318,106,1,0
BRDA:325,107,0,0
BRDA:325,107,1,0
BRDA:325,108,0,0
BRDA:325,108,1,0
BRDA:333,109,0,0
BRDA:333,109,1,0
BRDA:342,110,0,0
BRDA:342,110,1,0
BRDA:342,111,0,0
BRDA:342,111,1,0
BRDA:342,111,2,0
BRDA:345,112,0,0
BRDA:345,112,1,0
BRDA:345,113,0,0
BRDA:345,113,1,0
BRDA:345,113,2,0
BRDA:348,114,0,0
BRDA:348,114,1,0
BRDA:348,115,0,0
BRDA:348,115,1,0
BRF:236
BRH:0
end_of_record
TN:
SF:src\services\TemporalAwarenessService.ts
FN:26,(anonymous_0)
FNF:1
FNH:0
FNDA:0,(anonymous_0)
DA:8,0
DA:9,0
DA:21,0
DA:27,0
DA:28,0
DA:33,0
DA:34,0
DA:35,0
DA:37,0
DA:38,0
DA:39,0
DA:40,0
DA:42,0
DA:43,0
DA:45,0
DA:46,0
DA:51,0
DA:53,0
DA:54,0
DA:57,0
DA:63,0
DA:64,0
DA:68,0
DA:70,0
DA:71,0
DA:77,0
DA:80,0
DA:92,0
LF:28
LH:0
BRDA:26,0,0,0
BRDA:34,1,0,0
BRDA:34,1,1,0
BRDA:38,2,0,0
BRDA:38,2,1,0
BRDA:38,3,0,0
BRDA:38,3,1,0
BRDA:39,4,0,0
BRDA:39,4,1,0
BRDA:39,5,0,0
BRDA:39,5,1,0
BRDA:40,6,0,0
BRDA:40,6,1,0
BRDA:40,7,0,0
BRDA:40,7,1,0
BRDA:43,8,0,0
BRDA:43,8,1,0
BRDA:51,9,0,0
BRDA:51,9,1,0
BRDA:51,10,0,0
BRDA:51,10,1,0
BRDA:57,11,0,0
BRDA:57,11,1,0
BRDA:57,11,2,0
BRDA:57,11,3,0
BRDA:57,11,4,0
BRDA:57,11,5,0
BRDA:57,11,6,0
BRDA:63,12,0,0
BRDA:63,12,1,0
BRDA:68,13,0,0
BRDA:68,13,1,0
BRDA:68,14,0,0
BRDA:68,14,1,0
BRDA:68,14,2,0
BRDA:70,15,0,0
BRDA:70,15,1,0
BRDA:70,16,0,0
BRDA:70,16,1,0
BRDA:77,17,0,0
BRDA:77,17,1,0
BRF:41
BRH:0
end_of_record
TN:
SF:src\services\VisionService.ts
FN:11,(anonymous_0)
FN:67,(anonymous_1)
FNF:2
FNH:0
FNDA:0,(anonymous_0)
FNDA:0,(anonymous_1)
DA:1,0
DA:2,0
DA:3,0
DA:4,0
DA:6,0
DA:12,0
DA:13,0
DA:14,0
DA:15,0
DA:17,0
DA:18,0
DA:19,0
DA:22,0
DA:23,0
DA:24,0
DA:26,0
DA:28,0
DA:30,0
DA:31,0
DA:33,0
DA:34,0
DA:37,0
DA:39,0
DA:40,0
DA:41,0
DA:42,0
DA:45,0
DA:50,0
DA:51,0
DA:54,0
DA:56,0
DA:58,0
DA:59,0
DA:68,0
DA:69,0
DA:70,0
DA:72,0
DA:75,0
DA:76,0
DA:77,0
DA:79,0
DA:81,0
DA:91,0
DA:92,0
DA:93,0
DA:95,0
DA:97,0
DA:98,0
DA:103,0
LF:49
LH:0
BRDA:11,0,0,0
BRDA:13,1,0,0
BRDA:13,1,1,0
BRDA:17,2,0,0
BRDA:17,2,1,0
BRDA:17,3,0,0
BRDA:17,3,1,0
BRDA:30,4,0,0
BRDA:30,4,1,0
BRDA:33,5,0,0
BRDA:33,5,1,0
BRDA:40,6,0,0
BRDA:40,6,1,0
BRDA:40,7,0,0
BRDA:40,7,1,0
BRDA:50,8,0,0
BRDA:50,8,1,0
BRDA:58,9,0,0
BRDA:58,9,1,0
BRDA:67,10,0,0
BRDA:69,11,0,0
BRDA:69,11,1,0
BRDA:92,12,0,0
BRDA:92,12,1,0
BRDA:92,13,0,0
BRDA:92,13,1,0
BRDA:97,14,0,0
BRDA:97,14,1,0
BRF:28
BRH:0
end_of_record
TN:
SF:src\services\WeatherWatcherService.ts
FN:17,(anonymous_10)
FN:79,(anonymous_11)
FN:90,(anonymous_12)
FNF:3
FNH:0
FNDA:0,(anonymous_10)
FNDA:0,(anonymous_11)
FNDA:0,(anonymous_12)
DA:1,0
DA:2,0
DA:3,0
DA:4,0
DA:12,0
DA:18,0
DA:19,0
DA:20,0
DA:23,0
DA:24,0
DA:25,0
DA:27,0
DA:28,0
DA:31,0
DA:32,0
DA:33,0
DA:35,0
DA:37,0
DA:38,0
DA:39,0
DA:43,0
DA:44,0
DA:45,0
DA:46,0
DA:48,0
DA:50,0
DA:54,0
DA:55,0
DA:62,0
DA:63,0
DA:67,0
DA:73,0
DA:79,0
DA:82,0
DA:90,0
DA:93,0
DA:100,0
DA:103,0
DA:108,0
LF:39
LH:0
BRDA:20,0,0,0
BRDA:20,0,1,0
BRDA:27,1,0,0
BRDA:27,1,1,0
BRDA:27,2,0,0
BRDA:27,2,1,0
BRDA:35,3,0,0
BRDA:35,3,1,0
BRDA:48,4,0,0
BRDA:48,4,1,0
BRDA:48,5,0,0
BRDA:48,5,1,0
BRDA:48,5,2,0
BRDA:48,5,3,0
BRDA:62,6,0,0
BRDA:62,6,1,0
BRDA:62,7,0,0
BRDA:62,7,1,0
BRDA:69,8,0,0
BRDA:69,8,1,0
BRDA:69,9,0,0
BRDA:69,9,1,0
BRDA:69,10,0,0
BRDA:69,10,1,0
BRDA:69,11,0,0
BRDA:69,11,1,0
BRF:26
BRH:0
end_of_record
TN:
SF:src\services\WebSearchService.ts
FN:12,(anonymous_1)
FN:37,(anonymous_2)
FN:40,(anonymous_3)
FN:79,(anonymous_4)
FNF:4
FNH:0
FNDA:0,(anonymous_1)
FNDA:0,(anonymous_2)
FNDA:0,(anonymous_3)
FNDA:0,(anonymous_4)
DA:1,0
DA:2,0
DA:3,0
DA:4,0
DA:5,0
DA:7,0
DA:13,0
DA:17,0
DA:31,0
DA:37,0
DA:38,0
DA:40,0
DA:41,0
DA:44,0
DA:48,0
DA:49,0
DA:53,0
DA:62,0
DA:63,0
DA:67,0
DA:68,0
DA:69,0
DA:71,0
DA:72,0
DA:80,0
DA:83,0
DA:84,0
DA:85,0
DA:86,0
DA:87,0
DA:88,0
DA:93,0
DA:94,0
DA:95,0
DA:99,0
DA:101,0
DA:103,0
DA:109,0
DA:110,0
DA:111,0
DA:116,0
DA:117,0
DA:119,0
DA:120,0
DA:121,0
DA:122,0
DA:124,0
DA:125,0
DA:129,0
DA:130,0
DA:132,0
DA:133,0
DA:138,0
LF:53
LH:0
BRDA:38,0,0,0
BRDA:38,0,1,0
BRDA:41,1,0,0
BRDA:41,1,1,0
BRDA:68,2,0,0
BRDA:68,2,1,0
BRDA:68,3,0,0
BRDA:68,3,1,0
BRDA:68,3,2,0
BRDA:84,4,0,0
BRDA:84,4,1,0
BRDA:99,5,0,0
BRDA:99,5,1,0
BRDA:99,6,0,0
BRDA:99,6,1,0
BRDA:103,7,0,0
BRDA:103,7,1,0
BRDA:117,8,0,0
BRDA:117,8,1,0
BRDA:117,9,0,0
BRDA:117,9,1,0
BRDA:122,10,0,0
BRDA:122,10,1,0
BRDA:122,11,0,0
BRDA:122,11,1,0
BRDA:129,12,0,0
BRDA:129,12,1,0
BRDA:132,13,0,0
BRDA:132,13,1,0
BRF:29
BRH:0
end_of_record
TN:
SF:src\services\memoryRepository.ts
FN:16,(anonymous_0)
FN:21,(anonymous_1)
FN:34,(anonymous_2)
FN:51,(anonymous_3)
FN:78,(anonymous_4)
FN:83,(anonymous_5)
FN:105,(anonymous_6)
FN:123,(anonymous_7)
FN:124,(anonymous_8)
FN:145,(anonymous_9)
FN:157,(anonymous_10)
FN:167,(anonymous_11)
FN:170,(anonymous_12)
FN:175,(anonymous_13)
FNF:14
FNH:0
FNDA:0,(anonymous_0)
FNDA:0,(anonymous_1)
FNDA:0,(anonymous_2)
FNDA:0,(anonymous_3)
FNDA:0,(anonymous_4)
FNDA:0,(anonymous_5)
FNDA:0,(anonymous_6)
FNDA:0,(anonymous_7)
FNDA:0,(anonymous_8)
FNDA:0,(anonymous_9)
FNDA:0,(anonymous_10)
FNDA:0,(anonymous_11)
FNDA:0,(anonymous_12)
FNDA:0,(anonymous_13)
DA:1,0
DA:3,0
DA:4,0
DA:5,0
DA:8,0
DA:10,0
DA:17,0
DA:19,0
DA:21,0
DA:22,0
DA:30,0
DA:31,0
DA:32,0
DA:34,0
DA:35,0
DA:49,0
DA:51,0
DA:52,0
DA:66,0
DA:69,0
DA:70,0
DA:79,0
DA:80,0
DA:83,0
DA:84,0
DA:91,0
DA:93,0
DA:94,0
DA:98,0
DA:103,0
DA:105,0
DA:106,0
DA:115,0
DA:117,0
DA:118,0
DA:120,0
DA:123,0
DA:124,0
DA:125,0
DA:126,0
DA:127,0
DA:128,0
DA:129,0
DA:130,0
DA:132,0
DA:133,0
DA:134,0
DA:135,0
DA:136,0
DA:137,0
DA:140,0
DA:142,0
DA:145,0
DA:147,0
DA:148,0
DA:150,0
DA:151,0
DA:152,0
DA:153,0
DA:154,0
DA:157,0
DA:158,0
DA:159,0
DA:160,0
DA:161,0
DA:166,0
DA:167,0
DA:170,0
DA:171,0
DA:175,0
DA:178,0
DA:180,0
DA:181,0
DA:186,0
LF:74
LH:0
BRDA:17,0,0,0
BRDA:17,0,1,0
BRDA:30,1,0,0
BRDA:30,1,1,0
BRDA:31,2,0,0
BRDA:31,2,1,0
BRDA:32,3,0,0
BRDA:32,3,1,0
BRDA:42,4,0,0
BRDA:42,4,1,0
BRDA:42,4,2,0
BRDA:61,5,0,0
BRDA:61,5,1,0
BRDA:69,6,0,0
BRDA:69,6,1,0
BRDA:91,7,0,0
BRDA:91,7,1,0
BRDA:91,8,0,0
BRDA:91,8,1,0
BRDA:115,9,0,0
BRDA:115,9,1,0
BRDA:117,10,0,0
BRDA:117,10,1,0
BRDA:118,11,0,0
BRDA:118,11,1,0
BRDA:130,12,0,0
BRDA:130,12,1,0
BRDA:130,13,0,0
BRDA:130,13,1,0
BRDA:132,14,0,0
BRDA:132,14,1,0
BRDA:133,15,0,0
BRDA:133,15,1,0
BRDA:136,16,0,0
BRDA:136,16,1,0
BRDA:137,17,0,0
BRDA:137,17,1,0
BRDA:151,18,0,0
BRDA:151,18,1,0
BRDA:159,19,0,0
BRDA:159,19,1,0
BRDA:166,20,0,0
BRDA:166,20,1,0
BRDA:180,21,0,0
BRDA:180,21,1,0
BRF:45
BRH:0
end_of_record
TN:
SF:src\services\onboardingService.ts
FN:19,(anonymous_0)
FN:28,(anonymous_1)
FNF:2
FNH:0
FNDA:0,(anonymous_0)
FNDA:0,(anonymous_1)
DA:1,0
DA:2,0
DA:3,0
DA:16,0
DA:20,0
DA:29,0
DA:31,0
DA:45,0
DA:46,0
DA:50,0
DA:93,0
DA:95,0
DA:98,0
DA:107,0
DA:113,0
DA:115,0
DA:116,0
DA:121,0
LF:18
LH:0
BRDA:40,0,0,0
BRDA:40,0,1,0
BRDA:45,1,0,0
BRDA:45,1,1,0
BRDA:95,2,0,0
BRDA:95,2,1,0
BRDA:95,3,0,0
BRDA:95,3,1,0
BRDA:115,4,0,0
BRDA:115,4,1,0
BRF:10
BRH:0
end_of_record
TN:
SF:src\services\promptBuilder.ts
FN:15,(anonymous_0)
FN:24,(anonymous_1)
FN:37,(anonymous_2)
FN:55,(anonymous_3)
FN:181,(anonymous_4)
FN:206,(anonymous_5)
FN:207,(anonymous_6)
FN:209,(anonymous_7)
FN:247,(anonymous_8)
FN:248,(anonymous_9)
FN:250,(anonymous_10)
FNF:11
FNH:0
FNDA:0,(anonymous_0)
FNDA:0,(anonymous_1)
FNDA:0,(anonymous_2)
FNDA:0,(anonymous_3)
FNDA:0,(anonymous_4)
FNDA:0,(anonymous_5)
FNDA:0,(anonymous_6)
FNDA:0,(anonymous_7)
FNDA:0,(anonymous_8)
FNDA:0,(anonymous_9)
FNDA:0,(anonymous_10)
DA:2,0
DA:3,0
DA:5,0
DA:6,0
DA:7,0
DA:8,0
DA:9,0
DA:16,0
DA:17,0
DA:22,0
DA:24,0
DA:25,0
DA:26,0
DA:27,0
DA:29,0
DA:38,0
DA:39,0
DA:43,0
DA:67,0
DA:71,0
DA:72,0
DA:75,0
DA:76,0
DA:81,0
DA:110,0
DA:178,0
DA:179,0
DA:181,0
DA:186,0
DA:187,0
DA:188,0
DA:190,0
DA:191,0
DA:197,0
DA:198,0
DA:199,0
DA:203,0
DA:205,0
DA:206,0
DA:207,0
DA:209,0
DA:211,0
DA:212,0
DA:213,0
DA:214,0
DA:215,0
DA:219,0
DA:220,0
DA:221,0
DA:222,0
DA:228,0
DA:229,0
DA:230,0
DA:231,0
DA:232,0
DA:233,0
DA:238,0
DA:239,0
DA:240,0
DA:246,0
DA:247,0
DA:248,0
DA:250,0
DA:251,0
DA:252,0
DA:253,0
DA:254,0
DA:257,0
DA:258,0
DA:260,0
DA:261,0
DA:265,0
DA:266,0
DA:267,0
DA:268,0
DA:273,0
DA:313,0
DA:314,0
DA:315,0
DA:316,0
DA:319,0
DA:320,0
DA:332,0
DA:374,0
DA:378,0
LF:85
LH:0
BRDA:22,0,0,0
BRDA:22,0,1,0
BRDA:24,1,0,0
BRDA:24,1,1,0
BRDA:29,2,0,0
BRDA:29,2,1,0
BRDA:39,3,0,0
BRDA:39,3,1,0
BRDA:40,4,0,0
BRDA:40,4,1,0
BRDA:62,5,0,0
BRDA:64,6,0,0
BRDA:71,7,0,0
BRDA:71,7,1,0
BRDA:71,8,0,0
BRDA:71,8,1,0
BRDA:75,9,0,0
BRDA:75,9,1,0
BRDA:178,10,0,0
BRDA:178,10,1,0
BRDA:187,11,0,0
BRDA:187,11,1,0
BRDA:190,12,0,0
BRDA:190,12,1,0
BRDA:197,13,0,0
BRDA:197,13,1,0
BRDA:197,14,0,0
BRDA:197,14,1,0
BRDA:203,15,0,0
BRDA:203,15,1,0
BRDA:203,16,0,0
BRDA:203,16,1,0
BRDA:207,17,0,0
BRDA:207,17,1,0
BRDA:211,18,0,0
BRDA:211,18,1,0
BRDA:219,19,0,0
BRDA:219,19,1,0
BRDA:228,20,0,0
BRDA:228,20,1,0
BRDA:228,21,0,0
BRDA:228,21,1,0
BRDA:231,22,0,0
BRDA:231,22,1,0
BRDA:232,23,0,0
BRDA:232,23,1,0
BRDA:239,24,0,0
BRDA:239,24,1,0
BRDA:239,25,0,0
BRDA:239,25,1,0
BRDA:251,26,0,0
BRDA:251,26,1,0
BRDA:251,26,2,0
BRDA:252,27,0,0
BRDA:252,27,1,0
BRDA:253,28,0,0
BRDA:253,28,1,0
BRDA:253,29,0,0
BRDA:253,29,1,0
BRDA:257,30,0,0
BRDA:257,30,1,0
BRDA:265,31,0,0
BRDA:265,31,1,0
BRDA:266,32,0,0
BRDA:266,32,1,0
BRDA:313,33,0,0
BRDA:313,33,1,0
BRDA:315,34,0,0
BRDA:315,34,1,0
BRDA:319,35,0,0
BRDA:319,35,1,0
BRF:71
BRH:0
end_of_record
TN:
SF:src\services\reminderService.ts
FN:23,(anonymous_0)
FNF:1
FNH:0
FNDA:0,(anonymous_0)
DA:1,0
DA:2,0
DA:22,0
DA:24,0
DA:25,0
DA:36,0
DA:37,0
DA:38,0
DA:41,0
DA:45,0
LF:10
LH:0
BRDA:23,0,0,0
BRDA:36,1,0,0
BRDA:36,1,1,0
BRDA:41,2,0,0
BRDA:41,2,1,0
BRF:5
BRH:0
end_of_record
TN:
SF:src\types\errors.ts
FN:13,(anonymous_0)
FN:26,(anonymous_1)
FN:33,(anonymous_2)
FN:40,(anonymous_3)
FN:47,(anonymous_4)
FN:54,(anonymous_5)
FNF:6
FNH:0
FNDA:0,(anonymous_0)
FNDA:0,(anonymous_1)
FNDA:0,(anonymous_2)
FNDA:0,(anonymous_3)
FNDA:0,(anonymous_4)
FNDA:0,(anonymous_5)
DA:8,0
DA:14,0
DA:15,0
DA:16,0
DA:17,0
DA:18,0
DA:21,0
DA:25,0
DA:27,0
DA:28,0
DA:32,0
DA:34,0
DA:35,0
DA:39,0
DA:41,0
DA:42,0
DA:46,0
DA:48,0
DA:49,0
DA:53,0
DA:55,0
DA:56,0
LF:22
LH:0
BRDA:40,0,0,0
BRF:1
BRH:0
end_of_record
TN:
SF:src\utils\nlp.ts
FN:16,extractKeywords
FN:21,(anonymous_1)
FNF:2
FNH:0
FNDA:0,extractKeywords
FNDA:0,(anonymous_1)
DA:1,0
DA:16,0
DA:17,0
DA:21,0
DA:22,0
LF:5
LH:0
BRDA:21,0,0,0
BRDA:21,0,1,0
BRF:2
BRH:0
end_of_record
TN:
SF:src\workers\queueWorker.ts
FN:12,startWorkers
FN:15,(anonymous_1)
FN:50,(anonymous_2)
FNF:3
FNH:0
FNDA:0,startWorkers
FNDA:0,(anonymous_1)
FNDA:0,(anonymous_2)
DA:1,0
DA:2,0
DA:3,0
DA:4,0
DA:5,0
DA:6,0
DA:7,0
DA:8,0
DA:9,0
DA:10,0
DA:12,0
DA:13,0
DA:15,0
DA:23,0
DA:25,0
DA:26,0
DA:28,0
DA:29,0
DA:31,0
DA:32,0
DA:34,0
DA:35,0
DA:37,0
DA:38,0
DA:40,0
DA:41,0
DA:43,0
DA:44,0
DA:46,0
DA:50,0
DA:51,0
DA:53,0
DA:54,0
DA:56,0
LF:34
LH:0
BRDA:23,0,0,0
BRDA:23,0,1,0
BRDA:23,0,2,0
BRDA:23,0,3,0
BRDA:23,0,4,0
BRDA:23,0,5,0
BRDA:23,0,6,0
BRDA:23,0,7,0
BRDA:51,1,0,0
BRDA:51,1,1,0
BRF:10
BRH:0
end_of_record
