TN:
SF:src\app.ts
FN:39,createApp
FN:55,(anonymous_11)
FN:159,(anonymous_12)
FN:173,(anonymous_13)
FN:181,(anonymous_14)
FN:195,(anonymous_15)
FNF:6
FNH:0
FNDA:0,createApp
FNDA:0,(anonymous_11)
FNDA:0,(anonymous_12)
FNDA:0,(anonymous_13)
FNDA:0,(anonymous_14)
FNDA:0,(anonymous_15)
DA:8,0
DA:9,0
DA:10,0
DA:11,0
DA:13,0
DA:14,0
DA:15,0
DA:16,0
DA:17,0
DA:18,0
DA:19,0
DA:20,0
DA:21,0
DA:22,0
DA:23,0
DA:24,0
DA:25,0
DA:26,0
DA:27,0
DA:28,0
DA:29,0
DA:30,0
DA:31,0
DA:32,0
DA:33,0
DA:34,0
DA:35,0
DA:36,0
DA:37,0
DA:39,0
DA:40,0
DA:46,0
DA:50,0
DA:53,0
DA:57,0
DA:58,0
DA:59,0
DA:61,0
DA:62,0
DA:64,0
DA:65,0
DA:76,0
DA:77,0
DA:81,0
DA:93,0
DA:97,0
DA:112,0
DA:127,0
DA:129,0
DA:131,0
DA:132,0
DA:133,0
DA:134,0
DA:135,0
DA:136,0
DA:137,0
DA:138,0
DA:139,0
DA:140,0
DA:141,0
DA:142,0
DA:143,0
DA:144,0
DA:145,0
DA:146,0
DA:147,0
DA:148,0
DA:149,0
DA:150,0
DA:153,0
DA:156,0
DA:159,0
DA:160,0
DA:169,0
DA:173,0
DA:174,0
DA:175,0
DA:176,0
DA:177,0
DA:178,0
DA:179,0
DA:181,0
DA:182,0
DA:187,0
DA:193,0
DA:194,0
DA:195,0
DA:196,0
DA:197,0
DA:198,0
DA:199,0
DA:201,0
DA:204,0
DA:205,0
DA:208,0
LF:95
LH:0
BRDA:57,0,0,0
BRDA:61,1,0,0
BRDA:61,1,1,0
BRDA:175,2,0,0
BRDA:177,3,0,0
BRDA:179,4,0,0
BRDA:187,5,0,0
BRDA:194,6,0,0
BRDA:194,7,0,0
BRDA:194,7,1,0
BRDA:204,8,0,0
BRF:11
BRH:0
end_of_record
TN:
SF:src\test.ts
FN:4,test
FNF:1
FNH:0
FNDA:0,test
DA:1,0
DA:2,0
DA:5,0
DA:6,0
DA:8,0
LF:5
LH:0
BRF:0
BRH:0
end_of_record
TN:
SF:src\agents\BaseAgent.ts
FN:20,ensureMetricsFlush
FN:22,(anonymous_1)
FN:34,bufferMetric
FN:41,(anonymous_3)
FN:50,(anonymous_4)
FN:58,(anonymous_5)
FN:83,(anonymous_6)
FN:84,(anonymous_7)
FN:101,(anonymous_8)
FNF:9
FNH:8
FNDA:2,ensureMetricsFlush
FNDA:0,(anonymous_1)
FNDA:4,bufferMetric
FNDA:2,(anonymous_3)
FNDA:5,(anonymous_4)
FNDA:5,(anonymous_5)
FNDA:3,(anonymous_6)
FNDA:3,(anonymous_7)
FNDA:7,(anonymous_8)
DA:1,2
DA:3,2
DA:4,2
DA:5,2
DA:6,2
DA:17,2
DA:18,2
DA:21,2
DA:22,2
DA:23,0
DA:24,0
DA:25,0
DA:26,0
DA:28,0
DA:31,2
DA:35,4
DA:38,2
DA:42,2
DA:43,2
DA:51,5
DA:52,5
DA:53,5
DA:54,0
DA:55,0
DA:58,5
DA:59,5
DA:67,5
DA:68,0
DA:69,0
DA:72,5
DA:73,5
DA:75,1
DA:77,5
DA:84,3
DA:85,3
DA:91,3
DA:92,3
DA:102,7
DA:103,7
DA:104,2
DA:107,5
DA:108,5
DA:109,1
DA:110,1
DA:113,4
DA:114,4
DA:115,4
DA:116,3
DA:118,3
DA:121,3
DA:129,3
DA:136,1
DA:138,1
DA:146,1
DA:152,1
LF:55
LH:46
BRDA:21,0,0,0
BRDA:23,1,0,0
BRDA:28,2,0,0
BRDA:28,2,1,0
BRDA:31,3,0,2
BRDA:53,4,0,0
BRDA:67,5,0,0
BRDA:73,6,0,1
BRDA:103,7,0,2
BRDA:103,8,0,7
BRDA:103,8,1,5
BRDA:103,8,2,5
BRDA:108,9,0,1
BRDA:150,10,0,1
BRDA:150,10,1,0
BRF:15
BRH:8
end_of_record
TN:
SF:src\agents\ConsolidatedMemoryAgent.ts
FN:30,filterSemanticMemories
FN:45,(anonymous_1)
FN:65,(anonymous_2)
FN:128,hashMessage
FN:135,(anonymous_4)
FN:139,(anonymous_5)
FN:151,(anonymous_6)
FN:276,(anonymous_7)
FN:314,(anonymous_8)
FN:331,(anonymous_9)
FN:345,(anonymous_10)
FNF:11
FNH:8
FNDA:2,filterSemanticMemories
FNDA:1,(anonymous_1)
FNDA:1,(anonymous_2)
FNDA:4,hashMessage
FNDA:1,(anonymous_4)
FNDA:2,(anonymous_5)
FNDA:0,(anonymous_6)
FNDA:2,(anonymous_7)
FNDA:1,(anonymous_8)
FNDA:0,(anonymous_9)
FNDA:0,(anonymous_10)
DA:1,1
DA:3,1
DA:4,1
DA:5,1
DA:6,1
DA:7,1
DA:8,1
DA:9,1
DA:13,1
DA:16,1
DA:20,1
DA:31,2
DA:34,2
DA:35,2
DA:36,2
DA:37,2
DA:38,2
DA:39,2
DA:40,2
DA:41,2
DA:42,2
DA:44,2
DA:46,1
DA:49,1
DA:50,0
DA:51,0
DA:52,0
DA:53,0
DA:58,1
DA:59,1
DA:60,0
DA:61,0
DA:63,1
DA:66,1
DA:67,1
DA:68,1
DA:71,1
DA:72,0
DA:73,0
DA:77,1
DA:78,0
DA:79,0
DA:85,1
DA:86,1
DA:87,0
DA:88,0
DA:89,0
DA:90,0
DA:91,0
DA:93,0
DA:94,0
DA:95,0
DA:99,1
DA:130,4
DA:131,4
DA:134,1
DA:136,1
DA:140,2
DA:144,2
DA:145,2
DA:151,0
DA:158,2
DA:159,2
DA:160,2
DA:161,0
DA:162,0
DA:165,2
DA:265,2
DA:268,2
DA:269,2
DA:271,2
DA:273,2
DA:277,2
DA:280,2
DA:283,2
DA:285,2
DA:286,2
DA:287,1
DA:289,1
DA:290,0
DA:295,1
DA:304,2
DA:305,1
DA:306,1
DA:310,2
DA:312,2
DA:313,2
DA:314,1
DA:315,1
DA:316,1
DA:317,1
DA:324,1
DA:325,1
DA:329,2
DA:330,2
DA:331,0
DA:338,0
DA:339,0
DA:343,2
DA:344,2
DA:345,0
DA:352,0
DA:353,0
DA:357,2
DA:358,0
DA:364,0
DA:368,2
DA:369,0
DA:377,0
DA:381,2
DA:382,0
DA:384,0
DA:385,0
DA:386,0
DA:387,0
DA:393,0
DA:397,2
DA:401,1
LF:118
LH:80
BRDA:35,0,0,0
BRDA:35,0,1,2
BRDA:36,1,0,0
BRDA:36,1,1,2
BRDA:37,2,0,0
BRDA:37,2,1,2
BRDA:38,3,0,0
BRDA:38,3,1,2
BRDA:39,4,0,0
BRDA:39,4,1,2
BRDA:40,5,0,0
BRDA:40,5,1,2
BRDA:41,6,0,0
BRDA:41,6,1,2
BRDA:42,7,0,0
BRDA:46,8,0,1
BRDA:46,8,1,0
BRDA:49,9,0,0
BRDA:50,10,0,0
BRDA:50,10,1,0
BRDA:50,11,0,0
BRDA:50,11,1,0
BRDA:50,11,2,0
BRDA:52,12,0,0
BRDA:52,13,0,0
BRDA:52,13,1,0
BRDA:52,13,2,0
BRDA:59,14,0,0
BRDA:59,15,0,1
BRDA:59,15,1,1
BRDA:59,16,0,1
BRDA:59,16,1,0
BRDA:66,17,0,0
BRDA:67,18,0,1
BRDA:67,18,1,0
BRDA:68,19,0,1
BRDA:68,19,1,0
BRDA:71,20,0,0
BRDA:71,21,0,1
BRDA:71,21,1,1
BRDA:71,21,2,1
BRDA:71,21,3,0
BRDA:77,22,0,0
BRDA:77,23,0,1
BRDA:77,23,1,0
BRDA:85,24,0,1
BRDA:85,24,1,1
BRDA:85,24,2,1
BRDA:86,25,0,0
BRDA:88,26,0,0
BRDA:88,26,1,0
BRDA:89,27,0,0
BRDA:93,28,0,0
BRDA:144,29,0,0
BRDA:144,29,1,2
BRDA:145,30,0,0
BRDA:145,30,1,2
BRDA:160,31,0,0
BRDA:280,32,0,2
BRDA:280,32,1,0
BRDA:287,33,0,1
BRDA:289,34,0,0
BRDA:289,35,0,1
BRDA:289,35,1,0
BRDA:289,36,0,1
BRDA:289,36,1,0
BRDA:304,37,0,1
BRDA:310,38,0,2
BRDA:310,38,1,0
BRDA:313,39,0,1
BRDA:316,40,0,1
BRDA:316,40,1,0
BRDA:329,41,0,2
BRDA:329,41,1,0
BRDA:330,42,0,0
BRDA:343,43,0,2
BRDA:343,43,1,2
BRDA:344,44,0,0
BRDA:357,45,0,0
BRDA:368,46,0,0
BRDA:381,47,0,0
BRDA:384,48,0,0
BRDA:384,49,0,0
BRDA:384,49,1,0
BRDA:384,50,0,0
BRDA:384,50,1,0
BRDA:386,51,0,0
BRDA:386,51,1,0
BRF:88
BRH:33
end_of_record
TN:
SF:src\agents\DeterministicFactAgent.ts
FN:5,getMemoryTypeForKey
FN:28,(anonymous_1)
FNF:2
FNH:2
FNDA:8,getMemoryTypeForKey
FNDA:5,(anonymous_1)
DA:1,3
DA:3,3
DA:6,8
DA:16,4
DA:18,4
DA:19,1
DA:21,3
DA:22,0
DA:24,3
DA:27,3
DA:29,5
DA:31,5
DA:32,0
DA:35,5
DA:36,8
DA:38,8
DA:40,8
DA:41,8
DA:58,8
DA:66,0
DA:75,3
LF:21
LH:18
BRDA:6,0,0,4
BRDA:18,1,0,1
BRDA:21,2,0,0
BRDA:31,3,0,0
BRDA:31,4,0,5
BRDA:31,4,1,5
BRDA:31,4,2,5
BRDA:36,5,0,0
BRDA:36,6,0,8
BRDA:36,6,1,8
BRDA:38,7,0,8
BRDA:38,7,1,6
BRDA:45,8,0,2
BRDA:45,8,1,6
BRDA:49,9,0,2
BRDA:49,9,1,6
BRDA:52,10,0,2
BRDA:52,10,1,6
BRDA:54,11,0,8
BRDA:54,11,1,6
BRDA:54,11,2,5
BRDA:55,12,0,8
BRDA:55,12,1,0
BRDA:63,13,0,8
BRDA:63,13,1,3
BRDA:63,14,0,0
BRDA:63,14,1,3
BRDA:68,15,0,0
BRDA:68,15,1,0
BRF:29
BRH:22
end_of_record
TN:
SF:src\agents\EmotionalAgent.ts
FN:8,(anonymous_0)
FN:12,(anonymous_1)
FNF:2
FNH:0
FNDA:0,(anonymous_0)
FNDA:0,(anonymous_1)
DA:1,0
DA:3,0
DA:4,0
DA:7,0
DA:9,0
DA:13,0
DA:15,0
DA:40,0
DA:41,0
DA:43,0
DA:44,0
DA:50,0
DA:53,0
DA:57,0
LF:14
LH:0
BRDA:43,0,0,0
BRF:1
BRH:0
end_of_record
TN:
SF:src\agents\EpisodicAgent.ts
FN:8,(anonymous_0)
FN:12,(anonymous_1)
FN:46,(anonymous_2)
FNF:3
FNH:0
FNDA:0,(anonymous_0)
FNDA:0,(anonymous_1)
FNDA:0,(anonymous_2)
DA:1,0
DA:3,0
DA:4,0
DA:7,0
DA:9,0
DA:13,0
DA:15,0
DA:42,0
DA:43,0
DA:45,0
DA:46,0
DA:53,0
DA:56,0
DA:60,0
LF:14
LH:0
BRDA:43,0,0,0
BRDA:43,0,1,0
BRDA:45,1,0,0
BRF:3
BRH:0
end_of_record
TN:
SF:src\agents\KgAgent.ts
FN:10,(anonymous_0)
FN:14,(anonymous_1)
FN:72,(anonymous_2)
FN:75,(anonymous_3)
FN:81,(anonymous_4)
FN:93,(anonymous_5)
FN:104,(anonymous_6)
FN:127,(anonymous_7)
FNF:8
FNH:0
FNDA:0,(anonymous_0)
FNDA:0,(anonymous_1)
FNDA:0,(anonymous_2)
FNDA:0,(anonymous_3)
FNDA:0,(anonymous_4)
FNDA:0,(anonymous_5)
FNDA:0,(anonymous_6)
FNDA:0,(anonymous_7)
DA:1,0
DA:3,0
DA:4,0
DA:6,0
DA:7,0
DA:9,0
DA:11,0
DA:15,0
DA:17,0
DA:57,0
DA:62,0
DA:63,0
DA:64,0
DA:66,0
DA:67,0
DA:70,0
DA:72,0
DA:73,0
DA:75,0
DA:76,0
DA:79,0
DA:81,0
DA:82,0
DA:87,0
DA:88,0
DA:92,0
DA:93,0
DA:94,0
DA:98,0
DA:101,0
DA:102,0
DA:104,0
DA:105,0
DA:109,0
DA:110,0
DA:112,0
DA:116,0
DA:117,0
DA:118,0
DA:119,0
DA:121,0
DA:122,0
DA:123,0
DA:126,0
DA:127,0
DA:128,0
DA:136,0
DA:142,0
DA:146,0
LF:49
LH:0
BRDA:62,0,0,0
BRDA:62,0,1,0
BRDA:63,1,0,0
BRDA:63,1,1,0
BRDA:66,2,0,0
BRDA:73,3,0,0
BRDA:79,4,0,0
BRDA:87,5,0,0
BRDA:98,6,0,0
BRDA:101,7,0,0
BRDA:101,7,1,0
BRDA:109,8,0,0
BRDA:109,8,1,0
BRDA:116,9,0,0
BRDA:121,10,0,0
BRDA:123,11,0,0
BRDA:126,12,0,0
BRDA:126,13,0,0
BRDA:126,13,1,0
BRF:19
BRH:0
end_of_record
TN:
SF:src\agents\LifeThreadAgent.ts
FN:11,tokenize
FN:13,(anonymous_1)
FN:17,jaccardSimilarity
FN:21,(anonymous_3)
FN:35,detectExplicitResume
FN:45,findBestWaitingCandidate
FN:51,(anonymous_6)
FN:97,(anonymous_7)
FN:180,(anonymous_8)
FN:212,(anonymous_9)
FN:221,(anonymous_10)
FN:243,(anonymous_11)
FN:244,(anonymous_12)
FN:246,(anonymous_13)
FN:247,(anonymous_14)
FN:248,(anonymous_15)
FN:257,(anonymous_16)
FN:260,(anonymous_17)
FN:263,(anonymous_18)
FN:285,(anonymous_19)
FN:288,(anonymous_20)
FN:327,(anonymous_21)
FN:342,(anonymous_22)
FN:348,(anonymous_23)
FN:350,(anonymous_24)
FN:351,(anonymous_25)
FN:371,(anonymous_26)
FN:397,(anonymous_27)
FN:428,(anonymous_28)
FN:446,(anonymous_29)
FNF:30
FNH:22
FNDA:24,tokenize
FNDA:168,(anonymous_1)
FNDA:9,jaccardSimilarity
FNDA:34,(anonymous_3)
FNDA:11,detectExplicitResume
FNDA:3,findBestWaitingCandidate
FNDA:12,(anonymous_6)
FNDA:13,(anonymous_7)
FNDA:10,(anonymous_8)
FNDA:0,(anonymous_9)
FNDA:0,(anonymous_10)
FNDA:11,(anonymous_11)
FNDA:11,(anonymous_12)
FNDA:9,(anonymous_13)
FNDA:9,(anonymous_14)
FNDA:0,(anonymous_15)
FNDA:6,(anonymous_16)
FNDA:9,(anonymous_17)
FNDA:8,(anonymous_18)
FNDA:9,(anonymous_19)
FNDA:0,(anonymous_20)
FNDA:11,(anonymous_21)
FNDA:11,(anonymous_22)
FNDA:4,(anonymous_23)
FNDA:0,(anonymous_24)
FNDA:1,(anonymous_25)
FNDA:8,(anonymous_26)
FNDA:0,(anonymous_27)
FNDA:0,(anonymous_28)
FNDA:0,(anonymous_29)
DA:1,1
DA:2,1
DA:3,1
DA:4,1
DA:5,1
DA:9,1
DA:12,24
DA:13,168
DA:18,9
DA:19,9
DA:20,9
DA:21,34
DA:22,9
DA:23,9
DA:29,1
DA:36,11
DA:46,3
DA:47,3
DA:48,3
DA:49,3
DA:50,3
DA:51,12
DA:52,3
DA:53,3
DA:54,3
DA:55,3
DA:56,3
DA:60,3
DA:64,1
DA:66,1
DA:93,1
DA:95,1
DA:98,13
DA:99,13
DA:102,13
DA:103,1
DA:104,1
DA:105,1
DA:107,12
DA:108,1
DA:109,1
DA:110,1
DA:112,11
DA:113,0
DA:114,0
DA:115,0
DA:119,11
DA:120,11
DA:121,11
DA:123,0
DA:127,11
DA:134,11
DA:141,11
DA:142,11
DA:145,11
DA:146,11
DA:147,0
DA:151,11
DA:152,11
DA:154,11
DA:155,11
DA:159,0
DA:164,11
DA:165,11
DA:166,11
DA:167,11
DA:169,0
DA:173,11
DA:181,10
DA:182,10
DA:183,1
DA:184,1
DA:185,1
DA:187,9
DA:188,1
DA:189,1
DA:190,1
DA:193,8
DA:204,8
DA:218,0
DA:219,0
DA:220,0
DA:221,0
DA:222,0
DA:224,0
DA:225,0
DA:238,0
DA:244,11
DA:245,11
DA:246,9
DA:247,9
DA:248,0
DA:251,11
DA:252,11
DA:256,11
DA:257,6
DA:260,11
DA:261,11
DA:263,8
DA:274,11
DA:285,9
DA:288,0
DA:336,11
DA:338,11
DA:341,11
DA:342,11
DA:343,11
DA:346,11
DA:347,6
DA:348,6
DA:349,6
DA:350,0
DA:351,1
DA:353,6
DA:354,4
DA:355,3
DA:356,3
DA:363,1
DA:364,1
DA:370,10
DA:371,8
DA:372,8
DA:376,8
DA:394,8
DA:395,2
DA:396,2
DA:397,2
DA:398,2
DA:416,2
DA:423,10
DA:424,8
DA:425,0
DA:427,0
DA:428,0
DA:429,0
DA:430,0
DA:443,0
DA:445,0
DA:446,0
DA:447,0
DA:448,0
DA:452,0
DA:461,0
DA:469,1
LF:144
LH:114
BRDA:13,0,0,168
BRDA:13,0,1,138
BRDA:20,1,0,0
BRDA:20,2,0,9
BRDA:20,2,1,0
BRDA:50,3,0,3
BRDA:50,3,1,0
BRDA:52,4,0,3
BRDA:54,5,0,3
BRDA:98,6,0,13
BRDA:98,6,1,0
BRDA:99,7,0,13
BRDA:99,7,1,13
BRDA:102,8,0,1
BRDA:107,9,0,1
BRDA:112,10,0,0
BRDA:123,11,0,0
BRDA:123,11,1,0
BRDA:141,12,0,11
BRDA:141,12,1,0
BRDA:142,13,0,0
BRDA:145,14,0,11
BRDA:145,14,1,2
BRDA:146,15,0,0
BRDA:146,16,0,11
BRDA:146,16,1,0
BRDA:146,16,2,0
BRDA:151,17,0,11
BRDA:151,17,1,0
BRDA:152,18,0,11
BRDA:152,18,1,0
BRDA:159,19,0,0
BRDA:159,19,1,0
BRDA:165,20,0,11
BRDA:165,20,1,11
BRDA:166,21,0,11
BRDA:166,21,1,0
BRDA:169,22,0,0
BRDA:169,22,1,0
BRDA:173,23,0,11
BRDA:173,23,1,0
BRDA:181,24,0,10
BRDA:181,24,1,0
BRDA:182,25,0,1
BRDA:182,26,0,10
BRDA:182,26,1,10
BRDA:187,27,0,1
BRDA:198,28,0,8
BRDA:198,28,1,8
BRDA:200,29,0,8
BRDA:200,29,1,2
BRDA:219,30,0,0
BRDA:219,30,1,0
BRDA:220,31,0,0
BRDA:220,31,1,0
BRDA:222,32,0,0
BRDA:222,32,1,0
BRDA:224,33,0,0
BRDA:224,34,0,0
BRDA:224,34,1,0
BRDA:244,35,0,11
BRDA:244,35,1,0
BRDA:246,36,0,9
BRDA:246,36,1,0
BRDA:252,37,0,0
BRDA:252,37,1,11
BRDA:256,38,0,6
BRDA:256,38,1,5
BRDA:257,39,0,6
BRDA:257,39,1,6
BRDA:261,40,0,8
BRDA:261,40,1,3
BRDA:263,41,0,8
BRDA:263,41,1,8
BRDA:285,42,0,9
BRDA:285,42,1,0
BRDA:334,43,0,0
BRDA:338,44,0,0
BRDA:338,44,1,11
BRDA:342,45,0,11
BRDA:342,45,1,0
BRDA:346,46,0,6
BRDA:346,47,0,11
BRDA:346,47,1,6
BRDA:349,48,0,3
BRDA:349,48,1,3
BRDA:350,49,0,3
BRDA:350,49,1,0
BRDA:350,50,0,0
BRDA:350,50,1,0
BRDA:351,51,0,1
BRDA:351,51,1,0
BRDA:351,52,0,1
BRDA:351,52,1,0
BRDA:351,53,0,0
BRDA:351,53,1,0
BRDA:353,54,0,4
BRDA:354,55,0,3
BRDA:354,55,1,1
BRDA:370,56,0,8
BRDA:370,56,1,2
BRDA:370,57,0,10
BRDA:370,57,1,3
BRDA:370,57,2,2
BRDA:370,57,3,8
BRDA:372,58,0,1
BRDA:372,58,1,7
BRDA:373,59,0,0
BRDA:373,59,1,7
BRDA:374,60,0,7
BRDA:374,60,1,0
BRDA:374,61,0,7
BRDA:374,61,1,7
BRDA:374,62,0,0
BRDA:374,62,1,0
BRDA:380,63,0,8
BRDA:380,63,1,4
BRDA:380,63,2,0
BRDA:382,64,0,8
BRDA:382,64,1,7
BRDA:388,65,0,7
BRDA:388,65,1,1
BRDA:395,66,0,2
BRDA:395,67,0,2
BRDA:395,67,1,2
BRDA:397,68,0,0
BRDA:397,68,1,0
BRDA:403,69,0,2
BRDA:403,69,1,0
BRDA:404,70,0,2
BRDA:404,70,1,1
BRDA:410,71,0,0
BRDA:410,71,1,2
BRDA:423,72,0,8
BRDA:423,73,0,10
BRDA:423,73,1,8
BRDA:425,74,0,0
BRDA:427,75,0,0
BRDA:427,75,1,0
BRDA:427,76,0,0
BRDA:427,76,1,0
BRDA:429,77,0,0
BRDA:433,78,0,0
BRDA:433,78,1,0
BRDA:435,79,0,0
BRDA:435,79,1,0
BRDA:436,80,0,0
BRDA:436,80,1,0
BRDA:437,81,0,0
BRDA:437,81,1,0
BRDA:445,82,0,0
BRDA:445,83,0,0
BRDA:445,83,1,0
BRDA:445,83,2,0
BRDA:445,83,3,0
BRDA:445,83,4,0
BRDA:446,84,0,0
BRDA:446,84,1,0
BRDA:447,85,0,0
BRDA:448,86,0,0
BRDA:448,86,1,0
BRDA:449,87,0,0
BRDA:449,87,1,0
BRDA:450,88,0,0
BRDA:450,88,1,0
BRDA:455,89,0,0
BRDA:455,89,1,0
BRDA:456,90,0,0
BRDA:456,90,1,0
BRDA:457,91,0,0
BRDA:457,91,1,0
BRF:171
BRH:83
end_of_record
TN:
SF:src\agents\MilestoneAgent.ts
FN:8,(anonymous_0)
FN:12,(anonymous_1)
FNF:2
FNH:0
FNDA:0,(anonymous_0)
FNDA:0,(anonymous_1)
DA:1,0
DA:3,0
DA:4,0
DA:7,0
DA:9,0
DA:13,0
DA:15,0
DA:55,0
DA:56,0
DA:58,0
DA:59,0
DA:60,0
DA:61,0
DA:62,0
DA:66,0
DA:70,0
LF:16
LH:0
BRDA:56,0,0,0
BRDA:56,0,1,0
BRDA:60,1,0,0
BRF:3
BRH:0
end_of_record
TN:
SF:src\agents\ReflectionAgent.ts
FN:8,(anonymous_0)
FN:12,(anonymous_1)
FN:34,(anonymous_2)
FN:38,(anonymous_3)
FN:43,(anonymous_4)
FNF:5
FNH:0
FNDA:0,(anonymous_0)
FNDA:0,(anonymous_1)
FNDA:0,(anonymous_2)
FNDA:0,(anonymous_3)
FNDA:0,(anonymous_4)
DA:1,0
DA:3,0
DA:4,0
DA:5,0
DA:7,0
DA:9,0
DA:13,0
DA:15,0
DA:16,0
DA:17,0
DA:18,0
DA:21,0
DA:27,0
DA:28,0
DA:29,0
DA:33,0
DA:34,0
DA:36,0
DA:37,0
DA:38,0
DA:41,0
DA:42,0
DA:43,0
DA:46,0
DA:69,0
DA:72,0
DA:84,0
DA:86,0
DA:90,0
LF:29
LH:0
BRDA:27,0,0,0
BRDA:27,1,0,0
BRDA:27,1,1,0
BRDA:36,2,0,0
BRDA:36,3,0,0
BRDA:36,3,1,0
BRDA:41,4,0,0
BRDA:41,5,0,0
BRDA:41,5,1,0
BRF:9
BRH:0
end_of_record
TN:
SF:src\agents\SemanticAgent.ts
FN:8,(anonymous_0)
FN:12,(anonymous_1)
FNF:2
FNH:0
FNDA:0,(anonymous_0)
FNDA:0,(anonymous_1)
DA:1,0
DA:3,0
DA:4,0
DA:7,0
DA:9,0
DA:13,0
DA:15,0
DA:57,0
DA:58,0
DA:60,0
DA:61,0
DA:62,0
DA:63,0
DA:64,0
DA:68,0
DA:72,0
LF:16
LH:0
BRDA:58,0,0,0
BRDA:58,0,1,0
BRDA:62,1,0,0
BRF:3
BRH:0
end_of_record
TN:
SF:src\agents\ShortTermMemoryAgent.ts
FN:18,(anonymous_0)
FN:22,(anonymous_1)
FN:157,(anonymous_2)
FNF:3
FNH:0
FNDA:0,(anonymous_0)
FNDA:0,(anonymous_1)
FNDA:0,(anonymous_2)
DA:1,0
DA:3,0
DA:4,0
DA:17,0
DA:19,0
DA:23,0
DA:25,0
DA:88,0
DA:89,0
DA:91,0
DA:92,0
DA:94,0
DA:95,0
DA:97,0
DA:99,0
DA:106,0
DA:108,0
DA:109,0
DA:110,0
DA:118,0
DA:121,0
DA:135,0
DA:140,0
DA:145,0
DA:146,0
DA:148,0
DA:156,0
DA:157,0
DA:158,0
DA:165,0
DA:166,0
DA:168,0
DA:172,0
LF:33
LH:0
BRDA:75,0,0,0
BRDA:75,0,1,0
BRDA:81,1,0,0
BRDA:81,1,1,0
BRDA:89,2,0,0
BRDA:89,2,1,0
BRDA:95,3,0,0
BRDA:95,4,0,0
BRDA:95,4,1,0
BRDA:97,5,0,0
BRDA:97,5,1,0
BRDA:106,6,0,0
BRDA:106,6,1,0
BRDA:108,7,0,0
BRDA:108,7,1,0
BRDA:109,8,0,0
BRDA:109,8,1,0
BRDA:126,9,0,0
BRDA:126,9,1,0
BRDA:129,10,0,0
BRDA:129,10,1,0
BRDA:145,11,0,0
BRDA:145,12,0,0
BRDA:145,12,1,0
BRDA:156,13,0,0
BRDA:156,14,0,0
BRDA:156,14,1,0
BRDA:165,15,0,0
BRDA:166,16,0,0
BRF:29
BRH:0
end_of_record
TN:
SF:src\agents\SubconsciousAgent.ts
FN:17,(anonymous_0)
FN:25,(anonymous_1)
FN:29,(anonymous_2)
FN:32,(anonymous_3)
FN:92,(anonymous_4)
FNF:5
FNH:4
FNDA:2,(anonymous_0)
FNDA:1,(anonymous_1)
FNDA:2,(anonymous_2)
FNDA:1,(anonymous_3)
FNDA:0,(anonymous_4)
DA:1,1
DA:3,1
DA:4,1
DA:5,1
DA:6,1
DA:7,1
DA:9,1
DA:17,2
DA:24,1
DA:26,1
DA:30,2
DA:31,2
DA:32,1
DA:33,1
DA:34,1
DA:37,1
DA:38,1
DA:40,1
DA:41,1
DA:63,1
DA:71,1
DA:72,0
DA:75,1
DA:76,1
DA:77,1
DA:78,1
DA:81,1
DA:82,1
DA:83,0
DA:86,1
DA:87,1
DA:93,0
DA:97,1
DA:99,0
DA:100,0
DA:105,1
LF:36
LH:31
BRDA:17,0,0,2
BRDA:17,0,1,0
BRDA:31,1,0,1
BRDA:38,2,0,1
BRDA:38,2,1,0
BRDA:38,2,2,0
BRDA:71,3,0,0
BRDA:77,4,0,1
BRDA:82,5,0,0
BRDA:86,6,0,1
BRDA:99,7,0,0
BRDA:99,7,1,0
BRF:12
BRH:5
end_of_record
TN:
SF:src\agents\WorkingMemoryAgent.ts
FN:8,(anonymous_0)
FN:12,(anonymous_1)
FN:47,(anonymous_2)
FNF:3
FNH:0
FNDA:0,(anonymous_0)
FNDA:0,(anonymous_1)
FNDA:0,(anonymous_2)
DA:1,0
DA:3,0
DA:4,0
DA:7,0
DA:9,0
DA:13,0
DA:15,0
DA:43,0
DA:44,0
DA:46,0
DA:47,0
DA:48,0
DA:49,0
DA:50,0
DA:57,0
DA:60,0
DA:64,0
LF:17
LH:0
BRDA:44,0,0,0
BRDA:44,0,1,0
BRDA:46,1,0,0
BRDA:49,2,0,0
BRDA:49,2,1,0
BRF:5
BRH:0
end_of_record
TN:
SF:src\config\index.ts
FN:13,optionalEnv
FN:67,(anonymous_2)
FNF:2
FNH:2
FNDA:506,optionalEnv
FNDA:22,(anonymous_2)
DA:7,11
DA:10,11
DA:14,506
DA:15,506
DA:19,506
DA:20,506
DA:21,0
DA:23,506
DA:26,11
DA:67,22
LF:10
LH:9
BRDA:15,0,0,220
BRDA:15,0,1,286
BRDA:15,1,0,506
BRDA:15,1,1,220
BRDA:20,2,0,0
BRDA:20,3,0,506
BRDA:20,3,1,506
BRDA:20,3,2,506
BRDA:20,3,3,506
BRF:9
BRH:8
end_of_record
TN:
SF:src\lib\cache.ts
FN:19,(anonymous_0)
FN:34,(anonymous_1)
FN:45,(anonymous_2)
FN:53,(anonymous_3)
FN:69,(anonymous_4)
FN:83,(anonymous_5)
FNF:6
FNH:2
FNDA:7,(anonymous_0)
FNDA:6,(anonymous_1)
FNDA:0,(anonymous_2)
FNDA:0,(anonymous_3)
FNDA:0,(anonymous_4)
FNDA:0,(anonymous_5)
DA:6,2
DA:15,2
DA:16,2
DA:17,2
DA:20,7
DA:21,7
DA:22,7
DA:23,7
DA:25,0
DA:26,0
DA:27,0
DA:28,0
DA:30,0
DA:31,0
DA:35,6
DA:46,0
DA:54,0
DA:55,0
DA:56,0
DA:57,0
DA:58,0
DA:61,0
DA:62,0
DA:70,0
DA:71,0
DA:84,0
DA:85,0
DA:86,0
DA:91,2
DA:94,2
DA:103,2
LF:31
LH:12
BRDA:21,0,0,7
BRDA:25,1,0,0
BRDA:34,2,0,0
BRDA:56,3,0,0
BRDA:61,4,0,0
BRDA:75,5,0,0
BRDA:75,5,1,0
BRDA:76,6,0,0
BRDA:76,6,1,0
BRF:9
BRH:1
end_of_record
TN:
SF:src\lib\cognitiveEventBus.ts
FN:40,(anonymous_0)
FNF:1
FNH:0
FNDA:0,(anonymous_0)
DA:10,0
DA:42,0
DA:53,0
LF:3
LH:0
BRF:0
BRH:0
end_of_record
TN:
SF:src\lib\cognitiveRouter.ts
FN:90,resolveProvider
FN:107,classifyError
FN:125,(anonymous_2)
FN:238,(anonymous_3)
FN:291,(anonymous_4)
FN:307,(anonymous_5)
FNF:6
FNH:5
FNDA:18,resolveProvider
FNDA:4,classifyError
FNDA:9,(anonymous_2)
FNDA:0,(anonymous_3)
FNDA:9,(anonymous_4)
FNDA:1,(anonymous_5)
DA:23,2
DA:24,2
DA:25,2
DA:30,2
DA:52,2
DA:91,18
DA:103,18
DA:104,18
DA:108,4
DA:109,4
DA:110,4
DA:111,2
DA:112,2
DA:113,2
DA:114,2
DA:130,9
DA:131,9
DA:132,9
DA:134,9
DA:144,9
DA:147,9
DA:150,9
DA:152,9
DA:154,6
DA:155,6
DA:159,6
DA:163,6
DA:165,6
DA:172,6
DA:176,3
DA:181,3
DA:184,5
DA:185,5
DA:186,5
DA:187,5
DA:190,4
DA:191,4
DA:196,4
DA:197,4
DA:203,4
DA:204,4
DA:209,4
DA:211,3
DA:212,3
DA:213,3
DA:214,3
DA:215,3
DA:216,3
DA:218,1
DA:219,1
DA:223,1
DA:224,1
DA:229,0
DA:230,0
DA:243,0
DA:244,0
DA:245,0
DA:247,0
DA:248,0
DA:251,0
DA:256,0
DA:257,0
DA:259,0
DA:260,0
DA:261,0
DA:262,0
DA:263,0
DA:265,0
DA:266,0
DA:269,0
DA:271,0
DA:272,0
DA:280,0
DA:281,0
DA:282,0
DA:284,0
DA:292,9
DA:293,9
DA:308,1
DA:325,2
LF:80
LH:56
BRDA:104,0,0,18
BRDA:104,0,1,0
BRDA:104,1,0,18
BRDA:104,1,1,9
BRDA:108,2,0,4
BRDA:108,2,1,0
BRDA:109,3,0,4
BRDA:109,3,1,4
BRDA:109,3,2,4
BRDA:110,4,0,2
BRDA:110,5,0,4
BRDA:110,5,1,4
BRDA:110,5,2,2
BRDA:110,5,3,2
BRDA:111,6,0,0
BRDA:111,7,0,2
BRDA:111,7,1,2
BRDA:111,7,2,2
BRDA:112,8,0,0
BRDA:112,9,0,2
BRDA:112,9,1,2
BRDA:113,10,0,0
BRDA:113,11,0,2
BRDA:113,11,1,2
BRDA:128,12,0,6
BRDA:137,13,0,6
BRDA:137,13,1,3
BRDA:144,14,0,9
BRDA:144,14,1,8
BRDA:145,15,0,4
BRDA:145,15,1,4
BRDA:152,16,0,6
BRDA:152,16,1,3
BRDA:159,17,0,5
BRDA:159,17,1,1
BRDA:172,18,0,1
BRDA:172,18,1,5
BRDA:179,19,0,1
BRDA:179,19,1,2
BRDA:196,20,0,4
BRDA:207,21,0,0
BRDA:207,21,1,4
BRDA:241,22,0,0
BRDA:247,23,0,0
BRDA:248,24,0,0
BRDA:248,24,1,0
BRDA:249,25,0,0
BRDA:249,25,1,0
BRDA:265,26,0,0
BRDA:271,27,0,0
BRDA:292,28,0,8
BRDA:292,28,1,1
BRF:52
BRH:38
end_of_record
TN:
SF:src\lib\doubtFingerprint.ts
FN:17,generateDoubtFingerprint
FN:24,(anonymous_1)
FNF:2
FNH:2
FNDA:16,generateDoubtFingerprint
FNDA:11,(anonymous_1)
DA:14,1
DA:17,1
DA:23,16
DA:24,11
DA:28,16
DA:30,16
DA:37,16
LF:7
LH:7
BRDA:20,0,0,0
BRDA:28,1,0,16
BRDA:28,1,1,2
BRF:3
BRH:2
end_of_record
TN:
SF:src\lib\encryption.ts
FN:6,getEncryptionKey
FN:19,encrypt
FN:35,decrypt
FNF:3
FNH:0
FNDA:0,getEncryptionKey
FNDA:0,encrypt
FNDA:0,decrypt
DA:1,0
DA:3,0
DA:4,0
DA:7,0
DA:8,0
DA:10,0
DA:11,0
DA:13,0
DA:19,0
DA:20,0
DA:21,0
DA:22,0
DA:24,0
DA:25,0
DA:27,0
DA:29,0
DA:35,0
DA:36,0
DA:37,0
DA:38,0
DA:41,0
DA:42,0
DA:43,0
DA:45,0
DA:46,0
DA:47,0
DA:49,0
DA:50,0
DA:52,0
LF:29
LH:0
BRDA:8,0,0,0
BRDA:8,1,0,0
BRDA:8,1,1,0
BRDA:37,2,0,0
BRF:4
BRH:0
end_of_record
TN:
SF:src\lib\gemini.ts
FN:40,(anonymous_0)
FN:47,(anonymous_1)
FN:53,withGeminiTimeout
FN:54,(anonymous_3)
FN:55,(anonymous_4)
FN:57,(anonymous_5)
FN:58,(anonymous_6)
FN:99,(anonymous_7)
FN:107,(anonymous_8)
FN:122,(anonymous_9)
FN:130,(anonymous_10)
FN:139,(anonymous_11)
FN:220,(anonymous_12)
FN:244,(anonymous_13)
FN:247,(anonymous_14)
FN:267,toGeminiHistory
FN:269,(anonymous_16)
FN:270,(anonymous_17)
FN:276,extractSystem
FN:278,(anonymous_19)
FN:279,(anonymous_20)
FN:289,geminiComplete
FN:307,(anonymous_22)
FN:325,(anonymous_23)
FN:333,(anonymous_24)
FN:339,(anonymous_25)
FN:356,geminiBenchmarkComplete
FN:367,geminiCompleteJSON
FN:378,geminiStream
FN:404,(anonymous_29)
FN:417,(anonymous_30)
FN:426,(anonymous_31)
FN:433,(anonymous_32)
FN:443,(anonymous_33)
FN:459,getGeminiStatus
FNF:35
FNH:4
FNDA:0,(anonymous_0)
FNDA:0,(anonymous_1)
FNDA:0,withGeminiTimeout
FNDA:0,(anonymous_3)
FNDA:0,(anonymous_4)
FNDA:0,(anonymous_5)
FNDA:0,(anonymous_6)
FNDA:11,(anonymous_7)
FNDA:44,(anonymous_8)
FNDA:0,(anonymous_9)
FNDA:0,(anonymous_10)
FNDA:8,(anonymous_11)
FNDA:8,(anonymous_12)
FNDA:0,(anonymous_13)
FNDA:0,(anonymous_14)
FNDA:0,toGeminiHistory
FNDA:0,(anonymous_16)
FNDA:0,(anonymous_17)
FNDA:0,extractSystem
FNDA:0,(anonymous_19)
FNDA:0,(anonymous_20)
FNDA:0,geminiComplete
FNDA:0,(anonymous_22)
FNDA:0,(anonymous_23)
FNDA:0,(anonymous_24)
FNDA:0,(anonymous_25)
FNDA:0,geminiBenchmarkComplete
FNDA:0,geminiCompleteJSON
FNDA:0,geminiStream
FNDA:0,(anonymous_29)
FNDA:0,(anonymous_30)
FNDA:0,(anonymous_31)
FNDA:0,(anonymous_32)
FNDA:0,(anonymous_33)
FNDA:0,getGeminiStatus
DA:22,1
DA:23,1
DA:24,1
DA:26,1
DA:32,1
DA:39,1
DA:41,0
DA:42,0
DA:46,1
DA:48,0
DA:49,0
DA:54,0
DA:55,0
DA:56,0
DA:57,0
DA:58,0
DA:93,1
DA:94,11
DA:96,1
DA:97,1
DA:100,11
DA:107,11
DA:108,44
DA:109,44
DA:119,11
DA:123,0
DA:124,0
DA:125,0
DA:127,0
DA:130,0
DA:145,8
DA:148,8
DA:149,0
DA:150,0
DA:151,0
DA:153,0
DA:154,0
DA:156,0
DA:158,0
DA:159,0
DA:160,0
DA:161,0
DA:162,0
DA:164,0
DA:165,0
DA:170,8
DA:171,8
DA:173,8
DA:174,18
DA:175,18
DA:177,18
DA:179,18
DA:180,2
DA:181,2
DA:185,16
DA:186,16
DA:187,1
DA:188,1
DA:194,15
DA:198,15
DA:199,15
DA:200,7
DA:201,7
DA:202,7
DA:204,8
DA:205,8
DA:206,8
DA:207,8
DA:209,8
DA:214,1
DA:215,0
DA:217,1
DA:221,8
DA:222,8
DA:224,8
DA:225,8
DA:227,8
DA:228,6
DA:229,6
DA:230,6
DA:231,6
DA:233,2
DA:234,2
DA:245,0
DA:246,0
DA:247,0
DA:248,0
DA:251,0
DA:259,1
DA:268,0
DA:269,0
DA:270,0
DA:277,0
DA:278,0
DA:279,0
DA:289,1
DA:293,0
DA:294,0
DA:295,0
DA:297,0
DA:298,0
DA:302,0
DA:303,0
DA:305,0
DA:307,0
DA:308,0
DA:309,0
DA:321,0
DA:325,0
DA:326,0
DA:329,0
DA:332,0
DA:333,0
DA:339,0
DA:340,0
DA:343,0
DA:346,0
DA:347,0
DA:349,0
DA:356,1
DA:360,0
DA:367,1
DA:371,0
DA:378,1
DA:382,0
DA:383,0
DA:384,0
DA:386,0
DA:387,0
DA:390,0
DA:391,0
DA:392,0
DA:396,0
DA:397,0
DA:401,0
DA:402,0
DA:404,0
DA:405,0
DA:415,0
DA:416,0
DA:417,0
DA:420,0
DA:421,0
DA:422,0
DA:425,0
DA:426,0
DA:432,0
DA:433,0
DA:437,0
DA:438,0
DA:439,0
DA:442,0
DA:444,0
DA:447,0
DA:448,0
DA:451,0
DA:452,0
DA:459,1
DA:460,0
LF:159
LH:61
BRDA:53,0,0,0
BRDA:100,1,0,11
BRDA:100,1,1,1
BRDA:108,2,0,44
BRDA:108,3,0,44
BRDA:108,3,1,44
BRDA:125,4,0,0
BRDA:143,5,0,8
BRDA:148,6,0,0
BRDA:150,7,0,0
BRDA:153,8,0,0
BRDA:156,9,0,0
BRDA:156,9,1,0
BRDA:175,10,0,0
BRDA:179,11,0,2
BRDA:185,12,0,2
BRDA:185,12,1,14
BRDA:186,13,0,1
BRDA:194,14,0,1
BRDA:194,14,1,14
BRDA:205,15,0,8
BRDA:205,15,1,1
BRDA:205,15,2,1
BRDA:206,16,0,8
BRDA:206,16,1,8
BRDA:206,16,2,8
BRDA:207,17,0,0
BRDA:214,18,0,0
BRDA:221,19,0,8
BRDA:221,19,1,1
BRDA:221,19,2,1
BRDA:222,20,0,8
BRDA:222,20,1,0
BRDA:224,21,0,8
BRDA:224,21,1,5
BRDA:224,21,2,5
BRDA:224,21,3,5
BRDA:225,22,0,8
BRDA:225,22,1,5
BRDA:225,22,2,5
BRDA:227,23,0,6
BRDA:227,23,1,2
BRDA:227,24,0,8
BRDA:227,24,1,5
BRDA:228,25,0,3
BRDA:228,25,1,3
BRDA:248,26,0,0
BRDA:248,26,1,0
BRDA:271,27,0,0
BRDA:271,27,1,0
BRDA:291,28,0,0
BRDA:293,29,0,0
BRDA:293,29,1,0
BRDA:297,30,0,0
BRDA:305,31,0,0
BRDA:305,31,1,0
BRDA:305,32,0,0
BRDA:305,32,1,0
BRDA:311,33,0,0
BRDA:311,33,1,0
BRDA:315,34,0,0
BRDA:315,34,1,0
BRDA:316,35,0,0
BRDA:316,35,1,0
BRDA:317,36,0,0
BRDA:317,36,1,0
BRDA:321,37,0,0
BRDA:321,37,1,0
BRDA:346,38,0,0
BRDA:346,39,0,0
BRDA:346,39,1,0
BRDA:358,40,0,0
BRDA:369,41,0,0
BRDA:380,42,0,0
BRDA:382,43,0,0
BRDA:382,43,1,0
BRDA:386,44,0,0
BRDA:392,45,0,0
BRDA:392,45,1,0
BRDA:396,46,0,0
BRDA:407,47,0,0
BRDA:407,47,1,0
BRDA:410,48,0,0
BRDA:410,48,1,0
BRDA:411,49,0,0
BRDA:411,49,1,0
BRDA:415,50,0,0
BRDA:415,50,1,0
BRDA:422,51,0,0
BRDA:439,52,0,0
BRDA:447,53,0,0
BRF:91
BRH:35
end_of_record
TN:
SF:src\lib\geminiPool.ts
FN:7,(anonymous_0)
FN:14,(anonymous_1)
FN:24,(anonymous_2)
FN:24,(anonymous_3)
FN:25,(anonymous_4)
FN:40,(anonymous_5)
FN:48,(anonymous_6)
FNF:7
FNH:0
FNDA:0,(anonymous_0)
FNDA:0,(anonymous_1)
FNDA:0,(anonymous_2)
FNDA:0,(anonymous_3)
FNDA:0,(anonymous_4)
FNDA:0,(anonymous_5)
FNDA:0,(anonymous_6)
DA:1,0
DA:3,0
DA:4,0
DA:5,0
DA:8,0
DA:15,0
DA:18,0
DA:19,0
DA:23,0
DA:24,0
DA:25,0
DA:28,0
DA:29,0
DA:30,0
DA:32,0
DA:41,0
DA:43,0
DA:44,0
DA:45,0
DA:49,0
DA:53,0
LF:21
LH:0
BRDA:18,0,0,0
BRDA:23,1,0,0
BRDA:29,2,0,0
BRDA:29,2,1,0
BRDA:41,3,0,0
BRF:5
BRH:0
end_of_record
TN:
SF:src\lib\guardianFingerprint.ts
FN:21,generateAnomalyFingerprint
FNF:1
FNH:1
FNDA:24,generateAnomalyFingerprint
DA:10,6
DA:21,6
DA:27,24
DA:28,24
DA:29,24
DA:30,24
DA:32,24
DA:33,24
LF:8
LH:8
BRDA:27,0,0,24
BRDA:27,0,1,0
BRDA:29,1,0,24
BRDA:29,1,1,0
BRDA:30,2,0,24
BRDA:30,2,1,0
BRF:6
BRH:3
end_of_record
TN:
SF:src\lib\lifeThreadKeySchema.ts
FN:129,toSnakeCase
FN:140,canonicalizeLifeThreadKey
FN:194,(anonymous_2)
FN:239,isSameCanonicalThread
FNF:4
FNH:4
FNDA:84,toSnakeCase
FNDA:46,canonicalizeLifeThreadKey
FNDA:102,(anonymous_2)
FNDA:4,isSameCanonicalThread
DA:43,2
DA:87,2
DA:99,2
DA:114,2
DA:130,84
DA:140,2
DA:141,46
DA:142,46
DA:145,46
DA:148,46
DA:149,343
DA:150,4
DA:151,4
DA:152,4
DA:157,46
DA:158,4
DA:163,46
DA:164,347
DA:165,4
DA:167,4
DA:168,4
DA:173,46
DA:174,46
DA:175,8
DA:179,8
DA:187,38
DA:194,102
DA:196,38
DA:200,38
DA:201,0
DA:205,38
DA:206,0
DA:210,38
DA:211,4
DA:214,38
DA:217,38
DA:218,0
DA:222,38
DA:226,38
DA:228,38
DA:239,2
DA:240,4
DA:241,4
DA:242,4
LF:44
LH:41
BRDA:141,0,0,46
BRDA:141,0,1,0
BRDA:141,1,0,46
BRDA:141,1,1,36
BRDA:142,2,0,46
BRDA:142,2,1,0
BRDA:149,3,0,4
BRDA:157,4,0,4
BRDA:164,5,0,4
BRDA:164,6,0,347
BRDA:164,6,1,343
BRDA:164,6,2,80
BRDA:164,6,3,0
BRDA:173,7,0,46
BRDA:173,7,1,0
BRDA:174,8,0,8
BRDA:175,9,0,0
BRDA:175,9,1,8
BRDA:182,10,0,8
BRDA:182,10,1,0
BRDA:196,11,0,38
BRDA:196,11,1,0
BRDA:200,12,0,0
BRDA:201,13,0,0
BRDA:201,13,1,0
BRDA:205,14,0,0
BRDA:210,15,0,4
BRDA:211,16,0,0
BRDA:211,16,1,4
BRDA:217,17,0,0
BRDA:222,18,0,4
BRDA:222,18,1,34
BRDA:226,19,0,38
BRDA:226,19,1,0
BRDA:226,20,0,38
BRDA:226,20,1,0
BRF:36
BRH:21
end_of_record
TN:
SF:src\lib\logger.ts
FN:24,(anonymous_1)
FN:51,hashUserId
FNF:2
FNH:1
FNDA:37,(anonymous_1)
FNDA:0,hashUserId
DA:13,8
DA:14,8
DA:15,8
DA:17,8
DA:20,8
DA:25,37
DA:26,37
DA:31,8
DA:37,8
DA:51,8
DA:52,0
LF:11
LH:10
BRDA:25,0,0,29
BRDA:25,0,1,8
BRDA:38,1,0,0
BRDA:38,1,1,8
BRDA:39,2,0,0
BRDA:39,2,1,8
BRF:6
BRH:4
end_of_record
TN:
SF:src\lib\memoryFilters.ts
FN:64,isGarbageMemoryValue
FN:94,filterGarbageWorkingMemories
FN:98,(anonymous_2)
FNF:3
FNH:3
FNDA:32,isGarbageMemoryValue
FNDA:3,filterGarbageWorkingMemories
FNDA:4,(anonymous_2)
DA:11,9
DA:16,9
DA:45,9
DA:54,9
DA:64,9
DA:65,32
DA:66,32
DA:68,32
DA:69,0
DA:70,0
DA:73,32
DA:74,145
DA:75,6
DA:76,6
DA:80,26
DA:81,288
DA:82,11
DA:83,11
DA:87,15
DA:94,9
DA:98,3
DA:99,4
DA:100,2
LF:23
LH:21
BRDA:65,0,0,32
BRDA:65,0,1,0
BRDA:66,1,0,32
BRDA:66,1,1,0
BRDA:68,2,0,0
BRDA:74,3,0,6
BRDA:81,4,0,11
BRDA:99,5,0,2
BRF:8
BRH:5
end_of_record
TN:
SF:src\lib\memoryKeySchema.ts
FN:139,canonicalizeKey
FN:161,isAliasKey
FN:171,sameCanonicalConcept
FNF:3
FNH:3
FNDA:64,canonicalizeKey
FNDA:4,isAliasKey
FNDA:4,sameCanonicalConcept
DA:19,9
DA:115,9
DA:117,9
DA:118,180
DA:119,1089
DA:122,180
DA:126,9
DA:139,9
DA:140,64
DA:141,64
DA:143,64
DA:144,25
DA:151,39
DA:161,9
DA:162,4
DA:163,4
DA:164,4
DA:171,9
DA:172,4
DA:173,4
DA:174,4
DA:180,9
LF:22
LH:22
BRDA:143,0,0,25
BRDA:164,1,0,4
BRDA:164,1,1,4
BRDA:172,2,0,4
BRDA:172,2,1,0
BRDA:173,3,0,4
BRDA:173,3,1,0
BRF:7
BRH:5
end_of_record
TN:
SF:src\lib\nvidia.ts
FN:39,(anonymous_1)
FN:47,(anonymous_2)
FN:57,(anonymous_3)
FN:62,(anonymous_4)
FN:71,(anonymous_5)
FN:77,withTimeout
FN:79,(anonymous_7)
FN:82,(anonymous_8)
FN:83,(anonymous_9)
FN:127,getMockResponse
FN:131,(anonymous_11)
FN:132,(anonymous_12)
FN:171,(anonymous_13)
FN:176,(anonymous_14)
FN:187,(anonymous_15)
FN:189,(anonymous_16)
FN:199,(anonymous_17)
FN:209,(anonymous_18)
FN:243,(anonymous_19)
FN:281,(anonymous_20)
FN:286,(anonymous_21)
FN:325,(anonymous_22)
FN:343,(anonymous_23)
FN:414,determineUserProfile
FN:440,resolveRoutingProfile
FN:460,getNvidiaRoutingStatus
FN:473,getRegion
FN:477,getFallback
FN:483,buildPayload
FN:510,executeWithFailover
FN:516,(anonymous_31)
FN:517,(anonymous_32)
FN:555,complete
FN:578,chatCompletion
FN:591,chatCompletionBackground
FN:603,chatCompletionLearning
FN:615,chatCompletionMemory
FN:628,chatCompletionDeep
FN:639,chatCompletionStream
FN:646,stream
FN:665,(anonymous_41)
FN:672,(anonymous_42)
FN:708,canRunNvidia
FN:724,reserveNvidiaCapacity
FN:730,releaseNvidiaCapacity
FNF:45
FNH:8
FNDA:5,(anonymous_1)
FNDA:0,(anonymous_2)
FNDA:0,(anonymous_3)
FNDA:0,(anonymous_4)
FNDA:0,(anonymous_5)
FNDA:0,withTimeout
FNDA:0,(anonymous_7)
FNDA:0,(anonymous_8)
FNDA:0,(anonymous_9)
FNDA:0,getMockResponse
FNDA:0,(anonymous_11)
FNDA:0,(anonymous_12)
FNDA:5,(anonymous_13)
FNDA:5,(anonymous_14)
FNDA:5,(anonymous_15)
FNDA:0,(anonymous_16)
FNDA:0,(anonymous_17)
FNDA:0,(anonymous_18)
FNDA:0,(anonymous_19)
FNDA:0,(anonymous_20)
FNDA:0,(anonymous_21)
FNDA:1,(anonymous_22)
FNDA:15,(anonymous_23)
FNDA:3,determineUserProfile
FNDA:6,resolveRoutingProfile
FNDA:0,getNvidiaRoutingStatus
FNDA:0,getRegion
FNDA:0,getFallback
FNDA:0,buildPayload
FNDA:0,executeWithFailover
FNDA:0,(anonymous_31)
FNDA:0,(anonymous_32)
FNDA:0,complete
FNDA:0,chatCompletion
FNDA:0,chatCompletionBackground
FNDA:0,chatCompletionLearning
FNDA:0,chatCompletionMemory
FNDA:0,chatCompletionDeep
FNDA:0,chatCompletionStream
FNDA:0,stream
FNDA:0,(anonymous_41)
FNDA:0,(anonymous_42)
FNDA:0,canRunNvidia
FNDA:0,reserveNvidiaCapacity
FNDA:0,releaseNvidiaCapacity
DA:23,1
DA:24,1
DA:25,1
DA:27,1
DA:40,5
DA:41,5
DA:42,5
DA:43,5
DA:48,0
DA:49,0
DA:50,0
DA:51,0
DA:53,0
DA:58,0
DA:59,0
DA:63,0
DA:64,0
DA:65,0
DA:66,0
DA:70,1
DA:72,0
DA:73,0
DA:78,0
DA:79,0
DA:81,0
DA:82,0
DA:84,0
DA:85,0
DA:86,0
DA:88,0
DA:93,1
DA:131,0
DA:132,0
DA:133,0
DA:135,0
DA:136,0
DA:143,0
DA:144,0
DA:147,0
DA:156,5
DA:157,5
DA:161,5
DA:162,1
DA:163,1
DA:164,1
DA:166,1
DA:168,5
DA:169,5
DA:172,5
DA:173,5
DA:174,0
DA:176,5
DA:183,5
DA:184,5
DA:187,5
DA:190,0
DA:191,0
DA:192,0
DA:193,0
DA:196,0
DA:200,0
DA:210,0
DA:211,0
DA:212,0
DA:213,0
DA:214,0
DA:217,0
DA:218,0
DA:219,0
DA:221,0
DA:223,0
DA:224,0
DA:227,0
DA:228,0
DA:229,0
DA:232,0
DA:236,0
DA:237,0
DA:238,0
DA:241,0
DA:242,0
DA:243,0
DA:245,0
DA:246,0
DA:248,0
DA:249,0
DA:250,0
DA:252,0
DA:254,0
DA:259,0
DA:269,0
DA:270,0
DA:271,0
DA:272,0
DA:273,0
DA:275,0
DA:277,0
DA:282,0
DA:283,0
DA:287,0
DA:288,0
DA:291,0
DA:292,0
DA:293,0
DA:295,0
DA:297,0
DA:327,1
DA:343,15
DA:345,1
DA:346,1
DA:348,1
DA:352,0
DA:353,0
DA:354,0
DA:355,0
DA:356,0
DA:358,0
DA:359,0
DA:360,0
DA:361,0
DA:362,0
DA:364,1
DA:368,0
DA:369,0
DA:370,0
DA:371,0
DA:372,0
DA:375,0
DA:377,1
DA:378,0
DA:379,0
DA:380,0
DA:381,0
DA:382,0
DA:383,1
DA:384,0
DA:385,0
DA:386,0
DA:387,0
DA:388,0
DA:391,1
DA:392,1
DA:393,1
DA:394,1
DA:395,1
DA:396,1
DA:399,1
DA:411,1
DA:414,1
DA:415,3
DA:416,3
DA:417,3
DA:420,3
DA:421,1
DA:424,2
DA:425,2
DA:426,2
DA:427,2
DA:428,2
DA:432,2
DA:433,2
DA:435,2
DA:440,1
DA:441,6
DA:443,1
DA:445,1
DA:447,0
DA:451,3
DA:453,0
DA:455,1
DA:460,1
DA:461,0
DA:474,0
DA:478,0
DA:484,0
DA:493,0
DA:494,0
DA:495,0
DA:498,0
DA:499,0
DA:500,0
DA:501,0
DA:502,0
DA:503,0
DA:505,0
DA:516,0
DA:517,0
DA:518,0
DA:519,0
DA:520,0
DA:521,0
DA:522,0
DA:524,0
DA:525,0
DA:529,0
DA:530,0
DA:532,0
DA:533,0
DA:536,0
DA:537,0
DA:539,0
DA:544,0
DA:545,0
DA:546,0
DA:547,0
DA:549,0
DA:555,1
DA:560,0
DA:561,0
DA:567,0
DA:578,1
DA:583,0
DA:591,1
DA:595,0
DA:603,1
DA:607,0
DA:615,1
DA:619,0
DA:628,1
DA:632,0
DA:639,1
DA:643,0
DA:646,1
DA:651,0
DA:652,0
DA:658,0
DA:659,0
DA:661,0
DA:662,0
DA:664,0
DA:665,0
DA:666,0
DA:669,0
DA:670,0
DA:671,0
DA:672,0
DA:673,0
DA:676,0
DA:677,0
DA:681,0
DA:682,0
DA:683,0
DA:685,0
DA:686,0
DA:687,0
DA:688,0
DA:689,0
DA:690,0
DA:691,0
DA:693,0
DA:694,0
DA:697,0
DA:698,0
DA:708,1
DA:709,0
DA:710,0
DA:712,0
DA:714,0
DA:715,0
DA:716,0
DA:720,0
DA:724,1
DA:725,0
DA:726,0
DA:730,1
DA:731,0
DA:732,0
DA:733,0
LF:268
LH:73
BRDA:49,0,0,0
BRDA:77,1,0,0
BRDA:85,2,0,0
BRDA:131,3,0,0
BRDA:131,3,1,0
BRDA:132,4,0,0
BRDA:132,4,1,0
BRDA:135,5,0,0
BRDA:135,6,0,0
BRDA:135,6,1,0
BRDA:143,7,0,0
BRDA:173,8,0,0
BRDA:173,8,1,5
BRDA:192,9,0,0
BRDA:192,10,0,0
BRDA:192,10,1,0
BRDA:193,11,0,0
BRDA:227,12,0,0
BRDA:227,12,1,0
BRDA:228,13,0,0
BRDA:236,14,0,0
BRDA:249,15,0,0
BRDA:249,15,1,0
BRDA:249,15,2,0
BRDA:249,15,3,0
BRDA:250,16,0,0
BRDA:254,17,0,0
BRDA:254,17,1,0
BRDA:256,18,0,0
BRDA:256,18,1,0
BRDA:269,19,0,0
BRDA:287,20,0,0
BRDA:288,21,0,0
BRDA:291,22,0,0
BRDA:291,22,1,0
BRDA:292,23,0,0
BRDA:292,24,0,0
BRDA:292,24,1,0
BRDA:292,24,2,0
BRDA:292,24,3,0
BRDA:332,25,0,1
BRDA:332,25,1,1
BRDA:333,26,0,1
BRDA:333,26,1,1
BRDA:334,27,0,1
BRDA:334,27,1,1
BRDA:335,28,0,1
BRDA:335,28,1,1
BRDA:336,29,0,1
BRDA:336,29,1,1
BRDA:337,30,0,1
BRDA:337,30,1,1
BRDA:338,31,0,1
BRDA:338,31,1,1
BRDA:339,32,0,1
BRDA:339,32,1,1
BRDA:340,33,0,1
BRDA:340,33,1,1
BRDA:341,34,0,1
BRDA:341,34,1,1
BRDA:342,35,0,1
BRDA:342,35,1,1
BRDA:343,36,0,15
BRDA:343,36,1,1
BRDA:343,36,2,1
BRDA:348,37,0,0
BRDA:348,37,1,1
BRDA:359,38,0,0
BRDA:359,38,1,0
BRDA:360,39,0,0
BRDA:360,39,1,0
BRDA:361,40,0,0
BRDA:361,40,1,0
BRDA:362,41,0,0
BRDA:362,41,1,0
BRDA:364,42,0,0
BRDA:364,42,1,1
BRDA:372,43,0,0
BRDA:372,43,1,0
BRDA:377,44,0,0
BRDA:377,44,1,1
BRDA:383,45,0,0
BRDA:383,45,1,1
BRDA:391,46,0,1
BRDA:391,46,1,0
BRDA:420,47,0,1
BRDA:420,48,0,3
BRDA:420,48,1,2
BRDA:426,49,0,2
BRDA:426,49,1,2
BRDA:427,50,0,2
BRDA:427,50,1,2
BRDA:432,51,0,2
BRDA:432,51,1,0
BRDA:432,51,2,0
BRDA:432,51,3,0
BRDA:433,52,0,2
BRDA:433,52,1,0
BRDA:433,52,2,2
BRDA:433,52,3,2
BRDA:433,52,4,0
BRDA:435,53,0,1
BRDA:435,53,1,1
BRDA:435,54,0,2
BRDA:435,54,1,1
BRDA:435,54,2,1
BRDA:435,54,3,1
BRDA:441,55,0,1
BRDA:441,55,1,1
BRDA:441,55,2,0
BRDA:441,55,3,1
BRDA:441,55,4,2
BRDA:441,55,5,3
BRDA:441,55,6,0
BRDA:441,55,7,1
BRDA:462,56,0,0
BRDA:462,56,1,0
BRDA:478,57,0,0
BRDA:478,57,1,0
BRDA:478,58,0,0
BRDA:478,58,1,0
BRDA:483,59,0,0
BRDA:485,60,0,0
BRDA:485,60,1,0
BRDA:487,61,0,0
BRDA:487,61,1,0
BRDA:488,62,0,0
BRDA:488,62,1,0
BRDA:493,63,0,0
BRDA:493,64,0,0
BRDA:493,64,1,0
BRDA:498,65,0,0
BRDA:499,66,0,0
BRDA:500,67,0,0
BRDA:501,68,0,0
BRDA:503,69,0,0
BRDA:521,70,0,0
BRDA:524,71,0,0
BRDA:532,72,0,0
BRDA:532,73,0,0
BRDA:532,73,1,0
BRDA:545,74,0,0
BRDA:669,75,0,0
BRDA:687,76,0,0
BRDA:689,77,0,0
BRDA:690,78,0,0
BRDA:693,79,0,0
BRDA:693,79,1,0
BRDA:694,80,0,0
BRDA:697,81,0,0
BRDA:708,82,0,0
BRDA:712,83,0,0
BRDA:715,84,0,0
BRF:153
BRH:54
end_of_record
TN:
SF:src\lib\pushNotifications.ts
FN:44,sendPushNotification
FN:48,(anonymous_1)
FN:51,(anonymous_2)
FN:58,(anonymous_3)
FN:80,(anonymous_4)
FN:88,(anonymous_5)
FN:89,(anonymous_6)
FN:97,(anonymous_7)
FN:149,sendNovaReplyNotification
FN:185,sendMomentNotification
FN:209,sendVisionSnapNotification
FNF:11
FNH:0
FNDA:0,sendPushNotification
FNDA:0,(anonymous_1)
FNDA:0,(anonymous_2)
FNDA:0,(anonymous_3)
FNDA:0,(anonymous_4)
FNDA:0,(anonymous_5)
FNDA:0,(anonymous_6)
FNDA:0,(anonymous_7)
FNDA:0,sendNovaReplyNotification
FNDA:0,sendMomentNotification
FNDA:0,sendVisionSnapNotification
DA:14,0
DA:15,0
DA:17,0
DA:44,0
DA:45,0
DA:48,0
DA:49,0
DA:50,0
DA:51,0
DA:53,0
DA:58,0
DA:63,0
DA:64,0
DA:65,0
DA:68,0
DA:79,0
DA:80,0
DA:81,0
DA:82,0
DA:85,0
DA:86,0
DA:88,0
DA:89,0
DA:91,0
DA:92,0
DA:95,0
DA:96,0
DA:97,0
DA:108,0
DA:109,0
DA:110,0
DA:111,0
DA:115,0
DA:116,0
DA:120,0
DA:121,0
DA:126,0
DA:127,0
DA:128,0
DA:133,0
DA:142,0
DA:149,0
DA:156,0
DA:160,0
DA:164,0
DA:185,0
DA:191,0
DA:209,0
DA:212,0
LF:49
LH:0
BRDA:45,0,0,0
BRDA:48,1,0,0
BRDA:48,1,1,0
BRDA:49,2,0,0
BRDA:60,3,0,0
BRDA:60,3,1,0
BRDA:60,4,0,0
BRDA:60,4,1,0
BRDA:64,5,0,0
BRDA:73,6,0,0
BRDA:73,6,1,0
BRDA:79,7,0,0
BRDA:86,8,0,0
BRDA:86,8,1,0
BRDA:91,9,0,0
BRDA:95,10,0,0
BRDA:111,11,0,0
BRDA:112,12,0,0
BRDA:112,12,1,0
BRDA:116,13,0,0
BRDA:120,14,0,0
BRDA:134,15,0,0
BRDA:134,15,1,0
BRDA:156,16,0,0
BRDA:156,16,1,0
BRDA:160,17,0,0
BRDA:160,17,1,0
BRDA:174,18,0,0
BRDA:174,18,1,0
BRDA:175,19,0,0
BRDA:175,19,1,0
BRDA:177,20,0,0
BRDA:177,20,1,0
BRDA:201,21,0,0
BRDA:201,21,1,0
BRF:35
BRH:0
end_of_record
TN:
SF:src\lib\queryTracker.ts
FN:48,(anonymous_0)
FN:50,(anonymous_1)
FN:58,(anonymous_2)
FN:67,(anonymous_3)
FN:89,(anonymous_4)
FN:96,(anonymous_5)
FN:103,(anonymous_6)
FN:129,(anonymous_7)
FNF:8
FNH:3
FNDA:14,(anonymous_0)
FNDA:0,(anonymous_1)
FNDA:0,(anonymous_2)
FNDA:185,(anonymous_3)
FNDA:0,(anonymous_4)
FNDA:0,(anonymous_5)
FNDA:0,(anonymous_6)
FNDA:204,(anonymous_7)
DA:11,14
DA:12,14
DA:15,14
DA:43,14
DA:44,14
DA:45,14
DA:46,14
DA:50,14
DA:52,14
DA:59,0
DA:60,0
DA:68,185
DA:69,185
DA:70,185
DA:72,185
DA:81,185
DA:82,0
DA:90,0
DA:97,0
DA:104,0
DA:106,0
DA:107,0
DA:109,0
DA:110,0
DA:111,0
DA:112,0
DA:114,0
DA:117,0
DA:134,204
DA:136,204
DA:137,185
DA:139,185
DA:140,185
DA:141,144
DA:143,185
DA:144,0
DA:147,185
DA:148,185
DA:152,14
LF:39
LH:24
BRDA:52,0,0,14
BRDA:59,1,0,0
BRDA:68,2,0,185
BRDA:68,2,1,122
BRDA:81,3,0,0
BRDA:104,4,0,0
BRDA:111,5,0,0
BRDA:117,6,0,0
BRDA:117,6,1,0
BRDA:140,7,0,144
BRDA:140,8,0,185
BRDA:140,8,1,153
BRDA:141,9,0,103
BRDA:141,9,1,41
BRDA:143,10,0,0
BRDA:143,11,0,185
BRDA:143,11,1,0
BRF:17
BRH:9
end_of_record
TN:
SF:src\lib\repairFingerprint.ts
FN:8,generateRepairFingerprint
FNF:1
FNH:1
FNDA:12,generateRepairFingerprint
DA:5,6
DA:8,6
DA:14,12
DA:21,12
LF:4
LH:4
BRDA:18,0,0,12
BRDA:18,0,1,0
BRF:2
BRH:1
end_of_record
TN:
SF:src\lib\supabase.ts
FN:20,validateSupabaseConfig
FN:32,getSupabaseAnon
FN:43,getSupabaseAdmin
FN:60,(anonymous_3)
FN:66,(anonymous_4)
FNF:5
FNH:3
FNDA:1,validateSupabaseConfig
FNDA:0,getSupabaseAnon
FNDA:62,getSupabaseAdmin
FNDA:0,(anonymous_3)
FNDA:62,(anonymous_4)
DA:13,5
DA:14,5
DA:15,5
DA:17,5
DA:18,5
DA:21,1
DA:22,0
DA:24,1
DA:25,0
DA:27,1
DA:28,0
DA:32,5
DA:33,0
DA:34,0
DA:35,0
DA:36,0
DA:40,0
DA:43,5
DA:44,62
DA:45,1
DA:46,1
DA:47,0
DA:49,1
DA:50,1
DA:54,62
DA:59,5
DA:61,0
DA:65,5
DA:67,62
LF:29
LH:19
BRDA:21,0,0,0
BRDA:21,1,0,1
BRDA:21,1,1,1
BRDA:24,2,0,0
BRDA:27,3,0,0
BRDA:27,4,0,1
BRDA:27,4,1,1
BRDA:33,5,0,0
BRDA:44,6,0,1
BRDA:46,7,0,0
BRDA:46,8,0,1
BRDA:46,8,1,1
BRF:12
BRH:7
end_of_record
TN:
SF:src\middleware\auth.ts
FN:4,(anonymous_9)
FN:15,(anonymous_10)
FNF:2
FNH:0
FNDA:0,(anonymous_9)
FNDA:0,(anonymous_10)
DA:2,0
DA:4,0
DA:5,0
DA:6,0
DA:7,0
DA:8,0
DA:9,0
DA:12,0
DA:15,0
DA:16,0
DA:17,0
DA:19,0
DA:20,0
DA:21,0
DA:24,0
DA:29,0
DA:31,0
DA:32,0
LF:18
LH:0
BRDA:7,0,0,0
BRDA:7,1,0,0
BRDA:7,1,1,0
BRDA:19,2,0,0
BRDA:19,3,0,0
BRDA:19,3,1,0
BRDA:31,4,0,0
BRDA:31,4,1,0
BRF:8
BRH:0
end_of_record
TN:
SF:src\middleware\errorHandler.ts
FN:24,errorHandler
FNF:1
FNH:0
FNDA:0,errorHandler
DA:11,0
DA:12,0
DA:13,0
DA:24,0
DA:31,0
DA:32,0
DA:39,0
DA:46,0
DA:47,0
DA:51,0
DA:58,0
DA:67,0
LF:12
LH:0
BRDA:31,0,0,0
BRDA:63,1,0,0
BRDA:63,1,1,0
BRF:3
BRH:0
end_of_record
TN:
SF:src\middleware\requestLogger.ts
FN:14,(anonymous_1)
FNF:1
FNH:0
FNDA:0,(anonymous_1)
DA:8,0
DA:9,0
DA:10,0
DA:13,0
DA:15,0
DA:20,0
LF:6
LH:0
BRDA:21,0,0,0
BRDA:21,0,1,0
BRF:2
BRH:0
end_of_record
TN:
SF:src\routes\admin.ts
FN:15,(anonymous_0)
FN:49,(anonymous_1)
FN:61,(anonymous_2)
FN:73,(anonymous_3)
FN:85,(anonymous_4)
FN:97,(anonymous_5)
FN:109,(anonymous_6)
FN:122,(anonymous_7)
FNF:8
FNH:0
FNDA:0,(anonymous_0)
FNDA:0,(anonymous_1)
FNDA:0,(anonymous_2)
FNDA:0,(anonymous_3)
FNDA:0,(anonymous_4)
FNDA:0,(anonymous_5)
FNDA:0,(anonymous_6)
FNDA:0,(anonymous_7)
DA:1,0
DA:2,0
DA:3,0
DA:4,0
DA:5,0
DA:6,0
DA:7,0
DA:9,0
DA:15,0
DA:16,0
DA:17,0
DA:20,0
DA:26,0
DA:28,0
DA:29,0
DA:30,0
DA:31,0
DA:36,0
DA:40,0
DA:42,0
DA:49,0
DA:50,0
DA:51,0
DA:52,0
DA:54,0
DA:61,0
DA:62,0
DA:63,0
DA:64,0
DA:66,0
DA:73,0
DA:74,0
DA:75,0
DA:76,0
DA:78,0
DA:85,0
DA:86,0
DA:87,0
DA:88,0
DA:90,0
DA:97,0
DA:98,0
DA:99,0
DA:100,0
DA:102,0
DA:109,0
DA:110,0
DA:111,0
DA:112,0
DA:114,0
DA:122,0
DA:123,0
DA:124,0
DA:125,0
DA:126,0
DA:127,0
DA:131,0
DA:153,0
DA:154,0
DA:158,0
DA:159,0
DA:160,0
DA:164,0
DA:166,0
LF:64
LH:0
BRDA:26,0,0,0
BRDA:29,1,0,0
BRDA:29,2,0,0
BRDA:29,2,1,0
BRDA:124,3,0,0
BRDA:124,3,1,0
BRDA:125,4,0,0
BRDA:158,5,0,0
BRF:8
BRH:0
end_of_record
TN:
SF:src\routes\analytics.ts
FN:17,authorityRank
FN:22,(anonymous_1)
FN:68,(anonymous_2)
FN:75,(anonymous_3)
FN:98,(anonymous_4)
FN:129,(anonymous_5)
FN:161,(anonymous_6)
FN:191,(anonymous_7)
FN:192,(anonymous_8)
FN:193,(anonymous_9)
FN:206,(anonymous_10)
FN:244,(anonymous_11)
FNF:12
FNH:0
FNDA:0,authorityRank
FNDA:0,(anonymous_1)
FNDA:0,(anonymous_2)
FNDA:0,(anonymous_3)
FNDA:0,(anonymous_4)
FNDA:0,(anonymous_5)
FNDA:0,(anonymous_6)
FNDA:0,(anonymous_7)
FNDA:0,(anonymous_8)
FNDA:0,(anonymous_9)
FNDA:0,(anonymous_10)
FNDA:0,(anonymous_11)
DA:1,0
DA:2,0
DA:3,0
DA:4,0
DA:7,0
DA:9,0
DA:18,0
DA:22,0
DA:23,0
DA:24,0
DA:25,0
DA:26,0
DA:27,0
DA:31,0
DA:38,0
DA:42,0
DA:43,0
DA:44,0
DA:45,0
DA:47,0
DA:48,0
DA:50,0
DA:51,0
DA:52,0
DA:53,0
DA:54,0
DA:55,0
DA:56,0
DA:57,0
DA:58,0
DA:59,0
DA:65,0
DA:68,0
DA:69,0
DA:70,0
DA:71,0
DA:75,0
DA:76,0
DA:77,0
DA:78,0
DA:81,0
DA:83,0
DA:92,0
DA:93,0
DA:98,0
DA:99,0
DA:100,0
DA:101,0
DA:102,0
DA:103,0
DA:106,0
DA:112,0
DA:114,0
DA:123,0
DA:124,0
DA:129,0
DA:130,0
DA:131,0
DA:132,0
DA:133,0
DA:134,0
DA:137,0
DA:144,0
DA:146,0
DA:155,0
DA:156,0
DA:161,0
DA:162,0
DA:163,0
DA:164,0
DA:165,0
DA:166,0
DA:170,0
DA:177,0
DA:180,0
DA:187,0
DA:190,0
DA:191,0
DA:192,0
DA:193,0
DA:195,0
DA:200,0
DA:201,0
DA:206,0
DA:207,0
DA:208,0
DA:209,0
DA:210,0
DA:211,0
DA:214,0
DA:220,0
DA:222,0
DA:228,0
DA:230,0
DA:238,0
DA:239,0
DA:244,0
DA:245,0
DA:247,0
DA:252,0
DA:257,0
DA:262,0
DA:266,0
DA:278,0
DA:279,0
LF:105
LH:0
BRDA:18,0,0,0
BRDA:18,0,1,0
BRDA:18,1,0,0
BRDA:18,1,1,0
BRDA:25,2,0,0
BRDA:38,3,0,0
BRDA:43,4,0,0
BRDA:43,4,1,0
BRDA:44,5,0,0
BRDA:44,5,1,0
BRDA:47,6,0,0
BRDA:47,6,1,0
BRDA:53,7,0,0
BRDA:53,7,1,0
BRDA:55,8,0,0
BRDA:56,9,0,0
BRDA:56,9,1,0
BRDA:57,10,0,0
BRDA:57,10,1,0
BRDA:58,11,0,0
BRDA:69,12,0,0
BRDA:69,12,1,0
BRDA:70,13,0,0
BRDA:70,13,1,0
BRDA:76,14,0,0
BRDA:76,14,1,0
BRDA:77,15,0,0
BRDA:77,15,1,0
BRDA:92,16,0,0
BRDA:92,16,1,0
BRDA:101,17,0,0
BRDA:112,18,0,0
BRDA:117,19,0,0
BRDA:117,19,1,0
BRDA:123,20,0,0
BRDA:123,20,1,0
BRDA:132,21,0,0
BRDA:144,22,0,0
BRDA:149,23,0,0
BRDA:149,23,1,0
BRDA:155,24,0,0
BRDA:155,24,1,0
BRDA:164,25,0,0
BRDA:177,26,0,0
BRDA:187,27,0,0
BRDA:191,28,0,0
BRDA:191,28,1,0
BRDA:192,29,0,0
BRDA:192,29,1,0
BRDA:200,30,0,0
BRDA:200,30,1,0
BRDA:209,31,0,0
BRDA:220,32,0,0
BRDA:228,33,0,0
BRDA:233,34,0,0
BRDA:233,34,1,0
BRDA:234,35,0,0
BRDA:234,35,1,0
BRDA:238,36,0,0
BRDA:238,36,1,0
BRDA:269,37,0,0
BRDA:269,37,1,0
BRDA:270,38,0,0
BRDA:270,38,1,0
BRDA:271,39,0,0
BRDA:271,39,1,0
BRDA:272,40,0,0
BRDA:272,40,1,0
BRDA:278,41,0,0
BRDA:278,41,1,0
BRF:70
BRH:0
end_of_record
TN:
SF:src\routes\auth.ts
FN:13,(anonymous_0)
FN:59,(anonymous_1)
FN:118,(anonymous_2)
FN:158,(anonymous_3)
FN:176,(anonymous_4)
FN:201,(anonymous_5)
FN:237,(anonymous_6)
FNF:7
FNH:0
FNDA:0,(anonymous_0)
FNDA:0,(anonymous_1)
FNDA:0,(anonymous_2)
FNDA:0,(anonymous_3)
FNDA:0,(anonymous_4)
FNDA:0,(anonymous_5)
FNDA:0,(anonymous_6)
DA:1,0
DA:2,0
DA:3,0
DA:4,0
DA:5,0
DA:6,0
DA:8,0
DA:13,0
DA:14,0
DA:15,0
DA:16,0
DA:17,0
DA:18,0
DA:21,0
DA:22,0
DA:23,0
DA:24,0
DA:25,0
DA:28,0
DA:29,0
DA:34,0
DA:35,0
DA:37,0
DA:38,0
DA:41,0
DA:47,0
DA:52,0
DA:59,0
DA:60,0
DA:61,0
DA:62,0
DA:63,0
DA:64,0
DA:67,0
DA:68,0
DA:69,0
DA:70,0
DA:71,0
DA:74,0
DA:79,0
DA:80,0
DA:82,0
DA:83,0
DA:86,0
DA:89,0
DA:95,0
DA:104,0
DA:109,0
DA:118,0
DA:119,0
DA:120,0
DA:121,0
DA:122,0
DA:123,0
DA:126,0
DA:128,0
DA:129,0
DA:130,0
DA:131,0
DA:134,0
DA:135,0
DA:141,0
DA:150,0
DA:151,0
DA:158,0
DA:159,0
DA:160,0
DA:161,0
DA:164,0
DA:166,0
DA:168,0
DA:169,0
DA:176,0
DA:177,0
DA:178,0
DA:179,0
DA:185,0
DA:192,0
DA:193,0
DA:201,0
DA:202,0
DA:203,0
DA:204,0
DA:206,0
DA:207,0
DA:208,0
DA:211,0
DA:216,0
DA:217,0
DA:218,0
DA:219,0
DA:222,0
DA:224,0
DA:225,0
DA:227,0
DA:228,0
DA:237,0
DA:238,0
DA:239,0
DA:240,0
DA:241,0
DA:242,0
DA:245,0
DA:249,0
DA:271,0
DA:272,0
DA:273,0
DA:275,0
DA:280,0
DA:282,0
DA:283,0
DA:284,0
DA:285,0
DA:289,0
DA:290,0
DA:292,0
DA:293,0
DA:295,0
DA:296,0
LF:119
LH:0
BRDA:16,0,0,0
BRDA:16,1,0,0
BRDA:16,1,1,0
BRDA:21,2,0,0
BRDA:21,3,0,0
BRDA:21,3,1,0
BRDA:34,4,0,0
BRDA:37,5,0,0
BRDA:37,5,1,0
BRDA:43,6,0,0
BRDA:43,6,1,0
BRDA:44,7,0,0
BRDA:44,7,1,0
BRDA:48,8,0,0
BRDA:48,8,1,0
BRDA:49,9,0,0
BRDA:49,9,1,0
BRDA:62,10,0,0
BRDA:62,11,0,0
BRDA:62,11,1,0
BRDA:67,12,0,0
BRDA:67,13,0,0
BRDA:67,13,1,0
BRDA:79,14,0,0
BRDA:83,15,0,0
BRDA:83,15,1,0
BRDA:84,16,0,0
BRDA:84,16,1,0
BRDA:84,17,0,0
BRDA:84,17,1,0
BRDA:98,18,0,0
BRDA:98,18,1,0
BRDA:100,19,0,0
BRDA:100,19,1,0
BRDA:101,20,0,0
BRDA:101,20,1,0
BRDA:105,21,0,0
BRDA:105,21,1,0
BRDA:106,22,0,0
BRDA:106,22,1,0
BRDA:121,23,0,0
BRDA:128,24,0,0
BRDA:128,25,0,0
BRDA:128,25,1,0
BRDA:146,26,0,0
BRDA:146,26,1,0
BRDA:150,27,0,0
BRDA:150,27,1,0
BRDA:161,28,0,0
BRDA:168,29,0,0
BRDA:168,29,1,0
BRDA:188,30,0,0
BRDA:188,30,1,0
BRDA:189,31,0,0
BRDA:189,31,1,0
BRDA:192,32,0,0
BRDA:192,32,1,0
BRDA:206,33,0,0
BRDA:206,34,0,0
BRDA:206,34,1,0
BRDA:206,34,2,0
BRDA:216,35,0,0
BRDA:227,36,0,0
BRDA:227,36,1,0
BRDA:240,37,0,0
BRDA:275,38,0,0
BRDA:275,38,1,0
BRDA:282,39,0,0
BRDA:295,40,0,0
BRDA:295,40,1,0
BRF:70
BRH:0
end_of_record
TN:
SF:src\routes\betaAnalytics.ts
FN:11,daysAgo
FN:18,(anonymous_1)
FN:97,(anonymous_2)
FN:122,(anonymous_3)
FN:131,(anonymous_4)
FN:155,(anonymous_5)
FN:155,(anonymous_6)
FN:185,(anonymous_7)
FN:204,(anonymous_8)
FN:208,(anonymous_9)
FN:214,(anonymous_10)
FN:217,(anonymous_11)
FN:244,(anonymous_12)
FN:261,(anonymous_13)
FN:268,(anonymous_14)
FN:272,(anonymous_15)
FN:274,(anonymous_16)
FN:278,(anonymous_17)
FN:280,(anonymous_18)
FN:303,(anonymous_19)
FN:322,(anonymous_20)
FN:326,(anonymous_21)
FN:330,(anonymous_22)
FN:335,(anonymous_23)
FN:344,(anonymous_24)
FN:348,(anonymous_25)
FN:374,(anonymous_26)
FN:391,(anonymous_27)
FN:400,(anonymous_28)
FN:401,(anonymous_29)
FN:405,(anonymous_30)
FN:413,(anonymous_31)
FNF:32
FNH:0
FNDA:0,daysAgo
FNDA:0,(anonymous_1)
FNDA:0,(anonymous_2)
FNDA:0,(anonymous_3)
FNDA:0,(anonymous_4)
FNDA:0,(anonymous_5)
FNDA:0,(anonymous_6)
FNDA:0,(anonymous_7)
FNDA:0,(anonymous_8)
FNDA:0,(anonymous_9)
FNDA:0,(anonymous_10)
FNDA:0,(anonymous_11)
FNDA:0,(anonymous_12)
FNDA:0,(anonymous_13)
FNDA:0,(anonymous_14)
FNDA:0,(anonymous_15)
FNDA:0,(anonymous_16)
FNDA:0,(anonymous_17)
FNDA:0,(anonymous_18)
FNDA:0,(anonymous_19)
FNDA:0,(anonymous_20)
FNDA:0,(anonymous_21)
FNDA:0,(anonymous_22)
FNDA:0,(anonymous_23)
FNDA:0,(anonymous_24)
FNDA:0,(anonymous_25)
FNDA:0,(anonymous_26)
FNDA:0,(anonymous_27)
FNDA:0,(anonymous_28)
FNDA:0,(anonymous_29)
FNDA:0,(anonymous_30)
FNDA:0,(anonymous_31)
DA:1,0
DA:2,0
DA:3,0
DA:4,0
DA:6,0
DA:8,0
DA:12,0
DA:18,0
DA:19,0
DA:20,0
DA:21,0
DA:22,0
DA:35,0
DA:55,0
DA:56,0
DA:60,0
DA:86,0
DA:87,0
DA:89,0
DA:90,0
DA:97,0
DA:98,0
DA:99,0
DA:100,0
DA:101,0
DA:104,0
DA:109,0
DA:110,0
DA:113,0
DA:118,0
DA:121,0
DA:122,0
DA:123,0
DA:124,0
DA:128,0
DA:129,0
DA:131,0
DA:132,0
DA:133,0
DA:134,0
DA:135,0
DA:137,0
DA:140,0
DA:141,0
DA:142,0
DA:144,0
DA:145,0
DA:146,0
DA:151,0
DA:152,0
DA:153,0
DA:154,0
DA:155,0
DA:157,0
DA:160,0
DA:174,0
DA:175,0
DA:177,0
DA:178,0
DA:185,0
DA:186,0
DA:187,0
DA:188,0
DA:189,0
DA:191,0
DA:198,0
DA:200,0
DA:203,0
DA:204,0
DA:207,0
DA:208,0
DA:209,0
DA:213,0
DA:214,0
DA:217,0
DA:225,0
DA:233,0
DA:234,0
DA:236,0
DA:237,0
DA:244,0
DA:245,0
DA:246,0
DA:247,0
DA:248,0
DA:250,0
DA:256,0
DA:258,0
DA:259,0
DA:260,0
DA:261,0
DA:262,0
DA:263,0
DA:267,0
DA:268,0
DA:271,0
DA:272,0
DA:274,0
DA:277,0
DA:278,0
DA:280,0
DA:282,0
DA:292,0
DA:293,0
DA:295,0
DA:296,0
DA:303,0
DA:304,0
DA:305,0
DA:306,0
DA:307,0
DA:309,0
DA:315,0
DA:317,0
DA:318,0
DA:321,0
DA:322,0
DA:325,0
DA:326,0
DA:329,0
DA:330,0
DA:331,0
DA:332,0
DA:333,0
DA:335,0
DA:336,0
DA:337,0
DA:341,0
DA:342,0
DA:343,0
DA:344,0
DA:345,0
DA:348,0
DA:352,0
DA:354,0
DA:363,0
DA:364,0
DA:366,0
DA:367,0
DA:374,0
DA:375,0
DA:376,0
DA:377,0
DA:378,0
DA:380,0
DA:385,0
DA:387,0
DA:390,0
DA:391,0
DA:392,0
DA:393,0
DA:394,0
DA:399,0
DA:400,0
DA:401,0
DA:404,0
DA:405,0
DA:406,0
DA:407,0
DA:408,0
DA:409,0
DA:412,0
DA:413,0
DA:416,0
DA:423,0
DA:424,0
DA:426,0
DA:427,0
LF:168
LH:0
BRDA:22,0,0,0
BRDA:55,1,0,0
BRDA:55,1,1,0
BRDA:56,2,0,0
BRDA:56,2,1,0
BRDA:57,3,0,0
BRDA:57,3,1,0
BRDA:62,4,0,0
BRDA:62,4,1,0
BRDA:63,5,0,0
BRDA:63,5,1,0
BRDA:64,6,0,0
BRDA:64,6,1,0
BRDA:67,7,0,0
BRDA:67,7,1,0
BRDA:68,8,0,0
BRDA:68,8,1,0
BRDA:68,9,0,0
BRDA:68,9,1,0
BRDA:72,10,0,0
BRDA:72,10,1,0
BRDA:73,11,0,0
BRDA:73,11,1,0
BRDA:77,12,0,0
BRDA:77,12,1,0
BRDA:78,13,0,0
BRDA:78,13,1,0
BRDA:81,14,0,0
BRDA:81,14,1,0
BRDA:89,15,0,0
BRDA:89,15,1,0
BRDA:101,16,0,0
BRDA:109,17,0,0
BRDA:110,18,0,0
BRDA:110,18,1,0
BRDA:118,19,0,0
BRDA:122,20,0,0
BRDA:122,20,1,0
BRDA:123,21,0,0
BRDA:137,22,0,0
BRDA:137,22,1,0
BRDA:140,23,0,0
BRDA:142,24,0,0
BRDA:144,25,0,0
BRDA:146,26,0,0
BRDA:155,27,0,0
BRDA:155,27,1,0
BRDA:164,28,0,0
BRDA:164,28,1,0
BRDA:169,29,0,0
BRDA:169,29,1,0
BRDA:177,30,0,0
BRDA:177,30,1,0
BRDA:189,31,0,0
BRDA:198,32,0,0
BRDA:200,33,0,0
BRDA:200,33,1,0
BRDA:204,34,0,0
BRDA:204,34,1,0
BRDA:209,35,0,0
BRDA:209,36,0,0
BRDA:209,36,1,0
BRDA:236,37,0,0
BRDA:236,37,1,0
BRDA:248,38,0,0
BRDA:256,39,0,0
BRDA:258,40,0,0
BRDA:258,40,1,0
BRDA:262,41,0,0
BRDA:262,41,1,0
BRDA:263,42,0,0
BRDA:268,43,0,0
BRDA:272,44,0,0
BRDA:272,44,1,0
BRDA:285,45,0,0
BRDA:285,45,1,0
BRDA:295,46,0,0
BRDA:295,46,1,0
BRDA:307,47,0,0
BRDA:315,48,0,0
BRDA:317,49,0,0
BRDA:317,49,1,0
BRDA:322,50,0,0
BRDA:322,50,1,0
BRDA:326,51,0,0
BRDA:326,51,1,0
BRDA:331,52,0,0
BRDA:333,53,0,0
BRDA:337,54,0,0
BRDA:337,54,1,0
BRDA:352,55,0,0
BRDA:352,55,1,0
BRDA:352,56,0,0
BRDA:352,56,1,0
BRDA:366,57,0,0
BRDA:366,57,1,0
BRDA:378,58,0,0
BRDA:385,59,0,0
BRDA:387,60,0,0
BRDA:387,60,1,0
BRDA:392,61,0,0
BRDA:392,62,0,0
BRDA:392,62,1,0
BRDA:394,63,0,0
BRDA:394,63,1,0
BRDA:406,64,0,0
BRDA:406,65,0,0
BRDA:406,65,1,0
BRDA:406,65,2,0
BRDA:408,66,0,0
BRDA:426,67,0,0
BRDA:426,67,1,0
BRF:112
BRH:0
end_of_record
TN:
SF:src\routes\chat.ts
FN:50,isDuplicateAssistantMessage
FN:70,(anonymous_11)
FN:92,persistAssistantMessage
FN:128,isExcessiveRequest
FN:146,chunkResponse
FN:152,shouldExtractShortTermMemory
FN:156,(anonymous_16)
FN:188,(anonymous_17)
FN:330,convertNovaTable
FN:331,(anonymous_19)
FN:333,(anonymous_20)
FN:334,(anonymous_21)
FN:338,(anonymous_22)
FN:339,(anonymous_23)
FN:344,(anonymous_24)
FN:345,(anonymous_25)
FN:356,timeAgo
FN:373,parseLLMResponse
FN:381,(anonymous_28)
FN:397,sanitizeTableCell
FN:427,sanitizeMarkdown
FN:472,(anonymous_31)
FN:478,(anonymous_32)
FN:482,(anonymous_33)
FN:504,(anonymous_34)
FN:629,(anonymous_35)
FN:645,(anonymous_36)
FN:660,(anonymous_37)
FN:662,(anonymous_38)
FN:692,(anonymous_39)
FN:756,(anonymous_40)
FN:756,(anonymous_41)
FN:760,(anonymous_42)
FN:762,(anonymous_43)
FN:771,(anonymous_44)
FN:773,(anonymous_45)
FN:779,(anonymous_46)
FN:787,(anonymous_47)
FN:787,(anonymous_48)
FN:789,(anonymous_49)
FN:794,(anonymous_50)
FN:794,(anonymous_51)
FN:795,(anonymous_52)
FN:819,(anonymous_53)
FN:831,(anonymous_54)
FN:836,(anonymous_55)
FN:837,(anonymous_56)
FN:918,(anonymous_57)
FN:922,(anonymous_58)
FN:931,(anonymous_59)
FN:933,(anonymous_60)
FN:935,(anonymous_61)
FN:935,(anonymous_62)
FN:935,(anonymous_63)
FN:938,(anonymous_64)
FN:941,(anonymous_65)
FN:943,(anonymous_66)
FN:947,(anonymous_67)
FN:949,(anonymous_68)
FN:950,(anonymous_69)
FN:951,(anonymous_70)
FN:952,(anonymous_71)
FN:954,(anonymous_72)
FN:955,(anonymous_73)
FN:956,(anonymous_74)
FN:957,(anonymous_75)
FN:958,(anonymous_76)
FN:958,(anonymous_77)
FN:960,(anonymous_78)
FN:960,(anonymous_79)
FN:960,(anonymous_80)
FN:961,(anonymous_81)
FN:961,(anonymous_82)
FN:961,(anonymous_83)
FN:962,(anonymous_84)
FN:962,(anonymous_85)
FN:962,(anonymous_86)
FN:963,(anonymous_87)
FN:963,(anonymous_88)
FN:963,(anonymous_89)
FN:964,(anonymous_90)
FN:964,(anonymous_91)
FN:964,(anonymous_92)
FN:965,(anonymous_93)
FN:965,(anonymous_94)
FN:965,(anonymous_95)
FN:966,(anonymous_96)
FN:966,(anonymous_97)
FN:966,(anonymous_98)
FN:968,(anonymous_99)
FN:971,(anonymous_100)
FN:974,(anonymous_101)
FN:974,(anonymous_102)
FN:974,(anonymous_103)
FN:985,(anonymous_104)
FN:987,(anonymous_105)
FN:987,(anonymous_106)
FN:987,(anonymous_107)
FN:990,(anonymous_108)
FN:990,(anonymous_109)
FN:1006,(anonymous_110)
FN:1032,(anonymous_111)
FN:1032,(anonymous_112)
FN:1035,(anonymous_113)
FN:1037,(anonymous_114)
FN:1041,(anonymous_115)
FN:1041,(anonymous_116)
FN:1048,(anonymous_117)
FN:1093,(anonymous_118)
FN:1109,(anonymous_119)
FN:1126,(anonymous_120)
FN:1133,(anonymous_121)
FN:1143,(anonymous_122)
FN:1144,(anonymous_123)
FN:1152,(anonymous_124)
FN:1173,(anonymous_125)
FN:1191,(anonymous_126)
FN:1228,(anonymous_127)
FN:1314,(anonymous_128)
FN:1376,(anonymous_129)
FN:1385,(anonymous_130)
FN:1386,(anonymous_131)
FN:1406,(anonymous_132)
FN:1407,(anonymous_133)
FN:1421,(anonymous_134)
FN:1422,(anonymous_135)
FN:1456,(anonymous_136)
FN:1458,(anonymous_137)
FN:1472,(anonymous_138)
FN:1478,(anonymous_139)
FN:1479,(anonymous_140)
FN:1491,(anonymous_141)
FN:1586,(anonymous_142)
FN:1587,(anonymous_143)
FN:1649,(anonymous_144)
FN:1664,(anonymous_145)
FN:1671,(anonymous_146)
FN:1671,(anonymous_147)
FN:1740,(anonymous_148)
FN:1792,(anonymous_149)
FN:1805,(anonymous_150)
FN:1815,(anonymous_151)
FN:1880,(anonymous_152)
FN:1899,(anonymous_153)
FN:1899,(anonymous_154)
FN:1914,(anonymous_155)
FN:1928,(anonymous_156)
FN:1937,(anonymous_157)
FN:1945,(anonymous_158)
FN:1962,(anonymous_159)
FN:1988,(anonymous_160)
FN:2012,(anonymous_161)
FN:2013,(anonymous_162)
FN:2013,(anonymous_163)
FN:2014,(anonymous_164)
FN:2015,(anonymous_165)
FN:2020,(anonymous_166)
FN:2021,(anonymous_167)
FN:2021,(anonymous_168)
FN:2022,(anonymous_169)
FN:2025,(anonymous_170)
FN:2085,(anonymous_171)
FN:2132,(anonymous_172)
FN:2165,(anonymous_173)
FN:2179,(anonymous_174)
FN:2216,(anonymous_175)
FN:2236,(anonymous_176)
FN:2243,(anonymous_177)
FNF:168
FNH:0
FNDA:0,isDuplicateAssistantMessage
FNDA:0,(anonymous_11)
FNDA:0,persistAssistantMessage
FNDA:0,isExcessiveRequest
FNDA:0,chunkResponse
FNDA:0,shouldExtractShortTermMemory
FNDA:0,(anonymous_16)
FNDA:0,(anonymous_17)
FNDA:0,convertNovaTable
FNDA:0,(anonymous_19)
FNDA:0,(anonymous_20)
FNDA:0,(anonymous_21)
FNDA:0,(anonymous_22)
FNDA:0,(anonymous_23)
FNDA:0,(anonymous_24)
FNDA:0,(anonymous_25)
FNDA:0,timeAgo
FNDA:0,parseLLMResponse
FNDA:0,(anonymous_28)
FNDA:0,sanitizeTableCell
FNDA:0,sanitizeMarkdown
FNDA:0,(anonymous_31)
FNDA:0,(anonymous_32)
FNDA:0,(anonymous_33)
FNDA:0,(anonymous_34)
FNDA:0,(anonymous_35)
FNDA:0,(anonymous_36)
FNDA:0,(anonymous_37)
FNDA:0,(anonymous_38)
FNDA:0,(anonymous_39)
FNDA:0,(anonymous_40)
FNDA:0,(anonymous_41)
FNDA:0,(anonymous_42)
FNDA:0,(anonymous_43)
FNDA:0,(anonymous_44)
FNDA:0,(anonymous_45)
FNDA:0,(anonymous_46)
FNDA:0,(anonymous_47)
FNDA:0,(anonymous_48)
FNDA:0,(anonymous_49)
FNDA:0,(anonymous_50)
FNDA:0,(anonymous_51)
FNDA:0,(anonymous_52)
FNDA:0,(anonymous_53)
FNDA:0,(anonymous_54)
FNDA:0,(anonymous_55)
FNDA:0,(anonymous_56)
FNDA:0,(anonymous_57)
FNDA:0,(anonymous_58)
FNDA:0,(anonymous_59)
FNDA:0,(anonymous_60)
FNDA:0,(anonymous_61)
FNDA:0,(anonymous_62)
FNDA:0,(anonymous_63)
FNDA:0,(anonymous_64)
FNDA:0,(anonymous_65)
FNDA:0,(anonymous_66)
FNDA:0,(anonymous_67)
FNDA:0,(anonymous_68)
FNDA:0,(anonymous_69)
FNDA:0,(anonymous_70)
FNDA:0,(anonymous_71)
FNDA:0,(anonymous_72)
FNDA:0,(anonymous_73)
FNDA:0,(anonymous_74)
FNDA:0,(anonymous_75)
FNDA:0,(anonymous_76)
FNDA:0,(anonymous_77)
FNDA:0,(anonymous_78)
FNDA:0,(anonymous_79)
FNDA:0,(anonymous_80)
FNDA:0,(anonymous_81)
FNDA:0,(anonymous_82)
FNDA:0,(anonymous_83)
FNDA:0,(anonymous_84)
FNDA:0,(anonymous_85)
FNDA:0,(anonymous_86)
FNDA:0,(anonymous_87)
FNDA:0,(anonymous_88)
FNDA:0,(anonymous_89)
FNDA:0,(anonymous_90)
FNDA:0,(anonymous_91)
FNDA:0,(anonymous_92)
FNDA:0,(anonymous_93)
FNDA:0,(anonymous_94)
FNDA:0,(anonymous_95)
FNDA:0,(anonymous_96)
FNDA:0,(anonymous_97)
FNDA:0,(anonymous_98)
FNDA:0,(anonymous_99)
FNDA:0,(anonymous_100)
FNDA:0,(anonymous_101)
FNDA:0,(anonymous_102)
FNDA:0,(anonymous_103)
FNDA:0,(anonymous_104)
FNDA:0,(anonymous_105)
FNDA:0,(anonymous_106)
FNDA:0,(anonymous_107)
FNDA:0,(anonymous_108)
FNDA:0,(anonymous_109)
FNDA:0,(anonymous_110)
FNDA:0,(anonymous_111)
FNDA:0,(anonymous_112)
FNDA:0,(anonymous_113)
FNDA:0,(anonymous_114)
FNDA:0,(anonymous_115)
FNDA:0,(anonymous_116)
FNDA:0,(anonymous_117)
FNDA:0,(anonymous_118)
FNDA:0,(anonymous_119)
FNDA:0,(anonymous_120)
FNDA:0,(anonymous_121)
FNDA:0,(anonymous_122)
FNDA:0,(anonymous_123)
FNDA:0,(anonymous_124)
FNDA:0,(anonymous_125)
FNDA:0,(anonymous_126)
FNDA:0,(anonymous_127)
FNDA:0,(anonymous_128)
FNDA:0,(anonymous_129)
FNDA:0,(anonymous_130)
FNDA:0,(anonymous_131)
FNDA:0,(anonymous_132)
FNDA:0,(anonymous_133)
FNDA:0,(anonymous_134)
FNDA:0,(anonymous_135)
FNDA:0,(anonymous_136)
FNDA:0,(anonymous_137)
FNDA:0,(anonymous_138)
FNDA:0,(anonymous_139)
FNDA:0,(anonymous_140)
FNDA:0,(anonymous_141)
FNDA:0,(anonymous_142)
FNDA:0,(anonymous_143)
FNDA:0,(anonymous_144)
FNDA:0,(anonymous_145)
FNDA:0,(anonymous_146)
FNDA:0,(anonymous_147)
FNDA:0,(anonymous_148)
FNDA:0,(anonymous_149)
FNDA:0,(anonymous_150)
FNDA:0,(anonymous_151)
FNDA:0,(anonymous_152)
FNDA:0,(anonymous_153)
FNDA:0,(anonymous_154)
FNDA:0,(anonymous_155)
FNDA:0,(anonymous_156)
FNDA:0,(anonymous_157)
FNDA:0,(anonymous_158)
FNDA:0,(anonymous_159)
FNDA:0,(anonymous_160)
FNDA:0,(anonymous_161)
FNDA:0,(anonymous_162)
FNDA:0,(anonymous_163)
FNDA:0,(anonymous_164)
FNDA:0,(anonymous_165)
FNDA:0,(anonymous_166)
FNDA:0,(anonymous_167)
FNDA:0,(anonymous_168)
FNDA:0,(anonymous_169)
FNDA:0,(anonymous_170)
FNDA:0,(anonymous_171)
FNDA:0,(anonymous_172)
FNDA:0,(anonymous_173)
FNDA:0,(anonymous_174)
FNDA:0,(anonymous_175)
FNDA:0,(anonymous_176)
FNDA:0,(anonymous_177)
DA:1,0
DA:2,0
DA:3,0
DA:4,0
DA:5,0
DA:6,0
DA:7,0
DA:8,0
DA:9,0
DA:10,0
DA:12,0
DA:13,0
DA:14,0
DA:15,0
DA:16,0
DA:17,0
DA:18,0
DA:19,0
DA:20,0
DA:21,0
DA:22,0
DA:23,0
DA:24,0
DA:25,0
DA:26,0
DA:27,0
DA:28,0
DA:30,0
DA:44,0
DA:51,0
DA:52,0
DA:53,0
DA:63,0
DA:70,0
DA:71,0
DA:72,0
DA:73,0
DA:74,0
DA:75,0
DA:77,0
DA:79,0
DA:93,0
DA:94,0
DA:98,0
DA:99,0
DA:101,0
DA:105,0
DA:118,0
DA:123,0
DA:124,0
DA:125,0
DA:126,0
DA:129,0
DA:131,0
DA:132,0
DA:133,0
DA:134,0
DA:135,0
DA:136,0
DA:137,0
DA:138,0
DA:140,0
DA:143,0
DA:149,0
DA:153,0
DA:154,0
DA:155,0
DA:156,0
DA:159,0
DA:161,0
DA:177,0
DA:188,0
DA:192,0
DA:331,0
DA:332,0
DA:333,0
DA:334,0
DA:335,0
DA:338,0
DA:339,0
DA:341,0
DA:345,0
DA:347,0
DA:348,0
DA:352,0
DA:357,0
DA:358,0
DA:359,0
DA:360,0
DA:361,0
DA:362,0
DA:363,0
DA:374,0
DA:375,0
DA:378,0
DA:379,0
DA:381,0
DA:383,0
DA:388,0
DA:398,0
DA:401,0
DA:402,0
DA:403,0
DA:405,0
DA:407,0
DA:410,0
DA:411,0
DA:413,0
DA:415,0
DA:417,0
DA:419,0
DA:431,0
DA:439,0
DA:441,0
DA:442,0
DA:443,0
DA:445,0
DA:452,0
DA:457,0
DA:462,0
DA:463,0
DA:469,0
DA:471,0
DA:472,0
DA:473,0
DA:475,0
DA:477,0
DA:478,0
DA:480,0
DA:482,0
DA:483,0
DA:486,0
DA:492,0
DA:499,0
DA:500,0
DA:502,0
DA:505,0
DA:506,0
DA:507,0
DA:508,0
DA:511,0
DA:512,0
DA:513,0
DA:515,0
DA:518,0
DA:519,0
DA:520,0
DA:521,0
DA:522,0
DA:530,0
DA:533,0
DA:534,0
DA:535,0
DA:536,0
DA:538,0
DA:539,0
DA:540,0
DA:545,0
DA:546,0
DA:548,0
DA:549,0
DA:550,0
DA:551,0
DA:552,0
DA:553,0
DA:554,0
DA:556,0
DA:557,0
DA:564,0
DA:565,0
DA:566,0
DA:567,0
DA:574,0
DA:576,0
DA:577,0
DA:580,0
DA:584,0
DA:587,0
DA:591,0
DA:592,0
DA:593,0
DA:594,0
DA:595,0
DA:596,0
DA:598,0
DA:604,0
DA:607,0
DA:608,0
DA:609,0
DA:610,0
DA:612,0
DA:613,0
DA:614,0
DA:615,0
DA:617,0
DA:618,0
DA:619,0
DA:620,0
DA:621,0
DA:623,0
DA:627,0
DA:629,0
DA:633,0
DA:634,0
DA:635,0
DA:636,0
DA:639,0
DA:640,0
DA:642,0
DA:643,0
DA:645,0
DA:653,0
DA:657,0
DA:658,0
DA:660,0
DA:661,0
DA:662,0
DA:668,0
DA:671,0
DA:672,0
DA:674,0
DA:675,0
DA:676,0
DA:677,0
DA:678,0
DA:680,0
DA:682,0
DA:687,0
DA:688,0
DA:689,0
DA:691,0
DA:692,0
DA:693,0
DA:705,0
DA:711,0
DA:712,0
DA:713,0
DA:715,0
DA:716,0
DA:717,0
DA:718,0
DA:719,0
DA:727,0
DA:735,0
DA:744,0
DA:750,0
DA:755,0
DA:756,0
DA:757,0
DA:758,0
DA:759,0
DA:760,0
DA:762,0
DA:767,0
DA:772,0
DA:773,0
DA:776,0
DA:780,0
DA:786,0
DA:787,0
DA:788,0
DA:789,0
DA:794,0
DA:795,0
DA:800,0
DA:801,0
DA:815,0
DA:816,0
DA:818,0
DA:819,0
DA:820,0
DA:827,0
DA:829,0
DA:830,0
DA:831,0
DA:833,0
DA:835,0
DA:836,0
DA:837,0
DA:840,0
DA:841,0
DA:842,0
DA:844,0
DA:849,0
DA:851,0
DA:854,0
DA:859,0
DA:860,0
DA:863,0
DA:865,0
DA:868,0
DA:869,0
DA:883,0
DA:884,0
DA:885,0
DA:886,0
DA:887,0
DA:888,0
DA:892,0
DA:894,0
DA:895,0
DA:897,0
DA:902,0
DA:903,0
DA:904,0
DA:905,0
DA:906,0
DA:907,0
DA:908,0
DA:910,0
DA:911,0
DA:916,0
DA:918,0
DA:923,0
DA:926,0
DA:929,0
DA:931,0
DA:933,0
DA:935,0
DA:937,0
DA:938,0
DA:941,0
DA:943,0
DA:945,0
DA:947,0
DA:949,0
DA:950,0
DA:951,0
DA:952,0
DA:954,0
DA:956,0
DA:957,0
DA:958,0
DA:960,0
DA:961,0
DA:962,0
DA:963,0
DA:964,0
DA:965,0
DA:966,0
DA:968,0
DA:969,0
DA:971,0
DA:972,0
DA:974,0
DA:976,0
DA:985,0
DA:986,0
DA:987,0
DA:990,0
DA:996,0
DA:1003,0
DA:1006,0
DA:1010,0
DA:1011,0
DA:1012,0
DA:1013,0
DA:1014,0
DA:1015,0
DA:1016,0
DA:1018,0
DA:1019,0
DA:1020,0
DA:1022,0
DA:1023,0
DA:1024,0
DA:1028,0
DA:1029,0
DA:1031,0
DA:1032,0
DA:1034,0
DA:1035,0
DA:1037,0
DA:1039,0
DA:1040,0
DA:1041,0
DA:1044,0
DA:1045,0
DA:1046,0
DA:1047,0
DA:1048,0
DA:1049,0
DA:1053,0
DA:1055,0
DA:1056,0
DA:1057,0
DA:1058,0
DA:1059,0
DA:1060,0
DA:1061,0
DA:1062,0
DA:1063,0
DA:1064,0
DA:1068,0
DA:1069,0
DA:1070,0
DA:1071,0
DA:1072,0
DA:1073,0
DA:1074,0
DA:1075,0
DA:1076,0
DA:1077,0
DA:1078,0
DA:1079,0
DA:1081,0
DA:1082,0
DA:1085,0
DA:1086,0
DA:1087,0
DA:1088,0
DA:1089,0
DA:1090,0
DA:1091,0
DA:1092,0
DA:1093,0
DA:1094,0
DA:1097,0
DA:1098,0
DA:1099,0
DA:1103,0
DA:1104,0
DA:1106,0
DA:1107,0
DA:1108,0
DA:1109,0
DA:1110,0
DA:1111,0
DA:1112,0
DA:1116,0
DA:1118,0
DA:1126,0
DA:1129,0
DA:1131,0
DA:1132,0
DA:1133,0
DA:1134,0
DA:1135,0
DA:1136,0
DA:1138,0
DA:1141,0
DA:1142,0
DA:1143,0
DA:1144,0
DA:1145,0
DA:1148,0
DA:1151,0
DA:1152,0
DA:1155,0
DA:1156,0
DA:1157,0
DA:1169,0
DA:1170,0
DA:1173,0
DA:1174,0
DA:1179,0
DA:1180,0
DA:1181,0
DA:1182,0
DA:1183,0
DA:1191,0
DA:1199,0
DA:1200,0
DA:1206,0
DA:1208,0
DA:1216,0
DA:1217,0
DA:1218,0
DA:1219,0
DA:1220,0
DA:1221,0
DA:1222,0
DA:1223,0
DA:1224,0
DA:1225,0
DA:1226,0
DA:1227,0
DA:1228,0
DA:1229,0
DA:1230,0
DA:1232,0
DA:1234,0
DA:1243,0
DA:1246,0
DA:1248,0
DA:1249,0
DA:1260,0
DA:1261,0
DA:1262,0
DA:1263,0
DA:1264,0
DA:1271,0
DA:1273,0
DA:1280,0
DA:1281,0
DA:1283,0
DA:1287,0
DA:1288,0
DA:1289,0
DA:1290,0
DA:1297,0
DA:1301,0
DA:1302,0
DA:1303,0
DA:1311,0
DA:1312,0
DA:1313,0
DA:1314,0
DA:1318,0
DA:1321,0
DA:1354,0
DA:1356,0
DA:1357,0
DA:1358,0
DA:1359,0
DA:1360,0
DA:1361,0
DA:1362,0
DA:1363,0
DA:1364,0
DA:1365,0
DA:1366,0
DA:1369,0
DA:1370,0
DA:1371,0
DA:1373,0
DA:1374,0
DA:1376,0
DA:1377,0
DA:1378,0
DA:1380,0
DA:1382,0
DA:1383,0
DA:1384,0
DA:1385,0
DA:1386,0
DA:1390,0
DA:1391,0
DA:1399,0
DA:1402,0
DA:1403,0
DA:1404,0
DA:1405,0
DA:1406,0
DA:1407,0
DA:1409,0
DA:1410,0
DA:1414,0
DA:1415,0
DA:1416,0
DA:1417,0
DA:1418,0
DA:1419,0
DA:1420,0
DA:1421,0
DA:1422,0
DA:1423,0
DA:1428,0
DA:1431,0
DA:1436,0
DA:1440,0
DA:1444,0
DA:1445,0
DA:1446,0
DA:1447,0
DA:1449,0
DA:1452,0
DA:1453,0
DA:1454,0
DA:1455,0
DA:1456,0
DA:1458,0
DA:1459,0
DA:1462,0
DA:1464,0
DA:1465,0
DA:1466,0
DA:1467,0
DA:1468,0
DA:1472,0
DA:1474,0
DA:1476,0
DA:1477,0
DA:1478,0
DA:1479,0
DA:1483,0
DA:1484,0
DA:1486,0
DA:1487,0
DA:1490,0
DA:1491,0
DA:1492,0
DA:1504,0
DA:1508,0
DA:1509,0
DA:1511,0
DA:1512,0
DA:1514,0
DA:1517,0
DA:1518,0
DA:1521,0
DA:1524,0
DA:1527,0
DA:1528,0
DA:1529,0
DA:1533,0
DA:1534,0
DA:1535,0
DA:1536,0
DA:1541,0
DA:1542,0
DA:1543,0
DA:1544,0
DA:1545,0
DA:1546,0
DA:1550,0
DA:1551,0
DA:1552,0
DA:1553,0
DA:1556,0
DA:1560,0
DA:1561,0
DA:1562,0
DA:1563,0
DA:1564,0
DA:1565,0
DA:1566,0
DA:1568,0
DA:1570,0
DA:1572,0
DA:1575,0
DA:1580,0
DA:1581,0
DA:1582,0
DA:1583,0
DA:1584,0
DA:1585,0
DA:1586,0
DA:1587,0
DA:1588,0
DA:1593,0
DA:1594,0
DA:1595,0
DA:1596,0
DA:1597,0
DA:1598,0
DA:1599,0
DA:1600,0
DA:1604,0
DA:1608,0
DA:1609,0
DA:1610,0
DA:1614,0
DA:1615,0
DA:1616,0
DA:1617,0
DA:1618,0
DA:1620,0
DA:1625,0
DA:1626,0
DA:1627,0
DA:1628,0
DA:1629,0
DA:1630,0
DA:1636,0
DA:1637,0
DA:1638,0
DA:1639,0
DA:1640,0
DA:1641,0
DA:1642,0
DA:1646,0
DA:1647,0
DA:1648,0
DA:1649,0
DA:1650,0
DA:1655,0
DA:1658,0
DA:1659,0
DA:1663,0
DA:1664,0
DA:1666,0
DA:1667,0
DA:1671,0
DA:1677,0
DA:1678,0
DA:1679,0
DA:1680,0
DA:1688,0
DA:1691,0
DA:1693,0
DA:1694,0
DA:1696,0
DA:1699,0
DA:1705,0
DA:1706,0
DA:1716,0
DA:1717,0
DA:1718,0
DA:1719,0
DA:1721,0
DA:1727,0
DA:1729,0
DA:1740,0
DA:1743,0
DA:1745,0
DA:1750,0
DA:1753,0
DA:1754,0
DA:1756,0
DA:1757,0
DA:1758,0
DA:1760,0
DA:1761,0
DA:1767,0
DA:1768,0
DA:1769,0
DA:1775,0
DA:1781,0
DA:1782,0
DA:1791,0
DA:1792,0
DA:1793,0
DA:1794,0
DA:1795,0
DA:1804,0
DA:1805,0
DA:1806,0
DA:1814,0
DA:1815,0
DA:1816,0
DA:1817,0
DA:1818,0
DA:1819,0
DA:1820,0
DA:1821,0
DA:1822,0
DA:1823,0
DA:1824,0
DA:1825,0
DA:1826,0
DA:1827,0
DA:1828,0
DA:1829,0
DA:1830,0
DA:1831,0
DA:1832,0
DA:1833,0
DA:1834,0
DA:1835,0
DA:1836,0
DA:1837,0
DA:1839,0
DA:1847,0
DA:1854,0
DA:1855,0
DA:1859,0
DA:1860,0
DA:1862,0
DA:1880,0
DA:1881,0
DA:1884,0
DA:1885,0
DA:1899,0
DA:1901,0
DA:1902,0
DA:1908,0
DA:1912,0
DA:1913,0
DA:1914,0
DA:1916,0
DA:1917,0
DA:1918,0
DA:1921,0
DA:1922,0
DA:1929,0
DA:1930,0
DA:1938,0
DA:1943,0
DA:1944,0
DA:1945,0
DA:1948,0
DA:1952,0
DA:1956,0
DA:1957,0
DA:1959,0
DA:1960,0
DA:1961,0
DA:1962,0
DA:1970,0
DA:1971,0
DA:1976,0
DA:1977,0
DA:1979,0
DA:1981,0
DA:1988,0
DA:1989,0
DA:1992,0
DA:1995,0
DA:1997,0
DA:2002,0
DA:2003,0
DA:2004,0
DA:2005,0
DA:2010,0
DA:2011,0
DA:2012,0
DA:2013,0
DA:2014,0
DA:2020,0
DA:2021,0
DA:2022,0
DA:2023,0
DA:2028,0
DA:2029,0
DA:2033,0
DA:2034,0
DA:2048,0
DA:2049,0
DA:2050,0
DA:2051,0
DA:2053,0
DA:2065,0
DA:2066,0
DA:2067,0
DA:2071,0
DA:2072,0
DA:2077,0
DA:2078,0
DA:2083,0
DA:2084,0
DA:2085,0
DA:2089,0
DA:2093,0
DA:2094,0
DA:2095,0
DA:2096,0
DA:2097,0
DA:2098,0
DA:2099,0
DA:2102,0
DA:2108,0
DA:2109,0
DA:2111,0
DA:2112,0
DA:2113,0
DA:2118,0
DA:2119,0
DA:2120,0
DA:2124,0
DA:2130,0
DA:2133,0
DA:2134,0
DA:2135,0
DA:2138,0
DA:2139,0
DA:2140,0
DA:2142,0
DA:2149,0
DA:2153,0
DA:2154,0
DA:2160,0
DA:2161,0
DA:2165,0
DA:2166,0
DA:2169,0
DA:2171,0
DA:2177,0
DA:2180,0
DA:2181,0
DA:2182,0
DA:2185,0
DA:2186,0
DA:2187,0
DA:2188,0
DA:2191,0
DA:2198,0
DA:2199,0
DA:2202,0
DA:2204,0
DA:2214,0
DA:2217,0
DA:2218,0
DA:2219,0
DA:2225,0
DA:2226,0
DA:2228,0
DA:2234,0
DA:2237,0
DA:2238,0
DA:2239,0
DA:2240,0
DA:2241,0
DA:2243,0
DA:2244,0
DA:2254,0
DA:2255,0
DA:2258,0
DA:2260,0
LF:899
LH:0
BRDA:50,0,0,0
BRDA:63,1,0,0
BRDA:63,2,0,0
BRDA:63,2,1,0
BRDA:63,2,2,0
BRDA:75,3,0,0
BRDA:99,4,0,0
BRDA:99,4,1,0
BRDA:101,5,0,0
BRDA:101,5,1,0
BRDA:109,6,0,0
BRDA:109,6,1,0
BRDA:110,7,0,0
BRDA:110,7,1,0
BRDA:129,8,0,0
BRDA:133,9,0,0
BRDA:135,10,0,0
BRDA:135,11,0,0
BRDA:135,11,1,0
BRDA:136,12,0,0
BRDA:136,13,0,0
BRDA:136,13,1,0
BRDA:137,14,0,0
BRDA:137,15,0,0
BRDA:137,15,1,0
BRDA:138,16,0,0
BRDA:138,17,0,0
BRDA:138,17,1,0
BRDA:153,18,0,0
BRDA:188,19,0,0
BRDA:188,19,1,0
BRDA:188,19,2,0
BRDA:335,20,0,0
BRDA:359,21,0,0
BRDA:361,22,0,0
BRDA:375,23,0,0
BRDA:378,24,0,0
BRDA:378,25,0,0
BRDA:378,25,1,0
BRDA:383,26,0,0
BRDA:475,27,0,0
BRDA:482,28,0,0
BRDA:482,28,1,0
BRDA:507,29,0,0
BRDA:508,30,0,0
BRDA:508,30,1,0
BRDA:519,31,0,0
BRDA:519,31,1,0
BRDA:519,32,0,0
BRDA:519,32,1,0
BRDA:521,33,0,0
BRDA:521,33,1,0
BRDA:534,34,0,0
BRDA:534,35,0,0
BRDA:534,35,1,0
BRDA:538,36,0,0
BRDA:538,37,0,0
BRDA:538,37,1,0
BRDA:556,38,0,0
BRDA:556,38,1,0
BRDA:564,39,0,0
BRDA:564,39,1,0
BRDA:565,40,0,0
BRDA:574,41,0,0
BRDA:592,42,0,0
BRDA:608,43,0,0
BRDA:608,43,1,0
BRDA:614,44,0,0
BRDA:617,45,0,0
BRDA:619,46,0,0
BRDA:620,47,0,0
BRDA:620,47,1,0
BRDA:633,48,0,0
BRDA:639,49,0,0
BRDA:639,49,1,0
BRDA:653,50,0,0
BRDA:653,50,1,0
BRDA:674,51,0,0
BRDA:674,51,1,0
BRDA:688,52,0,0
BRDA:688,52,1,0
BRDA:701,53,0,0
BRDA:701,53,1,0
BRDA:701,54,0,0
BRDA:701,54,1,0
BRDA:706,55,0,0
BRDA:706,55,1,0
BRDA:706,55,2,0
BRDA:711,56,0,0
BRDA:711,56,1,0
BRDA:713,57,0,0
BRDA:715,58,0,0
BRDA:715,59,0,0
BRDA:715,59,1,0
BRDA:717,60,0,0
BRDA:717,61,0,0
BRDA:717,61,1,0
BRDA:744,62,0,0
BRDA:744,62,1,0
BRDA:745,63,0,0
BRDA:745,63,1,0
BRDA:745,63,2,0
BRDA:755,64,0,0
BRDA:758,65,0,0
BRDA:758,65,1,0
BRDA:772,66,0,0
BRDA:780,67,0,0
BRDA:786,68,0,0
BRDA:786,69,0,0
BRDA:786,69,1,0
BRDA:800,70,0,0
BRDA:818,71,0,0
BRDA:833,72,0,0
BRDA:844,73,0,0
BRDA:844,73,1,0
BRDA:854,74,0,0
BRDA:868,75,0,0
BRDA:883,76,0,0
BRDA:883,77,0,0
BRDA:883,77,1,0
BRDA:885,78,0,0
BRDA:885,78,1,0
BRDA:888,79,0,0
BRDA:894,80,0,0
BRDA:924,81,0,0
BRDA:924,81,1,0
BRDA:929,82,0,0
BRDA:929,82,1,0
BRDA:929,83,0,0
BRDA:929,83,1,0
BRDA:937,84,0,0
BRDA:937,84,1,0
BRDA:939,85,0,0
BRDA:939,85,1,0
BRDA:943,86,0,0
BRDA:943,86,1,0
BRDA:945,87,0,0
BRDA:945,87,1,0
BRDA:951,88,0,0
BRDA:951,88,1,0
BRDA:956,89,0,0
BRDA:956,89,1,0
BRDA:956,90,0,0
BRDA:956,90,1,0
BRDA:969,91,0,0
BRDA:969,91,1,0
BRDA:972,92,0,0
BRDA:972,92,1,0
BRDA:986,93,0,0
BRDA:986,93,1,0
BRDA:1022,94,0,0
BRDA:1029,95,0,0
BRDA:1029,96,0,0
BRDA:1029,96,1,0
BRDA:1034,97,0,0
BRDA:1034,97,1,0
BRDA:1035,98,0,0
BRDA:1035,98,1,0
BRDA:1037,99,0,0
BRDA:1037,99,1,0
BRDA:1040,100,0,0
BRDA:1040,101,0,0
BRDA:1040,101,1,0
BRDA:1041,102,0,0
BRDA:1041,102,1,0
BRDA:1041,103,0,0
BRDA:1041,103,1,0
BRDA:1045,104,0,0
BRDA:1046,105,0,0
BRDA:1046,105,1,0
BRDA:1047,106,0,0
BRDA:1053,107,0,0
BRDA:1053,107,1,0
BRDA:1056,108,0,0
BRDA:1057,109,0,0
BRDA:1057,109,1,0
BRDA:1060,110,0,0
BRDA:1060,110,1,0
BRDA:1062,111,0,0
BRDA:1063,112,0,0
BRDA:1063,112,1,0
BRDA:1068,113,0,0
BRDA:1068,113,1,0
BRDA:1070,114,0,0
BRDA:1070,114,1,0
BRDA:1078,115,0,0
BRDA:1078,115,1,0
BRDA:1078,116,0,0
BRDA:1078,116,1,0
BRDA:1079,117,0,0
BRDA:1079,117,1,0
BRDA:1079,118,0,0
BRDA:1079,118,1,0
BRDA:1082,119,0,0
BRDA:1082,119,1,0
BRDA:1082,120,0,0
BRDA:1082,120,1,0
BRDA:1082,121,0,0
BRDA:1082,121,1,0
BRDA:1085,122,0,0
BRDA:1089,123,0,0
BRDA:1089,124,0,0
BRDA:1089,124,1,0
BRDA:1089,124,2,0
BRDA:1089,124,3,0
BRDA:1090,125,0,0
BRDA:1090,126,0,0
BRDA:1090,126,1,0
BRDA:1090,126,2,0
BRDA:1090,126,3,0
BRDA:1091,127,0,0
BRDA:1091,128,0,0
BRDA:1091,128,1,0
BRDA:1091,128,2,0
BRDA:1094,129,0,0
BRDA:1094,130,0,0
BRDA:1094,130,1,0
BRDA:1097,131,0,0
BRDA:1097,131,1,0
BRDA:1097,132,0,0
BRDA:1097,132,1,0
BRDA:1097,133,0,0
BRDA:1097,133,1,0
BRDA:1098,134,0,0
BRDA:1099,135,0,0
BRDA:1099,135,1,0
BRDA:1104,136,0,0
BRDA:1106,137,0,0
BRDA:1107,138,0,0
BRDA:1107,138,1,0
BRDA:1109,139,0,0
BRDA:1109,140,0,0
BRDA:1109,140,1,0
BRDA:1109,140,2,0
BRDA:1110,141,0,0
BRDA:1110,141,1,0
BRDA:1110,142,0,0
BRDA:1110,142,1,0
BRDA:1111,143,0,0
BRDA:1116,144,0,0
BRDA:1116,144,1,0
BRDA:1116,145,0,0
BRDA:1116,145,1,0
BRDA:1120,146,0,0
BRDA:1120,146,1,0
BRDA:1124,147,0,0
BRDA:1124,147,1,0
BRDA:1124,148,0,0
BRDA:1124,148,1,0
BRDA:1125,149,0,0
BRDA:1125,149,1,0
BRDA:1127,150,0,0
BRDA:1127,150,1,0
BRDA:1132,151,0,0
BRDA:1132,152,0,0
BRDA:1132,152,1,0
BRDA:1136,153,0,0
BRDA:1136,153,1,0
BRDA:1136,154,0,0
BRDA:1136,154,1,0
BRDA:1142,155,0,0
BRDA:1142,155,1,0
BRDA:1142,156,0,0
BRDA:1142,156,1,0
BRDA:1144,157,0,0
BRDA:1144,157,1,0
BRDA:1144,158,0,0
BRDA:1144,158,1,0
BRDA:1145,159,0,0
BRDA:1145,159,1,0
BRDA:1145,160,0,0
BRDA:1145,160,1,0
BRDA:1145,161,0,0
BRDA:1145,161,1,0
BRDA:1145,162,0,0
BRDA:1145,162,1,0
BRDA:1145,163,0,0
BRDA:1145,163,1,0
BRDA:1145,164,0,0
BRDA:1145,164,1,0
BRDA:1145,165,0,0
BRDA:1145,165,1,0
BRDA:1145,166,0,0
BRDA:1145,166,1,0
BRDA:1145,167,0,0
BRDA:1145,167,1,0
BRDA:1145,168,0,0
BRDA:1145,168,1,0
BRDA:1156,169,0,0
BRDA:1169,170,0,0
BRDA:1169,170,1,0
BRDA:1174,171,0,0
BRDA:1174,171,1,0
BRDA:1174,171,2,0
BRDA:1174,171,3,0
BRDA:1174,171,4,0
BRDA:1179,172,0,0
BRDA:1182,173,0,0
BRDA:1182,174,0,0
BRDA:1182,174,1,0
BRDA:1182,174,2,0
BRDA:1185,175,0,0
BRDA:1185,175,1,0
BRDA:1187,176,0,0
BRDA:1187,176,1,0
BRDA:1208,177,0,0
BRDA:1208,177,1,0
BRDA:1219,178,0,0
BRDA:1219,178,1,0
BRDA:1219,179,0,0
BRDA:1219,179,1,0
BRDA:1226,180,0,0
BRDA:1226,181,0,0
BRDA:1226,181,1,0
BRDA:1229,182,0,0
BRDA:1229,182,1,0
BRDA:1244,183,0,0
BRDA:1244,183,1,0
BRDA:1248,184,0,0
BRDA:1260,185,0,0
BRDA:1260,185,1,0
BRDA:1261,186,0,0
BRDA:1289,187,0,0
BRDA:1307,188,0,0
BRDA:1307,188,1,0
BRDA:1308,189,0,0
BRDA:1308,189,1,0
BRDA:1311,190,0,0
BRDA:1311,191,0,0
BRDA:1311,191,1,0
BRDA:1312,192,0,0
BRDA:1312,192,1,0
BRDA:1313,193,0,0
BRDA:1335,194,0,0
BRDA:1335,194,1,0
BRDA:1338,195,0,0
BRDA:1338,195,1,0
BRDA:1341,196,0,0
BRDA:1341,196,1,0
BRDA:1349,197,0,0
BRDA:1349,197,1,0
BRDA:1358,198,0,0
BRDA:1358,198,1,0
BRDA:1360,199,0,0
BRDA:1373,200,0,0
BRDA:1373,200,1,0
BRDA:1400,201,0,0
BRDA:1400,201,1,0
BRDA:1400,202,0,0
BRDA:1400,202,1,0
BRDA:1414,203,0,0
BRDA:1418,204,0,0
BRDA:1419,205,0,0
BRDA:1428,206,0,0
BRDA:1432,207,0,0
BRDA:1432,207,1,0
BRDA:1436,208,0,0
BRDA:1440,209,0,0
BRDA:1440,209,1,0
BRDA:1449,210,0,0
BRDA:1453,211,0,0
BRDA:1454,212,0,0
BRDA:1454,213,0,0
BRDA:1454,213,1,0
BRDA:1454,213,2,0
BRDA:1464,214,0,0
BRDA:1465,215,0,0
BRDA:1468,216,0,0
BRDA:1486,217,0,0
BRDA:1486,217,1,0
BRDA:1508,218,0,0
BRDA:1508,218,1,0
BRDA:1508,219,0,0
BRDA:1508,219,1,0
BRDA:1512,220,0,0
BRDA:1512,220,1,0
BRDA:1517,221,0,0
BRDA:1517,221,1,0
BRDA:1524,222,0,0
BRDA:1528,223,0,0
BRDA:1528,224,0,0
BRDA:1528,224,1,0
BRDA:1535,225,0,0
BRDA:1541,226,0,0
BRDA:1541,227,0,0
BRDA:1541,227,1,0
BRDA:1544,228,0,0
BRDA:1546,229,0,0
BRDA:1550,230,0,0
BRDA:1550,230,1,0
BRDA:1551,231,0,0
BRDA:1551,231,1,0
BRDA:1551,231,2,0
BRDA:1551,231,3,0
BRDA:1551,231,4,0
BRDA:1551,231,5,0
BRDA:1553,232,0,0
BRDA:1553,232,1,0
BRDA:1556,233,0,0
BRDA:1556,233,1,0
BRDA:1561,234,0,0
BRDA:1564,235,0,0
BRDA:1564,235,1,0
BRDA:1565,236,0,0
BRDA:1565,236,1,0
BRDA:1583,237,0,0
BRDA:1583,238,0,0
BRDA:1583,238,1,0
BRDA:1583,238,2,0
BRDA:1593,239,0,0
BRDA:1593,240,0,0
BRDA:1593,240,1,0
BRDA:1598,241,0,0
BRDA:1600,242,0,0
BRDA:1604,243,0,0
BRDA:1604,243,1,0
BRDA:1608,244,0,0
BRDA:1615,245,0,0
BRDA:1620,246,0,0
BRDA:1620,246,1,0
BRDA:1627,247,0,0
BRDA:1629,248,0,0
BRDA:1629,249,0,0
BRDA:1629,249,1,0
BRDA:1638,250,0,0
BRDA:1638,251,0,0
BRDA:1638,251,1,0
BRDA:1646,252,0,0
BRDA:1648,253,0,0
BRDA:1658,254,0,0
BRDA:1663,255,0,0
BRDA:1663,255,1,0
BRDA:1666,256,0,0
BRDA:1677,257,0,0
BRDA:1679,258,0,0
BRDA:1679,259,0,0
BRDA:1679,259,1,0
BRDA:1691,260,0,0
BRDA:1691,260,1,0
BRDA:1705,261,0,0
BRDA:1705,262,0,0
BRDA:1705,262,1,0
BRDA:1716,263,0,0
BRDA:1716,264,0,0
BRDA:1716,264,1,0
BRDA:1716,264,2,0
BRDA:1718,265,0,0
BRDA:1743,266,0,0
BRDA:1743,266,1,0
BRDA:1743,267,0,0
BRDA:1743,267,1,0
BRDA:1743,267,2,0
BRDA:1754,268,0,0
BRDA:1760,269,0,0
BRDA:1767,270,0,0
BRDA:1778,271,0,0
BRDA:1778,271,1,0
BRDA:1781,272,0,0
BRDA:1791,273,0,0
BRDA:1791,274,0,0
BRDA:1791,274,1,0
BRDA:1793,275,0,0
BRDA:1793,275,1,0
BRDA:1798,276,0,0
BRDA:1798,276,1,0
BRDA:1804,277,0,0
BRDA:1804,278,0,0
BRDA:1804,278,1,0
BRDA:1814,279,0,0
BRDA:1814,280,0,0
BRDA:1814,280,1,0
BRDA:1817,281,0,0
BRDA:1817,281,1,0
BRDA:1817,282,0,0
BRDA:1817,282,1,0
BRDA:1818,283,0,0
BRDA:1818,283,1,0
BRDA:1818,284,0,0
BRDA:1818,284,1,0
BRDA:1819,285,0,0
BRDA:1819,285,1,0
BRDA:1819,286,0,0
BRDA:1819,286,1,0
BRDA:1820,287,0,0
BRDA:1820,287,1,0
BRDA:1820,288,0,0
BRDA:1820,288,1,0
BRDA:1821,289,0,0
BRDA:1821,289,1,0
BRDA:1821,290,0,0
BRDA:1821,290,1,0
BRDA:1822,291,0,0
BRDA:1822,291,1,0
BRDA:1823,292,0,0
BRDA:1823,292,1,0
BRDA:1823,293,0,0
BRDA:1823,293,1,0
BRDA:1824,294,0,0
BRDA:1824,294,1,0
BRDA:1825,295,0,0
BRDA:1825,295,1,0
BRDA:1825,296,0,0
BRDA:1825,296,1,0
BRDA:1826,297,0,0
BRDA:1826,297,1,0
BRDA:1826,298,0,0
BRDA:1826,298,1,0
BRDA:1827,299,0,0
BRDA:1827,299,1,0
BRDA:1827,300,0,0
BRDA:1827,300,1,0
BRDA:1828,301,0,0
BRDA:1828,301,1,0
BRDA:1829,302,0,0
BRDA:1829,302,1,0
BRDA:1829,303,0,0
BRDA:1829,303,1,0
BRDA:1830,304,0,0
BRDA:1830,304,1,0
BRDA:1830,305,0,0
BRDA:1830,305,1,0
BRDA:1831,306,0,0
BRDA:1831,306,1,0
BRDA:1832,307,0,0
BRDA:1832,307,1,0
BRDA:1832,308,0,0
BRDA:1832,308,1,0
BRDA:1833,309,0,0
BRDA:1833,309,1,0
BRDA:1833,310,0,0
BRDA:1833,310,1,0
BRDA:1834,311,0,0
BRDA:1834,311,1,0
BRDA:1835,312,0,0
BRDA:1835,313,0,0
BRDA:1835,313,1,0
BRDA:1836,314,0,0
BRDA:1837,315,0,0
BRDA:1837,315,1,0
BRDA:1837,316,0,0
BRDA:1837,316,1,0
BRDA:1837,316,2,0
BRDA:1840,317,0,0
BRDA:1840,317,1,0
BRDA:1843,318,0,0
BRDA:1843,318,1,0
BRDA:1859,319,0,0
BRDA:1859,319,1,0
BRDA:1860,320,0,0
BRDA:1860,320,1,0
BRDA:1867,321,0,0
BRDA:1867,321,1,0
BRDA:1868,322,0,0
BRDA:1868,322,1,0
BRDA:1871,323,0,0
BRDA:1871,323,1,0
BRDA:1872,324,0,0
BRDA:1872,324,1,0
BRDA:1884,325,0,0
BRDA:1884,325,1,0
BRDA:1888,326,0,0
BRDA:1888,326,1,0
BRDA:1901,327,0,0
BRDA:1901,327,1,0
BRDA:1912,328,0,0
BRDA:1916,329,0,0
BRDA:1916,329,1,0
BRDA:1921,330,0,0
BRDA:1921,331,0,0
BRDA:1921,331,1,0
BRDA:1929,332,0,0
BRDA:1943,333,0,0
BRDA:1959,334,0,0
BRDA:1976,335,0,0
BRDA:1976,335,1,0
BRDA:1977,336,0,0
BRDA:1977,336,1,0
BRDA:1979,337,0,0
BRDA:1979,337,1,0
BRDA:1989,338,0,0
BRDA:1989,338,1,0
BRDA:2004,339,0,0
BRDA:2010,340,0,0
BRDA:2011,341,0,0
BRDA:2028,342,0,0
BRDA:2033,343,0,0
BRDA:2033,344,0,0
BRDA:2033,344,1,0
BRDA:2049,345,0,0
BRDA:2049,345,1,0
BRDA:2049,346,0,0
BRDA:2049,346,1,0
BRDA:2050,347,0,0
BRDA:2050,347,1,0
BRDA:2050,348,0,0
BRDA:2050,348,1,0
BRDA:2059,349,0,0
BRDA:2059,349,1,0
BRDA:2059,350,0,0
BRDA:2059,350,1,0
BRDA:2066,351,0,0
BRDA:2068,352,0,0
BRDA:2068,352,1,0
BRDA:2077,353,0,0
BRDA:2084,354,0,0
BRDA:2089,355,0,0
BRDA:2089,355,1,0
BRDA:2093,356,0,0
BRDA:2094,357,0,0
BRDA:2094,357,1,0
BRDA:2095,358,0,0
BRDA:2095,358,1,0
BRDA:2108,359,0,0
BRDA:2111,360,0,0
BRDA:2119,361,0,0
BRDA:2119,362,0,0
BRDA:2119,362,1,0
BRDA:2138,363,0,0
BRDA:2138,363,1,0
BRDA:2149,364,0,0
BRDA:2153,365,0,0
BRDA:2160,366,0,0
BRDA:2166,367,0,0
BRDA:2169,368,0,0
BRDA:2169,368,1,0
BRDA:2186,369,0,0
BRDA:2198,370,0,0
BRDA:2202,371,0,0
BRDA:2202,371,1,0
BRDA:2225,372,0,0
BRDA:2254,373,0,0
BRF:631
BRH:0
end_of_record
TN:
SF:src\routes\diagnostics.ts
FN:15,(anonymous_0)
FN:48,(anonymous_1)
FN:49,(anonymous_2)
FN:50,(anonymous_3)
FN:51,(anonymous_4)
FN:52,(anonymous_5)
FN:53,(anonymous_6)
FN:54,(anonymous_7)
FN:94,(anonymous_8)
FN:102,(anonymous_9)
FN:103,(anonymous_10)
FN:104,(anonymous_11)
FN:105,(anonymous_12)
FN:133,(anonymous_13)
FN:143,(anonymous_14)
FN:153,(anonymous_15)
FN:169,(anonymous_16)
FN:192,(anonymous_17)
FN:223,(anonymous_18)
FN:232,(anonymous_19)
FN:249,(anonymous_20)
FNF:21
FNH:0
FNDA:0,(anonymous_0)
FNDA:0,(anonymous_1)
FNDA:0,(anonymous_2)
FNDA:0,(anonymous_3)
FNDA:0,(anonymous_4)
FNDA:0,(anonymous_5)
FNDA:0,(anonymous_6)
FNDA:0,(anonymous_7)
FNDA:0,(anonymous_8)
FNDA:0,(anonymous_9)
FNDA:0,(anonymous_10)
FNDA:0,(anonymous_11)
FNDA:0,(anonymous_12)
FNDA:0,(anonymous_13)
FNDA:0,(anonymous_14)
FNDA:0,(anonymous_15)
FNDA:0,(anonymous_16)
FNDA:0,(anonymous_17)
FNDA:0,(anonymous_18)
FNDA:0,(anonymous_19)
FNDA:0,(anonymous_20)
DA:1,0
DA:2,0
DA:3,0
DA:4,0
DA:5,0
DA:6,0
DA:7,0
DA:8,0
DA:9,0
DA:10,0
DA:12,0
DA:15,0
DA:16,0
DA:17,0
DA:18,0
DA:19,0
DA:21,0
DA:22,0
DA:23,0
DA:24,0
DA:27,0
DA:30,0
DA:31,0
DA:32,0
DA:33,0
DA:35,0
DA:47,0
DA:48,0
DA:49,0
DA:50,0
DA:51,0
DA:52,0
DA:53,0
DA:54,0
DA:57,0
DA:86,0
DA:87,0
DA:89,0
DA:94,0
DA:95,0
DA:101,0
DA:102,0
DA:103,0
DA:104,0
DA:105,0
DA:109,0
DA:110,0
DA:111,0
DA:112,0
DA:116,0
DA:118,0
DA:128,0
DA:133,0
DA:134,0
DA:135,0
DA:136,0
DA:138,0
DA:143,0
DA:144,0
DA:145,0
DA:146,0
DA:148,0
DA:153,0
DA:154,0
DA:155,0
DA:161,0
DA:162,0
DA:164,0
DA:169,0
DA:170,0
DA:171,0
DA:172,0
DA:174,0
DA:175,0
DA:176,0
DA:179,0
DA:180,0
DA:182,0
DA:188,0
DA:189,0
DA:192,0
DA:210,0
DA:216,0
DA:223,0
DA:224,0
DA:225,0
DA:227,0
DA:228,0
DA:229,0
[...]
BRDA:773,144,0,31
BRDA:773,144,1,21
BRDA:775,145,0,11
BRDA:775,146,0,31
BRDA:775,146,1,11
BRDA:775,146,2,11
BRDA:785,147,0,8
BRDA:785,147,1,1
BRDA:787,148,0,8
BRDA:789,149,0,0
BRDA:789,149,1,8
BRDA:793,150,0,0
BRDA:795,151,0,0
BRDA:795,151,1,0
BRDA:814,152,0,0
BRDA:821,153,0,10
BRDA:821,154,0,10
BRDA:821,154,1,6
BRDA:821,154,2,0
BRDA:821,154,3,0
BRDA:822,155,0,10
BRDA:822,155,1,8
BRDA:822,155,2,1
BRDA:823,156,0,10
BRDA:823,156,1,6
BRDA:823,157,0,3
BRDA:823,157,1,3
BRDA:823,158,0,6
BRDA:823,158,1,5
BRDA:827,159,0,0
BRDA:827,159,1,10
BRDA:829,160,0,4
BRDA:829,160,1,6
BRDA:830,161,0,0
BRDA:830,161,1,4
BRDA:833,162,0,4
BRDA:833,162,1,0
BRDA:836,163,0,5
BRDA:836,163,1,1
BRDA:837,164,0,2
BRDA:837,164,1,3
BRDA:840,165,0,3
BRDA:840,165,1,0
BRDA:842,166,0,0
BRDA:842,166,1,1
BRDA:844,167,0,1
BRDA:844,167,1,0
BRDA:854,168,0,0
BRDA:864,169,0,1
BRDA:864,169,1,4
BRDA:864,170,0,5
BRDA:864,170,1,1
BRDA:868,171,0,1
BRDA:868,172,0,1
BRDA:868,172,1,0
BRDA:873,173,0,2
BRDA:873,173,1,2
BRDA:873,174,0,4
BRDA:873,174,1,2
BRDA:874,175,0,2
BRDA:874,175,1,2
BRDA:876,176,0,1
BRDA:876,177,0,2
BRDA:876,177,1,1
BRDA:881,178,0,2
BRDA:881,179,0,2
BRDA:881,179,1,2
BRDA:886,180,0,0
BRDA:886,181,0,2
BRDA:886,181,1,0
BRDA:886,181,2,0
BRF:306
BRH:224
end_of_record
TN:
SF:src\services\VisionService.ts
FN:11,(anonymous_0)
FN:67,(anonymous_1)
FNF:2
FNH:0
FNDA:0,(anonymous_0)
FNDA:0,(anonymous_1)
DA:1,0
DA:2,0
DA:3,0
DA:4,0
DA:6,0
DA:12,0
DA:13,0
DA:14,0
DA:15,0
DA:17,0
DA:18,0
DA:19,0
DA:22,0
DA:23,0
DA:24,0
DA:26,0
DA:28,0
DA:30,0
DA:31,0
DA:33,0
DA:34,0
DA:37,0
DA:39,0
DA:40,0
DA:41,0
DA:42,0
DA:45,0
DA:50,0
DA:51,0
DA:54,0
DA:56,0
DA:58,0
DA:59,0
DA:68,0
DA:69,0
DA:70,0
DA:72,0
DA:75,0
DA:76,0
DA:77,0
DA:79,0
DA:81,0
DA:91,0
DA:92,0
DA:93,0
DA:95,0
DA:97,0
DA:98,0
DA:103,0
LF:49
LH:0
BRDA:11,0,0,0
BRDA:13,1,0,0
BRDA:17,2,0,0
BRDA:17,3,0,0
BRDA:17,3,1,0
BRDA:30,4,0,0
BRDA:33,5,0,0
BRDA:40,6,0,0
BRDA:40,7,0,0
BRDA:40,7,1,0
BRDA:50,8,0,0
BRDA:58,9,0,0
BRDA:58,9,1,0
BRDA:67,10,0,0
BRDA:69,11,0,0
BRDA:92,12,0,0
BRDA:92,13,0,0
BRDA:92,13,1,0
BRDA:97,14,0,0
BRDA:97,14,1,0
BRF:20
BRH:0
end_of_record
TN:
SF:src\services\WeatherWatcherService.ts
FN:22,(anonymous_10)
FN:90,(anonymous_11)
FN:91,(anonymous_12)
FN:127,(anonymous_13)
FN:136,(anonymous_14)
FNF:5
FNH:0
FNDA:0,(anonymous_10)
FNDA:0,(anonymous_11)
FNDA:0,(anonymous_12)
FNDA:0,(anonymous_13)
FNDA:0,(anonymous_14)
DA:1,0
DA:2,0
DA:3,0
DA:4,0
DA:5,0
DA:13,0
DA:23,0
DA:24,0
DA:25,0
DA:28,0
DA:29,0
DA:30,0
DA:32,0
DA:33,0
DA:36,0
DA:37,0
DA:38,0
DA:40,0
DA:42,0
DA:43,0
DA:44,0
DA:48,0
DA:49,0
DA:50,0
DA:51,0
DA:53,0
DA:55,0
DA:62,0
DA:63,0
DA:70,0
DA:71,0
DA:72,0
DA:78,0
DA:79,0
DA:88,0
DA:89,0
DA:90,0
DA:91,0
DA:93,0
DA:94,0
DA:95,0
DA:100,0
DA:106,0
DA:107,0
DA:112,0
DA:113,0
DA:121,0
DA:122,0
DA:123,0
DA:127,0
DA:128,0
DA:136,0
DA:139,0
DA:140,0
DA:143,0
DA:148,0
LF:56
LH:0
BRDA:25,0,0,0
BRDA:25,0,1,0
BRDA:32,1,0,0
BRDA:32,2,0,0
BRDA:32,2,1,0
BRDA:40,3,0,0
BRDA:53,4,0,0
BRDA:53,5,0,0
BRDA:53,5,1,0
BRDA:53,5,2,0
BRDA:53,5,3,0
BRDA:70,6,0,0
BRDA:70,7,0,0
BRDA:70,7,1,0
BRDA:88,8,0,0
BRDA:88,9,0,0
BRDA:88,9,1,0
BRDA:93,10,0,0
BRDA:102,11,0,0
BRDA:102,11,1,0
BRDA:102,12,0,0
BRDA:102,12,1,0
BRDA:102,13,0,0
BRDA:102,13,1,0
BRDA:102,14,0,0
BRDA:102,14,1,0
BRDA:121,15,0,0
BRF:27
BRH:0
end_of_record
TN:
SF:src\services\WebSearchService.ts
FN:11,(anonymous_1)
FN:37,(anonymous_2)
FN:40,(anonymous_3)
FN:61,(anonymous_4)
FNF:4
FNH:0
FNDA:0,(anonymous_1)
FNDA:0,(anonymous_2)
FNDA:0,(anonymous_3)
FNDA:0,(anonymous_4)
DA:1,0
DA:2,0
DA:3,0
DA:4,0
DA:6,0
DA:12,0
DA:16,0
DA:29,0
DA:37,0
DA:38,0
DA:40,0
DA:41,0
DA:44,0
DA:48,0
DA:49,0
DA:55,0
DA:62,0
DA:65,0
DA:66,0
DA:67,0
DA:68,0
DA:69,0
DA:70,0
DA:75,0
DA:76,0
DA:77,0
DA:81,0
DA:83,0
DA:85,0
DA:91,0
DA:92,0
DA:93,0
DA:98,0
DA:99,0
DA:101,0
DA:102,0
DA:103,0
DA:104,0
DA:106,0
DA:107,0
DA:111,0
DA:112,0
DA:114,0
DA:115,0
DA:120,0
LF:45
LH:0
BRDA:38,0,0,0
BRDA:41,1,0,0
BRDA:66,2,0,0
BRDA:81,3,0,0
BRDA:81,4,0,0
BRDA:81,4,1,0
BRDA:85,5,0,0
BRDA:85,5,1,0
BRDA:99,6,0,0
BRDA:99,7,0,0
BRDA:99,7,1,0
BRDA:104,8,0,0
BRDA:104,9,0,0
BRDA:104,9,1,0
BRDA:111,10,0,0
BRDA:114,11,0,0
BRDA:114,11,1,0
BRF:17
BRH:0
end_of_record
TN:
SF:src\services\lifeThreadRepository.ts
FN:90,(anonymous_0)
FN:91,(anonymous_1)
FN:105,(anonymous_2)
FN:117,(anonymous_3)
FN:118,(anonymous_4)
FN:139,(anonymous_5)
FN:165,(anonymous_6)
FN:337,(anonymous_7)
FN:419,(anonymous_8)
FN:430,(anonymous_9)
FN:486,(anonymous_10)
FN:494,(anonymous_11)
FN:511,(anonymous_12)
FN:554,(anonymous_13)
FN:566,(anonymous_14)
FN:567,(anonymous_15)
FN:568,(anonymous_16)
FNF:17
FNH:9
FNDA:19,(anonymous_0)
FNDA:19,(anonymous_1)
FNDA:0,(anonymous_2)
FNDA:0,(anonymous_3)
FNDA:0,(anonymous_4)
FNDA:10,(anonymous_5)
FNDA:2,(anonymous_6)
FNDA:0,(anonymous_7)
FNDA:8,(anonymous_8)
FNDA:8,(anonymous_9)
FNDA:0,(anonymous_10)
FNDA:0,(anonymous_11)
FNDA:16,(anonymous_12)
FNDA:3,(anonymous_13)
FNDA:10,(anonymous_14)
FNDA:0,(anonymous_15)
FNDA:0,(anonymous_16)
DA:20,2
DA:21,2
DA:22,2
DA:23,2
DA:24,2
DA:36,2
DA:86,2
DA:91,19
DA:92,19
DA:99,19
DA:100,0
DA:101,0
DA:104,19
DA:105,19
DA:106,0
DA:107,0
DA:108,0
DA:111,19
DA:118,0
DA:119,0
DA:127,0
DA:128,0
DA:129,0
DA:132,0
DA:144,10
DA:145,10
DA:146,0
DA:150,10
DA:151,10
DA:153,10
DA:154,10
DA:157,10
DA:159,10
DA:160,0
DA:164,10
DA:165,2
DA:166,2
DA:174,2
DA:178,10
DA:180,8
DA:181,0
DA:190,0
DA:194,8
DA:195,8
DA:198,8
DA:199,8
DA:200,7
DA:201,7
DA:205,8
DA:206,0
DA:207,0
DA:210,0
DA:215,8
DA:216,8
DA:217,7
DA:218,1
DA:219,1
DA:221,8
DA:222,0
DA:226,8
DA:228,8
DA:243,8
DA:251,8
DA:252,0
DA:253,0
DA:257,8
DA:258,1
DA:261,8
DA:265,8
DA:267,8
DA:271,2
DA:272,2
DA:275,2
DA:292,2
DA:293,2
DA:299,2
DA:301,0
DA:302,0
DA:306,0
DA:314,0
DA:315,0
DA:318,0
DA:321,2
DA:325,2
DA:327,2
DA:329,0
DA:330,0
DA:343,0
DA:344,0
DA:345,0
DA:346,0
DA:349,0
DA:350,0
DA:354,0
DA:355,0
DA:358,0
DA:362,0
DA:363,0
DA:364,0
DA:367,0
DA:371,0
DA:372,0
DA:373,0
DA:376,0
DA:378,0
DA:396,0
DA:397,0
DA:398,0
DA:401,0
DA:402,0
DA:405,0
DA:409,0
DA:411,0
DA:425,8
DA:426,8
DA:427,8
DA:429,8
DA:430,8
DA:431,8
DA:432,8
DA:433,8
DA:435,8
DA:441,8
DA:442,8
DA:446,8
DA:447,8
DA:448,7
DA:450,5
DA:451,5
DA:453,5
DA:471,5
DA:472,5
DA:473,5
DA:474,2
DA:479,8
DA:491,0
DA:492,0
DA:494,0
DA:495,0
DA:499,0
DA:500,0
DA:501,0
DA:504,0
DA:513,16
DA:514,0
DA:518,16
DA:519,8
DA:520,4
DA:525,12
DA:526,1
DA:527,1
DA:528,1
DA:532,1
DA:533,0
DA:538,12
DA:539,1
DA:540,1
DA:542,1
DA:543,0
DA:547,12
DA:555,3
DA:556,3
DA:567,10
DA:568,0
DA:569,0
DA:575,2
LF:166
LH:98
BRDA:99,0,0,0
BRDA:104,1,0,19
BRDA:104,1,1,0
BRDA:106,2,0,0
BRDA:106,2,1,0
BRDA:106,2,2,0
BRDA:106,2,3,0
BRDA:107,3,0,0
BRDA:107,3,1,0
BRDA:107,3,2,0
BRDA:107,3,3,0
BRDA:127,4,0,0
BRDA:132,5,0,0
BRDA:132,5,1,0
BRDA:144,6,0,10
BRDA:144,6,1,0
BRDA:145,7,0,0
BRDA:157,8,0,10
BRDA:157,8,1,2
BRDA:159,9,0,0
BRDA:159,10,0,10
BRDA:159,10,1,2
BRDA:164,11,0,2
BRDA:174,12,0,2
BRDA:174,12,1,2
BRDA:178,13,0,8
BRDA:180,14,0,0
BRDA:195,15,0,8
BRDA:195,15,1,0
BRDA:199,16,0,7
BRDA:199,17,0,8
BRDA:199,17,1,7
BRDA:199,17,2,0
BRDA:205,18,0,0
BRDA:205,19,0,8
BRDA:205,19,1,8
BRDA:205,19,2,0
BRDA:206,20,0,0
BRDA:216,21,0,7
BRDA:216,21,1,1
BRDA:217,22,0,7
BRDA:217,22,1,7
BRDA:218,23,0,1
BRDA:221,24,0,0
BRDA:226,25,0,8
BRDA:226,25,1,0
BRDA:232,26,0,8
BRDA:232,26,1,0
BRDA:234,27,0,8
BRDA:234,27,1,8
BRDA:235,28,0,8
BRDA:235,28,1,8
BRDA:236,29,0,8
BRDA:236,29,1,8
BRDA:238,30,0,8
BRDA:238,30,1,8
BRDA:251,31,0,0
BRDA:257,32,0,1
BRDA:257,33,0,8
BRDA:257,33,1,7
BRDA:271,34,0,2
BRDA:271,34,1,0
BRDA:273,35,0,0
BRDA:273,35,1,2
BRDA:280,36,0,2
BRDA:280,36,1,0
BRDA:282,37,0,2
BRDA:282,37,1,2
BRDA:283,38,0,2
BRDA:283,38,1,2
BRDA:284,39,0,2
BRDA:284,39,1,2
BRDA:299,40,0,0
BRDA:301,41,0,0
BRDA:301,42,0,0
BRDA:301,42,1,0
BRDA:314,43,0,0
BRDA:329,44,0,0
BRDA:329,44,1,0
BRDA:330,45,0,0
BRDA:330,45,1,0
BRDA:344,46,0,0
BRDA:349,47,0,0
BRDA:354,48,0,0
BRDA:362,49,0,0
BRDA:362,50,0,0
BRDA:362,50,1,0
BRDA:362,50,2,0
BRDA:363,51,0,0
BRDA:374,52,0,0
BRDA:374,52,1,0
BRDA:376,53,0,0
BRDA:376,53,1,0
BRDA:383,54,0,0
BRDA:383,54,1,0
BRDA:384,55,0,0
BRDA:384,55,1,0
BRDA:385,56,0,0
BRDA:385,56,1,0
BRDA:387,57,0,0
BRDA:387,57,1,0
BRDA:396,58,0,0
BRDA:401,59,0,0
BRDA:401,60,0,0
BRDA:401,60,1,0
BRDA:425,61,0,6
BRDA:425,61,1,2
BRDA:431,62,0,8
BRDA:431,62,1,0
BRDA:432,63,0,8
BRDA:432,63,1,8
BRDA:433,64,0,8
BRDA:433,64,1,0
BRDA:435,65,0,8
BRDA:435,65,1,8
BRDA:435,65,2,1
BRDA:435,65,3,1
BRDA:442,66,0,6
BRDA:442,66,1,2
BRDA:448,67,0,2
BRDA:457,68,0,5
BRDA:457,68,1,0
BRDA:458,69,0,5
BRDA:458,69,1,5
BRDA:459,70,0,5
BRDA:459,70,1,5
BRDA:460,71,0,5
BRDA:460,71,1,5
BRDA:462,72,0,5
BRDA:462,72,1,5
BRDA:471,73,0,5
BRDA:471,74,0,5
BRDA:471,74,1,5
BRDA:473,75,0,2
BRDA:495,76,0,0
BRDA:495,76,1,0
BRDA:499,77,0,0
BRDA:513,78,0,0
BRDA:513,79,0,16
BRDA:513,79,1,8
BRDA:513,79,2,8
BRDA:518,80,0,8
BRDA:518,81,0,16
BRDA:518,81,1,8
BRDA:518,81,2,8
BRDA:519,82,0,4
BRDA:525,83,0,1
BRDA:525,84,0,12
BRDA:525,84,1,12
BRDA:526,85,0,1
BRDA:526,85,1,0
BRDA:527,86,0,1
BRDA:527,86,1,0
BRDA:528,87,0,1
BRDA:528,87,1,0
BRDA:528,88,0,1
BRDA:528,88,1,1
BRDA:530,89,0,0
BRDA:530,89,1,0
BRDA:530,89,2,0
BRDA:532,90,0,0
BRDA:532,91,0,1
BRDA:532,91,1,0
BRDA:538,92,0,1
BRDA:540,93,0,1
BRDA:540,93,1,0
BRDA:542,94,0,0
BRDA:555,95,0,1
BRDA:555,95,1,2
BRF:169
BRH:90
end_of_record
TN:
SF:src\services\memoryRepository.ts
FN:22,authorityRank
FN:36,isGenericEntityValue
FN:54,(anonymous_2)
FN:91,(anonymous_3)
FN:125,(anonymous_4)
FN:148,(anonymous_5)
FN:174,(anonymous_6)
FN:175,(anonymous_7)
FN:188,(anonymous_8)
FN:189,(anonymous_9)
FN:206,(anonymous_10)
FN:207,(anonymous_11)
FN:221,(anonymous_12)
FN:222,(anonymous_13)
FN:236,(anonymous_14)
FN:241,(anonymous_15)
FN:263,(anonymous_16)
FN:281,(anonymous_17)
FN:282,(anonymous_18)
FN:303,(anonymous_19)
FN:315,(anonymous_20)
FN:325,(anonymous_21)
FN:328,(anonymous_22)
FN:333,(anonymous_23)
FN:347,(anonymous_24)
FN:349,(anonymous_25)
FN:378,(anonymous_26)
FN:385,(anonymous_27)
FNF:28
FNH:10
FNDA:2,authorityRank
FNDA:2,isGenericEntityValue
FNDA:3,(anonymous_2)
FNDA:2,(anonymous_3)
FNDA:1,(anonymous_4)
FNDA:1,(anonymous_5)
FNDA:0,(anonymous_6)
FNDA:0,(anonymous_7)
FNDA:0,(anonymous_8)
FNDA:0,(anonymous_9)
FNDA:0,(anonymous_10)
FNDA:0,(anonymous_11)
FNDA:0,(anonymous_12)
FNDA:0,(anonymous_13)
FNDA:0,(anonymous_14)
FNDA:0,(anonymous_15)
FNDA:0,(anonymous_16)
FNDA:0,(anonymous_17)
FNDA:0,(anonymous_18)
FNDA:0,(anonymous_19)
FNDA:0,(anonymous_20)
FNDA:0,(anonymous_21)
FNDA:0,(anonymous_22)
FNDA:0,(anonymous_23)
FNDA:1,(anonymous_24)
FNDA:1,(anonymous_25)
FNDA:3,(anonymous_26)
FNDA:3,(anonymous_27)
DA:1,6
DA:3,6
DA:4,6
DA:5,6
DA:6,6
DA:7,6
DA:8,6
DA:11,6
DA:14,6
DA:23,2
DA:30,6
DA:37,2
DA:38,2
DA:39,0
DA:42,6
DA:55,3
DA:61,2
DA:62,2
DA:63,0
DA:68,2
DA:72,2
DA:75,2
DA:76,0
DA:79,0
DA:85,2
DA:86,0
DA:89,2
DA:91,2
DA:92,2
DA:100,2
DA:102,1
DA:103,1
DA:105,1
DA:106,0
DA:112,0
DA:115,1
DA:116,0
DA:122,1
DA:123,1
DA:125,1
DA:126,1
DA:146,1
DA:148,1
DA:149,1
DA:170,1
DA:174,2
DA:175,0
DA:176,0
DA:180,0
DA:181,0
DA:189,0
DA:190,0
DA:199,0
DA:207,0
DA:208,0
DA:214,0
DA:222,0
DA:223,0
DA:229,0
DA:237,0
DA:238,0
DA:241,0
DA:242,0
DA:249,0
DA:251,0
DA:252,0
DA:256,0
DA:261,0
DA:263,0
DA:264,0
DA:273,0
DA:275,0
DA:276,0
DA:278,0
DA:281,0
DA:282,0
DA:283,0
DA:284,0
DA:285,0
DA:286,0
DA:287,0
DA:288,0
DA:290,0
DA:291,0
DA:292,0
DA:293,0
DA:294,0
DA:295,0
DA:298,0
DA:300,0
DA:303,0
DA:305,0
DA:306,0
DA:308,0
DA:309,0
DA:310,0
DA:311,0
DA:312,0
DA:315,0
DA:316,0
DA:317,0
DA:318,0
DA:319,0
DA:324,0
DA:325,0
DA:328,0
DA:329,0
DA:333,0
DA:336,0
DA:338,0
DA:339,0
DA:348,1
DA:349,1
DA:350,1
DA:361,1
DA:362,0
DA:363,0
DA:366,1
DA:367,1
DA:369,0
DA:370,0
DA:384,3
DA:385,3
DA:386,3
DA:398,3
DA:399,0
DA:400,0
DA:403,3
DA:404,3
DA:406,0
DA:407,0
DA:412,6
LF:132
LH:51
BRDA:23,0,0,2
BRDA:23,0,1,0
BRDA:23,1,0,2
BRDA:23,1,1,1
BRDA:37,2,0,0
BRDA:38,3,0,2
BRDA:55,4,0,1
BRDA:62,5,0,0
BRDA:68,6,0,0
BRDA:68,6,1,2
BRDA:72,7,0,2
BRDA:72,7,1,2
BRDA:75,8,0,0
BRDA:85,9,0,0
BRDA:100,10,0,1
BRDA:100,10,1,1
BRDA:105,11,0,0
BRDA:105,12,0,1
BRDA:105,12,1,0
BRDA:115,13,0,0
BRDA:122,14,0,1
BRDA:122,14,1,0
BRDA:123,15,0,1
BRDA:123,15,1,0
BRDA:133,16,0,1
BRDA:133,16,1,0
BRDA:133,16,2,0
BRDA:138,17,0,0
BRDA:138,17,1,1
BRDA:139,18,0,0
BRDA:139,18,1,0
BRDA:158,19,0,1
BRDA:158,19,1,0
BRDA:163,20,0,0
BRDA:163,20,1,1
BRDA:164,21,0,0
BRDA:164,21,1,0
BRDA:180,22,0,0
BRDA:180,22,1,0
BRDA:249,23,0,0
BRDA:249,24,0,0
BRDA:249,24,1,0
BRDA:273,25,0,0
BRDA:275,26,0,0
BRDA:275,26,1,0
BRDA:276,27,0,0
BRDA:288,28,0,0
BRDA:288,29,0,0
BRDA:288,29,1,0
BRDA:290,30,0,0
BRDA:290,30,1,0
BRDA:291,31,0,0
BRDA:291,31,1,0
BRDA:294,32,0,0
BRDA:294,32,1,0
BRDA:295,33,0,0
BRDA:295,33,1,0
BRDA:309,34,0,0
BRDA:309,34,1,0
BRDA:317,35,0,0
BRDA:324,36,0,0
BRDA:338,37,0,0
BRDA:338,37,1,0
BRDA:361,38,0,0
BRDA:367,39,0,1
BRDA:367,39,1,0
BRDA:398,40,0,0
BRDA:404,41,0,3
BRDA:404,41,1,0
BRF:69
BRH:19
end_of_record
TN:
SF:src\services\onboardingService.ts
FN:19,(anonymous_0)
FN:28,(anonymous_1)
FN:50,(anonymous_2)
FN:50,(anonymous_3)
FN:50,(anonymous_4)
FN:52,(anonymous_5)
FN:61,(anonymous_6)
FNF:7
FNH:0
FNDA:0,(anonymous_0)
FNDA:0,(anonymous_1)
FNDA:0,(anonymous_2)
FNDA:0,(anonymous_3)
FNDA:0,(anonymous_4)
FNDA:0,(anonymous_5)
FNDA:0,(anonymous_6)
DA:1,0
DA:2,0
DA:3,0
DA:16,0
DA:20,0
DA:29,0
DA:31,0
DA:45,0
DA:46,0
DA:50,0
DA:52,0
DA:61,0
DA:70,0
DA:99,0
DA:101,0
DA:104,0
DA:113,0
DA:119,0
DA:123,0
DA:124,0
DA:125,0
DA:126,0
DA:127,0
DA:128,0
DA:129,0
DA:130,0
DA:131,0
DA:133,0
DA:134,0
DA:135,0
DA:143,0
DA:146,0
DA:151,0
DA:152,0
DA:157,0
LF:35
LH:0
BRDA:40,0,0,0
BRDA:40,0,1,0
BRDA:45,1,0,0
BRDA:50,2,0,0
BRDA:50,2,1,0
BRDA:101,3,0,0
BRDA:101,4,0,0
BRDA:101,4,1,0
BRDA:124,5,0,0
BRDA:124,5,1,0
BRDA:125,6,0,0
BRDA:125,6,1,0
BRDA:126,7,0,0
BRDA:126,7,1,0
BRDA:128,8,0,0
BRDA:128,8,1,0
BRDA:130,9,0,0
BRDA:147,10,0,0
BRDA:147,10,1,0
BRDA:151,11,0,0
BRDA:151,11,1,0
BRF:21
BRH:0
end_of_record
TN:
SF:src\services\promptBuilder.ts
FN:15,(anonymous_0)
FN:24,(anonymous_1)
FN:37,(anonymous_2)
FN:55,(anonymous_3)
FN:284,(anonymous_4)
FN:320,(anonymous_5)
FN:321,(anonymous_6)
FN:323,(anonymous_7)
FN:359,(anonymous_8)
FN:374,(anonymous_9)
FN:375,(anonymous_10)
FN:386,(anonymous_11)
FN:387,(anonymous_12)
FN:398,(anonymous_13)
FN:545,(anonymous_14)
FN:552,(anonymous_15)
FNF:16
FNH:7
FNDA:0,(anonymous_0)
FNDA:0,(anonymous_1)
FNDA:0,(anonymous_2)
FNDA:5,(anonymous_3)
FNDA:0,(anonymous_4)
FNDA:0,(anonymous_5)
FNDA:0,(anonymous_6)
FNDA:0,(anonymous_7)
FNDA:5,(anonymous_8)
FNDA:5,(anonymous_9)
FNDA:5,(anonymous_10)
FNDA:38,(anonymous_11)
FNDA:39,(anonymous_12)
FNDA:3,(anonymous_13)
FNDA:0,(anonymous_14)
FNDA:0,(anonymous_15)
DA:2,3
DA:3,3
DA:5,3
DA:6,3
DA:7,3
DA:8,3
DA:9,3
DA:16,0
DA:17,0
DA:22,0
DA:24,0
DA:25,0
DA:26,0
DA:27,0
DA:29,0
DA:38,0
DA:39,0
DA:43,0
DA:69,5
DA:73,5
DA:74,0
DA:77,5
DA:78,5
DA:83,0
DA:112,5
DA:282,5
DA:283,0
DA:284,0
DA:288,5
DA:289,5
DA:290,2
DA:292,5
DA:293,2
DA:295,5
DA:296,0
DA:297,0
DA:298,0
DA:299,0
DA:300,0
DA:302,0
DA:305,5
DA:311,5
DA:312,0
DA:313,0
DA:317,5
DA:319,0
DA:320,0
DA:321,0
DA:323,0
DA:325,0
DA:326,0
DA:327,0
DA:328,0
DA:329,0
DA:333,0
DA:334,0
DA:335,0
DA:336,0
DA:342,5
DA:343,0
DA:344,0
DA:345,0
DA:346,0
DA:347,0
DA:352,5
DA:353,5
DA:354,5
DA:355,3
DA:359,5
DA:360,2
DA:361,0
DA:362,0
DA:363,0
DA:364,0
DA:366,0
DA:373,2
DA:374,5
DA:375,5
DA:378,2
DA:379,2
DA:381,2
DA:382,2
DA:383,16
DA:384,16
DA:386,38
DA:387,39
DA:389,16
DA:390,1
DA:391,1
DA:392,1
DA:393,1
DA:394,1
DA:398,2
DA:399,3
DA:400,3
DA:401,3
DA:402,3
DA:405,2
DA:406,2
DA:408,2
DA:409,1
DA:411,2
DA:412,5
DA:413,3
DA:418,2
DA:419,0
DA:420,0
DA:421,0
DA:422,0
DA:428,5
DA:472,5
DA:473,1
DA:484,4
DA:485,1
DA:488,5
DA:489,0
DA:500,5
DA:538,5
DA:539,0
DA:542,5
DA:551,0
DA:552,0
DA:554,0
DA:556,0
DA:613,3
LF:125
LH:69
BRDA:22,0,0,0
BRDA:24,1,0,0
BRDA:24,1,1,0
BRDA:29,2,0,0
BRDA:29,2,1,0
BRDA:39,3,0,0
BRDA:40,4,0,0
BRDA:40,4,1,0
BRDA:62,5,0,1
BRDA:64,6,0,3
BRDA:73,7,0,0
BRDA:73,8,0,5
BRDA:73,8,1,0
BRDA:77,9,0,5
BRDA:77,9,1,0
BRDA:282,10,0,0
BRDA:289,11,0,2
BRDA:292,12,0,2
BRDA:295,13,0,0
BRDA:295,13,1,5
BRDA:297,14,0,0
BRDA:297,14,1,0
BRDA:299,15,0,0
BRDA:299,15,1,0
BRDA:311,16,0,0
BRDA:311,17,0,5
BRDA:311,17,1,0
BRDA:317,18,0,0
BRDA:317,19,0,5
BRDA:317,19,1,4
BRDA:321,20,0,0
BRDA:321,20,1,0
BRDA:325,21,0,0
BRDA:333,22,0,0
BRDA:342,23,0,0
BRDA:342,24,0,5
BRDA:342,24,1,4
BRDA:345,25,0,0
BRDA:345,25,1,0
BRDA:346,26,0,0
BRDA:346,26,1,0
BRDA:353,27,0,5
BRDA:353,27,1,4
BRDA:353,27,2,3
BRDA:353,27,3,2
BRDA:354,28,0,3
BRDA:354,28,1,2
BRDA:354,29,0,5
BRDA:354,29,1,4
BRDA:360,30,0,0
BRDA:363,31,0,0
BRDA:363,31,1,0
BRDA:363,31,2,0
BRDA:389,32,0,1
BRDA:389,33,0,16
BRDA:389,33,1,2
BRDA:392,34,0,1
BRDA:392,34,1,0
BRDA:393,35,0,1
BRDA:393,35,1,0
BRDA:399,36,0,3
BRDA:399,36,1,0
BRDA:399,36,2,0
BRDA:400,37,0,3
BRDA:400,37,1,0
BRDA:401,38,0,3
BRDA:401,38,1,0
BRDA:401,39,0,3
BRDA:401,39,1,0
BRDA:405,40,0,2
BRDA:405,41,0,2
BRDA:405,41,1,0
BRDA:412,42,0,3
BRDA:418,43,0,0
BRDA:419,44,0,0
BRDA:419,45,0,0
BRDA:419,45,1,0
BRDA:421,46,0,0
BRDA:446,47,0,3
BRDA:446,47,1,2
BRDA:472,48,0,1
BRDA:472,48,1,4
BRDA:484,49,0,1
BRDA:488,50,0,0
BRDA:488,50,1,5
BRDA:538,51,0,0
BRDA:538,52,0,5
BRDA:538,52,1,0
BRDA:551,53,0,0
BRDA:551,53,1,0
BRDA:554,54,0,0
BRDA:554,54,1,0
BRF:92
BRH:39
end_of_record
TN:
SF:src\services\reminderService.ts
FN:23,(anonymous_0)
FNF:1
FNH:0
FNDA:0,(anonymous_0)
DA:1,0
DA:2,0
DA:22,0
DA:24,0
DA:25,0
DA:36,0
DA:37,0
DA:38,0
DA:41,0
DA:45,0
LF:10
LH:0
BRDA:23,0,0,0
BRDA:36,1,0,0
BRDA:41,2,0,0
BRDA:41,2,1,0
BRF:4
BRH:0
end_of_record
TN:
SF:src\types\errors.ts
FN:13,(anonymous_0)
FN:26,(anonymous_1)
FN:34,(anonymous_2)
FN:41,(anonymous_3)
FN:48,(anonymous_4)
FN:55,(anonymous_5)
FN:62,(anonymous_6)
FNF:7
FNH:2
FNDA:4,(anonymous_0)
FNDA:0,(anonymous_1)
FNDA:4,(anonymous_2)
FNDA:0,(anonymous_3)
FNDA:0,(anonymous_4)
FNDA:0,(anonymous_5)
FNDA:0,(anonymous_6)
DA:8,2
DA:14,4
DA:15,4
DA:16,4
DA:17,4
DA:18,4
DA:21,4
DA:25,2
DA:27,0
DA:28,0
DA:32,2
DA:33,4
DA:35,4
DA:36,4
DA:40,2
DA:42,0
DA:43,0
DA:47,2
DA:49,0
DA:50,0
DA:54,2
DA:56,0
DA:57,0
DA:61,2
DA:63,0
DA:64,0
LF:26
LH:16
BRDA:48,0,0,0
BRF:1
BRH:0
end_of_record
TN:
SF:src\utils\nlp.ts
FN:16,extractKeywords
FN:21,(anonymous_1)
FNF:2
FNH:2
FNDA:6,extractKeywords
FNDA:31,(anonymous_1)
DA:1,8
DA:16,8
DA:17,6
DA:21,31
DA:22,6
LF:5
LH:5
BRDA:21,0,0,31
BRDA:21,0,1,23
BRF:2
BRH:2
end_of_record
TN:
SF:src\workers\queueWorker.ts
FN:16,sleep
FN:17,(anonymous_1)
FN:20,processWithBackoff
FN:72,startWorkers
FN:75,(anonymous_4)
FN:101,(anonymous_5)
FN:111,(anonymous_6)
FN:120,(anonymous_7)
FN:133,(anonymous_8)
FN:148,(anonymous_9)
FNF:10
FNH:0
FNDA:0,sleep
FNDA:0,(anonymous_1)
FNDA:0,processWithBackoff
FNDA:0,startWorkers
FNDA:0,(anonymous_4)
FNDA:0,(anonymous_5)
FNDA:0,(anonymous_6)
FNDA:0,(anonymous_7)
FNDA:0,(anonymous_8)
FNDA:0,(anonymous_9)
DA:1,0
DA:2,0
DA:3,0
DA:4,0
DA:5,0
DA:6,0
DA:7,0
DA:8,0
DA:9,0
DA:10,0
DA:11,0
DA:13,0
DA:14,0
DA:17,0
DA:21,0
DA:22,0
DA:23,0
DA:24,0
DA:25,0
DA:27,0
DA:32,0
DA:33,0
DA:37,0
DA:40,0
DA:44,0
DA:45,0
DA:46,0
DA:50,0
DA:53,0
DA:55,0
DA:56,0
DA:59,0
DA:62,0
DA:66,0
DA:72,0
DA:73,0
DA:75,0
DA:76,0
DA:78,0
DA:79,0
DA:81,0
DA:82,0
DA:84,0
DA:85,0
DA:93,0
DA:94,0
DA:95,0
DA:97,0
DA:101,0
DA:102,0
DA:104,0
DA:105,0
DA:107,0
DA:111,0
DA:112,0
DA:113,0
DA:114,0
DA:115,0
DA:116,0
DA:118,0
DA:119,0
DA:120,0
DA:121,0
DA:122,0
DA:125,0
DA:131,0
DA:133,0
DA:134,0
DA:135,0
DA:136,0
DA:143,0
DA:148,0
DA:149,0
DA:150,0
DA:152,0
DA:153,0
DA:155,0
DA:156,0
DA:158,0
DA:159,0
DA:161,0
DA:162,0
DA:164,0
LF:83
LH:0
BRDA:27,0,0,0
BRDA:27,0,1,0
BRDA:27,0,2,0
BRDA:27,0,3,0
BRDA:27,0,4,0
BRDA:27,0,5,0
BRDA:32,1,0,0
BRDA:40,2,0,0
BRDA:40,2,1,0
BRDA:40,2,2,0
BRDA:40,2,3,0
BRDA:40,2,4,0
BRDA:40,2,5,0
BRDA:45,3,0,0
BRDA:53,4,0,0
BRDA:53,4,1,0
BRDA:76,5,0,0
BRDA:76,5,1,0
BRDA:76,5,2,0
BRDA:76,5,3,0
BRDA:76,5,4,0
BRDA:76,5,5,0
BRDA:76,5,6,0
BRDA:76,5,7,0
BRDA:76,5,8,0
BRDA:76,5,9,0
BRDA:102,6,0,0
BRDA:102,6,1,0
BRDA:112,7,0,0
BRDA:112,7,1,0
BRDA:114,8,0,0
BRDA:114,8,1,0
BRDA:116,9,0,0
BRDA:116,9,1,0
BRDA:119,10,0,0
BRDA:119,10,1,0
BRDA:122,11,0,0
BRDA:127,12,0,0
BRDA:127,12,1,0
BRDA:131,13,0,0
BRDA:131,13,1,0
BRDA:135,14,0,0
BRDA:138,15,0,0
BRDA:138,15,1,0
BRDA:150,16,0,0
BRDA:150,16,1,0
BRDA:150,16,2,0
BRDA:150,16,3,0
BRDA:150,16,4,0
BRF:49
BRH:0
end_of_record
